CRITICAL - 2022-06-10 00:08:52 --> syntax error, unexpected '$ID' (T_VARIABLE)
#0 C:\xampp\htdocs\Mendez\system\View\View.php(213): CodeIgniter\View\View->CodeIgniter\View\{closure}()
#1 C:\xampp\htdocs\Mendez\system\Common.php(1089): CodeIgniter\View\View->render('Back/editar', Array, true)
#2 C:\xampp\htdocs\Mendez\app\Controllers\Dashboard.php(98): view('Back/editar')
#3 C:\xampp\htdocs\Mendez\system\CodeIgniter.php(832): App\Controllers\Dashboard->muestra_usuarios_modifica('2')
#4 C:\xampp\htdocs\Mendez\system\CodeIgniter.php(419): CodeIgniter\CodeIgniter->runController(Object(App\Controllers\Dashboard))
#5 C:\xampp\htdocs\Mendez\system\CodeIgniter.php(326): CodeIgniter\CodeIgniter->handleRequest(NULL, Object(Config\Cache), false)
#6 C:\xampp\htdocs\Mendez\index.php(37): CodeIgniter\CodeIgniter->run()
#7 {main}
CRITICAL - 2022-06-10 00:09:19 --> syntax error, unexpected '$perfil_id' (T_VARIABLE)
#0 C:\xampp\htdocs\Mendez\system\View\View.php(213): CodeIgniter\View\View->CodeIgniter\View\{closure}()
#1 C:\xampp\htdocs\Mendez\system\Common.php(1089): CodeIgniter\View\View->render('Back/editar', Array, true)
#2 C:\xampp\htdocs\Mendez\app\Controllers\Dashboard.php(98): view('Back/editar')
#3 C:\xampp\htdocs\Mendez\system\CodeIgniter.php(832): App\Controllers\Dashboard->muestra_usuarios_modifica('2')
#4 C:\xampp\htdocs\Mendez\system\CodeIgniter.php(419): CodeIgniter\CodeIgniter->runController(Object(App\Controllers\Dashboard))
#5 C:\xampp\htdocs\Mendez\system\CodeIgniter.php(326): CodeIgniter\CodeIgniter->handleRequest(NULL, Object(Config\Cache), false)
#6 C:\xampp\htdocs\Mendez\index.php(37): CodeIgniter\CodeIgniter->run()
#7 {main}
CRITICAL - 2022-06-10 00:14:57 --> syntax error, unexpected ';', expecting ')'
#0 C:\xampp\htdocs\Mendez\system\Autoloader\Autoloader.php(241): CodeIgniter\Autoloader\Autoloader->includeFile('C:\\xampp\\htdocs...')
#1 C:\xampp\htdocs\Mendez\system\Autoloader\Autoloader.php(219): CodeIgniter\Autoloader\Autoloader->loadInNamespace('App\\Controllers...')
#2 [internal function]: CodeIgniter\Autoloader\Autoloader->loadClass('App\\Controllers...')
#3 [internal function]: spl_autoload_call('App\\Controllers...')
#4 C:\xampp\htdocs\Mendez\system\CodeIgniter.php(797): class_exists('\\App\\Controller...', true)
#5 C:\xampp\htdocs\Mendez\system\CodeIgniter.php(406): CodeIgniter\CodeIgniter->startController()
#6 C:\xampp\htdocs\Mendez\system\CodeIgniter.php(326): CodeIgniter\CodeIgniter->handleRequest(NULL, Object(Config\Cache), false)
#7 C:\xampp\htdocs\Mendez\index.php(37): CodeIgniter\CodeIgniter->run()
#8 {main}
CRITICAL - 2022-06-10 00:16:11 --> syntax error, unexpected ''nombre'' (T_CONSTANT_ENCAPSED_STRING), expecting ')'
#0 C:\xampp\htdocs\Mendez\system\Autoloader\Autoloader.php(241): CodeIgniter\Autoloader\Autoloader->includeFile('C:\\xampp\\htdocs...')
#1 C:\xampp\htdocs\Mendez\system\Autoloader\Autoloader.php(219): CodeIgniter\Autoloader\Autoloader->loadInNamespace('App\\Controllers...')
#2 [internal function]: CodeIgniter\Autoloader\Autoloader->loadClass('App\\Controllers...')
#3 [internal function]: spl_autoload_call('App\\Controllers...')
#4 C:\xampp\htdocs\Mendez\system\CodeIgniter.php(797): class_exists('\\App\\Controller...', true)
#5 C:\xampp\htdocs\Mendez\system\CodeIgniter.php(406): CodeIgniter\CodeIgniter->startController()
#6 C:\xampp\htdocs\Mendez\system\CodeIgniter.php(326): CodeIgniter\CodeIgniter->handleRequest(NULL, Object(Config\Cache), false)
#7 C:\xampp\htdocs\Mendez\index.php(37): CodeIgniter\CodeIgniter->run()
#8 {main}
CRITICAL - 2022-06-10 00:16:55 --> syntax error, unexpected ''email'' (T_CONSTANT_ENCAPSED_STRING), expecting ')'
#0 C:\xampp\htdocs\Mendez\system\Autoloader\Autoloader.php(241): CodeIgniter\Autoloader\Autoloader->includeFile('C:\\xampp\\htdocs...')
#1 C:\xampp\htdocs\Mendez\system\Autoloader\Autoloader.php(219): CodeIgniter\Autoloader\Autoloader->loadInNamespace('App\\Controllers...')
#2 [internal function]: CodeIgniter\Autoloader\Autoloader->loadClass('App\\Controllers...')
#3 [internal function]: spl_autoload_call('App\\Controllers...')
#4 C:\xampp\htdocs\Mendez\system\CodeIgniter.php(797): class_exists('\\App\\Controller...', true)
#5 C:\xampp\htdocs\Mendez\system\CodeIgniter.php(406): CodeIgniter\CodeIgniter->startController()
#6 C:\xampp\htdocs\Mendez\system\CodeIgniter.php(326): CodeIgniter\CodeIgniter->handleRequest(NULL, Object(Config\Cache), false)
#7 C:\xampp\htdocs\Mendez\index.php(37): CodeIgniter\CodeIgniter->run()
#8 {main}
CRITICAL - 2022-06-10 00:17:21 --> Undefined variable: nombre
#0 C:\xampp\htdocs\Mendez\app\Controllers\Dashboard.php(87): CodeIgniter\Debug\Exceptions->errorHandler(8, 'Undefined varia...', 'C:\\xampp\\htdocs...', 87, Array)
#1 C:\xampp\htdocs\Mendez\system\CodeIgniter.php(832): App\Controllers\Dashboard->muestra_usuarios_modifica('2')
#2 C:\xampp\htdocs\Mendez\system\CodeIgniter.php(419): CodeIgniter\CodeIgniter->runController(Object(App\Controllers\Dashboard))
#3 C:\xampp\htdocs\Mendez\system\CodeIgniter.php(326): CodeIgniter\CodeIgniter->handleRequest(NULL, Object(Config\Cache), false)
#4 C:\xampp\htdocs\Mendez\index.php(37): CodeIgniter\CodeIgniter->run()
#5 {main}
CRITICAL - 2022-06-10 00:18:30 --> Undefined variable: data
#0 C:\xampp\htdocs\Mendez\app\Views\back\editar.php(5): CodeIgniter\Debug\Exceptions->errorHandler(8, 'Undefined varia...', 'C:\\xampp\\htdocs...', 5, Array)
#1 C:\xampp\htdocs\Mendez\system\View\View.php(210): include('C:\\xampp\\htdocs...')
#2 C:\xampp\htdocs\Mendez\system\View\View.php(213): CodeIgniter\View\View->CodeIgniter\View\{closure}()
#3 C:\xampp\htdocs\Mendez\system\Common.php(1089): CodeIgniter\View\View->render('Back/editar', Array, true)
#4 C:\xampp\htdocs\Mendez\app\Controllers\Dashboard.php(99): view('Back/editar')
#5 C:\xampp\htdocs\Mendez\system\CodeIgniter.php(832): App\Controllers\Dashboard->muestra_usuarios_modifica('2')
#6 C:\xampp\htdocs\Mendez\system\CodeIgniter.php(419): CodeIgniter\CodeIgniter->runController(Object(App\Controllers\Dashboard))
#7 C:\xampp\htdocs\Mendez\system\CodeIgniter.php(326): CodeIgniter\CodeIgniter->handleRequest(NULL, Object(Config\Cache), false)
#8 C:\xampp\htdocs\Mendez\index.php(37): CodeIgniter\CodeIgniter->run()
#9 {main}
CRITICAL - 2022-06-10 13:25:52 --> Undefined variable: data
#0 C:\xampp\htdocs\Mendez\app\Views\back\editar.php(5): CodeIgniter\Debug\Exceptions->errorHandler(8, 'Undefined varia...', 'C:\\xampp\\htdocs...', 5, Array)
#1 C:\xampp\htdocs\Mendez\system\View\View.php(210): include('C:\\xampp\\htdocs...')
#2 C:\xampp\htdocs\Mendez\system\View\View.php(213): CodeIgniter\View\View->CodeIgniter\View\{closure}()
#3 C:\xampp\htdocs\Mendez\system\Common.php(1089): CodeIgniter\View\View->render('Back/editar', Array, true)
#4 C:\xampp\htdocs\Mendez\app\Controllers\Dashboard.php(129): view('Back/editar')
#5 C:\xampp\htdocs\Mendez\system\CodeIgniter.php(832): App\Controllers\Dashboard->muestra_usuarios_modifica('2')
#6 C:\xampp\htdocs\Mendez\system\CodeIgniter.php(419): CodeIgniter\CodeIgniter->runController(Object(App\Controllers\Dashboard))
#7 C:\xampp\htdocs\Mendez\system\CodeIgniter.php(326): CodeIgniter\CodeIgniter->handleRequest(NULL, Object(Config\Cache), false)
#8 C:\xampp\htdocs\Mendez\index.php(37): CodeIgniter\CodeIgniter->run()
#9 {main}
CRITICAL - 2022-06-10 13:37:41 --> Illegal string offset 'id'
#0 C:\xampp\htdocs\Mendez\app\Views\back\editar.php(9): CodeIgniter\Debug\Exceptions->errorHandler(2, 'Illegal string ...', 'C:\\xampp\\htdocs...', 9, Array)
#1 C:\xampp\htdocs\Mendez\system\View\View.php(210): include('C:\\xampp\\htdocs...')
#2 C:\xampp\htdocs\Mendez\system\View\View.php(213): CodeIgniter\View\View->CodeIgniter\View\{closure}()
#3 C:\xampp\htdocs\Mendez\system\Common.php(1089): CodeIgniter\View\View->render('Back/editar', Array, true)
#4 C:\xampp\htdocs\Mendez\app\Controllers\Dashboard.php(129): view('Back/editar')
#5 C:\xampp\htdocs\Mendez\system\CodeIgniter.php(832): App\Controllers\Dashboard->muestra_usuarios_modifica('2')
#6 C:\xampp\htdocs\Mendez\system\CodeIgniter.php(419): CodeIgniter\CodeIgniter->runController(Object(App\Controllers\Dashboard))
#7 C:\xampp\htdocs\Mendez\system\CodeIgniter.php(326): CodeIgniter\CodeIgniter->handleRequest(NULL, Object(Config\Cache), false)
#8 C:\xampp\htdocs\Mendez\index.php(37): CodeIgniter\CodeIgniter->run()
#9 {main}
CRITICAL - 2022-06-10 13:38:22 --> Illegal string offset 'nombre'
#0 C:\xampp\htdocs\Mendez\app\Views\back\editar.php(9): CodeIgniter\Debug\Exceptions->errorHandler(2, 'Illegal string ...', 'C:\\xampp\\htdocs...', 9, Array)
#1 C:\xampp\htdocs\Mendez\system\View\View.php(210): include('C:\\xampp\\htdocs...')
#2 C:\xampp\htdocs\Mendez\system\View\View.php(213): CodeIgniter\View\View->CodeIgniter\View\{closure}()
#3 C:\xampp\htdocs\Mendez\system\Common.php(1089): CodeIgniter\View\View->render('Back/editar', Array, true)
#4 C:\xampp\htdocs\Mendez\app\Controllers\Dashboard.php(129): view('Back/editar')
#5 C:\xampp\htdocs\Mendez\system\CodeIgniter.php(832): App\Controllers\Dashboard->muestra_usuarios_modifica('2')
#6 C:\xampp\htdocs\Mendez\system\CodeIgniter.php(419): CodeIgniter\CodeIgniter->runController(Object(App\Controllers\Dashboard))
#7 C:\xampp\htdocs\Mendez\system\CodeIgniter.php(326): CodeIgniter\CodeIgniter->handleRequest(NULL, Object(Config\Cache), false)
#8 C:\xampp\htdocs\Mendez\index.php(37): CodeIgniter\CodeIgniter->run()
#9 {main}
CRITICAL - 2022-06-10 13:45:56 --> Undefined variable: id
#0 C:\xampp\htdocs\Mendez\app\Views\back\editar.php(2): CodeIgniter\Debug\Exceptions->errorHandler(8, 'Undefined varia...', 'C:\\xampp\\htdocs...', 2, Array)
#1 C:\xampp\htdocs\Mendez\system\View\View.php(210): include('C:\\xampp\\htdocs...')
#2 C:\xampp\htdocs\Mendez\system\View\View.php(213): CodeIgniter\View\View->CodeIgniter\View\{closure}()
#3 C:\xampp\htdocs\Mendez\system\Common.php(1089): CodeIgniter\View\View->render('Back/editar', Array, true)
#4 C:\xampp\htdocs\Mendez\app\Controllers\Dashboard.php(97): view('Back/editar', Array)
#5 C:\xampp\htdocs\Mendez\system\CodeIgniter.php(832): App\Controllers\Dashboard->muestra_usuarios_modifica('2')
#6 C:\xampp\htdocs\Mendez\system\CodeIgniter.php(419): CodeIgniter\CodeIgniter->runController(Object(App\Controllers\Dashboard))
#7 C:\xampp\htdocs\Mendez\system\CodeIgniter.php(326): CodeIgniter\CodeIgniter->handleRequest(NULL, Object(Config\Cache), false)
#8 C:\xampp\htdocs\Mendez\index.php(37): CodeIgniter\CodeIgniter->run()
#9 {main}
CRITICAL - 2022-06-10 13:46:35 --> Undefined variable: data
#0 C:\xampp\htdocs\Mendez\app\Views\back\editar.php(9): CodeIgniter\Debug\Exceptions->errorHandler(8, 'Undefined varia...', 'C:\\xampp\\htdocs...', 9, Array)
#1 C:\xampp\htdocs\Mendez\system\View\View.php(210): include('C:\\xampp\\htdocs...')
#2 C:\xampp\htdocs\Mendez\system\View\View.php(213): CodeIgniter\View\View->CodeIgniter\View\{closure}()
#3 C:\xampp\htdocs\Mendez\system\Common.php(1089): CodeIgniter\View\View->render('Back/editar', Array, true)
#4 C:\xampp\htdocs\Mendez\app\Controllers\Dashboard.php(97): view('Back/editar', Array)
#5 C:\xampp\htdocs\Mendez\system\CodeIgniter.php(832): App\Controllers\Dashboard->muestra_usuarios_modifica('2')
#6 C:\xampp\htdocs\Mendez\system\CodeIgniter.php(419): CodeIgniter\CodeIgniter->runController(Object(App\Controllers\Dashboard))
#7 C:\xampp\htdocs\Mendez\system\CodeIgniter.php(326): CodeIgniter\CodeIgniter->handleRequest(NULL, Object(Config\Cache), false)
#8 C:\xampp\htdocs\Mendez\index.php(37): CodeIgniter\CodeIgniter->run()
#9 {main}
CRITICAL - 2022-06-10 13:46:37 --> Undefined variable: data
#0 C:\xampp\htdocs\Mendez\app\Views\back\editar.php(9): CodeIgniter\Debug\Exceptions->errorHandler(8, 'Undefined varia...', 'C:\\xampp\\htdocs...', 9, Array)
#1 C:\xampp\htdocs\Mendez\system\View\View.php(210): include('C:\\xampp\\htdocs...')
#2 C:\xampp\htdocs\Mendez\system\View\View.php(213): CodeIgniter\View\View->CodeIgniter\View\{closure}()
#3 C:\xampp\htdocs\Mendez\system\Common.php(1089): CodeIgniter\View\View->render('Back/editar', Array, true)
#4 C:\xampp\htdocs\Mendez\app\Controllers\Dashboard.php(97): view('Back/editar', Array)
#5 C:\xampp\htdocs\Mendez\system\CodeIgniter.php(832): App\Controllers\Dashboard->muestra_usuarios_modifica('2')
#6 C:\xampp\htdocs\Mendez\system\CodeIgniter.php(419): CodeIgniter\CodeIgniter->runController(Object(App\Controllers\Dashboard))
#7 C:\xampp\htdocs\Mendez\system\CodeIgniter.php(326): CodeIgniter\CodeIgniter->handleRequest(NULL, Object(Config\Cache), false)
#8 C:\xampp\htdocs\Mendez\index.php(37): CodeIgniter\CodeIgniter->run()
#9 {main}
CRITICAL - 2022-06-10 14:08:14 --> Undefined variable: id
#0 C:\xampp\htdocs\Mendez\app\Views\back\editar.php(7): CodeIgniter\Debug\Exceptions->errorHandler(8, 'Undefined varia...', 'C:\\xampp\\htdocs...', 7, Array)
#1 C:\xampp\htdocs\Mendez\system\View\View.php(210): include('C:\\xampp\\htdocs...')
#2 C:\xampp\htdocs\Mendez\system\View\View.php(213): CodeIgniter\View\View->CodeIgniter\View\{closure}()
#3 C:\xampp\htdocs\Mendez\system\Common.php(1089): CodeIgniter\View\View->render('Back/editar', Array, true)
#4 C:\xampp\htdocs\Mendez\app\Controllers\Dashboard.php(88): view('Back/editar')
#5 C:\xampp\htdocs\Mendez\system\CodeIgniter.php(832): App\Controllers\Dashboard->muestra_usuarios_modifica('2')
#6 C:\xampp\htdocs\Mendez\system\CodeIgniter.php(419): CodeIgniter\CodeIgniter->runController(Object(App\Controllers\Dashboard))
#7 C:\xampp\htdocs\Mendez\system\CodeIgniter.php(326): CodeIgniter\CodeIgniter->handleRequest(NULL, Object(Config\Cache), false)
#8 C:\xampp\htdocs\Mendez\index.php(37): CodeIgniter\CodeIgniter->run()
#9 {main}
CRITICAL - 2022-06-10 14:11:13 --> Undefined variable: id
#0 C:\xampp\htdocs\Mendez\app\Views\back\editar.php(5): CodeIgniter\Debug\Exceptions->errorHandler(8, 'Undefined varia...', 'C:\\xampp\\htdocs...', 5, Array)
#1 C:\xampp\htdocs\Mendez\system\View\View.php(210): include('C:\\xampp\\htdocs...')
#2 C:\xampp\htdocs\Mendez\system\View\View.php(213): CodeIgniter\View\View->CodeIgniter\View\{closure}()
#3 C:\xampp\htdocs\Mendez\system\Common.php(1089): CodeIgniter\View\View->render('Back/editar', Array, true)
#4 C:\xampp\htdocs\Mendez\app\Controllers\Dashboard.php(88): view('Back/editar')
#5 C:\xampp\htdocs\Mendez\system\CodeIgniter.php(832): App\Controllers\Dashboard->muestra_usuarios_modifica('2')
#6 C:\xampp\htdocs\Mendez\system\CodeIgniter.php(419): CodeIgniter\CodeIgniter->runController(Object(App\Controllers\Dashboard))
#7 C:\xampp\htdocs\Mendez\system\CodeIgniter.php(326): CodeIgniter\CodeIgniter->handleRequest(NULL, Object(Config\Cache), false)
#8 C:\xampp\htdocs\Mendez\index.php(37): CodeIgniter\CodeIgniter->run()
#9 {main}
CRITICAL - 2022-06-10 14:12:12 --> Undefined variable: id
#0 C:\xampp\htdocs\Mendez\app\Views\back\editar.php(5): CodeIgniter\Debug\Exceptions->errorHandler(8, 'Undefined varia...', 'C:\\xampp\\htdocs...', 5, Array)
#1 C:\xampp\htdocs\Mendez\system\View\View.php(210): include('C:\\xampp\\htdocs...')
#2 C:\xampp\htdocs\Mendez\system\View\View.php(213): CodeIgniter\View\View->CodeIgniter\View\{closure}()
#3 C:\xampp\htdocs\Mendez\system\Common.php(1089): CodeIgniter\View\View->render('Back/editar', Array, true)
#4 C:\xampp\htdocs\Mendez\app\Controllers\Dashboard.php(88): view('Back/editar')
#5 C:\xampp\htdocs\Mendez\system\CodeIgniter.php(832): App\Controllers\Dashboard->muestra_usuarios_modifica('2')
#6 C:\xampp\htdocs\Mendez\system\CodeIgniter.php(419): CodeIgniter\CodeIgniter->runController(Object(App\Controllers\Dashboard))
#7 C:\xampp\htdocs\Mendez\system\CodeIgniter.php(326): CodeIgniter\CodeIgniter->handleRequest(NULL, Object(Config\Cache), false)
#8 C:\xampp\htdocs\Mendez\index.php(37): CodeIgniter\CodeIgniter->run()
#9 {main}
CRITICAL - 2022-06-10 14:16:08 --> Undefined variable: id
#0 C:\xampp\htdocs\Mendez\app\Views\back\editar.php(5): CodeIgniter\Debug\Exceptions->errorHandler(8, 'Undefined varia...', 'C:\\xampp\\htdocs...', 5, Array)
#1 C:\xampp\htdocs\Mendez\system\View\View.php(210): include('C:\\xampp\\htdocs...')
#2 C:\xampp\htdocs\Mendez\system\View\View.php(213): CodeIgniter\View\View->CodeIgniter\View\{closure}()
#3 C:\xampp\htdocs\Mendez\system\Common.php(1089): CodeIgniter\View\View->render('Back/editar', Array, true)
#4 C:\xampp\htdocs\Mendez\app\Controllers\Dashboard.php(88): view('Back/editar')
#5 C:\xampp\htdocs\Mendez\system\CodeIgniter.php(832): App\Controllers\Dashboard->muestra_usuarios_modifica('2')
#6 C:\xampp\htdocs\Mendez\system\CodeIgniter.php(419): CodeIgniter\CodeIgniter->runController(Object(App\Controllers\Dashboard))
#7 C:\xampp\htdocs\Mendez\system\CodeIgniter.php(326): CodeIgniter\CodeIgniter->handleRequest(NULL, Object(Config\Cache), false)
#8 C:\xampp\htdocs\Mendez\index.php(37): CodeIgniter\CodeIgniter->run()
#9 {main}
CRITICAL - 2022-06-10 14:16:11 --> Undefined variable: id
#0 C:\xampp\htdocs\Mendez\app\Views\back\dashboard_baja.php(39): CodeIgniter\Debug\Exceptions->errorHandler(8, 'Undefined varia...', 'C:\\xampp\\htdocs...', 39, Array)
#1 C:\xampp\htdocs\Mendez\system\View\View.php(210): include('C:\\xampp\\htdocs...')
#2 C:\xampp\htdocs\Mendez\system\View\View.php(213): CodeIgniter\View\View->CodeIgniter\View\{closure}()
#3 C:\xampp\htdocs\Mendez\system\Common.php(1089): CodeIgniter\View\View->render('back/dashboard_...', Array, true)
#4 C:\xampp\htdocs\Mendez\app\Controllers\Dashboard.php(68): view('back/dashboard_...')
#5 C:\xampp\htdocs\Mendez\system\CodeIgniter.php(832): App\Controllers\Dashboard->usuariosDeBaja()
#6 C:\xampp\htdocs\Mendez\system\CodeIgniter.php(419): CodeIgniter\CodeIgniter->runController(Object(App\Controllers\Dashboard))
#7 C:\xampp\htdocs\Mendez\system\CodeIgniter.php(326): CodeIgniter\CodeIgniter->handleRequest(NULL, Object(Config\Cache), false)
#8 C:\xampp\htdocs\Mendez\index.php(37): CodeIgniter\CodeIgniter->run()
#9 {main}
CRITICAL - 2022-06-10 14:17:43 --> Undefined variable: id
#0 C:\xampp\htdocs\Mendez\app\Views\back\editar.php(5): CodeIgniter\Debug\Exceptions->errorHandler(8, 'Undefined varia...', 'C:\\xampp\\htdocs...', 5, Array)
#1 C:\xampp\htdocs\Mendez\system\View\View.php(210): include('C:\\xampp\\htdocs...')
#2 C:\xampp\htdocs\Mendez\system\View\View.php(213): CodeIgniter\View\View->CodeIgniter\View\{closure}()
#3 C:\xampp\htdocs\Mendez\system\Common.php(1089): CodeIgniter\View\View->render('Back/editar', Array, true)
#4 C:\xampp\htdocs\Mendez\app\Controllers\Dashboard.php(88): view('Back/editar')
#5 C:\xampp\htdocs\Mendez\system\CodeIgniter.php(832): App\Controllers\Dashboard->muestra_usuarios_modifica('2')
#6 C:\xampp\htdocs\Mendez\system\CodeIgniter.php(419): CodeIgniter\CodeIgniter->runController(Object(App\Controllers\Dashboard))
#7 C:\xampp\htdocs\Mendez\system\CodeIgniter.php(326): CodeIgniter\CodeIgniter->handleRequest(NULL, Object(Config\Cache), false)
#8 C:\xampp\htdocs\Mendez\index.php(37): CodeIgniter\CodeIgniter->run()
#9 {main}
CRITICAL - 2022-06-10 14:18:22 --> Argument 2 passed to view() must be of the type array, string given, called in C:\xampp\htdocs\Mendez\app\Controllers\Dashboard.php on line 88
#0 C:\xampp\htdocs\Mendez\app\Controllers\Dashboard.php(88): view('Back/editar', '2')
#1 C:\xampp\htdocs\Mendez\system\CodeIgniter.php(832): App\Controllers\Dashboard->muestra_usuarios_modifica('2')
#2 C:\xampp\htdocs\Mendez\system\CodeIgniter.php(419): CodeIgniter\CodeIgniter->runController(Object(App\Controllers\Dashboard))
#3 C:\xampp\htdocs\Mendez\system\CodeIgniter.php(326): CodeIgniter\CodeIgniter->handleRequest(NULL, Object(Config\Cache), false)
#4 C:\xampp\htdocs\Mendez\index.php(37): CodeIgniter\CodeIgniter->run()
#5 {main}
CRITICAL - 2022-06-10 14:20:55 --> Undefined variable: id
#0 C:\xampp\htdocs\Mendez\app\Views\back\editar.php(5): CodeIgniter\Debug\Exceptions->errorHandler(8, 'Undefined varia...', 'C:\\xampp\\htdocs...', 5, Array)
#1 C:\xampp\htdocs\Mendez\system\View\View.php(210): include('C:\\xampp\\htdocs...')
#2 C:\xampp\htdocs\Mendez\system\View\View.php(213): CodeIgniter\View\View->CodeIgniter\View\{closure}()
#3 C:\xampp\htdocs\Mendez\system\Common.php(1089): CodeIgniter\View\View->render('Back/editar', Array, true)
#4 C:\xampp\htdocs\Mendez\app\Controllers\Dashboard.php(92): view('Back/editar', Array)
#5 C:\xampp\htdocs\Mendez\system\CodeIgniter.php(832): App\Controllers\Dashboard->muestra_usuarios_modifica('2')
#6 C:\xampp\htdocs\Mendez\system\CodeIgniter.php(419): CodeIgniter\CodeIgniter->runController(Object(App\Controllers\Dashboard))
#7 C:\xampp\htdocs\Mendez\system\CodeIgniter.php(326): CodeIgniter\CodeIgniter->handleRequest(NULL, Object(Config\Cache), false)
#8 C:\xampp\htdocs\Mendez\index.php(37): CodeIgniter\CodeIgniter->run()
#9 {main}
CRITICAL - 2022-06-10 14:21:10 --> Undefined variable: dato
#0 C:\xampp\htdocs\Mendez\app\Views\back\editar.php(5): CodeIgniter\Debug\Exceptions->errorHandler(8, 'Undefined varia...', 'C:\\xampp\\htdocs...', 5, Array)
#1 C:\xampp\htdocs\Mendez\system\View\View.php(210): include('C:\\xampp\\htdocs...')
#2 C:\xampp\htdocs\Mendez\system\View\View.php(213): CodeIgniter\View\View->CodeIgniter\View\{closure}()
#3 C:\xampp\htdocs\Mendez\system\Common.php(1089): CodeIgniter\View\View->render('Back/editar', Array, true)
#4 C:\xampp\htdocs\Mendez\app\Controllers\Dashboard.php(92): view('Back/editar', Array)
#5 C:\xampp\htdocs\Mendez\system\CodeIgniter.php(832): App\Controllers\Dashboard->muestra_usuarios_modifica('2')
#6 C:\xampp\htdocs\Mendez\system\CodeIgniter.php(419): CodeIgniter\CodeIgniter->runController(Object(App\Controllers\Dashboard))
#7 C:\xampp\htdocs\Mendez\system\CodeIgniter.php(326): CodeIgniter\CodeIgniter->handleRequest(NULL, Object(Config\Cache), false)
#8 C:\xampp\htdocs\Mendez\index.php(37): CodeIgniter\CodeIgniter->run()
#9 {main}
CRITICAL - 2022-06-10 14:21:11 --> Undefined variable: dato
#0 C:\xampp\htdocs\Mendez\app\Views\back\editar.php(5): CodeIgniter\Debug\Exceptions->errorHandler(8, 'Undefined varia...', 'C:\\xampp\\htdocs...', 5, Array)
#1 C:\xampp\htdocs\Mendez\system\View\View.php(210): include('C:\\xampp\\htdocs...')
#2 C:\xampp\htdocs\Mendez\system\View\View.php(213): CodeIgniter\View\View->CodeIgniter\View\{closure}()
#3 C:\xampp\htdocs\Mendez\system\Common.php(1089): CodeIgniter\View\View->render('Back/editar', Array, true)
#4 C:\xampp\htdocs\Mendez\app\Controllers\Dashboard.php(92): view('Back/editar', Array)
#5 C:\xampp\htdocs\Mendez\system\CodeIgniter.php(832): App\Controllers\Dashboard->muestra_usuarios_modifica('2')
#6 C:\xampp\htdocs\Mendez\system\CodeIgniter.php(419): CodeIgniter\CodeIgniter->runController(Object(App\Controllers\Dashboard))
#7 C:\xampp\htdocs\Mendez\system\CodeIgniter.php(326): CodeIgniter\CodeIgniter->handleRequest(NULL, Object(Config\Cache), false)
#8 C:\xampp\htdocs\Mendez\index.php(37): CodeIgniter\CodeIgniter->run()
#9 {main}
CRITICAL - 2022-06-10 14:21:55 --> Undefined variable: dato
#0 C:\xampp\htdocs\Mendez\app\Views\back\editar.php(5): CodeIgniter\Debug\Exceptions->errorHandler(8, 'Undefined varia...', 'C:\\xampp\\htdocs...', 5, Array)
#1 C:\xampp\htdocs\Mendez\system\View\View.php(210): include('C:\\xampp\\htdocs...')
#2 C:\xampp\htdocs\Mendez\system\View\View.php(213): CodeIgniter\View\View->CodeIgniter\View\{closure}()
#3 C:\xampp\htdocs\Mendez\system\Common.php(1089): CodeIgniter\View\View->render('Back/editar', Array, true)
#4 C:\xampp\htdocs\Mendez\app\Controllers\Dashboard.php(92): view('Back/editar', Array)
#5 C:\xampp\htdocs\Mendez\system\CodeIgniter.php(832): App\Controllers\Dashboard->muestra_usuarios_modifica('2')
#6 C:\xampp\htdocs\Mendez\system\CodeIgniter.php(419): CodeIgniter\CodeIgniter->runController(Object(App\Controllers\Dashboard))
#7 C:\xampp\htdocs\Mendez\system\CodeIgniter.php(326): CodeIgniter\CodeIgniter->handleRequest(NULL, Object(Config\Cache), false)
#8 C:\xampp\htdocs\Mendez\index.php(37): CodeIgniter\CodeIgniter->run()
#9 {main}
CRITICAL - 2022-06-10 14:22:32 --> Undefined variable: dato
#0 C:\xampp\htdocs\Mendez\app\Views\back\editar.php(5): CodeIgniter\Debug\Exceptions->errorHandler(8, 'Undefined varia...', 'C:\\xampp\\htdocs...', 5, Array)
#1 C:\xampp\htdocs\Mendez\system\View\View.php(210): include('C:\\xampp\\htdocs...')
#2 C:\xampp\htdocs\Mendez\system\View\View.php(213): CodeIgniter\View\View->CodeIgniter\View\{closure}()
#3 C:\xampp\htdocs\Mendez\system\Common.php(1089): CodeIgniter\View\View->render('Back/editar', Array, true)
#4 C:\xampp\htdocs\Mendez\app\Controllers\Dashboard.php(92): view('Back/editar', Array)
#5 C:\xampp\htdocs\Mendez\system\CodeIgniter.php(832): App\Controllers\Dashboard->muestra_usuarios_modifica('2')
#6 C:\xampp\htdocs\Mendez\system\CodeIgniter.php(419): CodeIgniter\CodeIgniter->runController(Object(App\Controllers\Dashboard))
#7 C:\xampp\htdocs\Mendez\system\CodeIgniter.php(326): CodeIgniter\CodeIgniter->handleRequest(NULL, Object(Config\Cache), false)
#8 C:\xampp\htdocs\Mendez\index.php(37): CodeIgniter\CodeIgniter->run()
#9 {main}
CRITICAL - 2022-06-10 14:23:15 --> syntax error, unexpected '=', expecting ')'
#0 C:\xampp\htdocs\Mendez\system\Autoloader\Autoloader.php(241): CodeIgniter\Autoloader\Autoloader->includeFile('C:\\xampp\\htdocs...')
#1 C:\xampp\htdocs\Mendez\system\Autoloader\Autoloader.php(219): CodeIgniter\Autoloader\Autoloader->loadInNamespace('App\\Controllers...')
#2 [internal function]: CodeIgniter\Autoloader\Autoloader->loadClass('App\\Controllers...')
#3 [internal function]: spl_autoload_call('App\\Controllers...')
#4 C:\xampp\htdocs\Mendez\system\CodeIgniter.php(797): class_exists('\\App\\Controller...', true)
#5 C:\xampp\htdocs\Mendez\system\CodeIgniter.php(406): CodeIgniter\CodeIgniter->startController()
#6 C:\xampp\htdocs\Mendez\system\CodeIgniter.php(326): CodeIgniter\CodeIgniter->handleRequest(NULL, Object(Config\Cache), false)
#7 C:\xampp\htdocs\Mendez\index.php(37): CodeIgniter\CodeIgniter->run()
#8 {main}
CRITICAL - 2022-06-10 14:23:40 --> Undefined variable: dato
#0 C:\xampp\htdocs\Mendez\app\Views\back\editar.php(5): CodeIgniter\Debug\Exceptions->errorHandler(8, 'Undefined varia...', 'C:\\xampp\\htdocs...', 5, Array)
#1 C:\xampp\htdocs\Mendez\system\View\View.php(210): include('C:\\xampp\\htdocs...')
#2 C:\xampp\htdocs\Mendez\system\View\View.php(213): CodeIgniter\View\View->CodeIgniter\View\{closure}()
#3 C:\xampp\htdocs\Mendez\system\Common.php(1089): CodeIgniter\View\View->render('Back/editar', Array, true)
#4 C:\xampp\htdocs\Mendez\app\Controllers\Dashboard.php(92): view('Back/editar', Array)
#5 C:\xampp\htdocs\Mendez\system\CodeIgniter.php(832): App\Controllers\Dashboard->muestra_usuarios_modifica('2')
#6 C:\xampp\htdocs\Mendez\system\CodeIgniter.php(419): CodeIgniter\CodeIgniter->runController(Object(App\Controllers\Dashboard))
#7 C:\xampp\htdocs\Mendez\system\CodeIgniter.php(326): CodeIgniter\CodeIgniter->handleRequest(NULL, Object(Config\Cache), false)
#8 C:\xampp\htdocs\Mendez\index.php(37): CodeIgniter\CodeIgniter->run()
#9 {main}
CRITICAL - 2022-06-10 14:24:28 --> Undefined variable: dato
#0 C:\xampp\htdocs\Mendez\app\Views\back\editar.php(4): CodeIgniter\Debug\Exceptions->errorHandler(8, 'Undefined varia...', 'C:\\xampp\\htdocs...', 4, Array)
#1 C:\xampp\htdocs\Mendez\system\View\View.php(210): include('C:\\xampp\\htdocs...')
#2 C:\xampp\htdocs\Mendez\system\View\View.php(213): CodeIgniter\View\View->CodeIgniter\View\{closure}()
#3 C:\xampp\htdocs\Mendez\system\Common.php(1089): CodeIgniter\View\View->render('Back/editar', Array, true)
#4 C:\xampp\htdocs\Mendez\app\Controllers\Dashboard.php(92): view('Back/editar', Array)
#5 C:\xampp\htdocs\Mendez\system\CodeIgniter.php(832): App\Controllers\Dashboard->muestra_usuarios_modifica('2')
#6 C:\xampp\htdocs\Mendez\system\CodeIgniter.php(419): CodeIgniter\CodeIgniter->runController(Object(App\Controllers\Dashboard))
#7 C:\xampp\htdocs\Mendez\system\CodeIgniter.php(326): CodeIgniter\CodeIgniter->handleRequest(NULL, Object(Config\Cache), false)
#8 C:\xampp\htdocs\Mendez\index.php(37): CodeIgniter\CodeIgniter->run()
#9 {main}
CRITICAL - 2022-06-10 14:25:31 --> Undefined variable: dato
#0 C:\xampp\htdocs\Mendez\app\Views\back\editar.php(4): CodeIgniter\Debug\Exceptions->errorHandler(8, 'Undefined varia...', 'C:\\xampp\\htdocs...', 4, Array)
#1 C:\xampp\htdocs\Mendez\system\View\View.php(210): include('C:\\xampp\\htdocs...')
#2 C:\xampp\htdocs\Mendez\system\View\View.php(213): CodeIgniter\View\View->CodeIgniter\View\{closure}()
#3 C:\xampp\htdocs\Mendez\system\Common.php(1089): CodeIgniter\View\View->render('Back/editar', Array, true)
#4 C:\xampp\htdocs\Mendez\app\Controllers\Dashboard.php(92): view('Back/editar', Array)
#5 C:\xampp\htdocs\Mendez\system\CodeIgniter.php(832): App\Controllers\Dashboard->muestra_usuarios_modifica('2')
#6 C:\xampp\htdocs\Mendez\system\CodeIgniter.php(419): CodeIgniter\CodeIgniter->runController(Object(App\Controllers\Dashboard))
#7 C:\xampp\htdocs\Mendez\system\CodeIgniter.php(326): CodeIgniter\CodeIgniter->handleRequest(NULL, Object(Config\Cache), false)
#8 C:\xampp\htdocs\Mendez\index.php(37): CodeIgniter\CodeIgniter->run()
#9 {main}
CRITICAL - 2022-06-10 14:25:32 --> Undefined variable: dato
#0 C:\xampp\htdocs\Mendez\app\Views\back\editar.php(4): CodeIgniter\Debug\Exceptions->errorHandler(8, 'Undefined varia...', 'C:\\xampp\\htdocs...', 4, Array)
#1 C:\xampp\htdocs\Mendez\system\View\View.php(210): include('C:\\xampp\\htdocs...')
#2 C:\xampp\htdocs\Mendez\system\View\View.php(213): CodeIgniter\View\View->CodeIgniter\View\{closure}()
#3 C:\xampp\htdocs\Mendez\system\Common.php(1089): CodeIgniter\View\View->render('Back/editar', Array, true)
#4 C:\xampp\htdocs\Mendez\app\Controllers\Dashboard.php(92): view('Back/editar', Array)
#5 C:\xampp\htdocs\Mendez\system\CodeIgniter.php(832): App\Controllers\Dashboard->muestra_usuarios_modifica('2')
#6 C:\xampp\htdocs\Mendez\system\CodeIgniter.php(419): CodeIgniter\CodeIgniter->runController(Object(App\Controllers\Dashboard))
#7 C:\xampp\htdocs\Mendez\system\CodeIgniter.php(326): CodeIgniter\CodeIgniter->handleRequest(NULL, Object(Config\Cache), false)
#8 C:\xampp\htdocs\Mendez\index.php(37): CodeIgniter\CodeIgniter->run()
#9 {main}
CRITICAL - 2022-06-10 14:27:13 --> Undefined variable: dato
#0 C:\xampp\htdocs\Mendez\app\Views\back\editar.php(2): CodeIgniter\Debug\Exceptions->errorHandler(8, 'Undefined varia...', 'C:\\xampp\\htdocs...', 2, Array)
#1 C:\xampp\htdocs\Mendez\system\View\View.php(210): include('C:\\xampp\\htdocs...')
#2 C:\xampp\htdocs\Mendez\system\View\View.php(213): CodeIgniter\View\View->CodeIgniter\View\{closure}()
#3 C:\xampp\htdocs\Mendez\system\Common.php(1089): CodeIgniter\View\View->render('Back/editar', Array, true)
#4 C:\xampp\htdocs\Mendez\app\Controllers\Dashboard.php(92): view('Back/editar', Array)
#5 C:\xampp\htdocs\Mendez\system\CodeIgniter.php(832): App\Controllers\Dashboard->muestra_usuarios_modifica('2')
#6 C:\xampp\htdocs\Mendez\system\CodeIgniter.php(419): CodeIgniter\CodeIgniter->runController(Object(App\Controllers\Dashboard))
#7 C:\xampp\htdocs\Mendez\system\CodeIgniter.php(326): CodeIgniter\CodeIgniter->handleRequest(NULL, Object(Config\Cache), false)
#8 C:\xampp\htdocs\Mendez\index.php(37): CodeIgniter\CodeIgniter->run()
#9 {main}
CRITICAL - 2022-06-10 14:27:15 --> Undefined variable: dato
#0 C:\xampp\htdocs\Mendez\app\Views\back\editar.php(2): CodeIgniter\Debug\Exceptions->errorHandler(8, 'Undefined varia...', 'C:\\xampp\\htdocs...', 2, Array)
#1 C:\xampp\htdocs\Mendez\system\View\View.php(210): include('C:\\xampp\\htdocs...')
#2 C:\xampp\htdocs\Mendez\system\View\View.php(213): CodeIgniter\View\View->CodeIgniter\View\{closure}()
#3 C:\xampp\htdocs\Mendez\system\Common.php(1089): CodeIgniter\View\View->render('Back/editar', Array, true)
#4 C:\xampp\htdocs\Mendez\app\Controllers\Dashboard.php(92): view('Back/editar', Array)
#5 C:\xampp\htdocs\Mendez\system\CodeIgniter.php(832): App\Controllers\Dashboard->muestra_usuarios_modifica('2')
#6 C:\xampp\htdocs\Mendez\system\CodeIgniter.php(419): CodeIgniter\CodeIgniter->runController(Object(App\Controllers\Dashboard))
#7 C:\xampp\htdocs\Mendez\system\CodeIgniter.php(326): CodeIgniter\CodeIgniter->handleRequest(NULL, Object(Config\Cache), false)
#8 C:\xampp\htdocs\Mendez\index.php(37): CodeIgniter\CodeIgniter->run()
#9 {main}
CRITICAL - 2022-06-10 14:30:52 --> Undefined variable: Users_Models
#0 C:\xampp\htdocs\Mendez\app\Controllers\Dashboard.php(84): CodeIgniter\Debug\Exceptions->errorHandler(8, 'Undefined varia...', 'C:\\xampp\\htdocs...', 84, Array)
#1 C:\xampp\htdocs\Mendez\system\CodeIgniter.php(832): App\Controllers\Dashboard->muestra_usuarios_modifica('2')
#2 C:\xampp\htdocs\Mendez\system\CodeIgniter.php(419): CodeIgniter\CodeIgniter->runController(Object(App\Controllers\Dashboard))
#3 C:\xampp\htdocs\Mendez\system\CodeIgniter.php(326): CodeIgniter\CodeIgniter->handleRequest(NULL, Object(Config\Cache), false)
#4 C:\xampp\htdocs\Mendez\index.php(37): CodeIgniter\CodeIgniter->run()
#5 {main}
CRITICAL - 2022-06-10 14:31:25 --> Undefined variable: Usuarios_model
#0 C:\xampp\htdocs\Mendez\app\Controllers\Dashboard.php(84): CodeIgniter\Debug\Exceptions->errorHandler(8, 'Undefined varia...', 'C:\\xampp\\htdocs...', 84, Array)
#1 C:\xampp\htdocs\Mendez\system\CodeIgniter.php(832): App\Controllers\Dashboard->muestra_usuarios_modifica('2')
#2 C:\xampp\htdocs\Mendez\system\CodeIgniter.php(419): CodeIgniter\CodeIgniter->runController(Object(App\Controllers\Dashboard))
#3 C:\xampp\htdocs\Mendez\system\CodeIgniter.php(326): CodeIgniter\CodeIgniter->handleRequest(NULL, Object(Config\Cache), false)
#4 C:\xampp\htdocs\Mendez\index.php(37): CodeIgniter\CodeIgniter->run()
#5 {main}
CRITICAL - 2022-06-10 14:32:24 --> Undefined variable: dato
#0 C:\xampp\htdocs\Mendez\app\Views\back\editar.php(2): CodeIgniter\Debug\Exceptions->errorHandler(8, 'Undefined varia...', 'C:\\xampp\\htdocs...', 2, Array)
#1 C:\xampp\htdocs\Mendez\system\View\View.php(210): include('C:\\xampp\\htdocs...')
#2 C:\xampp\htdocs\Mendez\system\View\View.php(213): CodeIgniter\View\View->CodeIgniter\View\{closure}()
#3 C:\xampp\htdocs\Mendez\system\Common.php(1089): CodeIgniter\View\View->render('Back/editar', Array, true)
#4 C:\xampp\htdocs\Mendez\app\Controllers\Dashboard.php(90): view('Back/editar', Array)
#5 C:\xampp\htdocs\Mendez\system\CodeIgniter.php(832): App\Controllers\Dashboard->muestra_usuarios_modifica('2')
#6 C:\xampp\htdocs\Mendez\system\CodeIgniter.php(419): CodeIgniter\CodeIgniter->runController(Object(App\Controllers\Dashboard))
#7 C:\xampp\htdocs\Mendez\system\CodeIgniter.php(326): CodeIgniter\CodeIgniter->handleRequest(NULL, Object(Config\Cache), false)
#8 C:\xampp\htdocs\Mendez\index.php(37): CodeIgniter\CodeIgniter->run()
#9 {main}
CRITICAL - 2022-06-10 14:32:51 --> Undefined variable: dato
#0 C:\xampp\htdocs\Mendez\app\Views\back\editar.php(4): CodeIgniter\Debug\Exceptions->errorHandler(8, 'Undefined varia...', 'C:\\xampp\\htdocs...', 4, Array)
#1 C:\xampp\htdocs\Mendez\system\View\View.php(210): include('C:\\xampp\\htdocs...')
#2 C:\xampp\htdocs\Mendez\system\View\View.php(213): CodeIgniter\View\View->CodeIgniter\View\{closure}()
#3 C:\xampp\htdocs\Mendez\system\Common.php(1089): CodeIgniter\View\View->render('Back/editar', Array, true)
#4 C:\xampp\htdocs\Mendez\app\Controllers\Dashboard.php(90): view('Back/editar', Array)
#5 C:\xampp\htdocs\Mendez\system\CodeIgniter.php(832): App\Controllers\Dashboard->muestra_usuarios_modifica('2')
#6 C:\xampp\htdocs\Mendez\system\CodeIgniter.php(419): CodeIgniter\CodeIgniter->runController(Object(App\Controllers\Dashboard))
#7 C:\xampp\htdocs\Mendez\system\CodeIgniter.php(326): CodeIgniter\CodeIgniter->handleRequest(NULL, Object(Config\Cache), false)
#8 C:\xampp\htdocs\Mendez\index.php(37): CodeIgniter\CodeIgniter->run()
#9 {main}
CRITICAL - 2022-06-10 14:37:38 --> Undefined variable: dato
#0 C:\xampp\htdocs\Mendez\app\Views\back\editar.php(4): CodeIgniter\Debug\Exceptions->errorHandler(8, 'Undefined varia...', 'C:\\xampp\\htdocs...', 4, Array)
#1 C:\xampp\htdocs\Mendez\system\View\View.php(210): include('C:\\xampp\\htdocs...')
#2 C:\xampp\htdocs\Mendez\system\View\View.php(213): CodeIgniter\View\View->CodeIgniter\View\{closure}()
#3 C:\xampp\htdocs\Mendez\system\Common.php(1089): CodeIgniter\View\View->render('Back/editar', Array, true)
#4 C:\xampp\htdocs\Mendez\app\Controllers\Dashboard.php(90): view('Back/editar', Array)
#5 C:\xampp\htdocs\Mendez\system\CodeIgniter.php(832): App\Controllers\Dashboard->muestra_usuarios_modifica('2')
#6 C:\xampp\htdocs\Mendez\system\CodeIgniter.php(419): CodeIgniter\CodeIgniter->runController(Object(App\Controllers\Dashboard))
#7 C:\xampp\htdocs\Mendez\system\CodeIgniter.php(326): CodeIgniter\CodeIgniter->handleRequest(NULL, Object(Config\Cache), false)
#8 C:\xampp\htdocs\Mendez\index.php(37): CodeIgniter\CodeIgniter->run()
#9 {main}
CRITICAL - 2022-06-10 14:37:40 --> Undefined variable: dato
#0 C:\xampp\htdocs\Mendez\app\Views\back\editar.php(4): CodeIgniter\Debug\Exceptions->errorHandler(8, 'Undefined varia...', 'C:\\xampp\\htdocs...', 4, Array)
#1 C:\xampp\htdocs\Mendez\system\View\View.php(210): include('C:\\xampp\\htdocs...')
#2 C:\xampp\htdocs\Mendez\system\View\View.php(213): CodeIgniter\View\View->CodeIgniter\View\{closure}()
#3 C:\xampp\htdocs\Mendez\system\Common.php(1089): CodeIgniter\View\View->render('Back/editar', Array, true)
#4 C:\xampp\htdocs\Mendez\app\Controllers\Dashboard.php(90): view('Back/editar', Array)
#5 C:\xampp\htdocs\Mendez\system\CodeIgniter.php(832): App\Controllers\Dashboard->muestra_usuarios_modifica('2')
#6 C:\xampp\htdocs\Mendez\system\CodeIgniter.php(419): CodeIgniter\CodeIgniter->runController(Object(App\Controllers\Dashboard))
#7 C:\xampp\htdocs\Mendez\system\CodeIgniter.php(326): CodeIgniter\CodeIgniter->handleRequest(NULL, Object(Config\Cache), false)
#8 C:\xampp\htdocs\Mendez\index.php(37): CodeIgniter\CodeIgniter->run()
#9 {main}
CRITICAL - 2022-06-10 14:40:14 --> Undefined variable: dato
#0 C:\xampp\htdocs\Mendez\app\Views\back\editar.php(4): CodeIgniter\Debug\Exceptions->errorHandler(8, 'Undefined varia...', 'C:\\xampp\\htdocs...', 4, Array)
#1 C:\xampp\htdocs\Mendez\system\View\View.php(210): include('C:\\xampp\\htdocs...')
#2 C:\xampp\htdocs\Mendez\system\View\View.php(213): CodeIgniter\View\View->CodeIgniter\View\{closure}()
#3 C:\xampp\htdocs\Mendez\system\Common.php(1089): CodeIgniter\View\View->render('Back/editar', Array, true)
#4 C:\xampp\htdocs\Mendez\app\Controllers\Dashboard.php(90): view('Back/editar', Array)
#5 C:\xampp\htdocs\Mendez\system\CodeIgniter.php(832): App\Controllers\Dashboard->muestra_usuarios_modifica('2')
#6 C:\xampp\htdocs\Mendez\system\CodeIgniter.php(419): CodeIgniter\CodeIgniter->runController(Object(App\Controllers\Dashboard))
#7 C:\xampp\htdocs\Mendez\system\CodeIgniter.php(326): CodeIgniter\CodeIgniter->handleRequest(NULL, Object(Config\Cache), false)
#8 C:\xampp\htdocs\Mendez\index.php(37): CodeIgniter\CodeIgniter->run()
#9 {main}
CRITICAL - 2022-06-10 14:40:15 --> Undefined variable: dato
#0 C:\xampp\htdocs\Mendez\app\Views\back\editar.php(4): CodeIgniter\Debug\Exceptions->errorHandler(8, 'Undefined varia...', 'C:\\xampp\\htdocs...', 4, Array)
#1 C:\xampp\htdocs\Mendez\system\View\View.php(210): include('C:\\xampp\\htdocs...')
#2 C:\xampp\htdocs\Mendez\system\View\View.php(213): CodeIgniter\View\View->CodeIgniter\View\{closure}()
#3 C:\xampp\htdocs\Mendez\system\Common.php(1089): CodeIgniter\View\View->render('Back/editar', Array, true)
#4 C:\xampp\htdocs\Mendez\app\Controllers\Dashboard.php(90): view('Back/editar', Array)
#5 C:\xampp\htdocs\Mendez\system\CodeIgniter.php(832): App\Controllers\Dashboard->muestra_usuarios_modifica('2')
#6 C:\xampp\htdocs\Mendez\system\CodeIgniter.php(419): CodeIgniter\CodeIgniter->runController(Object(App\Controllers\Dashboard))
#7 C:\xampp\htdocs\Mendez\system\CodeIgniter.php(326): CodeIgniter\CodeIgniter->handleRequest(NULL, Object(Config\Cache), false)
#8 C:\xampp\htdocs\Mendez\index.php(37): CodeIgniter\CodeIgniter->run()
#9 {main}
CRITICAL - 2022-06-10 14:47:56 --> Too few arguments to function App\Controllers\Dashboard::usuarios_modifica(), 0 passed in C:\xampp\htdocs\Mendez\system\CodeIgniter.php on line 832 and exactly 1 expected
#0 C:\xampp\htdocs\Mendez\system\CodeIgniter.php(832): App\Controllers\Dashboard->usuarios_modifica()
#1 C:\xampp\htdocs\Mendez\system\CodeIgniter.php(419): CodeIgniter\CodeIgniter->runController(Object(App\Controllers\Dashboard))
#2 C:\xampp\htdocs\Mendez\system\CodeIgniter.php(326): CodeIgniter\CodeIgniter->handleRequest(NULL, Object(Config\Cache), false)
#3 C:\xampp\htdocs\Mendez\index.php(37): CodeIgniter\CodeIgniter->run()
#4 {main}
CRITICAL - 2022-06-10 14:53:24 --> syntax error, unexpected 'text' (T_STRING), expecting ';' or ','
#0 C:\xampp\htdocs\Mendez\system\View\View.php(213): CodeIgniter\View\View->CodeIgniter\View\{closure}()
#1 C:\xampp\htdocs\Mendez\system\Common.php(1089): CodeIgniter\View\View->render('Back/editar', Array, true)
#2 C:\xampp\htdocs\Mendez\app\Controllers\Dashboard.php(111): view('Back/editar', Array)
#3 C:\xampp\htdocs\Mendez\system\CodeIgniter.php(832): App\Controllers\Dashboard->usuarios_modifica()
#4 C:\xampp\htdocs\Mendez\system\CodeIgniter.php(419): CodeIgniter\CodeIgniter->runController(Object(App\Controllers\Dashboard))
#5 C:\xampp\htdocs\Mendez\system\CodeIgniter.php(326): CodeIgniter\CodeIgniter->handleRequest(NULL, Object(Config\Cache), false)
#6 C:\xampp\htdocs\Mendez\index.php(37): CodeIgniter\CodeIgniter->run()
#7 {main}
CRITICAL - 2022-06-10 14:54:21 --> Undefined variable: id
#0 C:\xampp\htdocs\Mendez\app\Views\back\editar.php(7): CodeIgniter\Debug\Exceptions->errorHandler(8, 'Undefined varia...', 'C:\\xampp\\htdocs...', 7, Array)
#1 C:\xampp\htdocs\Mendez\system\View\View.php(210): include('C:\\xampp\\htdocs...')
#2 C:\xampp\htdocs\Mendez\system\View\View.php(213): CodeIgniter\View\View->CodeIgniter\View\{closure}()
#3 C:\xampp\htdocs\Mendez\system\Common.php(1089): CodeIgniter\View\View->render('Back/editar', Array, true)
#4 C:\xampp\htdocs\Mendez\app\Controllers\Dashboard.php(111): view('Back/editar', Array)
#5 C:\xampp\htdocs\Mendez\system\CodeIgniter.php(832): App\Controllers\Dashboard->usuarios_modifica()
#6 C:\xampp\htdocs\Mendez\system\CodeIgniter.php(419): CodeIgniter\CodeIgniter->runController(Object(App\Controllers\Dashboard))
#7 C:\xampp\htdocs\Mendez\system\CodeIgniter.php(326): CodeIgniter\CodeIgniter->handleRequest(NULL, Object(Config\Cache), false)
#8 C:\xampp\htdocs\Mendez\index.php(37): CodeIgniter\CodeIgniter->run()
#9 {main}
CRITICAL - 2022-06-10 14:54:35 --> Undefined variable: dato
#0 C:\xampp\htdocs\Mendez\app\Views\back\editar.php(7): CodeIgniter\Debug\Exceptions->errorHandler(8, 'Undefined varia...', 'C:\\xampp\\htdocs...', 7, Array)
#1 C:\xampp\htdocs\Mendez\system\View\View.php(210): include('C:\\xampp\\htdocs...')
#2 C:\xampp\htdocs\Mendez\system\View\View.php(213): CodeIgniter\View\View->CodeIgniter\View\{closure}()
#3 C:\xampp\htdocs\Mendez\system\Common.php(1089): CodeIgniter\View\View->render('Back/editar', Array, true)
#4 C:\xampp\htdocs\Mendez\app\Controllers\Dashboard.php(111): view('Back/editar', Array)
#5 C:\xampp\htdocs\Mendez\system\CodeIgniter.php(832): App\Controllers\Dashboard->usuarios_modifica()
#6 C:\xampp\htdocs\Mendez\system\CodeIgniter.php(419): CodeIgniter\CodeIgniter->runController(Object(App\Controllers\Dashboard))
#7 C:\xampp\htdocs\Mendez\system\CodeIgniter.php(326): CodeIgniter\CodeIgniter->handleRequest(NULL, Object(Config\Cache), false)
#8 C:\xampp\htdocs\Mendez\index.php(37): CodeIgniter\CodeIgniter->run()
#9 {main}
CRITICAL - 2022-06-10 15:02:06 --> Undefined variable: id
#0 C:\xampp\htdocs\Mendez\app\Controllers\Dashboard.php(135): CodeIgniter\Debug\Exceptions->errorHandler(8, 'Undefined varia...', 'C:\\xampp\\htdocs...', 135, Array)
#1 C:\xampp\htdocs\Mendez\system\CodeIgniter.php(832): App\Controllers\Dashboard->alzar_usuario('3')
#2 C:\xampp\htdocs\Mendez\system\CodeIgniter.php(419): CodeIgniter\CodeIgniter->runController(Object(App\Controllers\Dashboard))
#3 C:\xampp\htdocs\Mendez\system\CodeIgniter.php(326): CodeIgniter\CodeIgniter->handleRequest(NULL, Object(Config\Cache), false)
#4 C:\xampp\htdocs\Mendez\index.php(37): CodeIgniter\CodeIgniter->run()
#5 {main}
CRITICAL - 2022-06-10 15:06:35 -->  route cannot be found while reverse-routing.
#0 C:\xampp\htdocs\Mendez\system\HTTP\RedirectResponse.php(56): CodeIgniter\HTTP\Exceptions\HTTPException::forInvalidRedirectRoute('')
#1 C:\xampp\htdocs\Mendez\system\Common.php(832): CodeIgniter\HTTP\RedirectResponse->route(false)
#2 C:\xampp\htdocs\Mendez\app\Controllers\Dashboard.php(79): redirect('/dashboard', 'refresh')
#3 C:\xampp\htdocs\Mendez\system\CodeIgniter.php(832): App\Controllers\Dashboard->eliminar_usuario('3')
#4 C:\xampp\htdocs\Mendez\system\CodeIgniter.php(419): CodeIgniter\CodeIgniter->runController(Object(App\Controllers\Dashboard))
#5 C:\xampp\htdocs\Mendez\system\CodeIgniter.php(326): CodeIgniter\CodeIgniter->handleRequest(NULL, Object(Config\Cache), false)
#6 C:\xampp\htdocs\Mendez\index.php(37): CodeIgniter\CodeIgniter->run()
#7 {main}
CRITICAL - 2022-06-10 15:21:26 --> Undefined variable: usuario
#0 C:\xampp\htdocs\Mendez\app\Views\back\editar.php(6): CodeIgniter\Debug\Exceptions->errorHandler(8, 'Undefined varia...', 'C:\\xampp\\htdocs...', 6, Array)
#1 C:\xampp\htdocs\Mendez\system\View\View.php(210): include('C:\\xampp\\htdocs...')
#2 C:\xampp\htdocs\Mendez\system\View\View.php(213): CodeIgniter\View\View->CodeIgniter\View\{closure}()
#3 C:\xampp\htdocs\Mendez\system\Common.php(1089): CodeIgniter\View\View->render('Back/editar', Array, true)
#4 C:\xampp\htdocs\Mendez\app\Controllers\Dashboard.php(111): view('Back/editar', Array)
#5 C:\xampp\htdocs\Mendez\system\CodeIgniter.php(832): App\Controllers\Dashboard->usuarios_modifica()
#6 C:\xampp\htdocs\Mendez\system\CodeIgniter.php(419): CodeIgniter\CodeIgniter->runController(Object(App\Controllers\Dashboard))
#7 C:\xampp\htdocs\Mendez\system\CodeIgniter.php(326): CodeIgniter\CodeIgniter->handleRequest(NULL, Object(Config\Cache), false)
#8 C:\xampp\htdocs\Mendez\index.php(37): CodeIgniter\CodeIgniter->run()
#9 {main}
CRITICAL - 2022-06-10 15:22:08 --> Undefined variable: usuario
#0 C:\xampp\htdocs\Mendez\app\Views\back\editar.php(6): CodeIgniter\Debug\Exceptions->errorHandler(8, 'Undefined varia...', 'C:\\xampp\\htdocs...', 6, Array)
#1 C:\xampp\htdocs\Mendez\system\View\View.php(210): include('C:\\xampp\\htdocs...')
#2 C:\xampp\htdocs\Mendez\system\View\View.php(213): CodeIgniter\View\View->CodeIgniter\View\{closure}()
#3 C:\xampp\htdocs\Mendez\system\Common.php(1089): CodeIgniter\View\View->render('Back/editar', Array, true)
#4 C:\xampp\htdocs\Mendez\app\Controllers\Dashboard.php(111): view('Back/editar', Array)
#5 C:\xampp\htdocs\Mendez\system\CodeIgniter.php(832): App\Controllers\Dashboard->usuarios_modifica()
#6 C:\xampp\htdocs\Mendez\system\CodeIgniter.php(419): CodeIgniter\CodeIgniter->runController(Object(App\Controllers\Dashboard))
#7 C:\xampp\htdocs\Mendez\system\CodeIgniter.php(326): CodeIgniter\CodeIgniter->handleRequest(NULL, Object(Config\Cache), false)
#8 C:\xampp\htdocs\Mendez\index.php(37): CodeIgniter\CodeIgniter->run()
#9 {main}
CRITICAL - 2022-06-10 15:22:10 --> Undefined variable: usuario
#0 C:\xampp\htdocs\Mendez\app\Controllers\Dashboard.php(90): CodeIgniter\Debug\Exceptions->errorHandler(8, 'Undefined varia...', 'C:\\xampp\\htdocs...', 90, Array)
#1 C:\xampp\htdocs\Mendez\system\CodeIgniter.php(832): App\Controllers\Dashboard->muestra_usuarios_modifica('3')
#2 C:\xampp\htdocs\Mendez\system\CodeIgniter.php(419): CodeIgniter\CodeIgniter->runController(Object(App\Controllers\Dashboard))
#3 C:\xampp\htdocs\Mendez\system\CodeIgniter.php(326): CodeIgniter\CodeIgniter->handleRequest(NULL, Object(Config\Cache), false)
#4 C:\xampp\htdocs\Mendez\index.php(37): CodeIgniter\CodeIgniter->run()
#5 {main}
CRITICAL - 2022-06-10 15:22:14 --> Undefined variable: usuario
#0 C:\xampp\htdocs\Mendez\app\Controllers\Dashboard.php(90): CodeIgniter\Debug\Exceptions->errorHandler(8, 'Undefined varia...', 'C:\\xampp\\htdocs...', 90, Array)
#1 C:\xampp\htdocs\Mendez\system\CodeIgniter.php(832): App\Controllers\Dashboard->muestra_usuarios_modifica('3')
#2 C:\xampp\htdocs\Mendez\system\CodeIgniter.php(419): CodeIgniter\CodeIgniter->runController(Object(App\Controllers\Dashboard))
#3 C:\xampp\htdocs\Mendez\system\CodeIgniter.php(326): CodeIgniter\CodeIgniter->handleRequest(NULL, Object(Config\Cache), false)
#4 C:\xampp\htdocs\Mendez\index.php(37): CodeIgniter\CodeIgniter->run()
#5 {main}
CRITICAL - 2022-06-10 15:23:21 --> Undefined variable: usuario
#0 C:\xampp\htdocs\Mendez\app\Views\back\editar.php(6): CodeIgniter\Debug\Exceptions->errorHandler(8, 'Undefined varia...', 'C:\\xampp\\htdocs...', 6, Array)
#1 C:\xampp\htdocs\Mendez\system\View\View.php(210): include('C:\\xampp\\htdocs...')
#2 C:\xampp\htdocs\Mendez\system\View\View.php(213): CodeIgniter\View\View->CodeIgniter\View\{closure}()
#3 C:\xampp\htdocs\Mendez\system\Common.php(1089): CodeIgniter\View\View->render('Back/editar', Array, true)
#4 C:\xampp\htdocs\Mendez\app\Controllers\Dashboard.php(111): view('Back/editar', Array)
#5 C:\xampp\htdocs\Mendez\system\CodeIgniter.php(832): App\Controllers\Dashboard->usuarios_modifica()
#6 C:\xampp\htdocs\Mendez\system\CodeIgniter.php(419): CodeIgniter\CodeIgniter->runController(Object(App\Controllers\Dashboard))
#7 C:\xampp\htdocs\Mendez\system\CodeIgniter.php(326): CodeIgniter\CodeIgniter->handleRequest(NULL, Object(Config\Cache), false)
#8 C:\xampp\htdocs\Mendez\index.php(37): CodeIgniter\CodeIgniter->run()
#9 {main}
CRITICAL - 2022-06-10 15:24:05 --> Undefined variable: usuario
#0 C:\xampp\htdocs\Mendez\app\Views\back\editar.php(6): CodeIgniter\Debug\Exceptions->errorHandler(8, 'Undefined varia...', 'C:\\xampp\\htdocs...', 6, Array)
#1 C:\xampp\htdocs\Mendez\system\View\View.php(210): include('C:\\xampp\\htdocs...')
#2 C:\xampp\htdocs\Mendez\system\View\View.php(213): CodeIgniter\View\View->CodeIgniter\View\{closure}()
#3 C:\xampp\htdocs\Mendez\system\Common.php(1089): CodeIgniter\View\View->render('Back/editar', Array, true)
#4 C:\xampp\htdocs\Mendez\app\Controllers\Dashboard.php(111): view('Back/editar', Array)
#5 C:\xampp\htdocs\Mendez\system\CodeIgniter.php(832): App\Controllers\Dashboard->usuarios_modifica()
#6 C:\xampp\htdocs\Mendez\system\CodeIgniter.php(419): CodeIgniter\CodeIgniter->runController(Object(App\Controllers\Dashboard))
#7 C:\xampp\htdocs\Mendez\system\CodeIgniter.php(326): CodeIgniter\CodeIgniter->handleRequest(NULL, Object(Config\Cache), false)
#8 C:\xampp\htdocs\Mendez\index.php(37): CodeIgniter\CodeIgniter->run()
#9 {main}
CRITICAL - 2022-06-10 15:27:35 --> Undefined variable: usuario
#0 C:\xampp\htdocs\Mendez\app\Views\back\editar.php(6): CodeIgniter\Debug\Exceptions->errorHandler(8, 'Undefined varia...', 'C:\\xampp\\htdocs...', 6, Array)
#1 C:\xampp\htdocs\Mendez\system\View\View.php(210): include('C:\\xampp\\htdocs...')
#2 C:\xampp\htdocs\Mendez\system\View\View.php(213): CodeIgniter\View\View->CodeIgniter\View\{closure}()
#3 C:\xampp\htdocs\Mendez\system\Common.php(1089): CodeIgniter\View\View->render('Back/editar', Array, true)
#4 C:\xampp\htdocs\Mendez\app\Controllers\Dashboard.php(111): view('Back/editar', Array)
#5 C:\xampp\htdocs\Mendez\system\CodeIgniter.php(832): App\Controllers\Dashboard->usuarios_modifica()
#6 C:\xampp\htdocs\Mendez\system\CodeIgniter.php(419): CodeIgniter\CodeIgniter->runController(Object(App\Controllers\Dashboard))
#7 C:\xampp\htdocs\Mendez\system\CodeIgniter.php(326): CodeIgniter\CodeIgniter->handleRequest(NULL, Object(Config\Cache), false)
#8 C:\xampp\htdocs\Mendez\index.php(37): CodeIgniter\CodeIgniter->run()
#9 {main}
CRITICAL - 2022-06-10 15:31:28 --> syntax error, unexpected ''perfil_id'' (T_CONSTANT_ENCAPSED_STRING), expecting ']'
#0 C:\xampp\htdocs\Mendez\system\Autoloader\Autoloader.php(241): CodeIgniter\Autoloader\Autoloader->includeFile('C:\\xampp\\htdocs...')
#1 C:\xampp\htdocs\Mendez\system\Autoloader\Autoloader.php(219): CodeIgniter\Autoloader\Autoloader->loadInNamespace('App\\Controllers...')
#2 [internal function]: CodeIgniter\Autoloader\Autoloader->loadClass('App\\Controllers...')
#3 [internal function]: spl_autoload_call('App\\Controllers...')
#4 C:\xampp\htdocs\Mendez\system\CodeIgniter.php(797): class_exists('\\App\\Controller...', true)
#5 C:\xampp\htdocs\Mendez\system\CodeIgniter.php(406): CodeIgniter\CodeIgniter->startController()
#6 C:\xampp\htdocs\Mendez\system\CodeIgniter.php(326): CodeIgniter\CodeIgniter->handleRequest(NULL, Object(Config\Cache), false)
#7 C:\xampp\htdocs\Mendez\index.php(37): CodeIgniter\CodeIgniter->run()
#8 {main}
CRITICAL - 2022-06-10 15:32:51 --> syntax error, unexpected ''perfil_id'' (T_CONSTANT_ENCAPSED_STRING), expecting ']'
#0 C:\xampp\htdocs\Mendez\system\Autoloader\Autoloader.php(241): CodeIgniter\Autoloader\Autoloader->includeFile('C:\\xampp\\htdocs...')
#1 C:\xampp\htdocs\Mendez\system\Autoloader\Autoloader.php(219): CodeIgniter\Autoloader\Autoloader->loadInNamespace('App\\Controllers...')
#2 [internal function]: CodeIgniter\Autoloader\Autoloader->loadClass('App\\Controllers...')
#3 [internal function]: spl_autoload_call('App\\Controllers...')
#4 C:\xampp\htdocs\Mendez\system\CodeIgniter.php(797): class_exists('\\App\\Controller...', true)
#5 C:\xampp\htdocs\Mendez\system\CodeIgniter.php(406): CodeIgniter\CodeIgniter->startController()
#6 C:\xampp\htdocs\Mendez\system\CodeIgniter.php(326): CodeIgniter\CodeIgniter->handleRequest(NULL, Object(Config\Cache), false)
#7 C:\xampp\htdocs\Mendez\index.php(37): CodeIgniter\CodeIgniter->run()
#8 {main}
CRITICAL - 2022-06-10 15:33:30 --> NO is not a valid rule.
#0 C:\xampp\htdocs\Mendez\system\Validation\Validation.php(300): CodeIgniter\Validation\Exceptions\ValidationException::forRuleNotFound('NO')
#1 C:\xampp\htdocs\Mendez\system\Validation\Validation.php(157): CodeIgniter\Validation\Validation->processRules('baja', 'baja', NULL, Array, Array)
#2 C:\xampp\htdocs\Mendez\system\Controller.php(160): CodeIgniter\Validation\Validation->run()
#3 C:\xampp\htdocs\Mendez\app\Controllers\Dashboard.php(100): CodeIgniter\Controller->validate(Array)
#4 C:\xampp\htdocs\Mendez\system\CodeIgniter.php(832): App\Controllers\Dashboard->usuarios_modifica()
#5 C:\xampp\htdocs\Mendez\system\CodeIgniter.php(419): CodeIgniter\CodeIgniter->runController(Object(App\Controllers\Dashboard))
#6 C:\xampp\htdocs\Mendez\system\CodeIgniter.php(326): CodeIgniter\CodeIgniter->handleRequest(NULL, Object(Config\Cache), false)
#7 C:\xampp\htdocs\Mendez\index.php(37): CodeIgniter\CodeIgniter->run()
#8 {main}
CRITICAL - 2022-06-10 15:34:19 --> NO is not a valid rule.
#0 C:\xampp\htdocs\Mendez\system\Validation\Validation.php(300): CodeIgniter\Validation\Exceptions\ValidationException::forRuleNotFound('NO')
#1 C:\xampp\htdocs\Mendez\system\Validation\Validation.php(157): CodeIgniter\Validation\Validation->processRules('baja', 'baja', NULL, Array, Array)
#2 C:\xampp\htdocs\Mendez\system\Controller.php(160): CodeIgniter\Validation\Validation->run()
#3 C:\xampp\htdocs\Mendez\app\Controllers\Dashboard.php(100): CodeIgniter\Controller->validate(Array)
#4 C:\xampp\htdocs\Mendez\system\CodeIgniter.php(832): App\Controllers\Dashboard->usuarios_modifica()
#5 C:\xampp\htdocs\Mendez\system\CodeIgniter.php(419): CodeIgniter\CodeIgniter->runController(Object(App\Controllers\Dashboard))
#6 C:\xampp\htdocs\Mendez\system\CodeIgniter.php(326): CodeIgniter\CodeIgniter->handleRequest(NULL, Object(Config\Cache), false)
#7 C:\xampp\htdocs\Mendez\index.php(37): CodeIgniter\CodeIgniter->run()
#8 {main}
CRITICAL - 2022-06-10 15:34:22 --> NO is not a valid rule.
#0 C:\xampp\htdocs\Mendez\system\Validation\Validation.php(300): CodeIgniter\Validation\Exceptions\ValidationException::forRuleNotFound('NO')
#1 C:\xampp\htdocs\Mendez\system\Validation\Validation.php(157): CodeIgniter\Validation\Validation->processRules('baja', 'baja', NULL, Array, Array)
#2 C:\xampp\htdocs\Mendez\system\Controller.php(160): CodeIgniter\Validation\Validation->run()
#3 C:\xampp\htdocs\Mendez\app\Controllers\Dashboard.php(100): CodeIgniter\Controller->validate(Array)
#4 C:\xampp\htdocs\Mendez\system\CodeIgniter.php(832): App\Controllers\Dashboard->usuarios_modifica()
#5 C:\xampp\htdocs\Mendez\system\CodeIgniter.php(419): CodeIgniter\CodeIgniter->runController(Object(App\Controllers\Dashboard))
#6 C:\xampp\htdocs\Mendez\system\CodeIgniter.php(326): CodeIgniter\CodeIgniter->handleRequest(NULL, Object(Config\Cache), false)
#7 C:\xampp\htdocs\Mendez\index.php(37): CodeIgniter\CodeIgniter->run()
#8 {main}
CRITICAL - 2022-06-10 15:34:27 --> NO is not a valid rule.
#0 C:\xampp\htdocs\Mendez\system\Validation\Validation.php(300): CodeIgniter\Validation\Exceptions\ValidationException::forRuleNotFound('NO')
#1 C:\xampp\htdocs\Mendez\system\Validation\Validation.php(157): CodeIgniter\Validation\Validation->processRules('baja', 'baja', NULL, Array, Array)
#2 C:\xampp\htdocs\Mendez\system\Controller.php(160): CodeIgniter\Validation\Validation->run()
#3 C:\xampp\htdocs\Mendez\app\Controllers\Dashboard.php(100): CodeIgniter\Controller->validate(Array)
#4 C:\xampp\htdocs\Mendez\system\CodeIgniter.php(832): App\Controllers\Dashboard->usuarios_modifica()
#5 C:\xampp\htdocs\Mendez\system\CodeIgniter.php(419): CodeIgniter\CodeIgniter->runController(Object(App\Controllers\Dashboard))
#6 C:\xampp\htdocs\Mendez\system\CodeIgniter.php(326): CodeIgniter\CodeIgniter->handleRequest(NULL, Object(Config\Cache), false)
#7 C:\xampp\htdocs\Mendez\index.php(37): CodeIgniter\CodeIgniter->run()
#8 {main}
CRITICAL - 2022-06-10 15:35:54 --> syntax error, unexpected ''baja'' (T_CONSTANT_ENCAPSED_STRING), expecting ']'
#0 C:\xampp\htdocs\Mendez\system\Autoloader\Autoloader.php(241): CodeIgniter\Autoloader\Autoloader->includeFile('C:\\xampp\\htdocs...')
#1 C:\xampp\htdocs\Mendez\system\Autoloader\Autoloader.php(219): CodeIgniter\Autoloader\Autoloader->loadInNamespace('App\\Controllers...')
#2 [internal function]: CodeIgniter\Autoloader\Autoloader->loadClass('App\\Controllers...')
#3 [internal function]: spl_autoload_call('App\\Controllers...')
#4 C:\xampp\htdocs\Mendez\system\CodeIgniter.php(797): class_exists('\\App\\Controller...', true)
#5 C:\xampp\htdocs\Mendez\system\CodeIgniter.php(406): CodeIgniter\CodeIgniter->startController()
#6 C:\xampp\htdocs\Mendez\system\CodeIgniter.php(326): CodeIgniter\CodeIgniter->handleRequest(NULL, Object(Config\Cache), false)
#7 C:\xampp\htdocs\Mendez\index.php(37): CodeIgniter\CodeIgniter->run()
#8 {main}
CRITICAL - 2022-06-10 15:36:07 --> 2 is not a valid rule.
#0 C:\xampp\htdocs\Mendez\system\Validation\Validation.php(300): CodeIgniter\Validation\Exceptions\ValidationException::forRuleNotFound('2')
#1 C:\xampp\htdocs\Mendez\system\Validation\Validation.php(157): CodeIgniter\Validation\Validation->processRules('perfil_id', 'perfil_id', '2', Array, Array)
#2 C:\xampp\htdocs\Mendez\system\Controller.php(160): CodeIgniter\Validation\Validation->run()
#3 C:\xampp\htdocs\Mendez\app\Controllers\Dashboard.php(100): CodeIgniter\Controller->validate(Array)
#4 C:\xampp\htdocs\Mendez\system\CodeIgniter.php(832): App\Controllers\Dashboard->usuarios_modifica()
#5 C:\xampp\htdocs\Mendez\system\CodeIgniter.php(419): CodeIgniter\CodeIgniter->runController(Object(App\Controllers\Dashboard))
#6 C:\xampp\htdocs\Mendez\system\CodeIgniter.php(326): CodeIgniter\CodeIgniter->handleRequest(NULL, Object(Config\Cache), false)
#7 C:\xampp\htdocs\Mendez\index.php(37): CodeIgniter\CodeIgniter->run()
#8 {main}
CRITICAL - 2022-06-10 15:36:29 --> 2 is not a valid rule.
#0 C:\xampp\htdocs\Mendez\system\Validation\Validation.php(300): CodeIgniter\Validation\Exceptions\ValidationException::forRuleNotFound('2')
#1 C:\xampp\htdocs\Mendez\system\Validation\Validation.php(157): CodeIgniter\Validation\Validation->processRules('perfil_id', 'perfil_id', '2', Array, Array)
#2 C:\xampp\htdocs\Mendez\system\Controller.php(160): CodeIgniter\Validation\Validation->run()
#3 C:\xampp\htdocs\Mendez\app\Controllers\Dashboard.php(100): CodeIgniter\Controller->validate(Array)
#4 C:\xampp\htdocs\Mendez\system\CodeIgniter.php(832): App\Controllers\Dashboard->usuarios_modifica()
#5 C:\xampp\htdocs\Mendez\system\CodeIgniter.php(419): CodeIgniter\CodeIgniter->runController(Object(App\Controllers\Dashboard))
#6 C:\xampp\htdocs\Mendez\system\CodeIgniter.php(326): CodeIgniter\CodeIgniter->handleRequest(NULL, Object(Config\Cache), false)
#7 C:\xampp\htdocs\Mendez\index.php(37): CodeIgniter\CodeIgniter->run()
#8 {main}
CRITICAL - 2022-06-10 15:36:33 --> 2 is not a valid rule.
#0 C:\xampp\htdocs\Mendez\system\Validation\Validation.php(300): CodeIgniter\Validation\Exceptions\ValidationException::forRuleNotFound('2')
#1 C:\xampp\htdocs\Mendez\system\Validation\Validation.php(157): CodeIgniter\Validation\Validation->processRules('perfil_id', 'perfil_id', '2', Array, Array)
#2 C:\xampp\htdocs\Mendez\system\Controller.php(160): CodeIgniter\Validation\Validation->run()
#3 C:\xampp\htdocs\Mendez\app\Controllers\Dashboard.php(100): CodeIgniter\Controller->validate(Array)
#4 C:\xampp\htdocs\Mendez\system\CodeIgniter.php(832): App\Controllers\Dashboard->usuarios_modifica()
#5 C:\xampp\htdocs\Mendez\system\CodeIgniter.php(419): CodeIgniter\CodeIgniter->runController(Object(App\Controllers\Dashboard))
#6 C:\xampp\htdocs\Mendez\system\CodeIgniter.php(326): CodeIgniter\CodeIgniter->handleRequest(NULL, Object(Config\Cache), false)
#7 C:\xampp\htdocs\Mendez\index.php(37): CodeIgniter\CodeIgniter->run()
#8 {main}
CRITICAL - 2022-06-10 15:36:50 --> NO is not a valid rule.
#0 C:\xampp\htdocs\Mendez\system\Validation\Validation.php(300): CodeIgniter\Validation\Exceptions\ValidationException::forRuleNotFound('NO')
#1 C:\xampp\htdocs\Mendez\system\Validation\Validation.php(157): CodeIgniter\Validation\Validation->processRules('baja', 'baja', NULL, Array, Array)
#2 C:\xampp\htdocs\Mendez\system\Controller.php(160): CodeIgniter\Validation\Validation->run()
#3 C:\xampp\htdocs\Mendez\app\Controllers\Dashboard.php(100): CodeIgniter\Controller->validate(Array)
#4 C:\xampp\htdocs\Mendez\system\CodeIgniter.php(832): App\Controllers\Dashboard->usuarios_modifica()
#5 C:\xampp\htdocs\Mendez\system\CodeIgniter.php(419): CodeIgniter\CodeIgniter->runController(Object(App\Controllers\Dashboard))
#6 C:\xampp\htdocs\Mendez\system\CodeIgniter.php(326): CodeIgniter\CodeIgniter->handleRequest(NULL, Object(Config\Cache), false)
#7 C:\xampp\htdocs\Mendez\index.php(37): CodeIgniter\CodeIgniter->run()
#8 {main}
CRITICAL - 2022-06-10 15:38:15 --> Undefined variable: usuario
#0 C:\xampp\htdocs\Mendez\app\Views\back\editar.php(6): CodeIgniter\Debug\Exceptions->errorHandler(8, 'Undefined varia...', 'C:\\xampp\\htdocs...', 6, Array)
#1 C:\xampp\htdocs\Mendez\system\View\View.php(210): include('C:\\xampp\\htdocs...')
#2 C:\xampp\htdocs\Mendez\system\View\View.php(213): CodeIgniter\View\View->CodeIgniter\View\{closure}()
#3 C:\xampp\htdocs\Mendez\system\Common.php(1089): CodeIgniter\View\View->render('Back/editar', Array, true)
#4 C:\xampp\htdocs\Mendez\app\Controllers\Dashboard.php(113): view('Back/editar', Array)
#5 C:\xampp\htdocs\Mendez\system\CodeIgniter.php(832): App\Controllers\Dashboard->usuarios_modifica()
#6 C:\xampp\htdocs\Mendez\system\CodeIgniter.php(419): CodeIgniter\CodeIgniter->runController(Object(App\Controllers\Dashboard))
#7 C:\xampp\htdocs\Mendez\system\CodeIgniter.php(326): CodeIgniter\CodeIgniter->handleRequest(NULL, Object(Config\Cache), false)
#8 C:\xampp\htdocs\Mendez\index.php(37): CodeIgniter\CodeIgniter->run()
#9 {main}
CRITICAL - 2022-06-10 15:40:11 --> Undefined variable: usuario
#0 C:\xampp\htdocs\Mendez\app\Views\back\editar.php(6): CodeIgniter\Debug\Exceptions->errorHandler(8, 'Undefined varia...', 'C:\\xampp\\htdocs...', 6, Array)
#1 C:\xampp\htdocs\Mendez\system\View\View.php(210): include('C:\\xampp\\htdocs...')
#2 C:\xampp\htdocs\Mendez\system\View\View.php(213): CodeIgniter\View\View->CodeIgniter\View\{closure}()
#3 C:\xampp\htdocs\Mendez\system\Common.php(1089): CodeIgniter\View\View->render('Back/editar', Array, true)
#4 C:\xampp\htdocs\Mendez\app\Controllers\Dashboard.php(113): view('Back/editar', Array)
#5 C:\xampp\htdocs\Mendez\system\CodeIgniter.php(832): App\Controllers\Dashboard->usuarios_modifica()
#6 C:\xampp\htdocs\Mendez\system\CodeIgniter.php(419): CodeIgniter\CodeIgniter->runController(Object(App\Controllers\Dashboard))
#7 C:\xampp\htdocs\Mendez\system\CodeIgniter.php(326): CodeIgniter\CodeIgniter->handleRequest(NULL, Object(Config\Cache), false)
#8 C:\xampp\htdocs\Mendez\index.php(37): CodeIgniter\CodeIgniter->run()
#9 {main}
CRITICAL - 2022-06-10 15:41:00 --> Undefined variable: usuario
#0 C:\xampp\htdocs\Mendez\app\Views\back\editar.php(6): CodeIgniter\Debug\Exceptions->errorHandler(8, 'Undefined varia...', 'C:\\xampp\\htdocs...', 6, Array)
#1 C:\xampp\htdocs\Mendez\system\View\View.php(210): include('C:\\xampp\\htdocs...')
#2 C:\xampp\htdocs\Mendez\system\View\View.php(213): CodeIgniter\View\View->CodeIgniter\View\{closure}()
#3 C:\xampp\htdocs\Mendez\system\Common.php(1089): CodeIgniter\View\View->render('Back/editar', Array, true)
#4 C:\xampp\htdocs\Mendez\app\Controllers\Dashboard.php(113): view('Back/editar', Array)
#5 C:\xampp\htdocs\Mendez\system\CodeIgniter.php(832): App\Controllers\Dashboard->usuarios_modifica()
#6 C:\xampp\htdocs\Mendez\system\CodeIgniter.php(419): CodeIgniter\CodeIgniter->runController(Object(App\Controllers\Dashboard))
#7 C:\xampp\htdocs\Mendez\system\CodeIgniter.php(326): CodeIgniter\CodeIgniter->handleRequest(NULL, Object(Config\Cache), false)
#8 C:\xampp\htdocs\Mendez\index.php(37): CodeIgniter\CodeIgniter->run()
#9 {main}
CRITICAL - 2022-06-10 15:41:27 --> Undefined variable: usuario
#0 C:\xampp\htdocs\Mendez\app\Views\back\editar.php(6): CodeIgniter\Debug\Exceptions->errorHandler(8, 'Undefined varia...', 'C:\\xampp\\htdocs...', 6, Array)
#1 C:\xampp\htdocs\Mendez\system\View\View.php(210): include('C:\\xampp\\htdocs...')
#2 C:\xampp\htdocs\Mendez\system\View\View.php(213): CodeIgniter\View\View->CodeIgniter\View\{closure}()
#3 C:\xampp\htdocs\Mendez\system\Common.php(1089): CodeIgniter\View\View->render('Back/editar', Array, true)
#4 C:\xampp\htdocs\Mendez\app\Controllers\Dashboard.php(113): view('Back/editar', Array)
#5 C:\xampp\htdocs\Mendez\system\CodeIgniter.php(832): App\Controllers\Dashboard->usuarios_modifica()
#6 C:\xampp\htdocs\Mendez\system\CodeIgniter.php(419): CodeIgniter\CodeIgniter->runController(Object(App\Controllers\Dashboard))
#7 C:\xampp\htdocs\Mendez\system\CodeIgniter.php(326): CodeIgniter\CodeIgniter->handleRequest(NULL, Object(Config\Cache), false)
#8 C:\xampp\htdocs\Mendez\index.php(37): CodeIgniter\CodeIgniter->run()
#9 {main}
CRITICAL - 2022-06-10 15:41:31 --> Undefined variable: usuario
#0 C:\xampp\htdocs\Mendez\app\Views\back\editar.php(6): CodeIgniter\Debug\Exceptions->errorHandler(8, 'Undefined varia...', 'C:\\xampp\\htdocs...', 6, Array)
#1 C:\xampp\htdocs\Mendez\system\View\View.php(210): include('C:\\xampp\\htdocs...')
#2 C:\xampp\htdocs\Mendez\system\View\View.php(213): CodeIgniter\View\View->CodeIgniter\View\{closure}()
#3 C:\xampp\htdocs\Mendez\system\Common.php(1089): CodeIgniter\View\View->render('Back/editar', Array, true)
#4 C:\xampp\htdocs\Mendez\app\Controllers\Dashboard.php(113): view('Back/editar', Array)
#5 C:\xampp\htdocs\Mendez\system\CodeIgniter.php(832): App\Controllers\Dashboard->usuarios_modifica()
#6 C:\xampp\htdocs\Mendez\system\CodeIgniter.php(419): CodeIgniter\CodeIgniter->runController(Object(App\Controllers\Dashboard))
#7 C:\xampp\htdocs\Mendez\system\CodeIgniter.php(326): CodeIgniter\CodeIgniter->handleRequest(NULL, Object(Config\Cache), false)
#8 C:\xampp\htdocs\Mendez\index.php(37): CodeIgniter\CodeIgniter->run()
#9 {main}
CRITICAL - 2022-06-10 15:42:40 --> Undefined variable: usuario
#0 C:\xampp\htdocs\Mendez\app\Views\back\editar.php(6): CodeIgniter\Debug\Exceptions->errorHandler(8, 'Undefined varia...', 'C:\\xampp\\htdocs...', 6, Array)
#1 C:\xampp\htdocs\Mendez\system\View\View.php(210): include('C:\\xampp\\htdocs...')
#2 C:\xampp\htdocs\Mendez\system\View\View.php(213): CodeIgniter\View\View->CodeIgniter\View\{closure}()
#3 C:\xampp\htdocs\Mendez\system\Common.php(1089): CodeIgniter\View\View->render('Back/editar', Array, true)
#4 C:\xampp\htdocs\Mendez\app\Controllers\Dashboard.php(113): view('Back/editar', Array)
#5 C:\xampp\htdocs\Mendez\system\CodeIgniter.php(832): App\Controllers\Dashboard->usuarios_modifica()
#6 C:\xampp\htdocs\Mendez\system\CodeIgniter.php(419): CodeIgniter\CodeIgniter->runController(Object(App\Controllers\Dashboard))
#7 C:\xampp\htdocs\Mendez\system\CodeIgniter.php(326): CodeIgniter\CodeIgniter->handleRequest(NULL, Object(Config\Cache), false)
#8 C:\xampp\htdocs\Mendez\index.php(37): CodeIgniter\CodeIgniter->run()
#9 {main}
CRITICAL - 2022-06-10 15:44:12 --> syntax error, unexpected '}', expecting ']'
#0 C:\xampp\htdocs\Mendez\system\Autoloader\Autoloader.php(241): CodeIgniter\Autoloader\Autoloader->includeFile('C:\\xampp\\htdocs...')
#1 C:\xampp\htdocs\Mendez\system\Autoloader\Autoloader.php(219): CodeIgniter\Autoloader\Autoloader->loadInNamespace('App\\Controllers...')
#2 [internal function]: CodeIgniter\Autoloader\Autoloader->loadClass('App\\Controllers...')
#3 [internal function]: spl_autoload_call('App\\Controllers...')
#4 C:\xampp\htdocs\Mendez\system\CodeIgniter.php(797): class_exists('\\App\\Controller...', true)
#5 C:\xampp\htdocs\Mendez\system\CodeIgniter.php(406): CodeIgniter\CodeIgniter->startController()
#6 C:\xampp\htdocs\Mendez\system\CodeIgniter.php(326): CodeIgniter\CodeIgniter->handleRequest(NULL, Object(Config\Cache), false)
#7 C:\xampp\htdocs\Mendez\index.php(37): CodeIgniter\CodeIgniter->run()
#8 {main}
CRITICAL - 2022-06-10 15:44:32 --> syntax error, unexpected ';', expecting ']'
#0 C:\xampp\htdocs\Mendez\system\Autoloader\Autoloader.php(241): CodeIgniter\Autoloader\Autoloader->includeFile('C:\\xampp\\htdocs...')
#1 C:\xampp\htdocs\Mendez\system\Autoloader\Autoloader.php(219): CodeIgniter\Autoloader\Autoloader->loadInNamespace('App\\Controllers...')
#2 [internal function]: CodeIgniter\Autoloader\Autoloader->loadClass('App\\Controllers...')
#3 [internal function]: spl_autoload_call('App\\Controllers...')
#4 C:\xampp\htdocs\Mendez\system\CodeIgniter.php(797): class_exists('\\App\\Controller...', true)
#5 C:\xampp\htdocs\Mendez\system\CodeIgniter.php(406): CodeIgniter\CodeIgniter->startController()
#6 C:\xampp\htdocs\Mendez\system\CodeIgniter.php(326): CodeIgniter\CodeIgniter->handleRequest(NULL, Object(Config\Cache), false)
#7 C:\xampp\htdocs\Mendez\index.php(37): CodeIgniter\CodeIgniter->run()
#8 {main}
