CRITICAL - 2022-05-06 15:11:30 --> Invalid file: front/head_view.php
#0 C:\xampp\htdocs\Mendez\system\View\View.php(198): CodeIgniter\Exceptions\FrameworkException::forInvalidFile('front/head_view...')
#1 C:\xampp\htdocs\Mendez\system\Common.php(1089): CodeIgniter\View\View->render('front/head_view', Array, true)
#2 C:\xampp\htdocs\Mendez\app\Controllers\Usuario_controller.php(15): view('front/head_view', Array)
#3 C:\xampp\htdocs\Mendez\system\CodeIgniter.php(832): App\Controllers\Usuario_controller->create()
#4 C:\xampp\htdocs\Mendez\system\CodeIgniter.php(419): CodeIgniter\CodeIgniter->runController(Object(App\Controllers\Usuario_controller))
#5 C:\xampp\htdocs\Mendez\system\CodeIgniter.php(326): CodeIgniter\CodeIgniter->handleRequest(NULL, Object(Config\Cache), false)
#6 C:\xampp\htdocs\Mendez\index.php(37): CodeIgniter\CodeIgniter->run()
#7 {main}
CRITICAL - 2022-05-06 15:15:30 --> Invalid file: front/head_view.php
#0 C:\xampp\htdocs\Mendez\system\View\View.php(198): CodeIgniter\Exceptions\FrameworkException::forInvalidFile('front/head_view...')
#1 C:\xampp\htdocs\Mendez\system\Common.php(1089): CodeIgniter\View\View->render('front/head_view', Array, true)
#2 C:\xampp\htdocs\Mendez\app\Controllers\Usuario_controller.php(15): view('front/head_view', Array)
#3 C:\xampp\htdocs\Mendez\system\CodeIgniter.php(832): App\Controllers\Usuario_controller->create()
#4 C:\xampp\htdocs\Mendez\system\CodeIgniter.php(419): CodeIgniter\CodeIgniter->runController(Object(App\Controllers\Usuario_controller))
#5 C:\xampp\htdocs\Mendez\system\CodeIgniter.php(326): CodeIgniter\CodeIgniter->handleRequest(NULL, Object(Config\Cache), false)
#6 C:\xampp\htdocs\Mendez\index.php(37): CodeIgniter\CodeIgniter->run()
#7 {main}
CRITICAL - 2022-05-06 15:15:32 --> Invalid file: front/head_view.php
#0 C:\xampp\htdocs\Mendez\system\View\View.php(198): CodeIgniter\Exceptions\FrameworkException::forInvalidFile('front/head_view...')
#1 C:\xampp\htdocs\Mendez\system\Common.php(1089): CodeIgniter\View\View->render('front/head_view', Array, true)
#2 C:\xampp\htdocs\Mendez\app\Controllers\Usuario_controller.php(15): view('front/head_view', Array)
#3 C:\xampp\htdocs\Mendez\system\CodeIgniter.php(832): App\Controllers\Usuario_controller->create()
#4 C:\xampp\htdocs\Mendez\system\CodeIgniter.php(419): CodeIgniter\CodeIgniter->runController(Object(App\Controllers\Usuario_controller))
#5 C:\xampp\htdocs\Mendez\system\CodeIgniter.php(326): CodeIgniter\CodeIgniter->handleRequest(NULL, Object(Config\Cache), false)
#6 C:\xampp\htdocs\Mendez\index.php(37): CodeIgniter\CodeIgniter->run()
#7 {main}
CRITICAL - 2022-05-06 15:16:24 --> Invalid file: front/head_view.php
#0 C:\xampp\htdocs\Mendez\system\View\View.php(198): CodeIgniter\Exceptions\FrameworkException::forInvalidFile('front/head_view...')
#1 C:\xampp\htdocs\Mendez\system\Common.php(1089): CodeIgniter\View\View->render('front/head_view', Array, true)
#2 C:\xampp\htdocs\Mendez\app\Controllers\Usuario_controller.php(15): view('front/head_view', Array)
#3 C:\xampp\htdocs\Mendez\system\CodeIgniter.php(832): App\Controllers\Usuario_controller->create()
#4 C:\xampp\htdocs\Mendez\system\CodeIgniter.php(419): CodeIgniter\CodeIgniter->runController(Object(App\Controllers\Usuario_controller))
#5 C:\xampp\htdocs\Mendez\system\CodeIgniter.php(326): CodeIgniter\CodeIgniter->handleRequest(NULL, Object(Config\Cache), false)
#6 C:\xampp\htdocs\Mendez\index.php(37): CodeIgniter\CodeIgniter->run()
#7 {main}
CRITICAL - 2022-05-06 15:16:24 --> Invalid file: front/head_view.php
#0 C:\xampp\htdocs\Mendez\system\View\View.php(198): CodeIgniter\Exceptions\FrameworkException::forInvalidFile('front/head_view...')
#1 C:\xampp\htdocs\Mendez\system\Common.php(1089): CodeIgniter\View\View->render('front/head_view', Array, true)
#2 C:\xampp\htdocs\Mendez\app\Controllers\Usuario_controller.php(15): view('front/head_view', Array)
#3 C:\xampp\htdocs\Mendez\system\CodeIgniter.php(832): App\Controllers\Usuario_controller->create()
#4 C:\xampp\htdocs\Mendez\system\CodeIgniter.php(419): CodeIgniter\CodeIgniter->runController(Object(App\Controllers\Usuario_controller))
#5 C:\xampp\htdocs\Mendez\system\CodeIgniter.php(326): CodeIgniter\CodeIgniter->handleRequest(NULL, Object(Config\Cache), false)
#6 C:\xampp\htdocs\Mendez\index.php(37): CodeIgniter\CodeIgniter->run()
#7 {main}
CRITICAL - 2022-05-06 15:16:25 --> Invalid file: front/head_view.php
#0 C:\xampp\htdocs\Mendez\system\View\View.php(198): CodeIgniter\Exceptions\FrameworkException::forInvalidFile('front/head_view...')
#1 C:\xampp\htdocs\Mendez\system\Common.php(1089): CodeIgniter\View\View->render('front/head_view', Array, true)
#2 C:\xampp\htdocs\Mendez\app\Controllers\Usuario_controller.php(15): view('front/head_view', Array)
#3 C:\xampp\htdocs\Mendez\system\CodeIgniter.php(832): App\Controllers\Usuario_controller->create()
#4 C:\xampp\htdocs\Mendez\system\CodeIgniter.php(419): CodeIgniter\CodeIgniter->runController(Object(App\Controllers\Usuario_controller))
#5 C:\xampp\htdocs\Mendez\system\CodeIgniter.php(326): CodeIgniter\CodeIgniter->handleRequest(NULL, Object(Config\Cache), false)
#6 C:\xampp\htdocs\Mendez\index.php(37): CodeIgniter\CodeIgniter->run()
#7 {main}
CRITICAL - 2022-05-06 15:16:26 --> Invalid file: front/head_view.php
#0 C:\xampp\htdocs\Mendez\system\View\View.php(198): CodeIgniter\Exceptions\FrameworkException::forInvalidFile('front/head_view...')
#1 C:\xampp\htdocs\Mendez\system\Common.php(1089): CodeIgniter\View\View->render('front/head_view', Array, true)
#2 C:\xampp\htdocs\Mendez\app\Controllers\Usuario_controller.php(15): view('front/head_view', Array)
#3 C:\xampp\htdocs\Mendez\system\CodeIgniter.php(832): App\Controllers\Usuario_controller->create()
#4 C:\xampp\htdocs\Mendez\system\CodeIgniter.php(419): CodeIgniter\CodeIgniter->runController(Object(App\Controllers\Usuario_controller))
#5 C:\xampp\htdocs\Mendez\system\CodeIgniter.php(326): CodeIgniter\CodeIgniter->handleRequest(NULL, Object(Config\Cache), false)
#6 C:\xampp\htdocs\Mendez\index.php(37): CodeIgniter\CodeIgniter->run()
#7 {main}
CRITICAL - 2022-05-06 15:18:29 --> Invalid file: front/head_view.php
#0 C:\xampp\htdocs\Mendez\system\View\View.php(198): CodeIgniter\Exceptions\FrameworkException::forInvalidFile('front/head_view...')
#1 C:\xampp\htdocs\Mendez\system\Common.php(1089): CodeIgniter\View\View->render('front/head_view', Array, true)
#2 C:\xampp\htdocs\Mendez\app\Controllers\Usuario_controller.php(15): view('front/head_view', Array)
#3 C:\xampp\htdocs\Mendez\system\CodeIgniter.php(832): App\Controllers\Usuario_controller->create()
#4 C:\xampp\htdocs\Mendez\system\CodeIgniter.php(419): CodeIgniter\CodeIgniter->runController(Object(App\Controllers\Usuario_controller))
#5 C:\xampp\htdocs\Mendez\system\CodeIgniter.php(326): CodeIgniter\CodeIgniter->handleRequest(NULL, Object(Config\Cache), false)
#6 C:\xampp\htdocs\Mendez\index.php(37): CodeIgniter\CodeIgniter->run()
#7 {main}
ERROR - 2022-05-06 15:20:39 --> Table 'santiago.users' doesn't exist
CRITICAL - 2022-05-06 15:20:39 --> Table 'santiago.users' doesn't exist
#0 C:\xampp\htdocs\Mendez\system\Database\MySQLi\Connection.php(292): mysqli->query('SELECT 1\nFROM `...', 0)
#1 C:\xampp\htdocs\Mendez\system\Database\BaseConnection.php(670): CodeIgniter\Database\MySQLi\Connection->execute('SELECT 1\nFROM `...')
#2 C:\xampp\htdocs\Mendez\system\Database\BaseConnection.php(598): CodeIgniter\Database\BaseConnection->simpleQuery('SELECT 1\nFROM `...')
#3 C:\xampp\htdocs\Mendez\system\Database\BaseBuilder.php(1455): CodeIgniter\Database\BaseConnection->query('SELECT 1\nFROM `...', Array, false)
#4 C:\xampp\htdocs\Mendez\system\Validation\Rules.php(142): CodeIgniter\Database\BaseBuilder->get()
#5 C:\xampp\htdocs\Mendez\system\Validation\Validation.php(292): CodeIgniter\Validation\Rules->is_unique('juanchi@gmail.c...', 'email', Array, NULL)
#6 C:\xampp\htdocs\Mendez\system\Validation\Validation.php(157): CodeIgniter\Validation\Validation->processRules('email', 'email', 'juanchi@gmail.c...', Array, Array)
#7 C:\xampp\htdocs\Mendez\system\Controller.php(160): CodeIgniter\Validation\Validation->run()
#8 C:\xampp\htdocs\Mendez\app\Controllers\Usuario_controller.php(26): CodeIgniter\Controller->validate(Array)
#9 C:\xampp\htdocs\Mendez\system\CodeIgniter.php(832): App\Controllers\Usuario_controller->formValidation()
#10 C:\xampp\htdocs\Mendez\system\CodeIgniter.php(419): CodeIgniter\CodeIgniter->runController(Object(App\Controllers\Usuario_controller))
#11 C:\xampp\htdocs\Mendez\system\CodeIgniter.php(326): CodeIgniter\CodeIgniter->handleRequest(NULL, Object(Config\Cache), false)
#12 C:\xampp\htdocs\Mendez\index.php(37): CodeIgniter\CodeIgniter->run()
#13 {main}
ERROR - 2022-05-06 15:21:24 --> Table 'santiago.users' doesn't exist
CRITICAL - 2022-05-06 15:21:24 --> Table 'santiago.users' doesn't exist
#0 C:\xampp\htdocs\Mendez\system\Database\MySQLi\Connection.php(292): mysqli->query('SELECT 1\nFROM `...', 0)
#1 C:\xampp\htdocs\Mendez\system\Database\BaseConnection.php(670): CodeIgniter\Database\MySQLi\Connection->execute('SELECT 1\nFROM `...')
#2 C:\xampp\htdocs\Mendez\system\Database\BaseConnection.php(598): CodeIgniter\Database\BaseConnection->simpleQuery('SELECT 1\nFROM `...')
#3 C:\xampp\htdocs\Mendez\system\Database\BaseBuilder.php(1455): CodeIgniter\Database\BaseConnection->query('SELECT 1\nFROM `...', Array, false)
#4 C:\xampp\htdocs\Mendez\system\Validation\Rules.php(142): CodeIgniter\Database\BaseBuilder->get()
#5 C:\xampp\htdocs\Mendez\system\Validation\Validation.php(292): CodeIgniter\Validation\Rules->is_unique('juanchi@gmail.c...', 'email', Array, NULL)
#6 C:\xampp\htdocs\Mendez\system\Validation\Validation.php(157): CodeIgniter\Validation\Validation->processRules('email', 'email', 'juanchi@gmail.c...', Array, Array)
#7 C:\xampp\htdocs\Mendez\system\Controller.php(160): CodeIgniter\Validation\Validation->run()
#8 C:\xampp\htdocs\Mendez\app\Controllers\Usuario_controller.php(26): CodeIgniter\Controller->validate(Array)
#9 C:\xampp\htdocs\Mendez\system\CodeIgniter.php(832): App\Controllers\Usuario_controller->formValidation()
#10 C:\xampp\htdocs\Mendez\system\CodeIgniter.php(419): CodeIgniter\CodeIgniter->runController(Object(App\Controllers\Usuario_controller))
#11 C:\xampp\htdocs\Mendez\system\CodeIgniter.php(326): CodeIgniter\CodeIgniter->handleRequest(NULL, Object(Config\Cache), false)
#12 C:\xampp\htdocs\Mendez\index.php(37): CodeIgniter\CodeIgniter->run()
#13 {main}
ERROR - 2022-05-06 15:21:33 --> Table 'santiago.users' doesn't exist
CRITICAL - 2022-05-06 15:21:33 --> Table 'santiago.users' doesn't exist
#0 C:\xampp\htdocs\Mendez\system\Database\MySQLi\Connection.php(292): mysqli->query('SELECT 1\nFROM `...', 0)
#1 C:\xampp\htdocs\Mendez\system\Database\BaseConnection.php(670): CodeIgniter\Database\MySQLi\Connection->execute('SELECT 1\nFROM `...')
#2 C:\xampp\htdocs\Mendez\system\Database\BaseConnection.php(598): CodeIgniter\Database\BaseConnection->simpleQuery('SELECT 1\nFROM `...')
#3 C:\xampp\htdocs\Mendez\system\Database\BaseBuilder.php(1455): CodeIgniter\Database\BaseConnection->query('SELECT 1\nFROM `...', Array, false)
#4 C:\xampp\htdocs\Mendez\system\Validation\Rules.php(142): CodeIgniter\Database\BaseBuilder->get()
#5 C:\xampp\htdocs\Mendez\system\Validation\Validation.php(292): CodeIgniter\Validation\Rules->is_unique('juanchi@gmail.c...', 'email', Array, NULL)
#6 C:\xampp\htdocs\Mendez\system\Validation\Validation.php(157): CodeIgniter\Validation\Validation->processRules('email', 'email', 'juanchi@gmail.c...', Array, Array)
#7 C:\xampp\htdocs\Mendez\system\Controller.php(160): CodeIgniter\Validation\Validation->run()
#8 C:\xampp\htdocs\Mendez\app\Controllers\Usuario_controller.php(26): CodeIgniter\Controller->validate(Array)
#9 C:\xampp\htdocs\Mendez\system\CodeIgniter.php(832): App\Controllers\Usuario_controller->formValidation()
#10 C:\xampp\htdocs\Mendez\system\CodeIgniter.php(419): CodeIgniter\CodeIgniter->runController(Object(App\Controllers\Usuario_controller))
#11 C:\xampp\htdocs\Mendez\system\CodeIgniter.php(326): CodeIgniter\CodeIgniter->handleRequest(NULL, Object(Config\Cache), false)
#12 C:\xampp\htdocs\Mendez\index.php(37): CodeIgniter\CodeIgniter->run()
#13 {main}
CRITICAL - 2022-05-06 15:23:42 --> Invalid file: front/head_view.php
#0 C:\xampp\htdocs\Mendez\system\View\View.php(198): CodeIgniter\Exceptions\FrameworkException::forInvalidFile('front/head_view...')
#1 C:\xampp\htdocs\Mendez\system\Common.php(1089): CodeIgniter\View\View->render('front/head_view', Array, true)
#2 C:\xampp\htdocs\Mendez\app\Controllers\Usuario_controller.php(36): view('front/head_view', Array)
#3 C:\xampp\htdocs\Mendez\system\CodeIgniter.php(832): App\Controllers\Usuario_controller->formValidation()
#4 C:\xampp\htdocs\Mendez\system\CodeIgniter.php(419): CodeIgniter\CodeIgniter->runController(Object(App\Controllers\Usuario_controller))
#5 C:\xampp\htdocs\Mendez\system\CodeIgniter.php(326): CodeIgniter\CodeIgniter->handleRequest(NULL, Object(Config\Cache), false)
#6 C:\xampp\htdocs\Mendez\index.php(37): CodeIgniter\CodeIgniter->run()
#7 {main}
CRITICAL - 2022-05-06 15:31:17 --> Invalid file: registrarse.php
#0 C:\xampp\htdocs\Mendez\system\View\View.php(198): CodeIgniter\Exceptions\FrameworkException::forInvalidFile('registrarse.php')
#1 C:\xampp\htdocs\Mendez\system\Common.php(1089): CodeIgniter\View\View->render('registrarse', Array, true)
#2 C:\xampp\htdocs\Mendez\app\Controllers\Usuario_controller.php(17): view('registrarse')
#3 C:\xampp\htdocs\Mendez\system\CodeIgniter.php(832): App\Controllers\Usuario_controller->create()
#4 C:\xampp\htdocs\Mendez\system\CodeIgniter.php(419): CodeIgniter\CodeIgniter->runController(Object(App\Controllers\Usuario_controller))
#5 C:\xampp\htdocs\Mendez\system\CodeIgniter.php(326): CodeIgniter\CodeIgniter->handleRequest(NULL, Object(Config\Cache), false)
#6 C:\xampp\htdocs\Mendez\index.php(37): CodeIgniter\CodeIgniter->run()
#7 {main}
CRITICAL - 2022-05-06 15:31:25 --> Invalid file: registrarse.php
#0 C:\xampp\htdocs\Mendez\system\View\View.php(198): CodeIgniter\Exceptions\FrameworkException::forInvalidFile('registrarse.php')
#1 C:\xampp\htdocs\Mendez\system\Common.php(1089): CodeIgniter\View\View->render('registrarse', Array, true)
#2 C:\xampp\htdocs\Mendez\app\Controllers\Usuario_controller.php(17): view('registrarse')
#3 C:\xampp\htdocs\Mendez\system\CodeIgniter.php(832): App\Controllers\Usuario_controller->create()
#4 C:\xampp\htdocs\Mendez\system\CodeIgniter.php(419): CodeIgniter\CodeIgniter->runController(Object(App\Controllers\Usuario_controller))
#5 C:\xampp\htdocs\Mendez\system\CodeIgniter.php(326): CodeIgniter\CodeIgniter->handleRequest(NULL, Object(Config\Cache), false)
#6 C:\xampp\htdocs\Mendez\index.php(37): CodeIgniter\CodeIgniter->run()
#7 {main}
ERROR - 2022-05-06 15:36:52 --> Table 'santiago.users' doesn't exist
CRITICAL - 2022-05-06 15:36:52 --> Table 'santiago.users' doesn't exist
#0 C:\xampp\htdocs\Mendez\system\Database\MySQLi\Connection.php(292): mysqli->query('SELECT 1\nFROM `...', 0)
#1 C:\xampp\htdocs\Mendez\system\Database\BaseConnection.php(670): CodeIgniter\Database\MySQLi\Connection->execute('SELECT 1\nFROM `...')
#2 C:\xampp\htdocs\Mendez\system\Database\BaseConnection.php(598): CodeIgniter\Database\BaseConnection->simpleQuery('SELECT 1\nFROM `...')
#3 C:\xampp\htdocs\Mendez\system\Database\BaseBuilder.php(1455): CodeIgniter\Database\BaseConnection->query('SELECT 1\nFROM `...', Array, false)
#4 C:\xampp\htdocs\Mendez\system\Validation\Rules.php(142): CodeIgniter\Database\BaseBuilder->get()
#5 C:\xampp\htdocs\Mendez\system\Validation\Validation.php(292): CodeIgniter\Validation\Rules->is_unique('alvarito@gmail....', 'email', Array, NULL)
#6 C:\xampp\htdocs\Mendez\system\Validation\Validation.php(157): CodeIgniter\Validation\Validation->processRules('email', 'email', 'alvarito@gmail....', Array, Array)
#7 C:\xampp\htdocs\Mendez\system\Controller.php(160): CodeIgniter\Validation\Validation->run()
#8 C:\xampp\htdocs\Mendez\app\Controllers\Usuario_controller.php(26): CodeIgniter\Controller->validate(Array)
#9 C:\xampp\htdocs\Mendez\system\CodeIgniter.php(832): App\Controllers\Usuario_controller->formValidation()
#10 C:\xampp\htdocs\Mendez\system\CodeIgniter.php(419): CodeIgniter\CodeIgniter->runController(Object(App\Controllers\Usuario_controller))
#11 C:\xampp\htdocs\Mendez\system\CodeIgniter.php(326): CodeIgniter\CodeIgniter->handleRequest(NULL, Object(Config\Cache), false)
#12 C:\xampp\htdocs\Mendez\index.php(37): CodeIgniter\CodeIgniter->run()
#13 {main}
ERROR - 2022-05-06 15:38:40 --> Table 'santiago.users' doesn't exist
CRITICAL - 2022-05-06 15:38:40 --> Table 'santiago.users' doesn't exist
#0 C:\xampp\htdocs\Mendez\system\Database\MySQLi\Connection.php(292): mysqli->query('SELECT 1\nFROM `...', 0)
#1 C:\xampp\htdocs\Mendez\system\Database\BaseConnection.php(670): CodeIgniter\Database\MySQLi\Connection->execute('SELECT 1\nFROM `...')
#2 C:\xampp\htdocs\Mendez\system\Database\BaseConnection.php(598): CodeIgniter\Database\BaseConnection->simpleQuery('SELECT 1\nFROM `...')
#3 C:\xampp\htdocs\Mendez\system\Database\BaseBuilder.php(1455): CodeIgniter\Database\BaseConnection->query('SELECT 1\nFROM `...', Array, false)
#4 C:\xampp\htdocs\Mendez\system\Validation\Rules.php(142): CodeIgniter\Database\BaseBuilder->get()
#5 C:\xampp\htdocs\Mendez\system\Validation\Validation.php(292): CodeIgniter\Validation\Rules->is_unique('alvarito@gmail....', 'email', Array, NULL)
#6 C:\xampp\htdocs\Mendez\system\Validation\Validation.php(157): CodeIgniter\Validation\Validation->processRules('email', 'email', 'alvarito@gmail....', Array, Array)
#7 C:\xampp\htdocs\Mendez\system\Controller.php(160): CodeIgniter\Validation\Validation->run()
#8 C:\xampp\htdocs\Mendez\app\Controllers\Usuario_controller.php(26): CodeIgniter\Controller->validate(Array)
#9 C:\xampp\htdocs\Mendez\system\CodeIgniter.php(832): App\Controllers\Usuario_controller->formValidation()
#10 C:\xampp\htdocs\Mendez\system\CodeIgniter.php(419): CodeIgniter\CodeIgniter->runController(Object(App\Controllers\Usuario_controller))
#11 C:\xampp\htdocs\Mendez\system\CodeIgniter.php(326): CodeIgniter\CodeIgniter->handleRequest(NULL, Object(Config\Cache), false)
#12 C:\xampp\htdocs\Mendez\index.php(37): CodeIgniter\CodeIgniter->run()
#13 {main}
ERROR - 2022-05-06 15:41:21 --> Table 'santiago.users' doesn't exist
CRITICAL - 2022-05-06 15:41:21 --> Table 'santiago.users' doesn't exist
#0 C:\xampp\htdocs\Mendez\system\Database\MySQLi\Connection.php(292): mysqli->query('SELECT 1\nFROM `...', 0)
#1 C:\xampp\htdocs\Mendez\system\Database\BaseConnection.php(670): CodeIgniter\Database\MySQLi\Connection->execute('SELECT 1\nFROM `...')
#2 C:\xampp\htdocs\Mendez\system\Database\BaseConnection.php(598): CodeIgniter\Database\BaseConnection->simpleQuery('SELECT 1\nFROM `...')
#3 C:\xampp\htdocs\Mendez\system\Database\BaseBuilder.php(1455): CodeIgniter\Database\BaseConnection->query('SELECT 1\nFROM `...', Array, false)
#4 C:\xampp\htdocs\Mendez\system\Validation\Rules.php(142): CodeIgniter\Database\BaseBuilder->get()
#5 C:\xampp\htdocs\Mendez\system\Validation\Validation.php(292): CodeIgniter\Validation\Rules->is_unique('alvarito@gmail....', 'email', Array, NULL)
#6 C:\xampp\htdocs\Mendez\system\Validation\Validation.php(157): CodeIgniter\Validation\Validation->processRules('email', 'email', 'alvarito@gmail....', Array, Array)
#7 C:\xampp\htdocs\Mendez\system\Controller.php(160): CodeIgniter\Validation\Validation->run()
#8 C:\xampp\htdocs\Mendez\app\Controllers\Usuario_controller.php(26): CodeIgniter\Controller->validate(Array)
#9 C:\xampp\htdocs\Mendez\system\CodeIgniter.php(832): App\Controllers\Usuario_controller->formValidation()
#10 C:\xampp\htdocs\Mendez\system\CodeIgniter.php(419): CodeIgniter\CodeIgniter->runController(Object(App\Controllers\Usuario_controller))
#11 C:\xampp\htdocs\Mendez\system\CodeIgniter.php(326): CodeIgniter\CodeIgniter->handleRequest(NULL, Object(Config\Cache), false)
#12 C:\xampp\htdocs\Mendez\index.php(37): CodeIgniter\CodeIgniter->run()
#13 {main}
ERROR - 2022-05-06 15:42:45 --> Table 'santiago.users' doesn't exist
CRITICAL - 2022-05-06 15:42:45 --> Table 'santiago.users' doesn't exist
#0 C:\xampp\htdocs\Mendez\system\Database\MySQLi\Connection.php(292): mysqli->query('SELECT 1\nFROM `...', 0)
#1 C:\xampp\htdocs\Mendez\system\Database\BaseConnection.php(670): CodeIgniter\Database\MySQLi\Connection->execute('SELECT 1\nFROM `...')
#2 C:\xampp\htdocs\Mendez\system\Database\BaseConnection.php(598): CodeIgniter\Database\BaseConnection->simpleQuery('SELECT 1\nFROM `...')
#3 C:\xampp\htdocs\Mendez\system\Database\BaseBuilder.php(1455): CodeIgniter\Database\BaseConnection->query('SELECT 1\nFROM `...', Array, false)
#4 C:\xampp\htdocs\Mendez\system\Validation\Rules.php(142): CodeIgniter\Database\BaseBuilder->get()
#5 C:\xampp\htdocs\Mendez\system\Validation\Validation.php(292): CodeIgniter\Validation\Rules->is_unique('alvarito@gmail....', 'email', Array, NULL)
#6 C:\xampp\htdocs\Mendez\system\Validation\Validation.php(157): CodeIgniter\Validation\Validation->processRules('email', 'email', 'alvarito@gmail....', Array, Array)
#7 C:\xampp\htdocs\Mendez\system\Controller.php(160): CodeIgniter\Validation\Validation->run()
#8 C:\xampp\htdocs\Mendez\app\Controllers\Usuario_controller.php(26): CodeIgniter\Controller->validate(Array)
#9 C:\xampp\htdocs\Mendez\system\CodeIgniter.php(832): App\Controllers\Usuario_controller->formValidation()
#10 C:\xampp\htdocs\Mendez\system\CodeIgniter.php(419): CodeIgniter\CodeIgniter->runController(Object(App\Controllers\Usuario_controller))
#11 C:\xampp\htdocs\Mendez\system\CodeIgniter.php(326): CodeIgniter\CodeIgniter->handleRequest(NULL, Object(Config\Cache), false)
#12 C:\xampp\htdocs\Mendez\index.php(37): CodeIgniter\CodeIgniter->run()
#13 {main}
ERROR - 2022-05-06 15:46:06 --> Table 'santiago.users' doesn't exist
CRITICAL - 2022-05-06 15:46:06 --> Table 'santiago.users' doesn't exist
#0 C:\xampp\htdocs\Mendez\system\Database\MySQLi\Connection.php(292): mysqli->query('SELECT 1\nFROM `...', 0)
#1 C:\xampp\htdocs\Mendez\system\Database\BaseConnection.php(670): CodeIgniter\Database\MySQLi\Connection->execute('SELECT 1\nFROM `...')
#2 C:\xampp\htdocs\Mendez\system\Database\BaseConnection.php(598): CodeIgniter\Database\BaseConnection->simpleQuery('SELECT 1\nFROM `...')
#3 C:\xampp\htdocs\Mendez\system\Database\BaseBuilder.php(1455): CodeIgniter\Database\BaseConnection->query('SELECT 1\nFROM `...', Array, false)
#4 C:\xampp\htdocs\Mendez\system\Validation\Rules.php(142): CodeIgniter\Database\BaseBuilder->get()
#5 C:\xampp\htdocs\Mendez\system\Validation\Validation.php(292): CodeIgniter\Validation\Rules->is_unique('alvarito@gmail....', 'email', Array, NULL)
#6 C:\xampp\htdocs\Mendez\system\Validation\Validation.php(157): CodeIgniter\Validation\Validation->processRules('email', 'email', 'alvarito@gmail....', Array, Array)
#7 C:\xampp\htdocs\Mendez\system\Controller.php(160): CodeIgniter\Validation\Validation->run()
#8 C:\xampp\htdocs\Mendez\app\Controllers\Usuario_controller.php(26): CodeIgniter\Controller->validate(Array)
#9 C:\xampp\htdocs\Mendez\system\CodeIgniter.php(832): App\Controllers\Usuario_controller->formValidation()
#10 C:\xampp\htdocs\Mendez\system\CodeIgniter.php(419): CodeIgniter\CodeIgniter->runController(Object(App\Controllers\Usuario_controller))
#11 C:\xampp\htdocs\Mendez\system\CodeIgniter.php(326): CodeIgniter\CodeIgniter->handleRequest(NULL, Object(Config\Cache), false)
#12 C:\xampp\htdocs\Mendez\index.php(37): CodeIgniter\CodeIgniter->run()
#13 {main}
ERROR - 2022-05-06 15:51:25 --> Table 'santiago.usuario' doesn't exist
CRITICAL - 2022-05-06 15:51:25 --> Table 'santiago.usuario' doesn't exist
#0 C:\xampp\htdocs\Mendez\system\Database\MySQLi\Connection.php(292): mysqli->query('SELECT 1\nFROM `...', 0)
#1 C:\xampp\htdocs\Mendez\system\Database\BaseConnection.php(670): CodeIgniter\Database\MySQLi\Connection->execute('SELECT 1\nFROM `...')
#2 C:\xampp\htdocs\Mendez\system\Database\BaseConnection.php(598): CodeIgniter\Database\BaseConnection->simpleQuery('SELECT 1\nFROM `...')
#3 C:\xampp\htdocs\Mendez\system\Database\BaseBuilder.php(1455): CodeIgniter\Database\BaseConnection->query('SELECT 1\nFROM `...', Array, false)
#4 C:\xampp\htdocs\Mendez\system\Validation\Rules.php(142): CodeIgniter\Database\BaseBuilder->get()
#5 C:\xampp\htdocs\Mendez\system\Validation\Validation.php(292): CodeIgniter\Validation\Rules->is_unique('alvarito@gmail....', 'email', Array, NULL)
#6 C:\xampp\htdocs\Mendez\system\Validation\Validation.php(157): CodeIgniter\Validation\Validation->processRules('email', 'email', 'alvarito@gmail....', Array, Array)
#7 C:\xampp\htdocs\Mendez\system\Controller.php(160): CodeIgniter\Validation\Validation->run()
#8 C:\xampp\htdocs\Mendez\app\Controllers\Usuario_controller.php(26): CodeIgniter\Controller->validate(Array)
#9 C:\xampp\htdocs\Mendez\system\CodeIgniter.php(832): App\Controllers\Usuario_controller->formValidation()
#10 C:\xampp\htdocs\Mendez\system\CodeIgniter.php(419): CodeIgniter\CodeIgniter->runController(Object(App\Controllers\Usuario_controller))
#11 C:\xampp\htdocs\Mendez\system\CodeIgniter.php(326): CodeIgniter\CodeIgniter->handleRequest(NULL, Object(Config\Cache), false)
#12 C:\xampp\htdocs\Mendez\index.php(37): CodeIgniter\CodeIgniter->run()
#13 {main}
