CRITICAL - 2022-06-03 09:15:32 --> Invalid file: dashboad_head_view.php
#0 C:\xampp\htdocs\Mendez\system\View\View.php(198): CodeIgniter\Exceptions\FrameworkException::forInvalidFile('dashboad_head_v...')
#1 C:\xampp\htdocs\Mendez\system\Common.php(1089): CodeIgniter\View\View->render('dashboad_head_v...', Array, true)
#2 C:\xampp\htdocs\Mendez\app\Controllers\Dashboard.php(12): view('dashboad_head_v...', Array)
#3 C:\xampp\htdocs\Mendez\system\CodeIgniter.php(832): App\Controllers\Dashboard->index()
#4 C:\xampp\htdocs\Mendez\system\CodeIgniter.php(419): CodeIgniter\CodeIgniter->runController(Object(App\Controllers\Dashboard))
#5 C:\xampp\htdocs\Mendez\system\CodeIgniter.php(326): CodeIgniter\CodeIgniter->handleRequest(NULL, Object(Config\Cache), false)
#6 C:\xampp\htdocs\Mendez\index.php(37): CodeIgniter\CodeIgniter->run()
#7 {main}
CRITICAL - 2022-06-03 09:15:51 --> Invalid file: dashboad_head_view.php
#0 C:\xampp\htdocs\Mendez\system\View\View.php(198): CodeIgniter\Exceptions\FrameworkException::forInvalidFile('dashboad_head_v...')
#1 C:\xampp\htdocs\Mendez\system\Common.php(1089): CodeIgniter\View\View->render('dashboad_head_v...', Array, true)
#2 C:\xampp\htdocs\Mendez\app\Controllers\Dashboard.php(12): view('dashboad_head_v...', Array)
#3 C:\xampp\htdocs\Mendez\system\CodeIgniter.php(832): App\Controllers\Dashboard->index()
#4 C:\xampp\htdocs\Mendez\system\CodeIgniter.php(419): CodeIgniter\CodeIgniter->runController(Object(App\Controllers\Dashboard))
#5 C:\xampp\htdocs\Mendez\system\CodeIgniter.php(326): CodeIgniter\CodeIgniter->handleRequest(NULL, Object(Config\Cache), false)
#6 C:\xampp\htdocs\Mendez\index.php(37): CodeIgniter\CodeIgniter->run()
#7 {main}
CRITICAL - 2022-06-03 09:15:52 --> Invalid file: dashboad_head_view.php
#0 C:\xampp\htdocs\Mendez\system\View\View.php(198): CodeIgniter\Exceptions\FrameworkException::forInvalidFile('dashboad_head_v...')
#1 C:\xampp\htdocs\Mendez\system\Common.php(1089): CodeIgniter\View\View->render('dashboad_head_v...', Array, true)
#2 C:\xampp\htdocs\Mendez\app\Controllers\Dashboard.php(12): view('dashboad_head_v...', Array)
#3 C:\xampp\htdocs\Mendez\system\CodeIgniter.php(832): App\Controllers\Dashboard->index()
#4 C:\xampp\htdocs\Mendez\system\CodeIgniter.php(419): CodeIgniter\CodeIgniter->runController(Object(App\Controllers\Dashboard))
#5 C:\xampp\htdocs\Mendez\system\CodeIgniter.php(326): CodeIgniter\CodeIgniter->handleRequest(NULL, Object(Config\Cache), false)
#6 C:\xampp\htdocs\Mendez\index.php(37): CodeIgniter\CodeIgniter->run()
#7 {main}
CRITICAL - 2022-06-03 09:15:53 --> Invalid file: dashboad_head_view.php
#0 C:\xampp\htdocs\Mendez\system\View\View.php(198): CodeIgniter\Exceptions\FrameworkException::forInvalidFile('dashboad_head_v...')
#1 C:\xampp\htdocs\Mendez\system\Common.php(1089): CodeIgniter\View\View->render('dashboad_head_v...', Array, true)
#2 C:\xampp\htdocs\Mendez\app\Controllers\Dashboard.php(12): view('dashboad_head_v...', Array)
#3 C:\xampp\htdocs\Mendez\system\CodeIgniter.php(832): App\Controllers\Dashboard->index()
#4 C:\xampp\htdocs\Mendez\system\CodeIgniter.php(419): CodeIgniter\CodeIgniter->runController(Object(App\Controllers\Dashboard))
#5 C:\xampp\htdocs\Mendez\system\CodeIgniter.php(326): CodeIgniter\CodeIgniter->handleRequest(NULL, Object(Config\Cache), false)
#6 C:\xampp\htdocs\Mendez\index.php(37): CodeIgniter\CodeIgniter->run()
#7 {main}
CRITICAL - 2022-06-03 09:15:53 --> Invalid file: dashboad_head_view.php
#0 C:\xampp\htdocs\Mendez\system\View\View.php(198): CodeIgniter\Exceptions\FrameworkException::forInvalidFile('dashboad_head_v...')
#1 C:\xampp\htdocs\Mendez\system\Common.php(1089): CodeIgniter\View\View->render('dashboad_head_v...', Array, true)
#2 C:\xampp\htdocs\Mendez\app\Controllers\Dashboard.php(12): view('dashboad_head_v...', Array)
#3 C:\xampp\htdocs\Mendez\system\CodeIgniter.php(832): App\Controllers\Dashboard->index()
#4 C:\xampp\htdocs\Mendez\system\CodeIgniter.php(419): CodeIgniter\CodeIgniter->runController(Object(App\Controllers\Dashboard))
#5 C:\xampp\htdocs\Mendez\system\CodeIgniter.php(326): CodeIgniter\CodeIgniter->handleRequest(NULL, Object(Config\Cache), false)
#6 C:\xampp\htdocs\Mendez\index.php(37): CodeIgniter\CodeIgniter->run()
#7 {main}
CRITICAL - 2022-06-03 09:17:23 --> Invalid file: back/dashboad_head_view.php
#0 C:\xampp\htdocs\Mendez\system\View\View.php(198): CodeIgniter\Exceptions\FrameworkException::forInvalidFile('back/dashboad_h...')
#1 C:\xampp\htdocs\Mendez\system\Common.php(1089): CodeIgniter\View\View->render('back/dashboad_h...', Array, true)
#2 C:\xampp\htdocs\Mendez\app\Controllers\Dashboard.php(12): view('back/dashboad_h...', Array)
#3 C:\xampp\htdocs\Mendez\system\CodeIgniter.php(832): App\Controllers\Dashboard->index()
#4 C:\xampp\htdocs\Mendez\system\CodeIgniter.php(419): CodeIgniter\CodeIgniter->runController(Object(App\Controllers\Dashboard))
#5 C:\xampp\htdocs\Mendez\system\CodeIgniter.php(326): CodeIgniter\CodeIgniter->handleRequest(NULL, Object(Config\Cache), false)
#6 C:\xampp\htdocs\Mendez\index.php(37): CodeIgniter\CodeIgniter->run()
#7 {main}
CRITICAL - 2022-06-03 09:53:33 --> Class 'App\Controllers\Usuarios_model' not found
#0 C:\xampp\htdocs\Mendez\system\CodeIgniter.php(832): App\Controllers\Dashboard->formValidationDash()
#1 C:\xampp\htdocs\Mendez\system\CodeIgniter.php(419): CodeIgniter\CodeIgniter->runController(Object(App\Controllers\Dashboard))
#2 C:\xampp\htdocs\Mendez\system\CodeIgniter.php(326): CodeIgniter\CodeIgniter->handleRequest(NULL, Object(Config\Cache), false)
#3 C:\xampp\htdocs\Mendez\index.php(37): CodeIgniter\CodeIgniter->run()
#4 {main}
CRITICAL - 2022-06-03 09:54:57 --> Class 'App\Controllers\Usuarios_model' not found
#0 C:\xampp\htdocs\Mendez\system\CodeIgniter.php(832): App\Controllers\Dashboard->formValidationDash()
#1 C:\xampp\htdocs\Mendez\system\CodeIgniter.php(419): CodeIgniter\CodeIgniter->runController(Object(App\Controllers\Dashboard))
#2 C:\xampp\htdocs\Mendez\system\CodeIgniter.php(326): CodeIgniter\CodeIgniter->handleRequest(NULL, Object(Config\Cache), false)
#3 C:\xampp\htdocs\Mendez\index.php(37): CodeIgniter\CodeIgniter->run()
#4 {main}
CRITICAL - 2022-06-03 09:55:03 --> Class 'App\Controllers\Usuarios_model' not found
#0 C:\xampp\htdocs\Mendez\system\CodeIgniter.php(832): App\Controllers\Dashboard->formValidationDash()
#1 C:\xampp\htdocs\Mendez\system\CodeIgniter.php(419): CodeIgniter\CodeIgniter->runController(Object(App\Controllers\Dashboard))
#2 C:\xampp\htdocs\Mendez\system\CodeIgniter.php(326): CodeIgniter\CodeIgniter->handleRequest(NULL, Object(Config\Cache), false)
#3 C:\xampp\htdocs\Mendez\index.php(37): CodeIgniter\CodeIgniter->run()
#4 {main}
CRITICAL - 2022-06-03 09:56:34 --> Class 'App\Controllers\Usuarios_model' not found
#0 C:\xampp\htdocs\Mendez\system\CodeIgniter.php(832): App\Controllers\Dashboard->formValidationDash()
#1 C:\xampp\htdocs\Mendez\system\CodeIgniter.php(419): CodeIgniter\CodeIgniter->runController(Object(App\Controllers\Dashboard))
#2 C:\xampp\htdocs\Mendez\system\CodeIgniter.php(326): CodeIgniter\CodeIgniter->handleRequest(NULL, Object(Config\Cache), false)
#3 C:\xampp\htdocs\Mendez\index.php(37): CodeIgniter\CodeIgniter->run()
#4 {main}
CRITICAL - 2022-06-03 09:57:12 --> Class 'App\Controllers\Usuarios_model' not found
#0 C:\xampp\htdocs\Mendez\system\CodeIgniter.php(832): App\Controllers\Dashboard->formValidationDash()
#1 C:\xampp\htdocs\Mendez\system\CodeIgniter.php(419): CodeIgniter\CodeIgniter->runController(Object(App\Controllers\Dashboard))
#2 C:\xampp\htdocs\Mendez\system\CodeIgniter.php(326): CodeIgniter\CodeIgniter->handleRequest(NULL, Object(Config\Cache), false)
#3 C:\xampp\htdocs\Mendez\index.php(37): CodeIgniter\CodeIgniter->run()
#4 {main}
CRITICAL - 2022-06-03 09:57:15 --> Class 'App\Controllers\Usuarios_model' not found
#0 C:\xampp\htdocs\Mendez\system\CodeIgniter.php(832): App\Controllers\Dashboard->formValidationDash()
#1 C:\xampp\htdocs\Mendez\system\CodeIgniter.php(419): CodeIgniter\CodeIgniter->runController(Object(App\Controllers\Dashboard))
#2 C:\xampp\htdocs\Mendez\system\CodeIgniter.php(326): CodeIgniter\CodeIgniter->handleRequest(NULL, Object(Config\Cache), false)
#3 C:\xampp\htdocs\Mendez\index.php(37): CodeIgniter\CodeIgniter->run()
#4 {main}
CRITICAL - 2022-06-03 09:57:24 --> Class 'App\Controllers\Usuarios_model' not found
#0 C:\xampp\htdocs\Mendez\system\CodeIgniter.php(832): App\Controllers\Dashboard->formValidationDash()
#1 C:\xampp\htdocs\Mendez\system\CodeIgniter.php(419): CodeIgniter\CodeIgniter->runController(Object(App\Controllers\Dashboard))
#2 C:\xampp\htdocs\Mendez\system\CodeIgniter.php(326): CodeIgniter\CodeIgniter->handleRequest(NULL, Object(Config\Cache), false)
#3 C:\xampp\htdocs\Mendez\index.php(37): CodeIgniter\CodeIgniter->run()
#4 {main}
CRITICAL - 2022-06-03 09:59:19 --> Class 'App\Controllers\Usuarios_model' not found
#0 C:\xampp\htdocs\Mendez\system\CodeIgniter.php(832): App\Controllers\Dashboard->formValidationDash()
#1 C:\xampp\htdocs\Mendez\system\CodeIgniter.php(419): CodeIgniter\CodeIgniter->runController(Object(App\Controllers\Dashboard))
#2 C:\xampp\htdocs\Mendez\system\CodeIgniter.php(326): CodeIgniter\CodeIgniter->handleRequest(NULL, Object(Config\Cache), false)
#3 C:\xampp\htdocs\Mendez\index.php(37): CodeIgniter\CodeIgniter->run()
#4 {main}
CRITICAL - 2022-06-03 10:02:08 --> Class 'App\Controllers\Usuarios_model' not found
#0 C:\xampp\htdocs\Mendez\system\CodeIgniter.php(832): App\Controllers\Dashboard->formValidationDash()
#1 C:\xampp\htdocs\Mendez\system\CodeIgniter.php(419): CodeIgniter\CodeIgniter->runController(Object(App\Controllers\Dashboard))
#2 C:\xampp\htdocs\Mendez\system\CodeIgniter.php(326): CodeIgniter\CodeIgniter->handleRequest(NULL, Object(Config\Cache), false)
#3 C:\xampp\htdocs\Mendez\index.php(37): CodeIgniter\CodeIgniter->run()
#4 {main}
CRITICAL - 2022-06-03 10:03:15 --> Class 'App\Controllers\Usuarios_model' not found
#0 C:\xampp\htdocs\Mendez\system\CodeIgniter.php(832): App\Controllers\Dashboard->formValidationDash()
#1 C:\xampp\htdocs\Mendez\system\CodeIgniter.php(419): CodeIgniter\CodeIgniter->runController(Object(App\Controllers\Dashboard))
#2 C:\xampp\htdocs\Mendez\system\CodeIgniter.php(326): CodeIgniter\CodeIgniter->handleRequest(NULL, Object(Config\Cache), false)
#3 C:\xampp\htdocs\Mendez\index.php(37): CodeIgniter\CodeIgniter->run()
#4 {main}
CRITICAL - 2022-06-03 10:03:20 --> Class 'App\Controllers\Usuarios_model' not found
#0 C:\xampp\htdocs\Mendez\system\CodeIgniter.php(832): App\Controllers\Dashboard->formValidationDash()
#1 C:\xampp\htdocs\Mendez\system\CodeIgniter.php(419): CodeIgniter\CodeIgniter->runController(Object(App\Controllers\Dashboard))
#2 C:\xampp\htdocs\Mendez\system\CodeIgniter.php(326): CodeIgniter\CodeIgniter->handleRequest(NULL, Object(Config\Cache), false)
#3 C:\xampp\htdocs\Mendez\index.php(37): CodeIgniter\CodeIgniter->run()
#4 {main}
CRITICAL - 2022-06-03 10:12:41 --> Class 'App\Controllers\Usuarios_model' not found
#0 C:\xampp\htdocs\Mendez\system\CodeIgniter.php(832): App\Controllers\Dashboard->formValidationDash()
#1 C:\xampp\htdocs\Mendez\system\CodeIgniter.php(419): CodeIgniter\CodeIgniter->runController(Object(App\Controllers\Dashboard))
#2 C:\xampp\htdocs\Mendez\system\CodeIgniter.php(326): CodeIgniter\CodeIgniter->handleRequest(NULL, Object(Config\Cache), false)
#3 C:\xampp\htdocs\Mendez\index.php(37): CodeIgniter\CodeIgniter->run()
#4 {main}
CRITICAL - 2022-06-03 10:15:20 --> syntax error, unexpected end of file, expecting variable (T_VARIABLE) or ${ (T_DOLLAR_OPEN_CURLY_BRACES) or {$ (T_CURLY_OPEN)
#0 C:\xampp\htdocs\Mendez\system\View\View.php(213): CodeIgniter\View\View->CodeIgniter\View\{closure}()
#1 C:\xampp\htdocs\Mendez\system\Common.php(1089): CodeIgniter\View\View->render('back/dashboard_...', Array, true)
#2 C:\xampp\htdocs\Mendez\app\Controllers\Dashboard.php(24): view('back/dashboard_...')
#3 C:\xampp\htdocs\Mendez\system\CodeIgniter.php(832): App\Controllers\Dashboard->ingreso()
#4 C:\xampp\htdocs\Mendez\system\CodeIgniter.php(419): CodeIgniter\CodeIgniter->runController(Object(App\Controllers\Dashboard))
#5 C:\xampp\htdocs\Mendez\system\CodeIgniter.php(326): CodeIgniter\CodeIgniter->handleRequest(NULL, Object(Config\Cache), false)
#6 C:\xampp\htdocs\Mendez\index.php(37): CodeIgniter\CodeIgniter->run()
#7 {main}
CRITICAL - 2022-06-03 10:15:23 --> syntax error, unexpected end of file, expecting variable (T_VARIABLE) or ${ (T_DOLLAR_OPEN_CURLY_BRACES) or {$ (T_CURLY_OPEN)
#0 C:\xampp\htdocs\Mendez\system\View\View.php(213): CodeIgniter\View\View->CodeIgniter\View\{closure}()
#1 C:\xampp\htdocs\Mendez\system\Common.php(1089): CodeIgniter\View\View->render('back/dashboard_...', Array, true)
#2 C:\xampp\htdocs\Mendez\app\Controllers\Dashboard.php(24): view('back/dashboard_...')
#3 C:\xampp\htdocs\Mendez\system\CodeIgniter.php(832): App\Controllers\Dashboard->ingreso()
#4 C:\xampp\htdocs\Mendez\system\CodeIgniter.php(419): CodeIgniter\CodeIgniter->runController(Object(App\Controllers\Dashboard))
#5 C:\xampp\htdocs\Mendez\system\CodeIgniter.php(326): CodeIgniter\CodeIgniter->handleRequest(NULL, Object(Config\Cache), false)
#6 C:\xampp\htdocs\Mendez\index.php(37): CodeIgniter\CodeIgniter->run()
#7 {main}
CRITICAL - 2022-06-03 10:15:26 --> syntax error, unexpected end of file, expecting variable (T_VARIABLE) or ${ (T_DOLLAR_OPEN_CURLY_BRACES) or {$ (T_CURLY_OPEN)
#0 C:\xampp\htdocs\Mendez\system\View\View.php(213): CodeIgniter\View\View->CodeIgniter\View\{closure}()
#1 C:\xampp\htdocs\Mendez\system\Common.php(1089): CodeIgniter\View\View->render('back/dashboard_...', Array, true)
#2 C:\xampp\htdocs\Mendez\app\Controllers\Dashboard.php(24): view('back/dashboard_...')
#3 C:\xampp\htdocs\Mendez\system\CodeIgniter.php(832): App\Controllers\Dashboard->ingreso()
#4 C:\xampp\htdocs\Mendez\system\CodeIgniter.php(419): CodeIgniter\CodeIgniter->runController(Object(App\Controllers\Dashboard))
#5 C:\xampp\htdocs\Mendez\system\CodeIgniter.php(326): CodeIgniter\CodeIgniter->handleRequest(NULL, Object(Config\Cache), false)
#6 C:\xampp\htdocs\Mendez\index.php(37): CodeIgniter\CodeIgniter->run()
#7 {main}
CRITICAL - 2022-06-03 13:08:50 --> syntax error, unexpected '?>'
#0 C:\xampp\htdocs\Mendez\system\View\View.php(213): CodeIgniter\View\View->CodeIgniter\View\{closure}()
#1 C:\xampp\htdocs\Mendez\system\Common.php(1089): CodeIgniter\View\View->render('back/dashboard', Array, true)
#2 C:\xampp\htdocs\Mendez\app\Controllers\Dashboard.php(14): view('back/dashboard')
#3 C:\xampp\htdocs\Mendez\system\CodeIgniter.php(832): App\Controllers\Dashboard->index()
#4 C:\xampp\htdocs\Mendez\system\CodeIgniter.php(419): CodeIgniter\CodeIgniter->runController(Object(App\Controllers\Dashboard))
#5 C:\xampp\htdocs\Mendez\system\CodeIgniter.php(326): CodeIgniter\CodeIgniter->handleRequest(NULL, Object(Config\Cache), false)
#6 C:\xampp\htdocs\Mendez\index.php(37): CodeIgniter\CodeIgniter->run()
#7 {main}
CRITICAL - 2022-06-03 13:21:28 --> include_once(model/conexion.php): failed to open stream: No such file or directory
#0 C:\xampp\htdocs\Mendez\app\Views\back\dashboard.php(2): CodeIgniter\Debug\Exceptions->errorHandler(2, 'include_once(mo...', 'C:\\xampp\\htdocs...', 2, Array)
#1 C:\xampp\htdocs\Mendez\app\Views\back\dashboard.php(2): include_once()
#2 C:\xampp\htdocs\Mendez\system\View\View.php(210): include('C:\\xampp\\htdocs...')
#3 C:\xampp\htdocs\Mendez\system\View\View.php(213): CodeIgniter\View\View->CodeIgniter\View\{closure}()
#4 C:\xampp\htdocs\Mendez\system\Common.php(1089): CodeIgniter\View\View->render('back/dashboard', Array, true)
#5 C:\xampp\htdocs\Mendez\app\Controllers\Dashboard.php(14): view('back/dashboard')
#6 C:\xampp\htdocs\Mendez\system\CodeIgniter.php(832): App\Controllers\Dashboard->index()
#7 C:\xampp\htdocs\Mendez\system\CodeIgniter.php(419): CodeIgniter\CodeIgniter->runController(Object(App\Controllers\Dashboard))
#8 C:\xampp\htdocs\Mendez\system\CodeIgniter.php(326): CodeIgniter\CodeIgniter->handleRequest(NULL, Object(Config\Cache), false)
#9 C:\xampp\htdocs\Mendez\index.php(37): CodeIgniter\CodeIgniter->run()
#10 {main}
CRITICAL - 2022-06-03 13:23:31 --> Undefined variable: bd
#0 C:\xampp\htdocs\Mendez\app\Views\back\dashboard.php(3): CodeIgniter\Debug\Exceptions->errorHandler(8, 'Undefined varia...', 'C:\\xampp\\htdocs...', 3, Array)
#1 C:\xampp\htdocs\Mendez\system\View\View.php(210): include('C:\\xampp\\htdocs...')
#2 C:\xampp\htdocs\Mendez\system\View\View.php(213): CodeIgniter\View\View->CodeIgniter\View\{closure}()
#3 C:\xampp\htdocs\Mendez\system\Common.php(1089): CodeIgniter\View\View->render('back/dashboard', Array, true)
#4 C:\xampp\htdocs\Mendez\app\Controllers\Dashboard.php(14): view('back/dashboard')
#5 C:\xampp\htdocs\Mendez\system\CodeIgniter.php(832): App\Controllers\Dashboard->index()
#6 C:\xampp\htdocs\Mendez\system\CodeIgniter.php(419): CodeIgniter\CodeIgniter->runController(Object(App\Controllers\Dashboard))
#7 C:\xampp\htdocs\Mendez\system\CodeIgniter.php(326): CodeIgniter\CodeIgniter->handleRequest(NULL, Object(Config\Cache), false)
#8 C:\xampp\htdocs\Mendez\index.php(37): CodeIgniter\CodeIgniter->run()
#9 {main}
CRITICAL - 2022-06-03 13:24:23 --> Undefined variable: bd
#0 C:\xampp\htdocs\Mendez\app\Views\back\dashboard.php(3): CodeIgniter\Debug\Exceptions->errorHandler(8, 'Undefined varia...', 'C:\\xampp\\htdocs...', 3, Array)
#1 C:\xampp\htdocs\Mendez\system\View\View.php(210): include('C:\\xampp\\htdocs...')
#2 C:\xampp\htdocs\Mendez\system\View\View.php(213): CodeIgniter\View\View->CodeIgniter\View\{closure}()
#3 C:\xampp\htdocs\Mendez\system\Common.php(1089): CodeIgniter\View\View->render('back/dashboard', Array, true)
#4 C:\xampp\htdocs\Mendez\app\Controllers\Dashboard.php(14): view('back/dashboard')
#5 C:\xampp\htdocs\Mendez\system\CodeIgniter.php(832): App\Controllers\Dashboard->index()
#6 C:\xampp\htdocs\Mendez\system\CodeIgniter.php(419): CodeIgniter\CodeIgniter->runController(Object(App\Controllers\Dashboard))
#7 C:\xampp\htdocs\Mendez\system\CodeIgniter.php(326): CodeIgniter\CodeIgniter->handleRequest(NULL, Object(Config\Cache), false)
#8 C:\xampp\htdocs\Mendez\index.php(37): CodeIgniter\CodeIgniter->run()
#9 {main}
CRITICAL - 2022-06-03 13:24:47 --> Undefined variable: bd
#0 C:\xampp\htdocs\Mendez\app\Views\back\dashboard.php(3): CodeIgniter\Debug\Exceptions->errorHandler(8, 'Undefined varia...', 'C:\\xampp\\htdocs...', 3, Array)
#1 C:\xampp\htdocs\Mendez\system\View\View.php(210): include('C:\\xampp\\htdocs...')
#2 C:\xampp\htdocs\Mendez\system\View\View.php(213): CodeIgniter\View\View->CodeIgniter\View\{closure}()
#3 C:\xampp\htdocs\Mendez\system\Common.php(1089): CodeIgniter\View\View->render('back/dashboard', Array, true)
#4 C:\xampp\htdocs\Mendez\app\Controllers\Dashboard.php(14): view('back/dashboard')
#5 C:\xampp\htdocs\Mendez\system\CodeIgniter.php(832): App\Controllers\Dashboard->index()
#6 C:\xampp\htdocs\Mendez\system\CodeIgniter.php(419): CodeIgniter\CodeIgniter->runController(Object(App\Controllers\Dashboard))
#7 C:\xampp\htdocs\Mendez\system\CodeIgniter.php(326): CodeIgniter\CodeIgniter->handleRequest(NULL, Object(Config\Cache), false)
#8 C:\xampp\htdocs\Mendez\index.php(37): CodeIgniter\CodeIgniter->run()
#9 {main}
CRITICAL - 2022-06-03 13:43:03 --> Undefined variable: bd
#0 C:\xampp\htdocs\Mendez\app\Views\back\dashboard.php(3): CodeIgniter\Debug\Exceptions->errorHandler(8, 'Undefined varia...', 'C:\\xampp\\htdocs...', 3, Array)
#1 C:\xampp\htdocs\Mendez\system\View\View.php(210): include('C:\\xampp\\htdocs...')
#2 C:\xampp\htdocs\Mendez\system\View\View.php(213): CodeIgniter\View\View->CodeIgniter\View\{closure}()
#3 C:\xampp\htdocs\Mendez\system\Common.php(1089): CodeIgniter\View\View->render('back/dashboard', Array, true)
#4 C:\xampp\htdocs\Mendez\app\Controllers\Dashboard.php(14): view('back/dashboard')
#5 C:\xampp\htdocs\Mendez\system\CodeIgniter.php(832): App\Controllers\Dashboard->index()
#6 C:\xampp\htdocs\Mendez\system\CodeIgniter.php(419): CodeIgniter\CodeIgniter->runController(Object(App\Controllers\Dashboard))
#7 C:\xampp\htdocs\Mendez\system\CodeIgniter.php(326): CodeIgniter\CodeIgniter->handleRequest(NULL, Object(Config\Cache), false)
#8 C:\xampp\htdocs\Mendez\index.php(37): CodeIgniter\CodeIgniter->run()
#9 {main}
CRITICAL - 2022-06-03 13:44:30 --> include_once(model/conexion.php): failed to open stream: No such file or directory
#0 C:\xampp\htdocs\Mendez\app\Views\back\dashboard.php(2): CodeIgniter\Debug\Exceptions->errorHandler(2, 'include_once(mo...', 'C:\\xampp\\htdocs...', 2, Array)
#1 C:\xampp\htdocs\Mendez\app\Views\back\dashboard.php(2): include_once()
#2 C:\xampp\htdocs\Mendez\system\View\View.php(210): include('C:\\xampp\\htdocs...')
#3 C:\xampp\htdocs\Mendez\system\View\View.php(213): CodeIgniter\View\View->CodeIgniter\View\{closure}()
#4 C:\xampp\htdocs\Mendez\system\Common.php(1089): CodeIgniter\View\View->render('back/dashboard', Array, true)
#5 C:\xampp\htdocs\Mendez\app\Controllers\Dashboard.php(14): view('back/dashboard')
#6 C:\xampp\htdocs\Mendez\system\CodeIgniter.php(832): App\Controllers\Dashboard->index()
#7 C:\xampp\htdocs\Mendez\system\CodeIgniter.php(419): CodeIgniter\CodeIgniter->runController(Object(App\Controllers\Dashboard))
#8 C:\xampp\htdocs\Mendez\system\CodeIgniter.php(326): CodeIgniter\CodeIgniter->handleRequest(NULL, Object(Config\Cache), false)
#9 C:\xampp\htdocs\Mendez\index.php(37): CodeIgniter\CodeIgniter->run()
#10 {main}
CRITICAL - 2022-06-03 13:44:57 --> include_once(Models/conexion.php): failed to open stream: No such file or directory
#0 C:\xampp\htdocs\Mendez\app\Views\back\dashboard.php(2): CodeIgniter\Debug\Exceptions->errorHandler(2, 'include_once(Mo...', 'C:\\xampp\\htdocs...', 2, Array)
#1 C:\xampp\htdocs\Mendez\app\Views\back\dashboard.php(2): include_once()
#2 C:\xampp\htdocs\Mendez\system\View\View.php(210): include('C:\\xampp\\htdocs...')
#3 C:\xampp\htdocs\Mendez\system\View\View.php(213): CodeIgniter\View\View->CodeIgniter\View\{closure}()
#4 C:\xampp\htdocs\Mendez\system\Common.php(1089): CodeIgniter\View\View->render('back/dashboard', Array, true)
#5 C:\xampp\htdocs\Mendez\app\Controllers\Dashboard.php(14): view('back/dashboard')
#6 C:\xampp\htdocs\Mendez\system\CodeIgniter.php(832): App\Controllers\Dashboard->index()
#7 C:\xampp\htdocs\Mendez\system\CodeIgniter.php(419): CodeIgniter\CodeIgniter->runController(Object(App\Controllers\Dashboard))
#8 C:\xampp\htdocs\Mendez\system\CodeIgniter.php(326): CodeIgniter\CodeIgniter->handleRequest(NULL, Object(Config\Cache), false)
#9 C:\xampp\htdocs\Mendez\index.php(37): CodeIgniter\CodeIgniter->run()
#10 {main}
CRITICAL - 2022-06-03 13:44:59 --> include_once(Models/conexion.php): failed to open stream: No such file or directory
#0 C:\xampp\htdocs\Mendez\app\Views\back\dashboard.php(2): CodeIgniter\Debug\Exceptions->errorHandler(2, 'include_once(Mo...', 'C:\\xampp\\htdocs...', 2, Array)
#1 C:\xampp\htdocs\Mendez\app\Views\back\dashboard.php(2): include_once()
#2 C:\xampp\htdocs\Mendez\system\View\View.php(210): include('C:\\xampp\\htdocs...')
#3 C:\xampp\htdocs\Mendez\system\View\View.php(213): CodeIgniter\View\View->CodeIgniter\View\{closure}()
#4 C:\xampp\htdocs\Mendez\system\Common.php(1089): CodeIgniter\View\View->render('back/dashboard', Array, true)
#5 C:\xampp\htdocs\Mendez\app\Controllers\Dashboard.php(14): view('back/dashboard')
#6 C:\xampp\htdocs\Mendez\system\CodeIgniter.php(832): App\Controllers\Dashboard->index()
#7 C:\xampp\htdocs\Mendez\system\CodeIgniter.php(419): CodeIgniter\CodeIgniter->runController(Object(App\Controllers\Dashboard))
#8 C:\xampp\htdocs\Mendez\system\CodeIgniter.php(326): CodeIgniter\CodeIgniter->handleRequest(NULL, Object(Config\Cache), false)
#9 C:\xampp\htdocs\Mendez\index.php(37): CodeIgniter\CodeIgniter->run()
#10 {main}
CRITICAL - 2022-06-03 13:45:00 --> include_once(Models/conexion.php): failed to open stream: No such file or directory
#0 C:\xampp\htdocs\Mendez\app\Views\back\dashboard.php(2): CodeIgniter\Debug\Exceptions->errorHandler(2, 'include_once(Mo...', 'C:\\xampp\\htdocs...', 2, Array)
#1 C:\xampp\htdocs\Mendez\app\Views\back\dashboard.php(2): include_once()
#2 C:\xampp\htdocs\Mendez\system\View\View.php(210): include('C:\\xampp\\htdocs...')
#3 C:\xampp\htdocs\Mendez\system\View\View.php(213): CodeIgniter\View\View->CodeIgniter\View\{closure}()
#4 C:\xampp\htdocs\Mendez\system\Common.php(1089): CodeIgniter\View\View->render('back/dashboard', Array, true)
#5 C:\xampp\htdocs\Mendez\app\Controllers\Dashboard.php(14): view('back/dashboard')
#6 C:\xampp\htdocs\Mendez\system\CodeIgniter.php(832): App\Controllers\Dashboard->index()
#7 C:\xampp\htdocs\Mendez\system\CodeIgniter.php(419): CodeIgniter\CodeIgniter->runController(Object(App\Controllers\Dashboard))
#8 C:\xampp\htdocs\Mendez\system\CodeIgniter.php(326): CodeIgniter\CodeIgniter->handleRequest(NULL, Object(Config\Cache), false)
#9 C:\xampp\htdocs\Mendez\index.php(37): CodeIgniter\CodeIgniter->run()
#10 {main}
CRITICAL - 2022-06-03 13:45:50 --> include_once(App/Models/conexion): failed to open stream: No such file or directory
#0 C:\xampp\htdocs\Mendez\app\Views\back\dashboard.php(2): CodeIgniter\Debug\Exceptions->errorHandler(2, 'include_once(Ap...', 'C:\\xampp\\htdocs...', 2, Array)
#1 C:\xampp\htdocs\Mendez\app\Views\back\dashboard.php(2): include_once()
#2 C:\xampp\htdocs\Mendez\system\View\View.php(210): include('C:\\xampp\\htdocs...')
#3 C:\xampp\htdocs\Mendez\system\View\View.php(213): CodeIgniter\View\View->CodeIgniter\View\{closure}()
#4 C:\xampp\htdocs\Mendez\system\Common.php(1089): CodeIgniter\View\View->render('back/dashboard', Array, true)
#5 C:\xampp\htdocs\Mendez\app\Controllers\Dashboard.php(14): view('back/dashboard')
#6 C:\xampp\htdocs\Mendez\system\CodeIgniter.php(832): App\Controllers\Dashboard->index()
#7 C:\xampp\htdocs\Mendez\system\CodeIgniter.php(419): CodeIgniter\CodeIgniter->runController(Object(App\Controllers\Dashboard))
#8 C:\xampp\htdocs\Mendez\system\CodeIgniter.php(326): CodeIgniter\CodeIgniter->handleRequest(NULL, Object(Config\Cache), false)
#9 C:\xampp\htdocs\Mendez\index.php(37): CodeIgniter\CodeIgniter->run()
#10 {main}
CRITICAL - 2022-06-03 13:45:51 --> include_once(App/Models/conexion): failed to open stream: No such file or directory
#0 C:\xampp\htdocs\Mendez\app\Views\back\dashboard.php(2): CodeIgniter\Debug\Exceptions->errorHandler(2, 'include_once(Ap...', 'C:\\xampp\\htdocs...', 2, Array)
#1 C:\xampp\htdocs\Mendez\app\Views\back\dashboard.php(2): include_once()
#2 C:\xampp\htdocs\Mendez\system\View\View.php(210): include('C:\\xampp\\htdocs...')
#3 C:\xampp\htdocs\Mendez\system\View\View.php(213): CodeIgniter\View\View->CodeIgniter\View\{closure}()
#4 C:\xampp\htdocs\Mendez\system\Common.php(1089): CodeIgniter\View\View->render('back/dashboard', Array, true)
#5 C:\xampp\htdocs\Mendez\app\Controllers\Dashboard.php(14): view('back/dashboard')
#6 C:\xampp\htdocs\Mendez\system\CodeIgniter.php(832): App\Controllers\Dashboard->index()
#7 C:\xampp\htdocs\Mendez\system\CodeIgniter.php(419): CodeIgniter\CodeIgniter->runController(Object(App\Controllers\Dashboard))
#8 C:\xampp\htdocs\Mendez\system\CodeIgniter.php(326): CodeIgniter\CodeIgniter->handleRequest(NULL, Object(Config\Cache), false)
#9 C:\xampp\htdocs\Mendez\index.php(37): CodeIgniter\CodeIgniter->run()
#10 {main}
CRITICAL - 2022-06-03 13:46:12 --> Undefined variable: bd
#0 C:\xampp\htdocs\Mendez\app\Views\back\dashboard.php(3): CodeIgniter\Debug\Exceptions->errorHandler(8, 'Undefined varia...', 'C:\\xampp\\htdocs...', 3, Array)
#1 C:\xampp\htdocs\Mendez\system\View\View.php(210): include('C:\\xampp\\htdocs...')
#2 C:\xampp\htdocs\Mendez\system\View\View.php(213): CodeIgniter\View\View->CodeIgniter\View\{closure}()
#3 C:\xampp\htdocs\Mendez\system\Common.php(1089): CodeIgniter\View\View->render('back/dashboard', Array, true)
#4 C:\xampp\htdocs\Mendez\app\Controllers\Dashboard.php(14): view('back/dashboard')
#5 C:\xampp\htdocs\Mendez\system\CodeIgniter.php(832): App\Controllers\Dashboard->index()
#6 C:\xampp\htdocs\Mendez\system\CodeIgniter.php(419): CodeIgniter\CodeIgniter->runController(Object(App\Controllers\Dashboard))
#7 C:\xampp\htdocs\Mendez\system\CodeIgniter.php(326): CodeIgniter\CodeIgniter->handleRequest(NULL, Object(Config\Cache), false)
#8 C:\xampp\htdocs\Mendez\index.php(37): CodeIgniter\CodeIgniter->run()
#9 {main}
CRITICAL - 2022-06-03 14:37:02 --> Undefined variable: bd
#0 C:\xampp\htdocs\Mendez\app\Views\back\dashboard.php(3): CodeIgniter\Debug\Exceptions->errorHandler(8, 'Undefined varia...', 'C:\\xampp\\htdocs...', 3, Array)
#1 C:\xampp\htdocs\Mendez\system\View\View.php(210): include('C:\\xampp\\htdocs...')
#2 C:\xampp\htdocs\Mendez\system\View\View.php(213): CodeIgniter\View\View->CodeIgniter\View\{closure}()
#3 C:\xampp\htdocs\Mendez\system\Common.php(1089): CodeIgniter\View\View->render('back/dashboard', Array, true)
#4 C:\xampp\htdocs\Mendez\app\Controllers\Dashboard.php(14): view('back/dashboard')
#5 C:\xampp\htdocs\Mendez\system\CodeIgniter.php(832): App\Controllers\Dashboard->index()
#6 C:\xampp\htdocs\Mendez\system\CodeIgniter.php(419): CodeIgniter\CodeIgniter->runController(Object(App\Controllers\Dashboard))
#7 C:\xampp\htdocs\Mendez\system\CodeIgniter.php(326): CodeIgniter\CodeIgniter->handleRequest(NULL, Object(Config\Cache), false)
#8 C:\xampp\htdocs\Mendez\index.php(37): CodeIgniter\CodeIgniter->run()
#9 {main}
CRITICAL - 2022-06-03 14:37:08 --> Undefined variable: bd
#0 C:\xampp\htdocs\Mendez\app\Views\back\dashboard.php(3): CodeIgniter\Debug\Exceptions->errorHandler(8, 'Undefined varia...', 'C:\\xampp\\htdocs...', 3, Array)
#1 C:\xampp\htdocs\Mendez\system\View\View.php(210): include('C:\\xampp\\htdocs...')
#2 C:\xampp\htdocs\Mendez\system\View\View.php(213): CodeIgniter\View\View->CodeIgniter\View\{closure}()
#3 C:\xampp\htdocs\Mendez\system\Common.php(1089): CodeIgniter\View\View->render('back/dashboard', Array, true)
#4 C:\xampp\htdocs\Mendez\app\Controllers\Dashboard.php(14): view('back/dashboard')
#5 C:\xampp\htdocs\Mendez\system\CodeIgniter.php(832): App\Controllers\Dashboard->index()
#6 C:\xampp\htdocs\Mendez\system\CodeIgniter.php(419): CodeIgniter\CodeIgniter->runController(Object(App\Controllers\Dashboard))
#7 C:\xampp\htdocs\Mendez\system\CodeIgniter.php(326): CodeIgniter\CodeIgniter->handleRequest(NULL, Object(Config\Cache), false)
#8 C:\xampp\htdocs\Mendez\index.php(37): CodeIgniter\CodeIgniter->run()
#9 {main}
CRITICAL - 2022-06-03 14:54:10 --> Undefined variable: bd
#0 C:\xampp\htdocs\Mendez\app\Views\back\dashboard.php(3): CodeIgniter\Debug\Exceptions->errorHandler(8, 'Undefined varia...', 'C:\\xampp\\htdocs...', 3, Array)
#1 C:\xampp\htdocs\Mendez\system\View\View.php(210): include('C:\\xampp\\htdocs...')
#2 C:\xampp\htdocs\Mendez\system\View\View.php(213): CodeIgniter\View\View->CodeIgniter\View\{closure}()
#3 C:\xampp\htdocs\Mendez\system\Common.php(1089): CodeIgniter\View\View->render('back/dashboard', Array, true)
#4 C:\xampp\htdocs\Mendez\app\Controllers\Dashboard.php(14): view('back/dashboard')
#5 C:\xampp\htdocs\Mendez\system\CodeIgniter.php(832): App\Controllers\Dashboard->index()
#6 C:\xampp\htdocs\Mendez\system\CodeIgniter.php(419): CodeIgniter\CodeIgniter->runController(Object(App\Controllers\Dashboard))
#7 C:\xampp\htdocs\Mendez\system\CodeIgniter.php(326): CodeIgniter\CodeIgniter->handleRequest(NULL, Object(Config\Cache), false)
#8 C:\xampp\htdocs\Mendez\index.php(37): CodeIgniter\CodeIgniter->run()
#9 {main}
CRITICAL - 2022-06-03 14:54:11 --> Undefined variable: bd
#0 C:\xampp\htdocs\Mendez\app\Views\back\dashboard.php(3): CodeIgniter\Debug\Exceptions->errorHandler(8, 'Undefined varia...', 'C:\\xampp\\htdocs...', 3, Array)
#1 C:\xampp\htdocs\Mendez\system\View\View.php(210): include('C:\\xampp\\htdocs...')
#2 C:\xampp\htdocs\Mendez\system\View\View.php(213): CodeIgniter\View\View->CodeIgniter\View\{closure}()
#3 C:\xampp\htdocs\Mendez\system\Common.php(1089): CodeIgniter\View\View->render('back/dashboard', Array, true)
#4 C:\xampp\htdocs\Mendez\app\Controllers\Dashboard.php(14): view('back/dashboard')
#5 C:\xampp\htdocs\Mendez\system\CodeIgniter.php(832): App\Controllers\Dashboard->index()
#6 C:\xampp\htdocs\Mendez\system\CodeIgniter.php(419): CodeIgniter\CodeIgniter->runController(Object(App\Controllers\Dashboard))
#7 C:\xampp\htdocs\Mendez\system\CodeIgniter.php(326): CodeIgniter\CodeIgniter->handleRequest(NULL, Object(Config\Cache), false)
#8 C:\xampp\htdocs\Mendez\index.php(37): CodeIgniter\CodeIgniter->run()
#9 {main}
CRITICAL - 2022-06-03 14:54:24 --> Undefined variable: bd
#0 C:\xampp\htdocs\Mendez\app\Views\back\dashboard.php(3): CodeIgniter\Debug\Exceptions->errorHandler(8, 'Undefined varia...', 'C:\\xampp\\htdocs...', 3, Array)
#1 C:\xampp\htdocs\Mendez\system\View\View.php(210): include('C:\\xampp\\htdocs...')
#2 C:\xampp\htdocs\Mendez\system\View\View.php(213): CodeIgniter\View\View->CodeIgniter\View\{closure}()
#3 C:\xampp\htdocs\Mendez\system\Common.php(1089): CodeIgniter\View\View->render('back/dashboard', Array, true)
#4 C:\xampp\htdocs\Mendez\app\Controllers\Dashboard.php(14): view('back/dashboard')
#5 C:\xampp\htdocs\Mendez\system\CodeIgniter.php(832): App\Controllers\Dashboard->index()
#6 C:\xampp\htdocs\Mendez\system\CodeIgniter.php(419): CodeIgniter\CodeIgniter->runController(Object(App\Controllers\Dashboard))
#7 C:\xampp\htdocs\Mendez\system\CodeIgniter.php(326): CodeIgniter\CodeIgniter->handleRequest(NULL, Object(Config\Cache), false)
#8 C:\xampp\htdocs\Mendez\index.php(37): CodeIgniter\CodeIgniter->run()
#9 {main}
CRITICAL - 2022-06-03 14:58:46 --> Undefined variable: bd
#0 C:\xampp\htdocs\Mendez\app\Views\back\dashboard.php(3): CodeIgniter\Debug\Exceptions->errorHandler(8, 'Undefined varia...', 'C:\\xampp\\htdocs...', 3, Array)
#1 C:\xampp\htdocs\Mendez\system\View\View.php(210): include('C:\\xampp\\htdocs...')
#2 C:\xampp\htdocs\Mendez\system\View\View.php(213): CodeIgniter\View\View->CodeIgniter\View\{closure}()
#3 C:\xampp\htdocs\Mendez\system\Common.php(1089): CodeIgniter\View\View->render('back/dashboard', Array, true)
#4 C:\xampp\htdocs\Mendez\app\Controllers\Dashboard.php(14): view('back/dashboard')
#5 C:\xampp\htdocs\Mendez\system\CodeIgniter.php(832): App\Controllers\Dashboard->index()
#6 C:\xampp\htdocs\Mendez\system\CodeIgniter.php(419): CodeIgniter\CodeIgniter->runController(Object(App\Controllers\Dashboard))
#7 C:\xampp\htdocs\Mendez\system\CodeIgniter.php(326): CodeIgniter\CodeIgniter->handleRequest(NULL, Object(Config\Cache), false)
#8 C:\xampp\htdocs\Mendez\index.php(37): CodeIgniter\CodeIgniter->run()
#9 {main}
CRITICAL - 2022-06-03 15:07:36 --> Undefined variable: bd
#0 C:\xampp\htdocs\Mendez\app\Views\back\dashboard.php(3): CodeIgniter\Debug\Exceptions->errorHandler(8, 'Undefined varia...', 'C:\\xampp\\htdocs...', 3, Array)
#1 C:\xampp\htdocs\Mendez\system\View\View.php(210): include('C:\\xampp\\htdocs...')
#2 C:\xampp\htdocs\Mendez\system\View\View.php(213): CodeIgniter\View\View->CodeIgniter\View\{closure}()
#3 C:\xampp\htdocs\Mendez\system\Common.php(1089): CodeIgniter\View\View->render('back/dashboard', Array, true)
#4 C:\xampp\htdocs\Mendez\app\Controllers\Dashboard.php(14): view('back/dashboard')
#5 C:\xampp\htdocs\Mendez\system\CodeIgniter.php(832): App\Controllers\Dashboard->index()
#6 C:\xampp\htdocs\Mendez\system\CodeIgniter.php(419): CodeIgniter\CodeIgniter->runController(Object(App\Controllers\Dashboard))
#7 C:\xampp\htdocs\Mendez\system\CodeIgniter.php(326): CodeIgniter\CodeIgniter->handleRequest(NULL, Object(Config\Cache), false)
#8 C:\xampp\htdocs\Mendez\index.php(37): CodeIgniter\CodeIgniter->run()
#9 {main}
