CRITICAL - 2022-05-16 17:59:08 --> Namespace declaration statement has to be the very first statement or after any declare call in the script
#0 [internal function]: CodeIgniter\Debug\Exceptions->shutdownHandler()
#1 {main}
CRITICAL - 2022-05-16 18:07:03 --> Invalid file: footer.php
#0 C:\xampp\htdocs\Mendez\system\View\View.php(198): CodeIgniter\Exceptions\FrameworkException::forInvalidFile('footer.php')
#1 C:\xampp\htdocs\Mendez\system\Common.php(1089): CodeIgniter\View\View->render('footer', Array, true)
#2 C:\xampp\htdocs\Mendez\app\Controllers\Login_controller.php(13): view('footer')
#3 C:\xampp\htdocs\Mendez\system\CodeIgniter.php(832): App\Controllers\Login_controller->create()
#4 C:\xampp\htdocs\Mendez\system\CodeIgniter.php(419): CodeIgniter\CodeIgniter->runController(Object(App\Controllers\Login_controller))
#5 C:\xampp\htdocs\Mendez\system\CodeIgniter.php(326): CodeIgniter\CodeIgniter->handleRequest(NULL, Object(Config\Cache), false)
#6 C:\xampp\htdocs\Mendez\index.php(37): CodeIgniter\CodeIgniter->run()
#7 {main}
CRITICAL - 2022-05-16 18:19:54 --> Call to undefined function set_value()
#0 C:\xampp\htdocs\Mendez\system\View\View.php(210): include()
#1 C:\xampp\htdocs\Mendez\system\View\View.php(213): CodeIgniter\View\View->CodeIgniter\View\{closure}()
#2 C:\xampp\htdocs\Mendez\system\Common.php(1089): CodeIgniter\View\View->render('back/login', Array, true)
#3 C:\xampp\htdocs\Mendez\app\Controllers\Login_controller.php(14): view('back/login')
#4 C:\xampp\htdocs\Mendez\system\CodeIgniter.php(832): App\Controllers\Login_controller->create()
#5 C:\xampp\htdocs\Mendez\system\CodeIgniter.php(419): CodeIgniter\CodeIgniter->runController(Object(App\Controllers\Login_controller))
#6 C:\xampp\htdocs\Mendez\system\CodeIgniter.php(326): CodeIgniter\CodeIgniter->handleRequest(NULL, Object(Config\Cache), false)
#7 C:\xampp\htdocs\Mendez\index.php(37): CodeIgniter\CodeIgniter->run()
#8 {main}
