CRITICAL - 2022-04-09 19:46:17 --> Use of undefined constant nav_view - assumed 'nav_view' (this will throw an Error in a future version of PHP)
#0 C:\xampp\htdocs\Mendez\app\Views\menu.php(1): CodeIgniter\Debug\Exceptions->errorHandler(2, 'Use of undefine...', 'C:\\xampp\\htdocs...', 1, Array)
#1 C:\xampp\htdocs\Mendez\system\View\View.php(210): include('C:\\xampp\\htdocs...')
#2 C:\xampp\htdocs\Mendez\system\View\View.php(213): CodeIgniter\View\View->CodeIgniter\View\{closure}()
#3 C:\xampp\htdocs\Mendez\system\Common.php(1089): CodeIgniter\View\View->render('menu', Array, true)
#4 C:\xampp\htdocs\Mendez\app\Controllers\Home.php(10): view('menu', Array)
#5 C:\xampp\htdocs\Mendez\system\CodeIgniter.php(832): App\Controllers\Home->index()
#6 C:\xampp\htdocs\Mendez\system\CodeIgniter.php(419): CodeIgniter\CodeIgniter->runController(Object(App\Controllers\Home))
#7 C:\xampp\htdocs\Mendez\system\CodeIgniter.php(326): CodeIgniter\CodeIgniter->handleRequest(NULL, Object(Config\Cache), false)
#8 C:\xampp\htdocs\Mendez\index.php(37): CodeIgniter\CodeIgniter->run()
#9 {main}
CRITICAL - 2022-04-09 19:47:23 --> Use of undefined constant nav_view - assumed 'nav_view' (this will throw an Error in a future version of PHP)
#0 C:\xampp\htdocs\Mendez\app\Views\menu.php(1): CodeIgniter\Debug\Exceptions->errorHandler(2, 'Use of undefine...', 'C:\\xampp\\htdocs...', 1, Array)
#1 C:\xampp\htdocs\Mendez\system\View\View.php(210): include('C:\\xampp\\htdocs...')
#2 C:\xampp\htdocs\Mendez\system\View\View.php(213): CodeIgniter\View\View->CodeIgniter\View\{closure}()
#3 C:\xampp\htdocs\Mendez\system\Common.php(1089): CodeIgniter\View\View->render('menu', Array, true)
#4 C:\xampp\htdocs\Mendez\app\Controllers\Home.php(10): view('menu', Array)
#5 C:\xampp\htdocs\Mendez\system\CodeIgniter.php(832): App\Controllers\Home->index()
#6 C:\xampp\htdocs\Mendez\system\CodeIgniter.php(419): CodeIgniter\CodeIgniter->runController(Object(App\Controllers\Home))
#7 C:\xampp\htdocs\Mendez\system\CodeIgniter.php(326): CodeIgniter\CodeIgniter->handleRequest(NULL, Object(Config\Cache), false)
#8 C:\xampp\htdocs\Mendez\index.php(37): CodeIgniter\CodeIgniter->run()
#9 {main}
CRITICAL - 2022-04-09 19:47:24 --> Use of undefined constant nav_view - assumed 'nav_view' (this will throw an Error in a future version of PHP)
#0 C:\xampp\htdocs\Mendez\app\Views\menu.php(1): CodeIgniter\Debug\Exceptions->errorHandler(2, 'Use of undefine...', 'C:\\xampp\\htdocs...', 1, Array)
#1 C:\xampp\htdocs\Mendez\system\View\View.php(210): include('C:\\xampp\\htdocs...')
#2 C:\xampp\htdocs\Mendez\system\View\View.php(213): CodeIgniter\View\View->CodeIgniter\View\{closure}()
#3 C:\xampp\htdocs\Mendez\system\Common.php(1089): CodeIgniter\View\View->render('menu', Array, true)
#4 C:\xampp\htdocs\Mendez\app\Controllers\Home.php(10): view('menu', Array)
#5 C:\xampp\htdocs\Mendez\system\CodeIgniter.php(832): App\Controllers\Home->index()
#6 C:\xampp\htdocs\Mendez\system\CodeIgniter.php(419): CodeIgniter\CodeIgniter->runController(Object(App\Controllers\Home))
#7 C:\xampp\htdocs\Mendez\system\CodeIgniter.php(326): CodeIgniter\CodeIgniter->handleRequest(NULL, Object(Config\Cache), false)
#8 C:\xampp\htdocs\Mendez\index.php(37): CodeIgniter\CodeIgniter->run()
#9 {main}
