CRITICAL - 2022-06-20 22:12:27 --> Undefined variable: session
#0 C:\xampp\htdocs\Mendez\app\Controllers\Cart_controller.php(70): CodeIgniter\Debug\Exceptions->errorHandler(8, 'Undefined varia...', 'C:\\xampp\\htdocs...', 70, Array)
#1 C:\xampp\htdocs\Mendez\system\CodeIgniter.php(832): App\Controllers\Cart_controller->comprar_carrito()
#2 C:\xampp\htdocs\Mendez\system\CodeIgniter.php(419): CodeIgniter\CodeIgniter->runController(Object(App\Controllers\Cart_controller))
#3 C:\xampp\htdocs\Mendez\system\CodeIgniter.php(326): CodeIgniter\CodeIgniter->handleRequest(NULL, Object(Config\Cache), false)
#4 C:\xampp\htdocs\Mendez\index.php(37): CodeIgniter\CodeIgniter->run()
#5 {main}
CRITICAL - 2022-06-20 22:13:54 --> Undefined variable: session
#0 C:\xampp\htdocs\Mendez\app\Controllers\Cart_controller.php(70): CodeIgniter\Debug\Exceptions->errorHandler(8, 'Undefined varia...', 'C:\\xampp\\htdocs...', 70, Array)
#1 C:\xampp\htdocs\Mendez\system\CodeIgniter.php(832): App\Controllers\Cart_controller->comprar_carrito()
#2 C:\xampp\htdocs\Mendez\system\CodeIgniter.php(419): CodeIgniter\CodeIgniter->runController(Object(App\Controllers\Cart_controller))
#3 C:\xampp\htdocs\Mendez\system\CodeIgniter.php(326): CodeIgniter\CodeIgniter->handleRequest(NULL, Object(Config\Cache), false)
#4 C:\xampp\htdocs\Mendez\index.php(37): CodeIgniter\CodeIgniter->run()
#5 {main}
CRITICAL - 2022-06-20 22:16:26 --> Cannot use object of type CodeIgniter\Session\Session as array
#0 C:\xampp\htdocs\Mendez\system\CodeIgniter.php(832): App\Controllers\Cart_controller->comprar_carrito()
#1 C:\xampp\htdocs\Mendez\system\CodeIgniter.php(419): CodeIgniter\CodeIgniter->runController(Object(App\Controllers\Cart_controller))
#2 C:\xampp\htdocs\Mendez\system\CodeIgniter.php(326): CodeIgniter\CodeIgniter->handleRequest(NULL, Object(Config\Cache), false)
#3 C:\xampp\htdocs\Mendez\index.php(37): CodeIgniter\CodeIgniter->run()
#4 {main}
CRITICAL - 2022-06-20 22:16:35 --> Cannot use object of type CodeIgniter\Session\Session as array
#0 C:\xampp\htdocs\Mendez\system\CodeIgniter.php(832): App\Controllers\Cart_controller->comprar_carrito()
#1 C:\xampp\htdocs\Mendez\system\CodeIgniter.php(419): CodeIgniter\CodeIgniter->runController(Object(App\Controllers\Cart_controller))
#2 C:\xampp\htdocs\Mendez\system\CodeIgniter.php(326): CodeIgniter\CodeIgniter->handleRequest(NULL, Object(Config\Cache), false)
#3 C:\xampp\htdocs\Mendez\index.php(37): CodeIgniter\CodeIgniter->run()
#4 {main}
CRITICAL - 2022-06-20 22:19:12 --> syntax error, unexpected '{', expecting '('
#0 C:\xampp\htdocs\Mendez\system\Router\Router.php(175): CodeIgniter\Router\Router->autoRoute('Cart_controller...')
#1 C:\xampp\htdocs\Mendez\system\CodeIgniter.php(726): CodeIgniter\Router\Router->handle('Cart_controller...')
#2 C:\xampp\htdocs\Mendez\system\CodeIgniter.php(368): CodeIgniter\CodeIgniter->tryToRouteIt(Object(CodeIgniter\Router\RouteCollection))
#3 C:\xampp\htdocs\Mendez\system\CodeIgniter.php(326): CodeIgniter\CodeIgniter->handleRequest(NULL, Object(Config\Cache), false)
#4 C:\xampp\htdocs\Mendez\index.php(37): CodeIgniter\CodeIgniter->run()
#5 {main}
CRITICAL - 2022-06-20 22:19:12 --> syntax error, unexpected '{', expecting '('
#0 C:\xampp\htdocs\Mendez\system\Router\Router.php(175): CodeIgniter\Router\Router->autoRoute('Cart_controller...')
#1 C:\xampp\htdocs\Mendez\system\CodeIgniter.php(726): CodeIgniter\Router\Router->handle('Cart_controller...')
#2 C:\xampp\htdocs\Mendez\system\CodeIgniter.php(368): CodeIgniter\CodeIgniter->tryToRouteIt(Object(CodeIgniter\Router\RouteCollection))
#3 C:\xampp\htdocs\Mendez\system\CodeIgniter.php(326): CodeIgniter\CodeIgniter->handleRequest(NULL, Object(Config\Cache), false)
#4 C:\xampp\htdocs\Mendez\index.php(37): CodeIgniter\CodeIgniter->run()
#5 {main}
CRITICAL - 2022-06-20 22:19:13 --> syntax error, unexpected '{', expecting '('
#0 C:\xampp\htdocs\Mendez\system\Router\Router.php(175): CodeIgniter\Router\Router->autoRoute('Cart_controller...')
#1 C:\xampp\htdocs\Mendez\system\CodeIgniter.php(726): CodeIgniter\Router\Router->handle('Cart_controller...')
#2 C:\xampp\htdocs\Mendez\system\CodeIgniter.php(368): CodeIgniter\CodeIgniter->tryToRouteIt(Object(CodeIgniter\Router\RouteCollection))
#3 C:\xampp\htdocs\Mendez\system\CodeIgniter.php(326): CodeIgniter\CodeIgniter->handleRequest(NULL, Object(Config\Cache), false)
#4 C:\xampp\htdocs\Mendez\index.php(37): CodeIgniter\CodeIgniter->run()
#5 {main}
CRITICAL - 2022-06-20 22:19:13 --> syntax error, unexpected '{', expecting '('
#0 C:\xampp\htdocs\Mendez\system\Router\Router.php(175): CodeIgniter\Router\Router->autoRoute('Cart_controller...')
#1 C:\xampp\htdocs\Mendez\system\CodeIgniter.php(726): CodeIgniter\Router\Router->handle('Cart_controller...')
#2 C:\xampp\htdocs\Mendez\system\CodeIgniter.php(368): CodeIgniter\CodeIgniter->tryToRouteIt(Object(CodeIgniter\Router\RouteCollection))
#3 C:\xampp\htdocs\Mendez\system\CodeIgniter.php(326): CodeIgniter\CodeIgniter->handleRequest(NULL, Object(Config\Cache), false)
#4 C:\xampp\htdocs\Mendez\index.php(37): CodeIgniter\CodeIgniter->run()
#5 {main}
CRITICAL - 2022-06-20 22:19:13 --> syntax error, unexpected '{', expecting '('
#0 C:\xampp\htdocs\Mendez\system\Router\Router.php(175): CodeIgniter\Router\Router->autoRoute('Cart_controller...')
#1 C:\xampp\htdocs\Mendez\system\CodeIgniter.php(726): CodeIgniter\Router\Router->handle('Cart_controller...')
#2 C:\xampp\htdocs\Mendez\system\CodeIgniter.php(368): CodeIgniter\CodeIgniter->tryToRouteIt(Object(CodeIgniter\Router\RouteCollection))
#3 C:\xampp\htdocs\Mendez\system\CodeIgniter.php(326): CodeIgniter\CodeIgniter->handleRequest(NULL, Object(Config\Cache), false)
#4 C:\xampp\htdocs\Mendez\index.php(37): CodeIgniter\CodeIgniter->run()
#5 {main}
CRITICAL - 2022-06-20 22:19:13 --> syntax error, unexpected '{', expecting '('
#0 C:\xampp\htdocs\Mendez\system\Router\Router.php(175): CodeIgniter\Router\Router->autoRoute('Cart_controller...')
#1 C:\xampp\htdocs\Mendez\system\CodeIgniter.php(726): CodeIgniter\Router\Router->handle('Cart_controller...')
#2 C:\xampp\htdocs\Mendez\system\CodeIgniter.php(368): CodeIgniter\CodeIgniter->tryToRouteIt(Object(CodeIgniter\Router\RouteCollection))
#3 C:\xampp\htdocs\Mendez\system\CodeIgniter.php(326): CodeIgniter\CodeIgniter->handleRequest(NULL, Object(Config\Cache), false)
#4 C:\xampp\htdocs\Mendez\index.php(37): CodeIgniter\CodeIgniter->run()
#5 {main}
CRITICAL - 2022-06-20 22:19:14 --> syntax error, unexpected '{', expecting '('
#0 C:\xampp\htdocs\Mendez\system\Router\Router.php(175): CodeIgniter\Router\Router->autoRoute('Cart_controller...')
#1 C:\xampp\htdocs\Mendez\system\CodeIgniter.php(726): CodeIgniter\Router\Router->handle('Cart_controller...')
#2 C:\xampp\htdocs\Mendez\system\CodeIgniter.php(368): CodeIgniter\CodeIgniter->tryToRouteIt(Object(CodeIgniter\Router\RouteCollection))
#3 C:\xampp\htdocs\Mendez\system\CodeIgniter.php(326): CodeIgniter\CodeIgniter->handleRequest(NULL, Object(Config\Cache), false)
#4 C:\xampp\htdocs\Mendez\index.php(37): CodeIgniter\CodeIgniter->run()
#5 {main}
CRITICAL - 2022-06-20 22:19:14 --> syntax error, unexpected '{', expecting '('
#0 C:\xampp\htdocs\Mendez\system\Router\Router.php(175): CodeIgniter\Router\Router->autoRoute('Cart_controller...')
#1 C:\xampp\htdocs\Mendez\system\CodeIgniter.php(726): CodeIgniter\Router\Router->handle('Cart_controller...')
#2 C:\xampp\htdocs\Mendez\system\CodeIgniter.php(368): CodeIgniter\CodeIgniter->tryToRouteIt(Object(CodeIgniter\Router\RouteCollection))
#3 C:\xampp\htdocs\Mendez\system\CodeIgniter.php(326): CodeIgniter\CodeIgniter->handleRequest(NULL, Object(Config\Cache), false)
#4 C:\xampp\htdocs\Mendez\index.php(37): CodeIgniter\CodeIgniter->run()
#5 {main}
CRITICAL - 2022-06-20 22:19:29 --> syntax error, unexpected 'echo' (T_ECHO)
#0 C:\xampp\htdocs\Mendez\system\Router\Router.php(175): CodeIgniter\Router\Router->autoRoute('Cart_controller...')
#1 C:\xampp\htdocs\Mendez\system\CodeIgniter.php(726): CodeIgniter\Router\Router->handle('Cart_controller...')
#2 C:\xampp\htdocs\Mendez\system\CodeIgniter.php(368): CodeIgniter\CodeIgniter->tryToRouteIt(Object(CodeIgniter\Router\RouteCollection))
#3 C:\xampp\htdocs\Mendez\system\CodeIgniter.php(326): CodeIgniter\CodeIgniter->handleRequest(NULL, Object(Config\Cache), false)
#4 C:\xampp\htdocs\Mendez\index.php(37): CodeIgniter\CodeIgniter->run()
#5 {main}
CRITICAL - 2022-06-20 22:19:49 --> syntax error, unexpected 'echo' (T_ECHO)
#0 C:\xampp\htdocs\Mendez\system\Router\Router.php(175): CodeIgniter\Router\Router->autoRoute('Cart_controller...')
#1 C:\xampp\htdocs\Mendez\system\CodeIgniter.php(726): CodeIgniter\Router\Router->handle('Cart_controller...')
#2 C:\xampp\htdocs\Mendez\system\CodeIgniter.php(368): CodeIgniter\CodeIgniter->tryToRouteIt(Object(CodeIgniter\Router\RouteCollection))
#3 C:\xampp\htdocs\Mendez\system\CodeIgniter.php(326): CodeIgniter\CodeIgniter->handleRequest(NULL, Object(Config\Cache), false)
#4 C:\xampp\htdocs\Mendez\index.php(37): CodeIgniter\CodeIgniter->run()
#5 {main}
CRITICAL - 2022-06-20 22:20:31 --> syntax error, unexpected 'echo' (T_ECHO)
#0 C:\xampp\htdocs\Mendez\system\Router\Router.php(175): CodeIgniter\Router\Router->autoRoute('Cart_controller...')
#1 C:\xampp\htdocs\Mendez\system\CodeIgniter.php(726): CodeIgniter\Router\Router->handle('Cart_controller...')
#2 C:\xampp\htdocs\Mendez\system\CodeIgniter.php(368): CodeIgniter\CodeIgniter->tryToRouteIt(Object(CodeIgniter\Router\RouteCollection))
#3 C:\xampp\htdocs\Mendez\system\CodeIgniter.php(326): CodeIgniter\CodeIgniter->handleRequest(NULL, Object(Config\Cache), false)
#4 C:\xampp\htdocs\Mendez\index.php(37): CodeIgniter\CodeIgniter->run()
#5 {main}
CRITICAL - 2022-06-20 22:20:31 --> syntax error, unexpected 'echo' (T_ECHO)
#0 C:\xampp\htdocs\Mendez\system\Router\Router.php(175): CodeIgniter\Router\Router->autoRoute('Cart_controller...')
#1 C:\xampp\htdocs\Mendez\system\CodeIgniter.php(726): CodeIgniter\Router\Router->handle('Cart_controller...')
#2 C:\xampp\htdocs\Mendez\system\CodeIgniter.php(368): CodeIgniter\CodeIgniter->tryToRouteIt(Object(CodeIgniter\Router\RouteCollection))
#3 C:\xampp\htdocs\Mendez\system\CodeIgniter.php(326): CodeIgniter\CodeIgniter->handleRequest(NULL, Object(Config\Cache), false)
#4 C:\xampp\htdocs\Mendez\index.php(37): CodeIgniter\CodeIgniter->run()
#5 {main}
CRITICAL - 2022-06-20 22:20:31 --> syntax error, unexpected 'echo' (T_ECHO)
#0 C:\xampp\htdocs\Mendez\system\Router\Router.php(175): CodeIgniter\Router\Router->autoRoute('Cart_controller...')
#1 C:\xampp\htdocs\Mendez\system\CodeIgniter.php(726): CodeIgniter\Router\Router->handle('Cart_controller...')
#2 C:\xampp\htdocs\Mendez\system\CodeIgniter.php(368): CodeIgniter\CodeIgniter->tryToRouteIt(Object(CodeIgniter\Router\RouteCollection))
#3 C:\xampp\htdocs\Mendez\system\CodeIgniter.php(326): CodeIgniter\CodeIgniter->handleRequest(NULL, Object(Config\Cache), false)
#4 C:\xampp\htdocs\Mendez\index.php(37): CodeIgniter\CodeIgniter->run()
#5 {main}
CRITICAL - 2022-06-20 22:20:32 --> syntax error, unexpected 'echo' (T_ECHO)
#0 C:\xampp\htdocs\Mendez\system\Router\Router.php(175): CodeIgniter\Router\Router->autoRoute('Cart_controller...')
#1 C:\xampp\htdocs\Mendez\system\CodeIgniter.php(726): CodeIgniter\Router\Router->handle('Cart_controller...')
#2 C:\xampp\htdocs\Mendez\system\CodeIgniter.php(368): CodeIgniter\CodeIgniter->tryToRouteIt(Object(CodeIgniter\Router\RouteCollection))
#3 C:\xampp\htdocs\Mendez\system\CodeIgniter.php(326): CodeIgniter\CodeIgniter->handleRequest(NULL, Object(Config\Cache), false)
#4 C:\xampp\htdocs\Mendez\index.php(37): CodeIgniter\CodeIgniter->run()
#5 {main}
CRITICAL - 2022-06-20 22:20:32 --> syntax error, unexpected 'echo' (T_ECHO)
#0 C:\xampp\htdocs\Mendez\system\Router\Router.php(175): CodeIgniter\Router\Router->autoRoute('Cart_controller...')
#1 C:\xampp\htdocs\Mendez\system\CodeIgniter.php(726): CodeIgniter\Router\Router->handle('Cart_controller...')
#2 C:\xampp\htdocs\Mendez\system\CodeIgniter.php(368): CodeIgniter\CodeIgniter->tryToRouteIt(Object(CodeIgniter\Router\RouteCollection))
#3 C:\xampp\htdocs\Mendez\system\CodeIgniter.php(326): CodeIgniter\CodeIgniter->handleRequest(NULL, Object(Config\Cache), false)
#4 C:\xampp\htdocs\Mendez\index.php(37): CodeIgniter\CodeIgniter->run()
#5 {main}
CRITICAL - 2022-06-20 22:20:32 --> syntax error, unexpected 'echo' (T_ECHO)
#0 C:\xampp\htdocs\Mendez\system\Router\Router.php(175): CodeIgniter\Router\Router->autoRoute('Cart_controller...')
#1 C:\xampp\htdocs\Mendez\system\CodeIgniter.php(726): CodeIgniter\Router\Router->handle('Cart_controller...')
#2 C:\xampp\htdocs\Mendez\system\CodeIgniter.php(368): CodeIgniter\CodeIgniter->tryToRouteIt(Object(CodeIgniter\Router\RouteCollection))
#3 C:\xampp\htdocs\Mendez\system\CodeIgniter.php(326): CodeIgniter\CodeIgniter->handleRequest(NULL, Object(Config\Cache), false)
#4 C:\xampp\htdocs\Mendez\index.php(37): CodeIgniter\CodeIgniter->run()
#5 {main}
CRITICAL - 2022-06-20 22:20:33 --> syntax error, unexpected 'echo' (T_ECHO)
#0 C:\xampp\htdocs\Mendez\system\Router\Router.php(175): CodeIgniter\Router\Router->autoRoute('Cart_controller...')
#1 C:\xampp\htdocs\Mendez\system\CodeIgniter.php(726): CodeIgniter\Router\Router->handle('Cart_controller...')
#2 C:\xampp\htdocs\Mendez\system\CodeIgniter.php(368): CodeIgniter\CodeIgniter->tryToRouteIt(Object(CodeIgniter\Router\RouteCollection))
#3 C:\xampp\htdocs\Mendez\system\CodeIgniter.php(326): CodeIgniter\CodeIgniter->handleRequest(NULL, Object(Config\Cache), false)
#4 C:\xampp\htdocs\Mendez\index.php(37): CodeIgniter\CodeIgniter->run()
#5 {main}
CRITICAL - 2022-06-20 22:21:17 --> syntax error, unexpected '$data' (T_VARIABLE)
#0 C:\xampp\htdocs\Mendez\system\Router\Router.php(175): CodeIgniter\Router\Router->autoRoute('Cart_controller...')
#1 C:\xampp\htdocs\Mendez\system\CodeIgniter.php(726): CodeIgniter\Router\Router->handle('Cart_controller...')
#2 C:\xampp\htdocs\Mendez\system\CodeIgniter.php(368): CodeIgniter\CodeIgniter->tryToRouteIt(Object(CodeIgniter\Router\RouteCollection))
#3 C:\xampp\htdocs\Mendez\system\CodeIgniter.php(326): CodeIgniter\CodeIgniter->handleRequest(NULL, Object(Config\Cache), false)
#4 C:\xampp\htdocs\Mendez\index.php(37): CodeIgniter\CodeIgniter->run()
#5 {main}
CRITICAL - 2022-06-20 22:22:18 --> syntax error, unexpected '$data' (T_VARIABLE)
#0 C:\xampp\htdocs\Mendez\system\Router\Router.php(175): CodeIgniter\Router\Router->autoRoute('Cart_controller...')
#1 C:\xampp\htdocs\Mendez\system\CodeIgniter.php(726): CodeIgniter\Router\Router->handle('Cart_controller...')
#2 C:\xampp\htdocs\Mendez\system\CodeIgniter.php(368): CodeIgniter\CodeIgniter->tryToRouteIt(Object(CodeIgniter\Router\RouteCollection))
#3 C:\xampp\htdocs\Mendez\system\CodeIgniter.php(326): CodeIgniter\CodeIgniter->handleRequest(NULL, Object(Config\Cache), false)
#4 C:\xampp\htdocs\Mendez\index.php(37): CodeIgniter\CodeIgniter->run()
#5 {main}
CRITICAL - 2022-06-20 22:22:19 --> syntax error, unexpected '$data' (T_VARIABLE)
#0 C:\xampp\htdocs\Mendez\system\Router\Router.php(175): CodeIgniter\Router\Router->autoRoute('Cart_controller...')
#1 C:\xampp\htdocs\Mendez\system\CodeIgniter.php(726): CodeIgniter\Router\Router->handle('Cart_controller...')
#2 C:\xampp\htdocs\Mendez\system\CodeIgniter.php(368): CodeIgniter\CodeIgniter->tryToRouteIt(Object(CodeIgniter\Router\RouteCollection))
#3 C:\xampp\htdocs\Mendez\system\CodeIgniter.php(326): CodeIgniter\CodeIgniter->handleRequest(NULL, Object(Config\Cache), false)
#4 C:\xampp\htdocs\Mendez\index.php(37): CodeIgniter\CodeIgniter->run()
#5 {main}
CRITICAL - 2022-06-20 22:22:19 --> syntax error, unexpected '$data' (T_VARIABLE)
#0 C:\xampp\htdocs\Mendez\system\Router\Router.php(175): CodeIgniter\Router\Router->autoRoute('Cart_controller...')
#1 C:\xampp\htdocs\Mendez\system\CodeIgniter.php(726): CodeIgniter\Router\Router->handle('Cart_controller...')
#2 C:\xampp\htdocs\Mendez\system\CodeIgniter.php(368): CodeIgniter\CodeIgniter->tryToRouteIt(Object(CodeIgniter\Router\RouteCollection))
#3 C:\xampp\htdocs\Mendez\system\CodeIgniter.php(326): CodeIgniter\CodeIgniter->handleRequest(NULL, Object(Config\Cache), false)
#4 C:\xampp\htdocs\Mendez\index.php(37): CodeIgniter\CodeIgniter->run()
#5 {main}
CRITICAL - 2022-06-20 22:22:19 --> syntax error, unexpected '$data' (T_VARIABLE)
#0 C:\xampp\htdocs\Mendez\system\Router\Router.php(175): CodeIgniter\Router\Router->autoRoute('Cart_controller...')
#1 C:\xampp\htdocs\Mendez\system\CodeIgniter.php(726): CodeIgniter\Router\Router->handle('Cart_controller...')
#2 C:\xampp\htdocs\Mendez\system\CodeIgniter.php(368): CodeIgniter\CodeIgniter->tryToRouteIt(Object(CodeIgniter\Router\RouteCollection))
#3 C:\xampp\htdocs\Mendez\system\CodeIgniter.php(326): CodeIgniter\CodeIgniter->handleRequest(NULL, Object(Config\Cache), false)
#4 C:\xampp\htdocs\Mendez\index.php(37): CodeIgniter\CodeIgniter->run()
#5 {main}
CRITICAL - 2022-06-20 22:22:19 --> syntax error, unexpected '$data' (T_VARIABLE)
#0 C:\xampp\htdocs\Mendez\system\Router\Router.php(175): CodeIgniter\Router\Router->autoRoute('Cart_controller...')
#1 C:\xampp\htdocs\Mendez\system\CodeIgniter.php(726): CodeIgniter\Router\Router->handle('Cart_controller...')
#2 C:\xampp\htdocs\Mendez\system\CodeIgniter.php(368): CodeIgniter\CodeIgniter->tryToRouteIt(Object(CodeIgniter\Router\RouteCollection))
#3 C:\xampp\htdocs\Mendez\system\CodeIgniter.php(326): CodeIgniter\CodeIgniter->handleRequest(NULL, Object(Config\Cache), false)
#4 C:\xampp\htdocs\Mendez\index.php(37): CodeIgniter\CodeIgniter->run()
#5 {main}
CRITICAL - 2022-06-20 22:22:20 --> syntax error, unexpected '$data' (T_VARIABLE)
#0 C:\xampp\htdocs\Mendez\system\Router\Router.php(175): CodeIgniter\Router\Router->autoRoute('Cart_controller...')
#1 C:\xampp\htdocs\Mendez\system\CodeIgniter.php(726): CodeIgniter\Router\Router->handle('Cart_controller...')
#2 C:\xampp\htdocs\Mendez\system\CodeIgniter.php(368): CodeIgniter\CodeIgniter->tryToRouteIt(Object(CodeIgniter\Router\RouteCollection))
#3 C:\xampp\htdocs\Mendez\system\CodeIgniter.php(326): CodeIgniter\CodeIgniter->handleRequest(NULL, Object(Config\Cache), false)
#4 C:\xampp\htdocs\Mendez\index.php(37): CodeIgniter\CodeIgniter->run()
#5 {main}
CRITICAL - 2022-06-20 22:22:20 --> syntax error, unexpected '$data' (T_VARIABLE)
#0 C:\xampp\htdocs\Mendez\system\Router\Router.php(175): CodeIgniter\Router\Router->autoRoute('Cart_controller...')
#1 C:\xampp\htdocs\Mendez\system\CodeIgniter.php(726): CodeIgniter\Router\Router->handle('Cart_controller...')
#2 C:\xampp\htdocs\Mendez\system\CodeIgniter.php(368): CodeIgniter\CodeIgniter->tryToRouteIt(Object(CodeIgniter\Router\RouteCollection))
#3 C:\xampp\htdocs\Mendez\system\CodeIgniter.php(326): CodeIgniter\CodeIgniter->handleRequest(NULL, Object(Config\Cache), false)
#4 C:\xampp\htdocs\Mendez\index.php(37): CodeIgniter\CodeIgniter->run()
#5 {main}
CRITICAL - 2022-06-20 22:22:20 --> syntax error, unexpected '$data' (T_VARIABLE)
#0 C:\xampp\htdocs\Mendez\system\Router\Router.php(175): CodeIgniter\Router\Router->autoRoute('Cart_controller...')
#1 C:\xampp\htdocs\Mendez\system\CodeIgniter.php(726): CodeIgniter\Router\Router->handle('Cart_controller...')
#2 C:\xampp\htdocs\Mendez\system\CodeIgniter.php(368): CodeIgniter\CodeIgniter->tryToRouteIt(Object(CodeIgniter\Router\RouteCollection))
#3 C:\xampp\htdocs\Mendez\system\CodeIgniter.php(326): CodeIgniter\CodeIgniter->handleRequest(NULL, Object(Config\Cache), false)
#4 C:\xampp\htdocs\Mendez\index.php(37): CodeIgniter\CodeIgniter->run()
#5 {main}
CRITICAL - 2022-06-20 22:22:52 --> syntax error, unexpected '$data' (T_VARIABLE)
#0 C:\xampp\htdocs\Mendez\system\Router\Router.php(175): CodeIgniter\Router\Router->autoRoute('Cart_controller...')
#1 C:\xampp\htdocs\Mendez\system\CodeIgniter.php(726): CodeIgniter\Router\Router->handle('Cart_controller...')
#2 C:\xampp\htdocs\Mendez\system\CodeIgniter.php(368): CodeIgniter\CodeIgniter->tryToRouteIt(Object(CodeIgniter\Router\RouteCollection))
#3 C:\xampp\htdocs\Mendez\system\CodeIgniter.php(326): CodeIgniter\CodeIgniter->handleRequest(NULL, Object(Config\Cache), false)
#4 C:\xampp\htdocs\Mendez\index.php(37): CodeIgniter\CodeIgniter->run()
#5 {main}
CRITICAL - 2022-06-20 22:22:53 --> syntax error, unexpected '$data' (T_VARIABLE)
#0 C:\xampp\htdocs\Mendez\system\Router\Router.php(175): CodeIgniter\Router\Router->autoRoute('Cart_controller...')
#1 C:\xampp\htdocs\Mendez\system\CodeIgniter.php(726): CodeIgniter\Router\Router->handle('Cart_controller...')
#2 C:\xampp\htdocs\Mendez\system\CodeIgniter.php(368): CodeIgniter\CodeIgniter->tryToRouteIt(Object(CodeIgniter\Router\RouteCollection))
#3 C:\xampp\htdocs\Mendez\system\CodeIgniter.php(326): CodeIgniter\CodeIgniter->handleRequest(NULL, Object(Config\Cache), false)
#4 C:\xampp\htdocs\Mendez\index.php(37): CodeIgniter\CodeIgniter->run()
#5 {main}
CRITICAL - 2022-06-20 22:22:53 --> syntax error, unexpected '$data' (T_VARIABLE)
#0 C:\xampp\htdocs\Mendez\system\Router\Router.php(175): CodeIgniter\Router\Router->autoRoute('Cart_controller...')
#1 C:\xampp\htdocs\Mendez\system\CodeIgniter.php(726): CodeIgniter\Router\Router->handle('Cart_controller...')
#2 C:\xampp\htdocs\Mendez\system\CodeIgniter.php(368): CodeIgniter\CodeIgniter->tryToRouteIt(Object(CodeIgniter\Router\RouteCollection))
#3 C:\xampp\htdocs\Mendez\system\CodeIgniter.php(326): CodeIgniter\CodeIgniter->handleRequest(NULL, Object(Config\Cache), false)
#4 C:\xampp\htdocs\Mendez\index.php(37): CodeIgniter\CodeIgniter->run()
#5 {main}
CRITICAL - 2022-06-20 22:22:53 --> syntax error, unexpected '$data' (T_VARIABLE)
#0 C:\xampp\htdocs\Mendez\system\Router\Router.php(175): CodeIgniter\Router\Router->autoRoute('Cart_controller...')
#1 C:\xampp\htdocs\Mendez\system\CodeIgniter.php(726): CodeIgniter\Router\Router->handle('Cart_controller...')
#2 C:\xampp\htdocs\Mendez\system\CodeIgniter.php(368): CodeIgniter\CodeIgniter->tryToRouteIt(Object(CodeIgniter\Router\RouteCollection))
#3 C:\xampp\htdocs\Mendez\system\CodeIgniter.php(326): CodeIgniter\CodeIgniter->handleRequest(NULL, Object(Config\Cache), false)
#4 C:\xampp\htdocs\Mendez\index.php(37): CodeIgniter\CodeIgniter->run()
#5 {main}
CRITICAL - 2022-06-20 22:23:06 --> syntax error, unexpected 'echo' (T_ECHO)
#0 C:\xampp\htdocs\Mendez\system\Router\Router.php(175): CodeIgniter\Router\Router->autoRoute('Cart_controller...')
#1 C:\xampp\htdocs\Mendez\system\CodeIgniter.php(726): CodeIgniter\Router\Router->handle('Cart_controller...')
#2 C:\xampp\htdocs\Mendez\system\CodeIgniter.php(368): CodeIgniter\CodeIgniter->tryToRouteIt(Object(CodeIgniter\Router\RouteCollection))
#3 C:\xampp\htdocs\Mendez\system\CodeIgniter.php(326): CodeIgniter\CodeIgniter->handleRequest(NULL, Object(Config\Cache), false)
#4 C:\xampp\htdocs\Mendez\index.php(37): CodeIgniter\CodeIgniter->run()
#5 {main}
CRITICAL - 2022-06-20 22:23:06 --> syntax error, unexpected 'echo' (T_ECHO)
#0 C:\xampp\htdocs\Mendez\system\Router\Router.php(175): CodeIgniter\Router\Router->autoRoute('Cart_controller...')
#1 C:\xampp\htdocs\Mendez\system\CodeIgniter.php(726): CodeIgniter\Router\Router->handle('Cart_controller...')
#2 C:\xampp\htdocs\Mendez\system\CodeIgniter.php(368): CodeIgniter\CodeIgniter->tryToRouteIt(Object(CodeIgniter\Router\RouteCollection))
#3 C:\xampp\htdocs\Mendez\system\CodeIgniter.php(326): CodeIgniter\CodeIgniter->handleRequest(NULL, Object(Config\Cache), false)
#4 C:\xampp\htdocs\Mendez\index.php(37): CodeIgniter\CodeIgniter->run()
#5 {main}
CRITICAL - 2022-06-20 22:23:07 --> syntax error, unexpected 'echo' (T_ECHO)
#0 C:\xampp\htdocs\Mendez\system\Router\Router.php(175): CodeIgniter\Router\Router->autoRoute('Cart_controller...')
#1 C:\xampp\htdocs\Mendez\system\CodeIgniter.php(726): CodeIgniter\Router\Router->handle('Cart_controller...')
#2 C:\xampp\htdocs\Mendez\system\CodeIgniter.php(368): CodeIgniter\CodeIgniter->tryToRouteIt(Object(CodeIgniter\Router\RouteCollection))
#3 C:\xampp\htdocs\Mendez\system\CodeIgniter.php(326): CodeIgniter\CodeIgniter->handleRequest(NULL, Object(Config\Cache), false)
#4 C:\xampp\htdocs\Mendez\index.php(37): CodeIgniter\CodeIgniter->run()
#5 {main}
CRITICAL - 2022-06-20 22:23:07 --> syntax error, unexpected 'echo' (T_ECHO)
#0 C:\xampp\htdocs\Mendez\system\Router\Router.php(175): CodeIgniter\Router\Router->autoRoute('Cart_controller...')
#1 C:\xampp\htdocs\Mendez\system\CodeIgniter.php(726): CodeIgniter\Router\Router->handle('Cart_controller...')
#2 C:\xampp\htdocs\Mendez\system\CodeIgniter.php(368): CodeIgniter\CodeIgniter->tryToRouteIt(Object(CodeIgniter\Router\RouteCollection))
#3 C:\xampp\htdocs\Mendez\system\CodeIgniter.php(326): CodeIgniter\CodeIgniter->handleRequest(NULL, Object(Config\Cache), false)
#4 C:\xampp\htdocs\Mendez\index.php(37): CodeIgniter\CodeIgniter->run()
#5 {main}
CRITICAL - 2022-06-20 22:23:07 --> syntax error, unexpected 'echo' (T_ECHO)
#0 C:\xampp\htdocs\Mendez\system\Router\Router.php(175): CodeIgniter\Router\Router->autoRoute('Cart_controller...')
#1 C:\xampp\htdocs\Mendez\system\CodeIgniter.php(726): CodeIgniter\Router\Router->handle('Cart_controller...')
#2 C:\xampp\htdocs\Mendez\system\CodeIgniter.php(368): CodeIgniter\CodeIgniter->tryToRouteIt(Object(CodeIgniter\Router\RouteCollection))
#3 C:\xampp\htdocs\Mendez\system\CodeIgniter.php(326): CodeIgniter\CodeIgniter->handleRequest(NULL, Object(Config\Cache), false)
#4 C:\xampp\htdocs\Mendez\index.php(37): CodeIgniter\CodeIgniter->run()
#5 {main}
CRITICAL - 2022-06-20 22:23:08 --> syntax error, unexpected 'echo' (T_ECHO)
#0 C:\xampp\htdocs\Mendez\system\Router\Router.php(175): CodeIgniter\Router\Router->autoRoute('Cart_controller...')
#1 C:\xampp\htdocs\Mendez\system\CodeIgniter.php(726): CodeIgniter\Router\Router->handle('Cart_controller...')
#2 C:\xampp\htdocs\Mendez\system\CodeIgniter.php(368): CodeIgniter\CodeIgniter->tryToRouteIt(Object(CodeIgniter\Router\RouteCollection))
#3 C:\xampp\htdocs\Mendez\system\CodeIgniter.php(326): CodeIgniter\CodeIgniter->handleRequest(NULL, Object(Config\Cache), false)
#4 C:\xampp\htdocs\Mendez\index.php(37): CodeIgniter\CodeIgniter->run()
#5 {main}
CRITICAL - 2022-06-20 22:26:31 --> syntax error, unexpected 'return' (T_RETURN)
#0 C:\xampp\htdocs\Mendez\system\Router\Router.php(175): CodeIgniter\Router\Router->autoRoute('Cart_controller...')
#1 C:\xampp\htdocs\Mendez\system\CodeIgniter.php(726): CodeIgniter\Router\Router->handle('Cart_controller...')
#2 C:\xampp\htdocs\Mendez\system\CodeIgniter.php(368): CodeIgniter\CodeIgniter->tryToRouteIt(Object(CodeIgniter\Router\RouteCollection))
#3 C:\xampp\htdocs\Mendez\system\CodeIgniter.php(326): CodeIgniter\CodeIgniter->handleRequest(NULL, Object(Config\Cache), false)
#4 C:\xampp\htdocs\Mendez\index.php(37): CodeIgniter\CodeIgniter->run()
#5 {main}
CRITICAL - 2022-06-20 22:27:08 --> Cannot use object of type CodeIgniter\Session\Session as array
#0 C:\xampp\htdocs\Mendez\system\CodeIgniter.php(832): App\Controllers\Cart_controller->comprar_carrito()
#1 C:\xampp\htdocs\Mendez\system\CodeIgniter.php(419): CodeIgniter\CodeIgniter->runController(Object(App\Controllers\Cart_controller))
#2 C:\xampp\htdocs\Mendez\system\CodeIgniter.php(326): CodeIgniter\CodeIgniter->handleRequest(NULL, Object(Config\Cache), false)
#3 C:\xampp\htdocs\Mendez\index.php(37): CodeIgniter\CodeIgniter->run()
#4 {main}
CRITICAL - 2022-06-20 22:27:09 --> Cannot use object of type CodeIgniter\Session\Session as array
#0 C:\xampp\htdocs\Mendez\system\CodeIgniter.php(832): App\Controllers\Cart_controller->comprar_carrito()
#1 C:\xampp\htdocs\Mendez\system\CodeIgniter.php(419): CodeIgniter\CodeIgniter->runController(Object(App\Controllers\Cart_controller))
#2 C:\xampp\htdocs\Mendez\system\CodeIgniter.php(326): CodeIgniter\CodeIgniter->handleRequest(NULL, Object(Config\Cache), false)
#3 C:\xampp\htdocs\Mendez\index.php(37): CodeIgniter\CodeIgniter->run()
#4 {main}
CRITICAL - 2022-06-20 22:27:09 --> Cannot use object of type CodeIgniter\Session\Session as array
#0 C:\xampp\htdocs\Mendez\system\CodeIgniter.php(832): App\Controllers\Cart_controller->comprar_carrito()
#1 C:\xampp\htdocs\Mendez\system\CodeIgniter.php(419): CodeIgniter\CodeIgniter->runController(Object(App\Controllers\Cart_controller))
#2 C:\xampp\htdocs\Mendez\system\CodeIgniter.php(326): CodeIgniter\CodeIgniter->handleRequest(NULL, Object(Config\Cache), false)
#3 C:\xampp\htdocs\Mendez\index.php(37): CodeIgniter\CodeIgniter->run()
#4 {main}
CRITICAL - 2022-06-20 22:27:09 --> Cannot use object of type CodeIgniter\Session\Session as array
#0 C:\xampp\htdocs\Mendez\system\CodeIgniter.php(832): App\Controllers\Cart_controller->comprar_carrito()
#1 C:\xampp\htdocs\Mendez\system\CodeIgniter.php(419): CodeIgniter\CodeIgniter->runController(Object(App\Controllers\Cart_controller))
#2 C:\xampp\htdocs\Mendez\system\CodeIgniter.php(326): CodeIgniter\CodeIgniter->handleRequest(NULL, Object(Config\Cache), false)
#3 C:\xampp\htdocs\Mendez\index.php(37): CodeIgniter\CodeIgniter->run()
#4 {main}
CRITICAL - 2022-06-20 22:27:09 --> Cannot use object of type CodeIgniter\Session\Session as array
#0 C:\xampp\htdocs\Mendez\system\CodeIgniter.php(832): App\Controllers\Cart_controller->comprar_carrito()
#1 C:\xampp\htdocs\Mendez\system\CodeIgniter.php(419): CodeIgniter\CodeIgniter->runController(Object(App\Controllers\Cart_controller))
#2 C:\xampp\htdocs\Mendez\system\CodeIgniter.php(326): CodeIgniter\CodeIgniter->handleRequest(NULL, Object(Config\Cache), false)
#3 C:\xampp\htdocs\Mendez\index.php(37): CodeIgniter\CodeIgniter->run()
#4 {main}
CRITICAL - 2022-06-20 22:27:09 --> Cannot use object of type CodeIgniter\Session\Session as array
#0 C:\xampp\htdocs\Mendez\system\CodeIgniter.php(832): App\Controllers\Cart_controller->comprar_carrito()
#1 C:\xampp\htdocs\Mendez\system\CodeIgniter.php(419): CodeIgniter\CodeIgniter->runController(Object(App\Controllers\Cart_controller))
#2 C:\xampp\htdocs\Mendez\system\CodeIgniter.php(326): CodeIgniter\CodeIgniter->handleRequest(NULL, Object(Config\Cache), false)
#3 C:\xampp\htdocs\Mendez\index.php(37): CodeIgniter\CodeIgniter->run()
#4 {main}
CRITICAL - 2022-06-20 22:27:10 --> Cannot use object of type CodeIgniter\Session\Session as array
#0 C:\xampp\htdocs\Mendez\system\CodeIgniter.php(832): App\Controllers\Cart_controller->comprar_carrito()
#1 C:\xampp\htdocs\Mendez\system\CodeIgniter.php(419): CodeIgniter\CodeIgniter->runController(Object(App\Controllers\Cart_controller))
#2 C:\xampp\htdocs\Mendez\system\CodeIgniter.php(326): CodeIgniter\CodeIgniter->handleRequest(NULL, Object(Config\Cache), false)
#3 C:\xampp\htdocs\Mendez\index.php(37): CodeIgniter\CodeIgniter->run()
#4 {main}
CRITICAL - 2022-06-20 22:27:49 --> Undefined variable: dato
#0 C:\xampp\htdocs\Mendez\app\Controllers\Cart_controller.php(73): CodeIgniter\Debug\Exceptions->errorHandler(8, 'Undefined varia...', 'C:\\xampp\\htdocs...', 73, Array)
#1 C:\xampp\htdocs\Mendez\system\CodeIgniter.php(832): App\Controllers\Cart_controller->comprar_carrito()
#2 C:\xampp\htdocs\Mendez\system\CodeIgniter.php(419): CodeIgniter\CodeIgniter->runController(Object(App\Controllers\Cart_controller))
#3 C:\xampp\htdocs\Mendez\system\CodeIgniter.php(326): CodeIgniter\CodeIgniter->handleRequest(NULL, Object(Config\Cache), false)
#4 C:\xampp\htdocs\Mendez\index.php(37): CodeIgniter\CodeIgniter->run()
#5 {main}
CRITICAL - 2022-06-20 22:38:30 --> Undefined property: CodeIgniter\View\View::$cart
#0 C:\xampp\htdocs\Mendez\app\Views\cart\carrito_pago.php(5): CodeIgniter\Debug\Exceptions->errorHandler(8, 'Undefined prope...', 'C:\\xampp\\htdocs...', 5, Array)
#1 C:\xampp\htdocs\Mendez\system\View\View.php(210): include('C:\\xampp\\htdocs...')
#2 C:\xampp\htdocs\Mendez\system\View\View.php(213): CodeIgniter\View\View->CodeIgniter\View\{closure}()
#3 C:\xampp\htdocs\Mendez\system\Common.php(1089): CodeIgniter\View\View->render('cart/carrito_pa...', Array, true)
#4 C:\xampp\htdocs\Mendez\app\Controllers\Cart_controller.php(73): view('cart/carrito_pa...')
#5 C:\xampp\htdocs\Mendez\system\CodeIgniter.php(832): App\Controllers\Cart_controller->comprar_carrito()
#6 C:\xampp\htdocs\Mendez\system\CodeIgniter.php(419): CodeIgniter\CodeIgniter->runController(Object(App\Controllers\Cart_controller))
#7 C:\xampp\htdocs\Mendez\system\CodeIgniter.php(326): CodeIgniter\CodeIgniter->handleRequest(NULL, Object(Config\Cache), false)
#8 C:\xampp\htdocs\Mendez\index.php(37): CodeIgniter\CodeIgniter->run()
#9 {main}
CRITICAL - 2022-06-20 22:40:08 --> Undefined property: CodeIgniter\View\View::$cart
#0 C:\xampp\htdocs\Mendez\app\Views\cart\carrito_pago.php(9): CodeIgniter\Debug\Exceptions->errorHandler(8, 'Undefined prope...', 'C:\\xampp\\htdocs...', 9, Array)
#1 C:\xampp\htdocs\Mendez\system\View\View.php(210): include('C:\\xampp\\htdocs...')
#2 C:\xampp\htdocs\Mendez\system\View\View.php(213): CodeIgniter\View\View->CodeIgniter\View\{closure}()
#3 C:\xampp\htdocs\Mendez\system\Common.php(1089): CodeIgniter\View\View->render('cart/carrito_pa...', Array, true)
#4 C:\xampp\htdocs\Mendez\app\Controllers\Cart_controller.php(73): view('cart/carrito_pa...')
#5 C:\xampp\htdocs\Mendez\system\CodeIgniter.php(832): App\Controllers\Cart_controller->comprar_carrito()
#6 C:\xampp\htdocs\Mendez\system\CodeIgniter.php(419): CodeIgniter\CodeIgniter->runController(Object(App\Controllers\Cart_controller))
#7 C:\xampp\htdocs\Mendez\system\CodeIgniter.php(326): CodeIgniter\CodeIgniter->handleRequest(NULL, Object(Config\Cache), false)
#8 C:\xampp\htdocs\Mendez\index.php(37): CodeIgniter\CodeIgniter->run()
#9 {main}
CRITICAL - 2022-06-20 22:40:28 --> Call to undefined function form_open()
#0 C:\xampp\htdocs\Mendez\system\View\View.php(210): include()
#1 C:\xampp\htdocs\Mendez\system\View\View.php(213): CodeIgniter\View\View->CodeIgniter\View\{closure}()
#2 C:\xampp\htdocs\Mendez\system\Common.php(1089): CodeIgniter\View\View->render('cart/carrito_pa...', Array, true)
#3 C:\xampp\htdocs\Mendez\app\Controllers\Cart_controller.php(73): view('cart/carrito_pa...')
#4 C:\xampp\htdocs\Mendez\system\CodeIgniter.php(832): App\Controllers\Cart_controller->comprar_carrito()
#5 C:\xampp\htdocs\Mendez\system\CodeIgniter.php(419): CodeIgniter\CodeIgniter->runController(Object(App\Controllers\Cart_controller))
#6 C:\xampp\htdocs\Mendez\system\CodeIgniter.php(326): CodeIgniter\CodeIgniter->handleRequest(NULL, Object(Config\Cache), false)
#7 C:\xampp\htdocs\Mendez\index.php(37): CodeIgniter\CodeIgniter->run()
#8 {main}
CRITICAL - 2022-06-20 22:42:38 --> Call to undefined function form_open()
#0 C:\xampp\htdocs\Mendez\system\View\View.php(210): include()
#1 C:\xampp\htdocs\Mendez\system\View\View.php(213): CodeIgniter\View\View->CodeIgniter\View\{closure}()
#2 C:\xampp\htdocs\Mendez\system\Common.php(1089): CodeIgniter\View\View->render('cart/carrito_pa...', Array, true)
#3 C:\xampp\htdocs\Mendez\app\Controllers\Cart_controller.php(73): view('cart/carrito_pa...')
#4 C:\xampp\htdocs\Mendez\system\CodeIgniter.php(832): App\Controllers\Cart_controller->comprar_carrito()
#5 C:\xampp\htdocs\Mendez\system\CodeIgniter.php(419): CodeIgniter\CodeIgniter->runController(Object(App\Controllers\Cart_controller))
#6 C:\xampp\htdocs\Mendez\system\CodeIgniter.php(326): CodeIgniter\CodeIgniter->handleRequest(NULL, Object(Config\Cache), false)
#7 C:\xampp\htdocs\Mendez\index.php(37): CodeIgniter\CodeIgniter->run()
#8 {main}
CRITICAL - 2022-06-20 22:43:18 --> Call to undefined function form_open()
#0 C:\xampp\htdocs\Mendez\system\View\View.php(210): include()
#1 C:\xampp\htdocs\Mendez\system\View\View.php(213): CodeIgniter\View\View->CodeIgniter\View\{closure}()
#2 C:\xampp\htdocs\Mendez\system\Common.php(1089): CodeIgniter\View\View->render('cart/carrito_pa...', Array, true)
#3 C:\xampp\htdocs\Mendez\app\Controllers\Cart_controller.php(73): view('cart/carrito_pa...')
#4 C:\xampp\htdocs\Mendez\system\CodeIgniter.php(832): App\Controllers\Cart_controller->comprar_carrito()
#5 C:\xampp\htdocs\Mendez\system\CodeIgniter.php(419): CodeIgniter\CodeIgniter->runController(Object(App\Controllers\Cart_controller))
#6 C:\xampp\htdocs\Mendez\system\CodeIgniter.php(326): CodeIgniter\CodeIgniter->handleRequest(NULL, Object(Config\Cache), false)
#7 C:\xampp\htdocs\Mendez\index.php(37): CodeIgniter\CodeIgniter->run()
#8 {main}
CRITICAL - 2022-06-20 22:43:19 --> Call to undefined function form_open()
#0 C:\xampp\htdocs\Mendez\system\View\View.php(210): include()
#1 C:\xampp\htdocs\Mendez\system\View\View.php(213): CodeIgniter\View\View->CodeIgniter\View\{closure}()
#2 C:\xampp\htdocs\Mendez\system\Common.php(1089): CodeIgniter\View\View->render('cart/carrito_pa...', Array, true)
#3 C:\xampp\htdocs\Mendez\app\Controllers\Cart_controller.php(73): view('cart/carrito_pa...')
#4 C:\xampp\htdocs\Mendez\system\CodeIgniter.php(832): App\Controllers\Cart_controller->comprar_carrito()
#5 C:\xampp\htdocs\Mendez\system\CodeIgniter.php(419): CodeIgniter\CodeIgniter->runController(Object(App\Controllers\Cart_controller))
#6 C:\xampp\htdocs\Mendez\system\CodeIgniter.php(326): CodeIgniter\CodeIgniter->handleRequest(NULL, Object(Config\Cache), false)
#7 C:\xampp\htdocs\Mendez\index.php(37): CodeIgniter\CodeIgniter->run()
#8 {main}
CRITICAL - 2022-06-20 22:43:19 --> Call to undefined function form_open()
#0 C:\xampp\htdocs\Mendez\system\View\View.php(210): include()
#1 C:\xampp\htdocs\Mendez\system\View\View.php(213): CodeIgniter\View\View->CodeIgniter\View\{closure}()
#2 C:\xampp\htdocs\Mendez\system\Common.php(1089): CodeIgniter\View\View->render('cart/carrito_pa...', Array, true)
#3 C:\xampp\htdocs\Mendez\app\Controllers\Cart_controller.php(73): view('cart/carrito_pa...')
#4 C:\xampp\htdocs\Mendez\system\CodeIgniter.php(832): App\Controllers\Cart_controller->comprar_carrito()
#5 C:\xampp\htdocs\Mendez\system\CodeIgniter.php(419): CodeIgniter\CodeIgniter->runController(Object(App\Controllers\Cart_controller))
#6 C:\xampp\htdocs\Mendez\system\CodeIgniter.php(326): CodeIgniter\CodeIgniter->handleRequest(NULL, Object(Config\Cache), false)
#7 C:\xampp\htdocs\Mendez\index.php(37): CodeIgniter\CodeIgniter->run()
#8 {main}
CRITICAL - 2022-06-20 22:43:19 --> Call to undefined function form_open()
#0 C:\xampp\htdocs\Mendez\system\View\View.php(210): include()
#1 C:\xampp\htdocs\Mendez\system\View\View.php(213): CodeIgniter\View\View->CodeIgniter\View\{closure}()
#2 C:\xampp\htdocs\Mendez\system\Common.php(1089): CodeIgniter\View\View->render('cart/carrito_pa...', Array, true)
#3 C:\xampp\htdocs\Mendez\app\Controllers\Cart_controller.php(73): view('cart/carrito_pa...')
#4 C:\xampp\htdocs\Mendez\system\CodeIgniter.php(832): App\Controllers\Cart_controller->comprar_carrito()
#5 C:\xampp\htdocs\Mendez\system\CodeIgniter.php(419): CodeIgniter\CodeIgniter->runController(Object(App\Controllers\Cart_controller))
#6 C:\xampp\htdocs\Mendez\system\CodeIgniter.php(326): CodeIgniter\CodeIgniter->handleRequest(NULL, Object(Config\Cache), false)
#7 C:\xampp\htdocs\Mendez\index.php(37): CodeIgniter\CodeIgniter->run()
#8 {main}
CRITICAL - 2022-06-20 22:43:38 --> Undefined variable: nombre
#0 C:\xampp\htdocs\Mendez\app\Views\cart\carrito_pago.php(39): CodeIgniter\Debug\Exceptions->errorHandler(8, 'Undefined varia...', 'C:\\xampp\\htdocs...', 39, Array)
#1 C:\xampp\htdocs\Mendez\system\View\View.php(210): include('C:\\xampp\\htdocs...')
#2 C:\xampp\htdocs\Mendez\system\View\View.php(213): CodeIgniter\View\View->CodeIgniter\View\{closure}()
#3 C:\xampp\htdocs\Mendez\system\Common.php(1089): CodeIgniter\View\View->render('cart/carrito_pa...', Array, true)
#4 C:\xampp\htdocs\Mendez\app\Controllers\Cart_controller.php(73): view('cart/carrito_pa...')
#5 C:\xampp\htdocs\Mendez\system\CodeIgniter.php(832): App\Controllers\Cart_controller->comprar_carrito()
#6 C:\xampp\htdocs\Mendez\system\CodeIgniter.php(419): CodeIgniter\CodeIgniter->runController(Object(App\Controllers\Cart_controller))
#7 C:\xampp\htdocs\Mendez\system\CodeIgniter.php(326): CodeIgniter\CodeIgniter->handleRequest(NULL, Object(Config\Cache), false)
#8 C:\xampp\htdocs\Mendez\index.php(37): CodeIgniter\CodeIgniter->run()
#9 {main}
CRITICAL - 2022-06-20 22:45:14 --> Cannot use object of type CodeIgniter\Session\Session as array
#0 C:\xampp\htdocs\Mendez\system\View\View.php(210): include()
#1 C:\xampp\htdocs\Mendez\system\View\View.php(213): CodeIgniter\View\View->CodeIgniter\View\{closure}()
#2 C:\xampp\htdocs\Mendez\system\Common.php(1089): CodeIgniter\View\View->render('cart/carrito_pa...', Array, true)
#3 C:\xampp\htdocs\Mendez\app\Controllers\Cart_controller.php(73): view('cart/carrito_pa...')
#4 C:\xampp\htdocs\Mendez\system\CodeIgniter.php(832): App\Controllers\Cart_controller->comprar_carrito()
#5 C:\xampp\htdocs\Mendez\system\CodeIgniter.php(419): CodeIgniter\CodeIgniter->runController(Object(App\Controllers\Cart_controller))
#6 C:\xampp\htdocs\Mendez\system\CodeIgniter.php(326): CodeIgniter\CodeIgniter->handleRequest(NULL, Object(Config\Cache), false)
#7 C:\xampp\htdocs\Mendez\index.php(37): CodeIgniter\CodeIgniter->run()
#8 {main}
CRITICAL - 2022-06-20 22:45:42 --> Cannot use object of type CodeIgniter\Session\Session as array
#0 C:\xampp\htdocs\Mendez\system\View\View.php(210): include()
#1 C:\xampp\htdocs\Mendez\system\View\View.php(213): CodeIgniter\View\View->CodeIgniter\View\{closure}()
#2 C:\xampp\htdocs\Mendez\system\Common.php(1089): CodeIgniter\View\View->render('cart/carrito_pa...', Array, true)
#3 C:\xampp\htdocs\Mendez\app\Controllers\Cart_controller.php(73): view('cart/carrito_pa...')
#4 C:\xampp\htdocs\Mendez\system\CodeIgniter.php(832): App\Controllers\Cart_controller->comprar_carrito()
#5 C:\xampp\htdocs\Mendez\system\CodeIgniter.php(419): CodeIgniter\CodeIgniter->runController(Object(App\Controllers\Cart_controller))
#6 C:\xampp\htdocs\Mendez\system\CodeIgniter.php(326): CodeIgniter\CodeIgniter->handleRequest(NULL, Object(Config\Cache), false)
#7 C:\xampp\htdocs\Mendez\index.php(37): CodeIgniter\CodeIgniter->run()
#8 {main}
CRITICAL - 2022-06-20 22:45:43 --> Cannot use object of type CodeIgniter\Session\Session as array
#0 C:\xampp\htdocs\Mendez\system\View\View.php(210): include()
#1 C:\xampp\htdocs\Mendez\system\View\View.php(213): CodeIgniter\View\View->CodeIgniter\View\{closure}()
#2 C:\xampp\htdocs\Mendez\system\Common.php(1089): CodeIgniter\View\View->render('cart/carrito_pa...', Array, true)
#3 C:\xampp\htdocs\Mendez\app\Controllers\Cart_controller.php(73): view('cart/carrito_pa...')
#4 C:\xampp\htdocs\Mendez\system\CodeIgniter.php(832): App\Controllers\Cart_controller->comprar_carrito()
#5 C:\xampp\htdocs\Mendez\system\CodeIgniter.php(419): CodeIgniter\CodeIgniter->runController(Object(App\Controllers\Cart_controller))
#6 C:\xampp\htdocs\Mendez\system\CodeIgniter.php(326): CodeIgniter\CodeIgniter->handleRequest(NULL, Object(Config\Cache), false)
#7 C:\xampp\htdocs\Mendez\index.php(37): CodeIgniter\CodeIgniter->run()
#8 {main}
CRITICAL - 2022-06-20 22:45:43 --> Cannot use object of type CodeIgniter\Session\Session as array
#0 C:\xampp\htdocs\Mendez\system\View\View.php(210): include()
#1 C:\xampp\htdocs\Mendez\system\View\View.php(213): CodeIgniter\View\View->CodeIgniter\View\{closure}()
#2 C:\xampp\htdocs\Mendez\system\Common.php(1089): CodeIgniter\View\View->render('cart/carrito_pa...', Array, true)
#3 C:\xampp\htdocs\Mendez\app\Controllers\Cart_controller.php(73): view('cart/carrito_pa...')
#4 C:\xampp\htdocs\Mendez\system\CodeIgniter.php(832): App\Controllers\Cart_controller->comprar_carrito()
#5 C:\xampp\htdocs\Mendez\system\CodeIgniter.php(419): CodeIgniter\CodeIgniter->runController(Object(App\Controllers\Cart_controller))
#6 C:\xampp\htdocs\Mendez\system\CodeIgniter.php(326): CodeIgniter\CodeIgniter->handleRequest(NULL, Object(Config\Cache), false)
#7 C:\xampp\htdocs\Mendez\index.php(37): CodeIgniter\CodeIgniter->run()
#8 {main}
CRITICAL - 2022-06-20 22:45:43 --> Cannot use object of type CodeIgniter\Session\Session as array
#0 C:\xampp\htdocs\Mendez\system\View\View.php(210): include()
#1 C:\xampp\htdocs\Mendez\system\View\View.php(213): CodeIgniter\View\View->CodeIgniter\View\{closure}()
#2 C:\xampp\htdocs\Mendez\system\Common.php(1089): CodeIgniter\View\View->render('cart/carrito_pa...', Array, true)
#3 C:\xampp\htdocs\Mendez\app\Controllers\Cart_controller.php(73): view('cart/carrito_pa...')
#4 C:\xampp\htdocs\Mendez\system\CodeIgniter.php(832): App\Controllers\Cart_controller->comprar_carrito()
#5 C:\xampp\htdocs\Mendez\system\CodeIgniter.php(419): CodeIgniter\CodeIgniter->runController(Object(App\Controllers\Cart_controller))
#6 C:\xampp\htdocs\Mendez\system\CodeIgniter.php(326): CodeIgniter\CodeIgniter->handleRequest(NULL, Object(Config\Cache), false)
#7 C:\xampp\htdocs\Mendez\index.php(37): CodeIgniter\CodeIgniter->run()
#8 {main}
CRITICAL - 2022-06-20 22:45:43 --> Cannot use object of type CodeIgniter\Session\Session as array
#0 C:\xampp\htdocs\Mendez\system\View\View.php(210): include()
#1 C:\xampp\htdocs\Mendez\system\View\View.php(213): CodeIgniter\View\View->CodeIgniter\View\{closure}()
#2 C:\xampp\htdocs\Mendez\system\Common.php(1089): CodeIgniter\View\View->render('cart/carrito_pa...', Array, true)
#3 C:\xampp\htdocs\Mendez\app\Controllers\Cart_controller.php(73): view('cart/carrito_pa...')
#4 C:\xampp\htdocs\Mendez\system\CodeIgniter.php(832): App\Controllers\Cart_controller->comprar_carrito()
#5 C:\xampp\htdocs\Mendez\system\CodeIgniter.php(419): CodeIgniter\CodeIgniter->runController(Object(App\Controllers\Cart_controller))
#6 C:\xampp\htdocs\Mendez\system\CodeIgniter.php(326): CodeIgniter\CodeIgniter->handleRequest(NULL, Object(Config\Cache), false)
#7 C:\xampp\htdocs\Mendez\index.php(37): CodeIgniter\CodeIgniter->run()
#8 {main}
CRITICAL - 2022-06-20 22:45:44 --> Cannot use object of type CodeIgniter\Session\Session as array
#0 C:\xampp\htdocs\Mendez\system\View\View.php(210): include()
#1 C:\xampp\htdocs\Mendez\system\View\View.php(213): CodeIgniter\View\View->CodeIgniter\View\{closure}()
#2 C:\xampp\htdocs\Mendez\system\Common.php(1089): CodeIgniter\View\View->render('cart/carrito_pa...', Array, true)
#3 C:\xampp\htdocs\Mendez\app\Controllers\Cart_controller.php(73): view('cart/carrito_pa...')
#4 C:\xampp\htdocs\Mendez\system\CodeIgniter.php(832): App\Controllers\Cart_controller->comprar_carrito()
#5 C:\xampp\htdocs\Mendez\system\CodeIgniter.php(419): CodeIgniter\CodeIgniter->runController(Object(App\Controllers\Cart_controller))
#6 C:\xampp\htdocs\Mendez\system\CodeIgniter.php(326): CodeIgniter\CodeIgniter->handleRequest(NULL, Object(Config\Cache), false)
#7 C:\xampp\htdocs\Mendez\index.php(37): CodeIgniter\CodeIgniter->run()
#8 {main}
CRITICAL - 2022-06-20 22:57:50 --> Cannot use object of type CodeIgniter\Session\Session as array
#0 C:\xampp\htdocs\Mendez\system\View\View.php(210): include()
#1 C:\xampp\htdocs\Mendez\system\View\View.php(213): CodeIgniter\View\View->CodeIgniter\View\{closure}()
#2 C:\xampp\htdocs\Mendez\system\Common.php(1089): CodeIgniter\View\View->render('cart/carrito_pa...', Array, true)
#3 C:\xampp\htdocs\Mendez\app\Controllers\Cart_controller.php(73): view('cart/carrito_pa...')
#4 C:\xampp\htdocs\Mendez\system\CodeIgniter.php(832): App\Controllers\Cart_controller->comprar_carrito()
#5 C:\xampp\htdocs\Mendez\system\CodeIgniter.php(419): CodeIgniter\CodeIgniter->runController(Object(App\Controllers\Cart_controller))
#6 C:\xampp\htdocs\Mendez\system\CodeIgniter.php(326): CodeIgniter\CodeIgniter->handleRequest(NULL, Object(Config\Cache), false)
#7 C:\xampp\htdocs\Mendez\index.php(37): CodeIgniter\CodeIgniter->run()
#8 {main}
CRITICAL - 2022-06-20 22:59:31 --> Too few arguments to function App\Controllers\Cart_controller::comprar_carrito(), 0 passed in C:\xampp\htdocs\Mendez\system\CodeIgniter.php on line 832 and exactly 1 expected
#0 C:\xampp\htdocs\Mendez\system\CodeIgniter.php(832): App\Controllers\Cart_controller->comprar_carrito()
#1 C:\xampp\htdocs\Mendez\system\CodeIgniter.php(419): CodeIgniter\CodeIgniter->runController(Object(App\Controllers\Cart_controller))
#2 C:\xampp\htdocs\Mendez\system\CodeIgniter.php(326): CodeIgniter\CodeIgniter->handleRequest(NULL, Object(Config\Cache), false)
#3 C:\xampp\htdocs\Mendez\index.php(37): CodeIgniter\CodeIgniter->run()
#4 {main}
CRITICAL - 2022-06-20 23:01:30 --> Too few arguments to function App\Controllers\Cart_controller::comprar_carrito(), 0 passed in C:\xampp\htdocs\Mendez\system\CodeIgniter.php on line 832 and exactly 1 expected
#0 C:\xampp\htdocs\Mendez\system\CodeIgniter.php(832): App\Controllers\Cart_controller->comprar_carrito()
#1 C:\xampp\htdocs\Mendez\system\CodeIgniter.php(419): CodeIgniter\CodeIgniter->runController(Object(App\Controllers\Cart_controller))
#2 C:\xampp\htdocs\Mendez\system\CodeIgniter.php(326): CodeIgniter\CodeIgniter->handleRequest(NULL, Object(Config\Cache), false)
#3 C:\xampp\htdocs\Mendez\index.php(37): CodeIgniter\CodeIgniter->run()
#4 {main}
CRITICAL - 2022-06-20 23:01:31 --> Too few arguments to function App\Controllers\Cart_controller::comprar_carrito(), 0 passed in C:\xampp\htdocs\Mendez\system\CodeIgniter.php on line 832 and exactly 1 expected
#0 C:\xampp\htdocs\Mendez\system\CodeIgniter.php(832): App\Controllers\Cart_controller->comprar_carrito()
#1 C:\xampp\htdocs\Mendez\system\CodeIgniter.php(419): CodeIgniter\CodeIgniter->runController(Object(App\Controllers\Cart_controller))
#2 C:\xampp\htdocs\Mendez\system\CodeIgniter.php(326): CodeIgniter\CodeIgniter->handleRequest(NULL, Object(Config\Cache), false)
#3 C:\xampp\htdocs\Mendez\index.php(37): CodeIgniter\CodeIgniter->run()
#4 {main}
CRITICAL - 2022-06-20 23:01:32 --> Too few arguments to function App\Controllers\Cart_controller::comprar_carrito(), 0 passed in C:\xampp\htdocs\Mendez\system\CodeIgniter.php on line 832 and exactly 1 expected
#0 C:\xampp\htdocs\Mendez\system\CodeIgniter.php(832): App\Controllers\Cart_controller->comprar_carrito()
#1 C:\xampp\htdocs\Mendez\system\CodeIgniter.php(419): CodeIgniter\CodeIgniter->runController(Object(App\Controllers\Cart_controller))
#2 C:\xampp\htdocs\Mendez\system\CodeIgniter.php(326): CodeIgniter\CodeIgniter->handleRequest(NULL, Object(Config\Cache), false)
#3 C:\xampp\htdocs\Mendez\index.php(37): CodeIgniter\CodeIgniter->run()
#4 {main}
CRITICAL - 2022-06-20 23:01:32 --> Too few arguments to function App\Controllers\Cart_controller::comprar_carrito(), 0 passed in C:\xampp\htdocs\Mendez\system\CodeIgniter.php on line 832 and exactly 1 expected
#0 C:\xampp\htdocs\Mendez\system\CodeIgniter.php(832): App\Controllers\Cart_controller->comprar_carrito()
#1 C:\xampp\htdocs\Mendez\system\CodeIgniter.php(419): CodeIgniter\CodeIgniter->runController(Object(App\Controllers\Cart_controller))
#2 C:\xampp\htdocs\Mendez\system\CodeIgniter.php(326): CodeIgniter\CodeIgniter->handleRequest(NULL, Object(Config\Cache), false)
#3 C:\xampp\htdocs\Mendez\index.php(37): CodeIgniter\CodeIgniter->run()
#4 {main}
CRITICAL - 2022-06-20 23:01:32 --> Too few arguments to function App\Controllers\Cart_controller::comprar_carrito(), 0 passed in C:\xampp\htdocs\Mendez\system\CodeIgniter.php on line 832 and exactly 1 expected
#0 C:\xampp\htdocs\Mendez\system\CodeIgniter.php(832): App\Controllers\Cart_controller->comprar_carrito()
#1 C:\xampp\htdocs\Mendez\system\CodeIgniter.php(419): CodeIgniter\CodeIgniter->runController(Object(App\Controllers\Cart_controller))
#2 C:\xampp\htdocs\Mendez\system\CodeIgniter.php(326): CodeIgniter\CodeIgniter->handleRequest(NULL, Object(Config\Cache), false)
#3 C:\xampp\htdocs\Mendez\index.php(37): CodeIgniter\CodeIgniter->run()
#4 {main}
CRITICAL - 2022-06-20 23:01:32 --> Too few arguments to function App\Controllers\Cart_controller::comprar_carrito(), 0 passed in C:\xampp\htdocs\Mendez\system\CodeIgniter.php on line 832 and exactly 1 expected
#0 C:\xampp\htdocs\Mendez\system\CodeIgniter.php(832): App\Controllers\Cart_controller->comprar_carrito()
#1 C:\xampp\htdocs\Mendez\system\CodeIgniter.php(419): CodeIgniter\CodeIgniter->runController(Object(App\Controllers\Cart_controller))
#2 C:\xampp\htdocs\Mendez\system\CodeIgniter.php(326): CodeIgniter\CodeIgniter->handleRequest(NULL, Object(Config\Cache), false)
#3 C:\xampp\htdocs\Mendez\index.php(37): CodeIgniter\CodeIgniter->run()
#4 {main}
CRITICAL - 2022-06-20 23:05:16 --> Too few arguments to function App\Controllers\Cart_controller::comprar_carrito(), 0 passed in C:\xampp\htdocs\Mendez\system\CodeIgniter.php on line 832 and exactly 1 expected
#0 C:\xampp\htdocs\Mendez\system\CodeIgniter.php(832): App\Controllers\Cart_controller->comprar_carrito()
#1 C:\xampp\htdocs\Mendez\system\CodeIgniter.php(419): CodeIgniter\CodeIgniter->runController(Object(App\Controllers\Cart_controller))
#2 C:\xampp\htdocs\Mendez\system\CodeIgniter.php(326): CodeIgniter\CodeIgniter->handleRequest(NULL, Object(Config\Cache), false)
#3 C:\xampp\htdocs\Mendez\index.php(37): CodeIgniter\CodeIgniter->run()
#4 {main}
CRITICAL - 2022-06-20 23:05:17 --> Too few arguments to function App\Controllers\Cart_controller::comprar_carrito(), 0 passed in C:\xampp\htdocs\Mendez\system\CodeIgniter.php on line 832 and exactly 1 expected
#0 C:\xampp\htdocs\Mendez\system\CodeIgniter.php(832): App\Controllers\Cart_controller->comprar_carrito()
#1 C:\xampp\htdocs\Mendez\system\CodeIgniter.php(419): CodeIgniter\CodeIgniter->runController(Object(App\Controllers\Cart_controller))
#2 C:\xampp\htdocs\Mendez\system\CodeIgniter.php(326): CodeIgniter\CodeIgniter->handleRequest(NULL, Object(Config\Cache), false)
#3 C:\xampp\htdocs\Mendez\index.php(37): CodeIgniter\CodeIgniter->run()
#4 {main}
CRITICAL - 2022-06-20 23:05:36 --> Undefined variable: id
#0 C:\xampp\htdocs\Mendez\app\Controllers\Cart_controller.php(73): CodeIgniter\Debug\Exceptions->errorHandler(8, 'Undefined varia...', 'C:\\xampp\\htdocs...', 73, Array)
#1 C:\xampp\htdocs\Mendez\system\CodeIgniter.php(832): App\Controllers\Cart_controller->comprar_carrito()
#2 C:\xampp\htdocs\Mendez\system\CodeIgniter.php(419): CodeIgniter\CodeIgniter->runController(Object(App\Controllers\Cart_controller))
#3 C:\xampp\htdocs\Mendez\system\CodeIgniter.php(326): CodeIgniter\CodeIgniter->handleRequest(NULL, Object(Config\Cache), false)
#4 C:\xampp\htdocs\Mendez\index.php(37): CodeIgniter\CodeIgniter->run()
#5 {main}
CRITICAL - 2022-06-20 23:05:48 --> Undefined property: CodeIgniter\View\View::$session
#0 C:\xampp\htdocs\Mendez\app\Views\cart\carrito_pago.php(2): CodeIgniter\Debug\Exceptions->errorHandler(8, 'Undefined prope...', 'C:\\xampp\\htdocs...', 2, Array)
#1 C:\xampp\htdocs\Mendez\system\View\View.php(210): include('C:\\xampp\\htdocs...')
#2 C:\xampp\htdocs\Mendez\system\View\View.php(213): CodeIgniter\View\View->CodeIgniter\View\{closure}()
#3 C:\xampp\htdocs\Mendez\system\Common.php(1089): CodeIgniter\View\View->render('cart/carrito_pa...', Array, true)
#4 C:\xampp\htdocs\Mendez\app\Controllers\Cart_controller.php(73): view('cart/carrito_pa...')
#5 C:\xampp\htdocs\Mendez\system\CodeIgniter.php(832): App\Controllers\Cart_controller->comprar_carrito()
#6 C:\xampp\htdocs\Mendez\system\CodeIgniter.php(419): CodeIgniter\CodeIgniter->runController(Object(App\Controllers\Cart_controller))
#7 C:\xampp\htdocs\Mendez\system\CodeIgniter.php(326): CodeIgniter\CodeIgniter->handleRequest(NULL, Object(Config\Cache), false)
#8 C:\xampp\htdocs\Mendez\index.php(37): CodeIgniter\CodeIgniter->run()
#9 {main}
CRITICAL - 2022-06-20 23:06:49 --> Undefined property: CodeIgniter\View\View::$session
#0 C:\xampp\htdocs\Mendez\app\Views\cart\carrito_pago.php(3): CodeIgniter\Debug\Exceptions->errorHandler(8, 'Undefined prope...', 'C:\\xampp\\htdocs...', 3, Array)
#1 C:\xampp\htdocs\Mendez\system\View\View.php(210): include('C:\\xampp\\htdocs...')
#2 C:\xampp\htdocs\Mendez\system\View\View.php(213): CodeIgniter\View\View->CodeIgniter\View\{closure}()
#3 C:\xampp\htdocs\Mendez\system\Common.php(1089): CodeIgniter\View\View->render('cart/carrito_pa...', Array, true)
#4 C:\xampp\htdocs\Mendez\app\Controllers\Cart_controller.php(73): view('cart/carrito_pa...')
#5 C:\xampp\htdocs\Mendez\system\CodeIgniter.php(832): App\Controllers\Cart_controller->comprar_carrito()
#6 C:\xampp\htdocs\Mendez\system\CodeIgniter.php(419): CodeIgniter\CodeIgniter->runController(Object(App\Controllers\Cart_controller))
#7 C:\xampp\htdocs\Mendez\system\CodeIgniter.php(326): CodeIgniter\CodeIgniter->handleRequest(NULL, Object(Config\Cache), false)
#8 C:\xampp\htdocs\Mendez\index.php(37): CodeIgniter\CodeIgniter->run()
#9 {main}
CRITICAL - 2022-06-20 23:07:01 --> Object of class CodeIgniter\Session\Session could not be converted to string
#0 C:\xampp\htdocs\Mendez\system\View\View.php(210): include()
#1 C:\xampp\htdocs\Mendez\system\View\View.php(213): CodeIgniter\View\View->CodeIgniter\View\{closure}()
#2 C:\xampp\htdocs\Mendez\system\Common.php(1089): CodeIgniter\View\View->render('cart/carrito_pa...', Array, true)
#3 C:\xampp\htdocs\Mendez\app\Controllers\Cart_controller.php(73): view('cart/carrito_pa...')
#4 C:\xampp\htdocs\Mendez\system\CodeIgniter.php(832): App\Controllers\Cart_controller->comprar_carrito()
#5 C:\xampp\htdocs\Mendez\system\CodeIgniter.php(419): CodeIgniter\CodeIgniter->runController(Object(App\Controllers\Cart_controller))
#6 C:\xampp\htdocs\Mendez\system\CodeIgniter.php(326): CodeIgniter\CodeIgniter->handleRequest(NULL, Object(Config\Cache), false)
#7 C:\xampp\htdocs\Mendez\index.php(37): CodeIgniter\CodeIgniter->run()
#8 {main}
CRITICAL - 2022-06-20 23:10:29 --> Cannot use object of type CodeIgniter\Session\Session as array
#0 C:\xampp\htdocs\Mendez\system\View\View.php(210): include()
#1 C:\xampp\htdocs\Mendez\system\View\View.php(213): CodeIgniter\View\View->CodeIgniter\View\{closure}()
#2 C:\xampp\htdocs\Mendez\system\Common.php(1089): CodeIgniter\View\View->render('cart/carrito_pa...', Array, true)
#3 C:\xampp\htdocs\Mendez\app\Controllers\Cart_controller.php(73): view('cart/carrito_pa...')
#4 C:\xampp\htdocs\Mendez\system\CodeIgniter.php(832): App\Controllers\Cart_controller->comprar_carrito()
#5 C:\xampp\htdocs\Mendez\system\CodeIgniter.php(419): CodeIgniter\CodeIgniter->runController(Object(App\Controllers\Cart_controller))
#6 C:\xampp\htdocs\Mendez\system\CodeIgniter.php(326): CodeIgniter\CodeIgniter->handleRequest(NULL, Object(Config\Cache), false)
#7 C:\xampp\htdocs\Mendez\index.php(37): CodeIgniter\CodeIgniter->run()
#8 {main}
CRITICAL - 2022-06-20 23:10:44 --> Undefined variable: estaSesion
#0 C:\xampp\htdocs\Mendez\app\Views\cart\carrito_pago.php(44): CodeIgniter\Debug\Exceptions->errorHandler(8, 'Undefined varia...', 'C:\\xampp\\htdocs...', 44, Array)
#1 C:\xampp\htdocs\Mendez\system\View\View.php(210): include('C:\\xampp\\htdocs...')
#2 C:\xampp\htdocs\Mendez\system\View\View.php(213): CodeIgniter\View\View->CodeIgniter\View\{closure}()
#3 C:\xampp\htdocs\Mendez\system\Common.php(1089): CodeIgniter\View\View->render('cart/carrito_pa...', Array, true)
#4 C:\xampp\htdocs\Mendez\app\Controllers\Cart_controller.php(73): view('cart/carrito_pa...')
#5 C:\xampp\htdocs\Mendez\system\CodeIgniter.php(832): App\Controllers\Cart_controller->comprar_carrito()
#6 C:\xampp\htdocs\Mendez\system\CodeIgniter.php(419): CodeIgniter\CodeIgniter->runController(Object(App\Controllers\Cart_controller))
#7 C:\xampp\htdocs\Mendez\system\CodeIgniter.php(326): CodeIgniter\CodeIgniter->handleRequest(NULL, Object(Config\Cache), false)
#8 C:\xampp\htdocs\Mendez\index.php(37): CodeIgniter\CodeIgniter->run()
#9 {main}
CRITICAL - 2022-06-20 23:10:44 --> Undefined variable: estaSesion
#0 C:\xampp\htdocs\Mendez\app\Views\cart\carrito_pago.php(44): CodeIgniter\Debug\Exceptions->errorHandler(8, 'Undefined varia...', 'C:\\xampp\\htdocs...', 44, Array)
#1 C:\xampp\htdocs\Mendez\system\View\View.php(210): include('C:\\xampp\\htdocs...')
#2 C:\xampp\htdocs\Mendez\system\View\View.php(213): CodeIgniter\View\View->CodeIgniter\View\{closure}()
#3 C:\xampp\htdocs\Mendez\system\Common.php(1089): CodeIgniter\View\View->render('cart/carrito_pa...', Array, true)
#4 C:\xampp\htdocs\Mendez\app\Controllers\Cart_controller.php(73): view('cart/carrito_pa...')
#5 C:\xampp\htdocs\Mendez\system\CodeIgniter.php(832): App\Controllers\Cart_controller->comprar_carrito()
#6 C:\xampp\htdocs\Mendez\system\CodeIgniter.php(419): CodeIgniter\CodeIgniter->runController(Object(App\Controllers\Cart_controller))
#7 C:\xampp\htdocs\Mendez\system\CodeIgniter.php(326): CodeIgniter\CodeIgniter->handleRequest(NULL, Object(Config\Cache), false)
#8 C:\xampp\htdocs\Mendez\index.php(37): CodeIgniter\CodeIgniter->run()
#9 {main}
CRITICAL - 2022-06-20 23:11:10 --> Illegal string offset 'nombre'
#0 C:\xampp\htdocs\Mendez\app\Views\cart\carrito_pago.php(45): CodeIgniter\Debug\Exceptions->errorHandler(2, 'Illegal string ...', 'C:\\xampp\\htdocs...', 45, Array)
#1 C:\xampp\htdocs\Mendez\system\View\View.php(210): include('C:\\xampp\\htdocs...')
#2 C:\xampp\htdocs\Mendez\system\View\View.php(213): CodeIgniter\View\View->CodeIgniter\View\{closure}()
#3 C:\xampp\htdocs\Mendez\system\Common.php(1089): CodeIgniter\View\View->render('cart/carrito_pa...', Array, true)
#4 C:\xampp\htdocs\Mendez\app\Controllers\Cart_controller.php(73): view('cart/carrito_pa...')
#5 C:\xampp\htdocs\Mendez\system\CodeIgniter.php(832): App\Controllers\Cart_controller->comprar_carrito()
#6 C:\xampp\htdocs\Mendez\system\CodeIgniter.php(419): CodeIgniter\CodeIgniter->runController(Object(App\Controllers\Cart_controller))
#7 C:\xampp\htdocs\Mendez\system\CodeIgniter.php(326): CodeIgniter\CodeIgniter->handleRequest(NULL, Object(Config\Cache), false)
#8 C:\xampp\htdocs\Mendez\index.php(37): CodeIgniter\CodeIgniter->run()
#9 {main}
CRITICAL - 2022-06-20 23:11:10 --> Illegal string offset 'nombre'
#0 C:\xampp\htdocs\Mendez\app\Views\cart\carrito_pago.php(45): CodeIgniter\Debug\Exceptions->errorHandler(2, 'Illegal string ...', 'C:\\xampp\\htdocs...', 45, Array)
#1 C:\xampp\htdocs\Mendez\system\View\View.php(210): include('C:\\xampp\\htdocs...')
#2 C:\xampp\htdocs\Mendez\system\View\View.php(213): CodeIgniter\View\View->CodeIgniter\View\{closure}()
#3 C:\xampp\htdocs\Mendez\system\Common.php(1089): CodeIgniter\View\View->render('cart/carrito_pa...', Array, true)
#4 C:\xampp\htdocs\Mendez\app\Controllers\Cart_controller.php(73): view('cart/carrito_pa...')
#5 C:\xampp\htdocs\Mendez\system\CodeIgniter.php(832): App\Controllers\Cart_controller->comprar_carrito()
#6 C:\xampp\htdocs\Mendez\system\CodeIgniter.php(419): CodeIgniter\CodeIgniter->runController(Object(App\Controllers\Cart_controller))
#7 C:\xampp\htdocs\Mendez\system\CodeIgniter.php(326): CodeIgniter\CodeIgniter->handleRequest(NULL, Object(Config\Cache), false)
#8 C:\xampp\htdocs\Mendez\index.php(37): CodeIgniter\CodeIgniter->run()
#9 {main}
CRITICAL - 2022-06-20 23:11:11 --> Illegal string offset 'nombre'
#0 C:\xampp\htdocs\Mendez\app\Views\cart\carrito_pago.php(45): CodeIgniter\Debug\Exceptions->errorHandler(2, 'Illegal string ...', 'C:\\xampp\\htdocs...', 45, Array)
#1 C:\xampp\htdocs\Mendez\system\View\View.php(210): include('C:\\xampp\\htdocs...')
#2 C:\xampp\htdocs\Mendez\system\View\View.php(213): CodeIgniter\View\View->CodeIgniter\View\{closure}()
#3 C:\xampp\htdocs\Mendez\system\Common.php(1089): CodeIgniter\View\View->render('cart/carrito_pa...', Array, true)
#4 C:\xampp\htdocs\Mendez\app\Controllers\Cart_controller.php(73): view('cart/carrito_pa...')
#5 C:\xampp\htdocs\Mendez\system\CodeIgniter.php(832): App\Controllers\Cart_controller->comprar_carrito()
#6 C:\xampp\htdocs\Mendez\system\CodeIgniter.php(419): CodeIgniter\CodeIgniter->runController(Object(App\Controllers\Cart_controller))
#7 C:\xampp\htdocs\Mendez\system\CodeIgniter.php(326): CodeIgniter\CodeIgniter->handleRequest(NULL, Object(Config\Cache), false)
#8 C:\xampp\htdocs\Mendez\index.php(37): CodeIgniter\CodeIgniter->run()
#9 {main}
CRITICAL - 2022-06-20 23:12:21 --> Undefined variable: session
#0 C:\xampp\htdocs\Mendez\app\Views\cart\carrito_pago.php(38): CodeIgniter\Debug\Exceptions->errorHandler(8, 'Undefined varia...', 'C:\\xampp\\htdocs...', 38, Array)
#1 C:\xampp\htdocs\Mendez\system\View\View.php(210): include('C:\\xampp\\htdocs...')
#2 C:\xampp\htdocs\Mendez\system\View\View.php(213): CodeIgniter\View\View->CodeIgniter\View\{closure}()
#3 C:\xampp\htdocs\Mendez\system\Common.php(1089): CodeIgniter\View\View->render('cart/carrito_pa...', Array, true)
#4 C:\xampp\htdocs\Mendez\app\Controllers\Cart_controller.php(73): view('cart/carrito_pa...')
#5 C:\xampp\htdocs\Mendez\system\CodeIgniter.php(832): App\Controllers\Cart_controller->comprar_carrito()
#6 C:\xampp\htdocs\Mendez\system\CodeIgniter.php(419): CodeIgniter\CodeIgniter->runController(Object(App\Controllers\Cart_controller))
#7 C:\xampp\htdocs\Mendez\system\CodeIgniter.php(326): CodeIgniter\CodeIgniter->handleRequest(NULL, Object(Config\Cache), false)
#8 C:\xampp\htdocs\Mendez\index.php(37): CodeIgniter\CodeIgniter->run()
#9 {main}
CRITICAL - 2022-06-20 23:12:21 --> Undefined variable: session
#0 C:\xampp\htdocs\Mendez\app\Views\cart\carrito_pago.php(38): CodeIgniter\Debug\Exceptions->errorHandler(8, 'Undefined varia...', 'C:\\xampp\\htdocs...', 38, Array)
#1 C:\xampp\htdocs\Mendez\system\View\View.php(210): include('C:\\xampp\\htdocs...')
#2 C:\xampp\htdocs\Mendez\system\View\View.php(213): CodeIgniter\View\View->CodeIgniter\View\{closure}()
#3 C:\xampp\htdocs\Mendez\system\Common.php(1089): CodeIgniter\View\View->render('cart/carrito_pa...', Array, true)
#4 C:\xampp\htdocs\Mendez\app\Controllers\Cart_controller.php(73): view('cart/carrito_pa...')
#5 C:\xampp\htdocs\Mendez\system\CodeIgniter.php(832): App\Controllers\Cart_controller->comprar_carrito()
#6 C:\xampp\htdocs\Mendez\system\CodeIgniter.php(419): CodeIgniter\CodeIgniter->runController(Object(App\Controllers\Cart_controller))
#7 C:\xampp\htdocs\Mendez\system\CodeIgniter.php(326): CodeIgniter\CodeIgniter->handleRequest(NULL, Object(Config\Cache), false)
#8 C:\xampp\htdocs\Mendez\index.php(37): CodeIgniter\CodeIgniter->run()
#9 {main}
CRITICAL - 2022-06-20 23:12:21 --> Undefined variable: session
#0 C:\xampp\htdocs\Mendez\app\Views\cart\carrito_pago.php(38): CodeIgniter\Debug\Exceptions->errorHandler(8, 'Undefined varia...', 'C:\\xampp\\htdocs...', 38, Array)
#1 C:\xampp\htdocs\Mendez\system\View\View.php(210): include('C:\\xampp\\htdocs...')
#2 C:\xampp\htdocs\Mendez\system\View\View.php(213): CodeIgniter\View\View->CodeIgniter\View\{closure}()
#3 C:\xampp\htdocs\Mendez\system\Common.php(1089): CodeIgniter\View\View->render('cart/carrito_pa...', Array, true)
#4 C:\xampp\htdocs\Mendez\app\Controllers\Cart_controller.php(73): view('cart/carrito_pa...')
#5 C:\xampp\htdocs\Mendez\system\CodeIgniter.php(832): App\Controllers\Cart_controller->comprar_carrito()
#6 C:\xampp\htdocs\Mendez\system\CodeIgniter.php(419): CodeIgniter\CodeIgniter->runController(Object(App\Controllers\Cart_controller))
#7 C:\xampp\htdocs\Mendez\system\CodeIgniter.php(326): CodeIgniter\CodeIgniter->handleRequest(NULL, Object(Config\Cache), false)
#8 C:\xampp\htdocs\Mendez\index.php(37): CodeIgniter\CodeIgniter->run()
#9 {main}
CRITICAL - 2022-06-20 23:12:22 --> Undefined variable: session
#0 C:\xampp\htdocs\Mendez\app\Views\cart\carrito_pago.php(38): CodeIgniter\Debug\Exceptions->errorHandler(8, 'Undefined varia...', 'C:\\xampp\\htdocs...', 38, Array)
#1 C:\xampp\htdocs\Mendez\system\View\View.php(210): include('C:\\xampp\\htdocs...')
#2 C:\xampp\htdocs\Mendez\system\View\View.php(213): CodeIgniter\View\View->CodeIgniter\View\{closure}()
#3 C:\xampp\htdocs\Mendez\system\Common.php(1089): CodeIgniter\View\View->render('cart/carrito_pa...', Array, true)
#4 C:\xampp\htdocs\Mendez\app\Controllers\Cart_controller.php(73): view('cart/carrito_pa...')
#5 C:\xampp\htdocs\Mendez\system\CodeIgniter.php(832): App\Controllers\Cart_controller->comprar_carrito()
#6 C:\xampp\htdocs\Mendez\system\CodeIgniter.php(419): CodeIgniter\CodeIgniter->runController(Object(App\Controllers\Cart_controller))
#7 C:\xampp\htdocs\Mendez\system\CodeIgniter.php(326): CodeIgniter\CodeIgniter->handleRequest(NULL, Object(Config\Cache), false)
#8 C:\xampp\htdocs\Mendez\index.php(37): CodeIgniter\CodeIgniter->run()
#9 {main}
CRITICAL - 2022-06-20 23:12:27 --> Cannot use object of type CodeIgniter\Session\Session as array
#0 C:\xampp\htdocs\Mendez\system\View\View.php(210): include()
#1 C:\xampp\htdocs\Mendez\system\View\View.php(213): CodeIgniter\View\View->CodeIgniter\View\{closure}()
#2 C:\xampp\htdocs\Mendez\system\Common.php(1089): CodeIgniter\View\View->render('cart/carrito_pa...', Array, true)
#3 C:\xampp\htdocs\Mendez\app\Controllers\Cart_controller.php(73): view('cart/carrito_pa...')
#4 C:\xampp\htdocs\Mendez\system\CodeIgniter.php(832): App\Controllers\Cart_controller->comprar_carrito()
#5 C:\xampp\htdocs\Mendez\system\CodeIgniter.php(419): CodeIgniter\CodeIgniter->runController(Object(App\Controllers\Cart_controller))
#6 C:\xampp\htdocs\Mendez\system\CodeIgniter.php(326): CodeIgniter\CodeIgniter->handleRequest(NULL, Object(Config\Cache), false)
#7 C:\xampp\htdocs\Mendez\index.php(37): CodeIgniter\CodeIgniter->run()
#8 {main}
CRITICAL - 2022-06-20 23:27:02 --> Undefined variable: session
#0 C:\xampp\htdocs\Mendez\app\Views\cart\carrito_pago.php(2): CodeIgniter\Debug\Exceptions->errorHandler(8, 'Undefined varia...', 'C:\\xampp\\htdocs...', 2, Array)
#1 C:\xampp\htdocs\Mendez\system\View\View.php(210): include('C:\\xampp\\htdocs...')
#2 C:\xampp\htdocs\Mendez\system\View\View.php(213): CodeIgniter\View\View->CodeIgniter\View\{closure}()
#3 C:\xampp\htdocs\Mendez\system\Common.php(1089): CodeIgniter\View\View->render('cart/carrito_pa...', Array, true)
#4 C:\xampp\htdocs\Mendez\app\Controllers\Cart_controller.php(75): view('cart/carrito_pa...', Array)
#5 C:\xampp\htdocs\Mendez\system\CodeIgniter.php(832): App\Controllers\Cart_controller->comprar_carrito()
#6 C:\xampp\htdocs\Mendez\system\CodeIgniter.php(419): CodeIgniter\CodeIgniter->runController(Object(App\Controllers\Cart_controller))
#7 C:\xampp\htdocs\Mendez\system\CodeIgniter.php(326): CodeIgniter\CodeIgniter->handleRequest(NULL, Object(Config\Cache), false)
#8 C:\xampp\htdocs\Mendez\index.php(37): CodeIgniter\CodeIgniter->run()
#9 {main}
CRITICAL - 2022-06-20 23:27:27 --> Call to undefined method CodeIgniter\Session\Session::userdata()
#0 C:\xampp\htdocs\Mendez\system\View\View.php(210): include()
#1 C:\xampp\htdocs\Mendez\system\View\View.php(213): CodeIgniter\View\View->CodeIgniter\View\{closure}()
#2 C:\xampp\htdocs\Mendez\system\Common.php(1089): CodeIgniter\View\View->render('cart/carrito_pa...', Array, true)
#3 C:\xampp\htdocs\Mendez\app\Controllers\Cart_controller.php(75): view('cart/carrito_pa...', Array)
#4 C:\xampp\htdocs\Mendez\system\CodeIgniter.php(832): App\Controllers\Cart_controller->comprar_carrito()
#5 C:\xampp\htdocs\Mendez\system\CodeIgniter.php(419): CodeIgniter\CodeIgniter->runController(Object(App\Controllers\Cart_controller))
#6 C:\xampp\htdocs\Mendez\system\CodeIgniter.php(326): CodeIgniter\CodeIgniter->handleRequest(NULL, Object(Config\Cache), false)
#7 C:\xampp\htdocs\Mendez\index.php(37): CodeIgniter\CodeIgniter->run()
#8 {main}
CRITICAL - 2022-06-20 23:27:28 --> Call to undefined method CodeIgniter\Session\Session::userdata()
#0 C:\xampp\htdocs\Mendez\system\View\View.php(210): include()
#1 C:\xampp\htdocs\Mendez\system\View\View.php(213): CodeIgniter\View\View->CodeIgniter\View\{closure}()
#2 C:\xampp\htdocs\Mendez\system\Common.php(1089): CodeIgniter\View\View->render('cart/carrito_pa...', Array, true)
#3 C:\xampp\htdocs\Mendez\app\Controllers\Cart_controller.php(75): view('cart/carrito_pa...', Array)
#4 C:\xampp\htdocs\Mendez\system\CodeIgniter.php(832): App\Controllers\Cart_controller->comprar_carrito()
#5 C:\xampp\htdocs\Mendez\system\CodeIgniter.php(419): CodeIgniter\CodeIgniter->runController(Object(App\Controllers\Cart_controller))
#6 C:\xampp\htdocs\Mendez\system\CodeIgniter.php(326): CodeIgniter\CodeIgniter->handleRequest(NULL, Object(Config\Cache), false)
#7 C:\xampp\htdocs\Mendez\index.php(37): CodeIgniter\CodeIgniter->run()
#8 {main}
CRITICAL - 2022-06-20 23:27:28 --> Call to undefined method CodeIgniter\Session\Session::userdata()
#0 C:\xampp\htdocs\Mendez\system\View\View.php(210): include()
#1 C:\xampp\htdocs\Mendez\system\View\View.php(213): CodeIgniter\View\View->CodeIgniter\View\{closure}()
#2 C:\xampp\htdocs\Mendez\system\Common.php(1089): CodeIgniter\View\View->render('cart/carrito_pa...', Array, true)
#3 C:\xampp\htdocs\Mendez\app\Controllers\Cart_controller.php(75): view('cart/carrito_pa...', Array)
#4 C:\xampp\htdocs\Mendez\system\CodeIgniter.php(832): App\Controllers\Cart_controller->comprar_carrito()
#5 C:\xampp\htdocs\Mendez\system\CodeIgniter.php(419): CodeIgniter\CodeIgniter->runController(Object(App\Controllers\Cart_controller))
#6 C:\xampp\htdocs\Mendez\system\CodeIgniter.php(326): CodeIgniter\CodeIgniter->handleRequest(NULL, Object(Config\Cache), false)
#7 C:\xampp\htdocs\Mendez\index.php(37): CodeIgniter\CodeIgniter->run()
#8 {main}
CRITICAL - 2022-06-20 23:27:29 --> Call to undefined method CodeIgniter\Session\Session::userdata()
#0 C:\xampp\htdocs\Mendez\system\View\View.php(210): include()
#1 C:\xampp\htdocs\Mendez\system\View\View.php(213): CodeIgniter\View\View->CodeIgniter\View\{closure}()
#2 C:\xampp\htdocs\Mendez\system\Common.php(1089): CodeIgniter\View\View->render('cart/carrito_pa...', Array, true)
#3 C:\xampp\htdocs\Mendez\app\Controllers\Cart_controller.php(75): view('cart/carrito_pa...', Array)
#4 C:\xampp\htdocs\Mendez\system\CodeIgniter.php(832): App\Controllers\Cart_controller->comprar_carrito()
#5 C:\xampp\htdocs\Mendez\system\CodeIgniter.php(419): CodeIgniter\CodeIgniter->runController(Object(App\Controllers\Cart_controller))
#6 C:\xampp\htdocs\Mendez\system\CodeIgniter.php(326): CodeIgniter\CodeIgniter->handleRequest(NULL, Object(Config\Cache), false)
#7 C:\xampp\htdocs\Mendez\index.php(37): CodeIgniter\CodeIgniter->run()
#8 {main}
CRITICAL - 2022-06-20 23:30:35 --> Cannot use object of type CodeIgniter\Session\Session as array
#0 C:\xampp\htdocs\Mendez\system\View\View.php(210): include()
#1 C:\xampp\htdocs\Mendez\system\View\View.php(213): CodeIgniter\View\View->CodeIgniter\View\{closure}()
#2 C:\xampp\htdocs\Mendez\system\Common.php(1089): CodeIgniter\View\View->render('cart/carrito_pa...', Array, true)
#3 C:\xampp\htdocs\Mendez\app\Controllers\Cart_controller.php(75): view('cart/carrito_pa...', Array)
#4 C:\xampp\htdocs\Mendez\system\CodeIgniter.php(832): App\Controllers\Cart_controller->comprar_carrito()
#5 C:\xampp\htdocs\Mendez\system\CodeIgniter.php(419): CodeIgniter\CodeIgniter->runController(Object(App\Controllers\Cart_controller))
#6 C:\xampp\htdocs\Mendez\system\CodeIgniter.php(326): CodeIgniter\CodeIgniter->handleRequest(NULL, Object(Config\Cache), false)
#7 C:\xampp\htdocs\Mendez\index.php(37): CodeIgniter\CodeIgniter->run()
#8 {main}
CRITICAL - 2022-06-20 23:30:36 --> Cannot use object of type CodeIgniter\Session\Session as array
#0 C:\xampp\htdocs\Mendez\system\View\View.php(210): include()
#1 C:\xampp\htdocs\Mendez\system\View\View.php(213): CodeIgniter\View\View->CodeIgniter\View\{closure}()
#2 C:\xampp\htdocs\Mendez\system\Common.php(1089): CodeIgniter\View\View->render('cart/carrito_pa...', Array, true)
#3 C:\xampp\htdocs\Mendez\app\Controllers\Cart_controller.php(75): view('cart/carrito_pa...', Array)
#4 C:\xampp\htdocs\Mendez\system\CodeIgniter.php(832): App\Controllers\Cart_controller->comprar_carrito()
#5 C:\xampp\htdocs\Mendez\system\CodeIgniter.php(419): CodeIgniter\CodeIgniter->runController(Object(App\Controllers\Cart_controller))
#6 C:\xampp\htdocs\Mendez\system\CodeIgniter.php(326): CodeIgniter\CodeIgniter->handleRequest(NULL, Object(Config\Cache), false)
#7 C:\xampp\htdocs\Mendez\index.php(37): CodeIgniter\CodeIgniter->run()
#8 {main}
CRITICAL - 2022-06-20 23:36:05 --> Cannot use object of type CodeIgniter\Session\Session as array
#0 C:\xampp\htdocs\Mendez\system\View\View.php(210): include()
#1 C:\xampp\htdocs\Mendez\system\View\View.php(213): CodeIgniter\View\View->CodeIgniter\View\{closure}()
#2 C:\xampp\htdocs\Mendez\system\Common.php(1089): CodeIgniter\View\View->render('cart/carrito_pa...', Array, true)
#3 C:\xampp\htdocs\Mendez\app\Controllers\Cart_controller.php(75): view('cart/carrito_pa...', Array)
#4 C:\xampp\htdocs\Mendez\system\CodeIgniter.php(832): App\Controllers\Cart_controller->comprar_carrito()
#5 C:\xampp\htdocs\Mendez\system\CodeIgniter.php(419): CodeIgniter\CodeIgniter->runController(Object(App\Controllers\Cart_controller))
#6 C:\xampp\htdocs\Mendez\system\CodeIgniter.php(326): CodeIgniter\CodeIgniter->handleRequest(NULL, Object(Config\Cache), false)
#7 C:\xampp\htdocs\Mendez\index.php(37): CodeIgniter\CodeIgniter->run()
#8 {main}
CRITICAL - 2022-06-20 23:36:06 --> Cannot use object of type CodeIgniter\Session\Session as array
#0 C:\xampp\htdocs\Mendez\system\View\View.php(210): include()
#1 C:\xampp\htdocs\Mendez\system\View\View.php(213): CodeIgniter\View\View->CodeIgniter\View\{closure}()
#2 C:\xampp\htdocs\Mendez\system\Common.php(1089): CodeIgniter\View\View->render('cart/carrito_pa...', Array, true)
#3 C:\xampp\htdocs\Mendez\app\Controllers\Cart_controller.php(75): view('cart/carrito_pa...', Array)
#4 C:\xampp\htdocs\Mendez\system\CodeIgniter.php(832): App\Controllers\Cart_controller->comprar_carrito()
#5 C:\xampp\htdocs\Mendez\system\CodeIgniter.php(419): CodeIgniter\CodeIgniter->runController(Object(App\Controllers\Cart_controller))
#6 C:\xampp\htdocs\Mendez\system\CodeIgniter.php(326): CodeIgniter\CodeIgniter->handleRequest(NULL, Object(Config\Cache), false)
#7 C:\xampp\htdocs\Mendez\index.php(37): CodeIgniter\CodeIgniter->run()
#8 {main}
CRITICAL - 2022-06-20 23:36:06 --> Cannot use object of type CodeIgniter\Session\Session as array
#0 C:\xampp\htdocs\Mendez\system\View\View.php(210): include()
#1 C:\xampp\htdocs\Mendez\system\View\View.php(213): CodeIgniter\View\View->CodeIgniter\View\{closure}()
#2 C:\xampp\htdocs\Mendez\system\Common.php(1089): CodeIgniter\View\View->render('cart/carrito_pa...', Array, true)
#3 C:\xampp\htdocs\Mendez\app\Controllers\Cart_controller.php(75): view('cart/carrito_pa...', Array)
#4 C:\xampp\htdocs\Mendez\system\CodeIgniter.php(832): App\Controllers\Cart_controller->comprar_carrito()
#5 C:\xampp\htdocs\Mendez\system\CodeIgniter.php(419): CodeIgniter\CodeIgniter->runController(Object(App\Controllers\Cart_controller))
#6 C:\xampp\htdocs\Mendez\system\CodeIgniter.php(326): CodeIgniter\CodeIgniter->handleRequest(NULL, Object(Config\Cache), false)
#7 C:\xampp\htdocs\Mendez\index.php(37): CodeIgniter\CodeIgniter->run()
#8 {main}
CRITICAL - 2022-06-20 23:36:06 --> Cannot use object of type CodeIgniter\Session\Session as array
#0 C:\xampp\htdocs\Mendez\system\View\View.php(210): include()
#1 C:\xampp\htdocs\Mendez\system\View\View.php(213): CodeIgniter\View\View->CodeIgniter\View\{closure}()
#2 C:\xampp\htdocs\Mendez\system\Common.php(1089): CodeIgniter\View\View->render('cart/carrito_pa...', Array, true)
#3 C:\xampp\htdocs\Mendez\app\Controllers\Cart_controller.php(75): view('cart/carrito_pa...', Array)
#4 C:\xampp\htdocs\Mendez\system\CodeIgniter.php(832): App\Controllers\Cart_controller->comprar_carrito()
#5 C:\xampp\htdocs\Mendez\system\CodeIgniter.php(419): CodeIgniter\CodeIgniter->runController(Object(App\Controllers\Cart_controller))
#6 C:\xampp\htdocs\Mendez\system\CodeIgniter.php(326): CodeIgniter\CodeIgniter->handleRequest(NULL, Object(Config\Cache), false)
#7 C:\xampp\htdocs\Mendez\index.php(37): CodeIgniter\CodeIgniter->run()
#8 {main}
CRITICAL - 2022-06-20 23:36:22 --> Array to string conversion
#0 C:\xampp\htdocs\Mendez\app\Views\cart\carrito_pago.php(39): CodeIgniter\Debug\Exceptions->errorHandler(8, 'Array to string...', 'C:\\xampp\\htdocs...', 39, Array)
#1 C:\xampp\htdocs\Mendez\system\View\View.php(210): include('C:\\xampp\\htdocs...')
#2 C:\xampp\htdocs\Mendez\system\View\View.php(213): CodeIgniter\View\View->CodeIgniter\View\{closure}()
#3 C:\xampp\htdocs\Mendez\system\Common.php(1089): CodeIgniter\View\View->render('cart/carrito_pa...', Array, true)
#4 C:\xampp\htdocs\Mendez\app\Controllers\Cart_controller.php(75): view('cart/carrito_pa...', Array)
#5 C:\xampp\htdocs\Mendez\system\CodeIgniter.php(832): App\Controllers\Cart_controller->comprar_carrito()
#6 C:\xampp\htdocs\Mendez\system\CodeIgniter.php(419): CodeIgniter\CodeIgniter->runController(Object(App\Controllers\Cart_controller))
#7 C:\xampp\htdocs\Mendez\system\CodeIgniter.php(326): CodeIgniter\CodeIgniter->handleRequest(NULL, Object(Config\Cache), false)
#8 C:\xampp\htdocs\Mendez\index.php(37): CodeIgniter\CodeIgniter->run()
#9 {main}
CRITICAL - 2022-06-20 23:36:23 --> Array to string conversion
#0 C:\xampp\htdocs\Mendez\app\Views\cart\carrito_pago.php(39): CodeIgniter\Debug\Exceptions->errorHandler(8, 'Array to string...', 'C:\\xampp\\htdocs...', 39, Array)
#1 C:\xampp\htdocs\Mendez\system\View\View.php(210): include('C:\\xampp\\htdocs...')
#2 C:\xampp\htdocs\Mendez\system\View\View.php(213): CodeIgniter\View\View->CodeIgniter\View\{closure}()
#3 C:\xampp\htdocs\Mendez\system\Common.php(1089): CodeIgniter\View\View->render('cart/carrito_pa...', Array, true)
#4 C:\xampp\htdocs\Mendez\app\Controllers\Cart_controller.php(75): view('cart/carrito_pa...', Array)
#5 C:\xampp\htdocs\Mendez\system\CodeIgniter.php(832): App\Controllers\Cart_controller->comprar_carrito()
#6 C:\xampp\htdocs\Mendez\system\CodeIgniter.php(419): CodeIgniter\CodeIgniter->runController(Object(App\Controllers\Cart_controller))
#7 C:\xampp\htdocs\Mendez\system\CodeIgniter.php(326): CodeIgniter\CodeIgniter->handleRequest(NULL, Object(Config\Cache), false)
#8 C:\xampp\htdocs\Mendez\index.php(37): CodeIgniter\CodeIgniter->run()
#9 {main}
CRITICAL - 2022-06-20 23:36:45 --> Undefined variable: apellido
#0 C:\xampp\htdocs\Mendez\app\Views\cart\carrito_pago.php(47): CodeIgniter\Debug\Exceptions->errorHandler(8, 'Undefined varia...', 'C:\\xampp\\htdocs...', 47, Array)
#1 C:\xampp\htdocs\Mendez\system\View\View.php(210): include('C:\\xampp\\htdocs...')
#2 C:\xampp\htdocs\Mendez\system\View\View.php(213): CodeIgniter\View\View->CodeIgniter\View\{closure}()
#3 C:\xampp\htdocs\Mendez\system\Common.php(1089): CodeIgniter\View\View->render('cart/carrito_pa...', Array, true)
#4 C:\xampp\htdocs\Mendez\app\Controllers\Cart_controller.php(75): view('cart/carrito_pa...', Array)
#5 C:\xampp\htdocs\Mendez\system\CodeIgniter.php(832): App\Controllers\Cart_controller->comprar_carrito()
#6 C:\xampp\htdocs\Mendez\system\CodeIgniter.php(419): CodeIgniter\CodeIgniter->runController(Object(App\Controllers\Cart_controller))
#7 C:\xampp\htdocs\Mendez\system\CodeIgniter.php(326): CodeIgniter\CodeIgniter->handleRequest(NULL, Object(Config\Cache), false)
#8 C:\xampp\htdocs\Mendez\index.php(37): CodeIgniter\CodeIgniter->run()
#9 {main}
CRITICAL - 2022-06-20 23:36:46 --> Undefined variable: apellido
#0 C:\xampp\htdocs\Mendez\app\Views\cart\carrito_pago.php(47): CodeIgniter\Debug\Exceptions->errorHandler(8, 'Undefined varia...', 'C:\\xampp\\htdocs...', 47, Array)
#1 C:\xampp\htdocs\Mendez\system\View\View.php(210): include('C:\\xampp\\htdocs...')
#2 C:\xampp\htdocs\Mendez\system\View\View.php(213): CodeIgniter\View\View->CodeIgniter\View\{closure}()
#3 C:\xampp\htdocs\Mendez\system\Common.php(1089): CodeIgniter\View\View->render('cart/carrito_pa...', Array, true)
#4 C:\xampp\htdocs\Mendez\app\Controllers\Cart_controller.php(75): view('cart/carrito_pa...', Array)
#5 C:\xampp\htdocs\Mendez\system\CodeIgniter.php(832): App\Controllers\Cart_controller->comprar_carrito()
#6 C:\xampp\htdocs\Mendez\system\CodeIgniter.php(419): CodeIgniter\CodeIgniter->runController(Object(App\Controllers\Cart_controller))
#7 C:\xampp\htdocs\Mendez\system\CodeIgniter.php(326): CodeIgniter\CodeIgniter->handleRequest(NULL, Object(Config\Cache), false)
#8 C:\xampp\htdocs\Mendez\index.php(37): CodeIgniter\CodeIgniter->run()
#9 {main}
CRITICAL - 2022-06-20 23:37:02 --> Undefined variable: email
#0 C:\xampp\htdocs\Mendez\app\Views\cart\carrito_pago.php(55): CodeIgniter\Debug\Exceptions->errorHandler(8, 'Undefined varia...', 'C:\\xampp\\htdocs...', 55, Array)
#1 C:\xampp\htdocs\Mendez\system\View\View.php(210): include('C:\\xampp\\htdocs...')
#2 C:\xampp\htdocs\Mendez\system\View\View.php(213): CodeIgniter\View\View->CodeIgniter\View\{closure}()
#3 C:\xampp\htdocs\Mendez\system\Common.php(1089): CodeIgniter\View\View->render('cart/carrito_pa...', Array, true)
#4 C:\xampp\htdocs\Mendez\app\Controllers\Cart_controller.php(75): view('cart/carrito_pa...', Array)
#5 C:\xampp\htdocs\Mendez\system\CodeIgniter.php(832): App\Controllers\Cart_controller->comprar_carrito()
#6 C:\xampp\htdocs\Mendez\system\CodeIgniter.php(419): CodeIgniter\CodeIgniter->runController(Object(App\Controllers\Cart_controller))
#7 C:\xampp\htdocs\Mendez\system\CodeIgniter.php(326): CodeIgniter\CodeIgniter->handleRequest(NULL, Object(Config\Cache), false)
#8 C:\xampp\htdocs\Mendez\index.php(37): CodeIgniter\CodeIgniter->run()
#9 {main}
CRITICAL - 2022-06-20 23:39:46 --> Undefined variable: dato
#0 C:\xampp\htdocs\Mendez\app\Controllers\Cart_controller.php(73): CodeIgniter\Debug\Exceptions->errorHandler(8, 'Undefined varia...', 'C:\\xampp\\htdocs...', 73, Array)
#1 C:\xampp\htdocs\Mendez\system\CodeIgniter.php(832): App\Controllers\Cart_controller->comprar_carrito()
#2 C:\xampp\htdocs\Mendez\system\CodeIgniter.php(419): CodeIgniter\CodeIgniter->runController(Object(App\Controllers\Cart_controller))
#3 C:\xampp\htdocs\Mendez\system\CodeIgniter.php(326): CodeIgniter\CodeIgniter->handleRequest(NULL, Object(Config\Cache), false)
#4 C:\xampp\htdocs\Mendez\index.php(37): CodeIgniter\CodeIgniter->run()
#5 {main}
CRITICAL - 2022-06-20 23:45:42 --> syntax error, unexpected '}'
#0 C:\xampp\htdocs\Mendez\system\Router\Router.php(175): CodeIgniter\Router\Router->autoRoute('Cart_controller...')
#1 C:\xampp\htdocs\Mendez\system\CodeIgniter.php(726): CodeIgniter\Router\Router->handle('Cart_controller...')
#2 C:\xampp\htdocs\Mendez\system\CodeIgniter.php(368): CodeIgniter\CodeIgniter->tryToRouteIt(Object(CodeIgniter\Router\RouteCollection))
#3 C:\xampp\htdocs\Mendez\system\CodeIgniter.php(326): CodeIgniter\CodeIgniter->handleRequest(NULL, Object(Config\Cache), false)
#4 C:\xampp\htdocs\Mendez\index.php(37): CodeIgniter\CodeIgniter->run()
#5 {main}
CRITICAL - 2022-06-20 23:55:33 --> Undefined property: App\Controllers\Cart_controller::$input
#0 C:\xampp\htdocs\Mendez\app\Controllers\Cart_controller.php(80): CodeIgniter\Debug\Exceptions->errorHandler(8, 'Undefined prope...', 'C:\\xampp\\htdocs...', 80, Array)
#1 C:\xampp\htdocs\Mendez\system\CodeIgniter.php(832): App\Controllers\Cart_controller->confirma_compra('5')
#2 C:\xampp\htdocs\Mendez\system\CodeIgniter.php(419): CodeIgniter\CodeIgniter->runController(Object(App\Controllers\Cart_controller))
#3 C:\xampp\htdocs\Mendez\system\CodeIgniter.php(326): CodeIgniter\CodeIgniter->handleRequest(NULL, Object(Config\Cache), false)
#4 C:\xampp\htdocs\Mendez\index.php(37): CodeIgniter\CodeIgniter->run()
#5 {main}
CRITICAL - 2022-06-20 23:56:58 --> Too few arguments to function App\Controllers\Cart_controller::confirma_compra(), 1 passed in C:\xampp\htdocs\Mendez\system\CodeIgniter.php on line 832 and exactly 2 expected
#0 C:\xampp\htdocs\Mendez\system\CodeIgniter.php(832): App\Controllers\Cart_controller->confirma_compra('5')
#1 C:\xampp\htdocs\Mendez\system\CodeIgniter.php(419): CodeIgniter\CodeIgniter->runController(Object(App\Controllers\Cart_controller))
#2 C:\xampp\htdocs\Mendez\system\CodeIgniter.php(326): CodeIgniter\CodeIgniter->handleRequest(NULL, Object(Config\Cache), false)
#3 C:\xampp\htdocs\Mendez\index.php(37): CodeIgniter\CodeIgniter->run()
#4 {main}
CRITICAL - 2022-06-20 23:57:31 --> Too few arguments to function App\Controllers\Cart_controller::confirma_compra(), 1 passed in C:\xampp\htdocs\Mendez\system\CodeIgniter.php on line 832 and exactly 2 expected
#0 C:\xampp\htdocs\Mendez\system\CodeIgniter.php(832): App\Controllers\Cart_controller->confirma_compra('5')
#1 C:\xampp\htdocs\Mendez\system\CodeIgniter.php(419): CodeIgniter\CodeIgniter->runController(Object(App\Controllers\Cart_controller))
#2 C:\xampp\htdocs\Mendez\system\CodeIgniter.php(326): CodeIgniter\CodeIgniter->handleRequest(NULL, Object(Config\Cache), false)
#3 C:\xampp\htdocs\Mendez\index.php(37): CodeIgniter\CodeIgniter->run()
#4 {main}
CRITICAL - 2022-06-20 23:57:34 --> Too few arguments to function App\Controllers\Cart_controller::confirma_compra(), 1 passed in C:\xampp\htdocs\Mendez\system\CodeIgniter.php on line 832 and exactly 2 expected
#0 C:\xampp\htdocs\Mendez\system\CodeIgniter.php(832): App\Controllers\Cart_controller->confirma_compra('5144000')
#1 C:\xampp\htdocs\Mendez\system\CodeIgniter.php(419): CodeIgniter\CodeIgniter->runController(Object(App\Controllers\Cart_controller))
#2 C:\xampp\htdocs\Mendez\system\CodeIgniter.php(326): CodeIgniter\CodeIgniter->handleRequest(NULL, Object(Config\Cache), false)
#3 C:\xampp\htdocs\Mendez\index.php(37): CodeIgniter\CodeIgniter->run()
#4 {main}
