CRITICAL - 2022-06-02 00:46:11 --> The framework needs the following extension(s) installed and loaded: intl.
#0 C:\xampp\htdocs\Mendez\system\CodeIgniter.php(219): CodeIgniter\Exceptions\FrameworkException::forMissingExtension('intl')
#1 C:\xampp\htdocs\Mendez\system\CodeIgniter.php(177): CodeIgniter\CodeIgniter->resolvePlatformExtensions()
#2 C:\xampp\htdocs\Mendez\system\bootstrap.php(146): CodeIgniter\CodeIgniter->initialize()
#3 C:\xampp\htdocs\Mendez\index.php(28): require('C:\\xampp\\htdocs...')
#4 {main}
CRITICAL - 2022-06-02 00:57:46 --> The framework needs the following extension(s) installed and loaded: intl.
#0 C:\xampp\htdocs\Mendez\system\CodeIgniter.php(219): CodeIgniter\Exceptions\FrameworkException::forMissingExtension('intl')
#1 C:\xampp\htdocs\Mendez\system\CodeIgniter.php(177): CodeIgniter\CodeIgniter->resolvePlatformExtensions()
#2 C:\xampp\htdocs\Mendez\system\bootstrap.php(146): CodeIgniter\CodeIgniter->initialize()
#3 C:\xampp\htdocs\Mendez\index.php(28): require('C:\\xampp\\htdocs...')
#4 {main}
CRITICAL - 2022-06-02 00:58:11 --> The framework needs the following extension(s) installed and loaded: intl.
#0 C:\xampp\htdocs\Mendez\system\CodeIgniter.php(219): CodeIgniter\Exceptions\FrameworkException::forMissingExtension('intl')
#1 C:\xampp\htdocs\Mendez\system\CodeIgniter.php(177): CodeIgniter\CodeIgniter->resolvePlatformExtensions()
#2 C:\xampp\htdocs\Mendez\system\bootstrap.php(146): CodeIgniter\CodeIgniter->initialize()
#3 C:\xampp\htdocs\Mendez\index.php(28): require('C:\\xampp\\htdocs...')
#4 {main}
CRITICAL - 2022-06-02 00:59:05 --> The framework needs the following extension(s) installed and loaded: intl.
#0 C:\xampp\htdocs\Mendez\system\CodeIgniter.php(219): CodeIgniter\Exceptions\FrameworkException::forMissingExtension('intl')
#1 C:\xampp\htdocs\Mendez\system\CodeIgniter.php(177): CodeIgniter\CodeIgniter->resolvePlatformExtensions()
#2 C:\xampp\htdocs\Mendez\system\bootstrap.php(146): CodeIgniter\CodeIgniter->initialize()
#3 C:\xampp\htdocs\Mendez\index.php(28): require('C:\\xampp\\htdocs...')
#4 {main}
CRITICAL - 2022-06-02 00:59:06 --> The framework needs the following extension(s) installed and loaded: intl.
#0 C:\xampp\htdocs\Mendez\system\CodeIgniter.php(219): CodeIgniter\Exceptions\FrameworkException::forMissingExtension('intl')
#1 C:\xampp\htdocs\Mendez\system\CodeIgniter.php(177): CodeIgniter\CodeIgniter->resolvePlatformExtensions()
#2 C:\xampp\htdocs\Mendez\system\bootstrap.php(146): CodeIgniter\CodeIgniter->initialize()
#3 C:\xampp\htdocs\Mendez\index.php(28): require('C:\\xampp\\htdocs...')
#4 {main}
