ERROR - 2022-06-21 00:01:48 --> Column 'total_venta' cannot be null
CRITICAL - 2022-06-21 00:01:48 --> Column 'total_venta' cannot be null
#0 C:\xampp\htdocs\Mendez\system\Database\MySQLi\Connection.php(292): mysqli->query('INSERT INTO `ve...', 0)
#1 C:\xampp\htdocs\Mendez\system\Database\BaseConnection.php(670): CodeIgniter\Database\MySQLi\Connection->execute('INSERT INTO `ve...')
#2 C:\xampp\htdocs\Mendez\system\Database\BaseConnection.php(598): CodeIgniter\Database\BaseConnection->simpleQuery('INSERT INTO `ve...')
#3 C:\xampp\htdocs\Mendez\system\Database\BaseBuilder.php(1771): CodeIgniter\Database\BaseConnection->query('INSERT INTO `ve...', Array, false)
#4 C:\xampp\htdocs\Mendez\system\Model.php(239): CodeIgniter\Database\BaseBuilder->insert()
#5 C:\xampp\htdocs\Mendez\system\BaseModel.php(738): CodeIgniter\Model->doInsert(Array)
#6 C:\xampp\htdocs\Mendez\system\Model.php(625): CodeIgniter\BaseModel->insert(Array, true)
#7 C:\xampp\htdocs\Mendez\app\Controllers\Cart_controller.php(87): CodeIgniter\Model->insert(Array)
#8 C:\xampp\htdocs\Mendez\system\CodeIgniter.php(832): App\Controllers\Cart_controller->confirma_compra('5144000')
#9 C:\xampp\htdocs\Mendez\system\CodeIgniter.php(419): CodeIgniter\CodeIgniter->runController(Object(App\Controllers\Cart_controller))
#10 C:\xampp\htdocs\Mendez\system\CodeIgniter.php(326): CodeIgniter\CodeIgniter->handleRequest(NULL, Object(Config\Cache), false)
#11 C:\xampp\htdocs\Mendez\index.php(37): CodeIgniter\CodeIgniter->run()
#12 {main}
CRITICAL - 2022-06-21 00:02:15 --> Too few arguments to function App\Controllers\Cart_controller::confirma_compra(), 1 passed in C:\xampp\htdocs\Mendez\system\CodeIgniter.php on line 832 and exactly 2 expected
#0 C:\xampp\htdocs\Mendez\system\CodeIgniter.php(832): App\Controllers\Cart_controller->confirma_compra('5144000')
#1 C:\xampp\htdocs\Mendez\system\CodeIgniter.php(419): CodeIgniter\CodeIgniter->runController(Object(App\Controllers\Cart_controller))
#2 C:\xampp\htdocs\Mendez\system\CodeIgniter.php(326): CodeIgniter\CodeIgniter->handleRequest(NULL, Object(Config\Cache), false)
#3 C:\xampp\htdocs\Mendez\index.php(37): CodeIgniter\CodeIgniter->run()
#4 {main}
ERROR - 2022-06-21 00:02:30 --> Column 'total_venta' cannot be null
CRITICAL - 2022-06-21 00:02:30 --> Column 'total_venta' cannot be null
#0 C:\xampp\htdocs\Mendez\system\Database\MySQLi\Connection.php(292): mysqli->query('INSERT INTO `ve...', 0)
#1 C:\xampp\htdocs\Mendez\system\Database\BaseConnection.php(670): CodeIgniter\Database\MySQLi\Connection->execute('INSERT INTO `ve...')
#2 C:\xampp\htdocs\Mendez\system\Database\BaseConnection.php(598): CodeIgniter\Database\BaseConnection->simpleQuery('INSERT INTO `ve...')
#3 C:\xampp\htdocs\Mendez\system\Database\BaseBuilder.php(1771): CodeIgniter\Database\BaseConnection->query('INSERT INTO `ve...', Array, false)
#4 C:\xampp\htdocs\Mendez\system\Model.php(239): CodeIgniter\Database\BaseBuilder->insert()
#5 C:\xampp\htdocs\Mendez\system\BaseModel.php(738): CodeIgniter\Model->doInsert(Array)
#6 C:\xampp\htdocs\Mendez\system\Model.php(625): CodeIgniter\BaseModel->insert(Array, true)
#7 C:\xampp\htdocs\Mendez\app\Controllers\Cart_controller.php(87): CodeIgniter\Model->insert(Array)
#8 C:\xampp\htdocs\Mendez\system\CodeIgniter.php(832): App\Controllers\Cart_controller->confirma_compra('5144000')
#9 C:\xampp\htdocs\Mendez\system\CodeIgniter.php(419): CodeIgniter\CodeIgniter->runController(Object(App\Controllers\Cart_controller))
#10 C:\xampp\htdocs\Mendez\system\CodeIgniter.php(326): CodeIgniter\CodeIgniter->handleRequest(NULL, Object(Config\Cache), false)
#11 C:\xampp\htdocs\Mendez\index.php(37): CodeIgniter\CodeIgniter->run()
#12 {main}
ERROR - 2022-06-21 00:04:49 --> Column 'total_venta' cannot be null
CRITICAL - 2022-06-21 00:04:49 --> Column 'total_venta' cannot be null
#0 C:\xampp\htdocs\Mendez\system\Database\MySQLi\Connection.php(292): mysqli->query('INSERT INTO `ve...', 0)
#1 C:\xampp\htdocs\Mendez\system\Database\BaseConnection.php(670): CodeIgniter\Database\MySQLi\Connection->execute('INSERT INTO `ve...')
#2 C:\xampp\htdocs\Mendez\system\Database\BaseConnection.php(598): CodeIgniter\Database\BaseConnection->simpleQuery('INSERT INTO `ve...')
#3 C:\xampp\htdocs\Mendez\system\Database\BaseBuilder.php(1771): CodeIgniter\Database\BaseConnection->query('INSERT INTO `ve...', Array, false)
#4 C:\xampp\htdocs\Mendez\system\Model.php(239): CodeIgniter\Database\BaseBuilder->insert()
#5 C:\xampp\htdocs\Mendez\system\BaseModel.php(738): CodeIgniter\Model->doInsert(Array)
#6 C:\xampp\htdocs\Mendez\system\Model.php(625): CodeIgniter\BaseModel->insert(Array, true)
#7 C:\xampp\htdocs\Mendez\app\Controllers\Cart_controller.php(87): CodeIgniter\Model->insert(Array)
#8 C:\xampp\htdocs\Mendez\system\CodeIgniter.php(832): App\Controllers\Cart_controller->confirma_compra('5144000')
#9 C:\xampp\htdocs\Mendez\system\CodeIgniter.php(419): CodeIgniter\CodeIgniter->runController(Object(App\Controllers\Cart_controller))
#10 C:\xampp\htdocs\Mendez\system\CodeIgniter.php(326): CodeIgniter\CodeIgniter->handleRequest(NULL, Object(Config\Cache), false)
#11 C:\xampp\htdocs\Mendez\index.php(37): CodeIgniter\CodeIgniter->run()
#12 {main}
ERROR - 2022-06-21 00:07:39 --> Cannot add or update a child row: a foreign key constraint fails (`santiago`.`ventas_cabecera`, CONSTRAINT `ventas_cabecera_ibfk_1` FOREIGN KEY (`usuario_id`) REFERENCES `usuarios` (`id`))
CRITICAL - 2022-06-21 00:07:39 --> Cannot add or update a child row: a foreign key constraint fails (`santiago`.`ventas_cabecera`, CONSTRAINT `ventas_cabecera_ibfk_1` FOREIGN KEY (`usuario_id`) REFERENCES `usuarios` (`id`))
#0 C:\xampp\htdocs\Mendez\system\Database\MySQLi\Connection.php(292): mysqli->query('INSERT INTO `ve...', 0)
#1 C:\xampp\htdocs\Mendez\system\Database\BaseConnection.php(670): CodeIgniter\Database\MySQLi\Connection->execute('INSERT INTO `ve...')
#2 C:\xampp\htdocs\Mendez\system\Database\BaseConnection.php(598): CodeIgniter\Database\BaseConnection->simpleQuery('INSERT INTO `ve...')
#3 C:\xampp\htdocs\Mendez\system\Database\BaseBuilder.php(1771): CodeIgniter\Database\BaseConnection->query('INSERT INTO `ve...', Array, false)
#4 C:\xampp\htdocs\Mendez\system\Model.php(239): CodeIgniter\Database\BaseBuilder->insert()
#5 C:\xampp\htdocs\Mendez\system\BaseModel.php(738): CodeIgniter\Model->doInsert(Array)
#6 C:\xampp\htdocs\Mendez\system\Model.php(625): CodeIgniter\BaseModel->insert(Array, true)
#7 C:\xampp\htdocs\Mendez\app\Controllers\Cart_controller.php(87): CodeIgniter\Model->insert(Array)
#8 C:\xampp\htdocs\Mendez\system\CodeIgniter.php(832): App\Controllers\Cart_controller->confirma_compra('5144000')
#9 C:\xampp\htdocs\Mendez\system\CodeIgniter.php(419): CodeIgniter\CodeIgniter->runController(Object(App\Controllers\Cart_controller))
#10 C:\xampp\htdocs\Mendez\system\CodeIgniter.php(326): CodeIgniter\CodeIgniter->handleRequest(NULL, Object(Config\Cache), false)
#11 C:\xampp\htdocs\Mendez\index.php(37): CodeIgniter\CodeIgniter->run()
#12 {main}
ERROR - 2022-06-21 00:08:08 --> Cannot add or update a child row: a foreign key constraint fails (`santiago`.`ventas_cabecera`, CONSTRAINT `ventas_cabecera_ibfk_1` FOREIGN KEY (`usuario_id`) REFERENCES `usuarios` (`id`))
CRITICAL - 2022-06-21 00:08:08 --> Cannot add or update a child row: a foreign key constraint fails (`santiago`.`ventas_cabecera`, CONSTRAINT `ventas_cabecera_ibfk_1` FOREIGN KEY (`usuario_id`) REFERENCES `usuarios` (`id`))
#0 C:\xampp\htdocs\Mendez\system\Database\MySQLi\Connection.php(292): mysqli->query('INSERT INTO `ve...', 0)
#1 C:\xampp\htdocs\Mendez\system\Database\BaseConnection.php(670): CodeIgniter\Database\MySQLi\Connection->execute('INSERT INTO `ve...')
#2 C:\xampp\htdocs\Mendez\system\Database\BaseConnection.php(598): CodeIgniter\Database\BaseConnection->simpleQuery('INSERT INTO `ve...')
#3 C:\xampp\htdocs\Mendez\system\Database\BaseBuilder.php(1771): CodeIgniter\Database\BaseConnection->query('INSERT INTO `ve...', Array, false)
#4 C:\xampp\htdocs\Mendez\system\Model.php(239): CodeIgniter\Database\BaseBuilder->insert()
#5 C:\xampp\htdocs\Mendez\system\BaseModel.php(738): CodeIgniter\Model->doInsert(Array)
#6 C:\xampp\htdocs\Mendez\system\Model.php(625): CodeIgniter\BaseModel->insert(Array, true)
#7 C:\xampp\htdocs\Mendez\app\Controllers\Cart_controller.php(86): CodeIgniter\Model->insert(Array)
#8 C:\xampp\htdocs\Mendez\system\CodeIgniter.php(832): App\Controllers\Cart_controller->confirma_compra('5144000')
#9 C:\xampp\htdocs\Mendez\system\CodeIgniter.php(419): CodeIgniter\CodeIgniter->runController(Object(App\Controllers\Cart_controller))
#10 C:\xampp\htdocs\Mendez\system\CodeIgniter.php(326): CodeIgniter\CodeIgniter->handleRequest(NULL, Object(Config\Cache), false)
#11 C:\xampp\htdocs\Mendez\index.php(37): CodeIgniter\CodeIgniter->run()
#12 {main}
ERROR - 2022-06-21 00:08:26 --> Cannot add or update a child row: a foreign key constraint fails (`santiago`.`ventas_cabecera`, CONSTRAINT `ventas_cabecera_ibfk_1` FOREIGN KEY (`usuario_id`) REFERENCES `usuarios` (`id`))
CRITICAL - 2022-06-21 00:08:26 --> Cannot add or update a child row: a foreign key constraint fails (`santiago`.`ventas_cabecera`, CONSTRAINT `ventas_cabecera_ibfk_1` FOREIGN KEY (`usuario_id`) REFERENCES `usuarios` (`id`))
#0 C:\xampp\htdocs\Mendez\system\Database\MySQLi\Connection.php(292): mysqli->query('INSERT INTO `ve...', 0)
#1 C:\xampp\htdocs\Mendez\system\Database\BaseConnection.php(670): CodeIgniter\Database\MySQLi\Connection->execute('INSERT INTO `ve...')
#2 C:\xampp\htdocs\Mendez\system\Database\BaseConnection.php(598): CodeIgniter\Database\BaseConnection->simpleQuery('INSERT INTO `ve...')
#3 C:\xampp\htdocs\Mendez\system\Database\BaseBuilder.php(1771): CodeIgniter\Database\BaseConnection->query('INSERT INTO `ve...', Array, false)
#4 C:\xampp\htdocs\Mendez\system\Model.php(239): CodeIgniter\Database\BaseBuilder->insert()
#5 C:\xampp\htdocs\Mendez\system\BaseModel.php(738): CodeIgniter\Model->doInsert(Array)
#6 C:\xampp\htdocs\Mendez\system\Model.php(625): CodeIgniter\BaseModel->insert(Array, true)
#7 C:\xampp\htdocs\Mendez\app\Controllers\Cart_controller.php(87): CodeIgniter\Model->insert(Array)
#8 C:\xampp\htdocs\Mendez\system\CodeIgniter.php(832): App\Controllers\Cart_controller->confirma_compra('5144000')
#9 C:\xampp\htdocs\Mendez\system\CodeIgniter.php(419): CodeIgniter\CodeIgniter->runController(Object(App\Controllers\Cart_controller))
#10 C:\xampp\htdocs\Mendez\system\CodeIgniter.php(326): CodeIgniter\CodeIgniter->handleRequest(NULL, Object(Config\Cache), false)
#11 C:\xampp\htdocs\Mendez\index.php(37): CodeIgniter\CodeIgniter->run()
#12 {main}
CRITICAL - 2022-06-21 00:09:01 --> There is no data to insert.
#0 C:\xampp\htdocs\Mendez\system\BaseModel.php(1574): CodeIgniter\Database\Exceptions\DataException::forEmptyDataset('insert')
#1 C:\xampp\htdocs\Mendez\system\BaseModel.php(704): CodeIgniter\BaseModel->transformDataToArray(Array, 'insert')
#2 C:\xampp\htdocs\Mendez\system\Model.php(625): CodeIgniter\BaseModel->insert(Array, true)
#3 C:\xampp\htdocs\Mendez\app\Controllers\Cart_controller.php(85): CodeIgniter\Model->insert(Array)
#4 C:\xampp\htdocs\Mendez\system\CodeIgniter.php(832): App\Controllers\Cart_controller->confirma_compra('5144000')
#5 C:\xampp\htdocs\Mendez\system\CodeIgniter.php(419): CodeIgniter\CodeIgniter->runController(Object(App\Controllers\Cart_controller))
#6 C:\xampp\htdocs\Mendez\system\CodeIgniter.php(326): CodeIgniter\CodeIgniter->handleRequest(NULL, Object(Config\Cache), false)
#7 C:\xampp\htdocs\Mendez\index.php(37): CodeIgniter\CodeIgniter->run()
#8 {main}
ERROR - 2022-06-21 00:09:14 --> Cannot add or update a child row: a foreign key constraint fails (`santiago`.`ventas_cabecera`, CONSTRAINT `ventas_cabecera_ibfk_1` FOREIGN KEY (`usuario_id`) REFERENCES `usuarios` (`id`))
CRITICAL - 2022-06-21 00:09:14 --> Cannot add or update a child row: a foreign key constraint fails (`santiago`.`ventas_cabecera`, CONSTRAINT `ventas_cabecera_ibfk_1` FOREIGN KEY (`usuario_id`) REFERENCES `usuarios` (`id`))
#0 C:\xampp\htdocs\Mendez\system\Database\MySQLi\Connection.php(292): mysqli->query('INSERT INTO `ve...', 0)
#1 C:\xampp\htdocs\Mendez\system\Database\BaseConnection.php(670): CodeIgniter\Database\MySQLi\Connection->execute('INSERT INTO `ve...')
#2 C:\xampp\htdocs\Mendez\system\Database\BaseConnection.php(598): CodeIgniter\Database\BaseConnection->simpleQuery('INSERT INTO `ve...')
#3 C:\xampp\htdocs\Mendez\system\Database\BaseBuilder.php(1771): CodeIgniter\Database\BaseConnection->query('INSERT INTO `ve...', Array, false)
#4 C:\xampp\htdocs\Mendez\system\Model.php(239): CodeIgniter\Database\BaseBuilder->insert()
#5 C:\xampp\htdocs\Mendez\system\BaseModel.php(738): CodeIgniter\Model->doInsert(Array)
#6 C:\xampp\htdocs\Mendez\system\Model.php(625): CodeIgniter\BaseModel->insert(Array, true)
#7 C:\xampp\htdocs\Mendez\app\Controllers\Cart_controller.php(85): CodeIgniter\Model->insert(Array)
#8 C:\xampp\htdocs\Mendez\system\CodeIgniter.php(832): App\Controllers\Cart_controller->confirma_compra('5144000')
#9 C:\xampp\htdocs\Mendez\system\CodeIgniter.php(419): CodeIgniter\CodeIgniter->runController(Object(App\Controllers\Cart_controller))
#10 C:\xampp\htdocs\Mendez\system\CodeIgniter.php(326): CodeIgniter\CodeIgniter->handleRequest(NULL, Object(Config\Cache), false)
#11 C:\xampp\htdocs\Mendez\index.php(37): CodeIgniter\CodeIgniter->run()
#12 {main}
ERROR - 2022-06-21 00:10:07 --> Cannot add or update a child row: a foreign key constraint fails (`santiago`.`ventas_cabecera`, CONSTRAINT `ventas_cabecera_ibfk_1` FOREIGN KEY (`usuario_id`) REFERENCES `usuarios` (`id`))
CRITICAL - 2022-06-21 00:10:07 --> Cannot add or update a child row: a foreign key constraint fails (`santiago`.`ventas_cabecera`, CONSTRAINT `ventas_cabecera_ibfk_1` FOREIGN KEY (`usuario_id`) REFERENCES `usuarios` (`id`))
#0 C:\xampp\htdocs\Mendez\system\Database\MySQLi\Connection.php(292): mysqli->query('INSERT INTO `ve...', 0)
#1 C:\xampp\htdocs\Mendez\system\Database\BaseConnection.php(670): CodeIgniter\Database\MySQLi\Connection->execute('INSERT INTO `ve...')
#2 C:\xampp\htdocs\Mendez\system\Database\BaseConnection.php(598): CodeIgniter\Database\BaseConnection->simpleQuery('INSERT INTO `ve...')
#3 C:\xampp\htdocs\Mendez\system\Database\BaseBuilder.php(1771): CodeIgniter\Database\BaseConnection->query('INSERT INTO `ve...', Array, false)
#4 C:\xampp\htdocs\Mendez\system\Model.php(239): CodeIgniter\Database\BaseBuilder->insert()
#5 C:\xampp\htdocs\Mendez\system\BaseModel.php(738): CodeIgniter\Model->doInsert(Array)
#6 C:\xampp\htdocs\Mendez\system\Model.php(625): CodeIgniter\BaseModel->insert(Array, true)
#7 C:\xampp\htdocs\Mendez\app\Controllers\Cart_controller.php(86): CodeIgniter\Model->insert(Array)
#8 C:\xampp\htdocs\Mendez\system\CodeIgniter.php(832): App\Controllers\Cart_controller->confirma_compra('5144000')
#9 C:\xampp\htdocs\Mendez\system\CodeIgniter.php(419): CodeIgniter\CodeIgniter->runController(Object(App\Controllers\Cart_controller))
#10 C:\xampp\htdocs\Mendez\system\CodeIgniter.php(326): CodeIgniter\CodeIgniter->handleRequest(NULL, Object(Config\Cache), false)
#11 C:\xampp\htdocs\Mendez\index.php(37): CodeIgniter\CodeIgniter->run()
#12 {main}
ERROR - 2022-06-21 00:10:10 --> Cannot add or update a child row: a foreign key constraint fails (`santiago`.`ventas_cabecera`, CONSTRAINT `ventas_cabecera_ibfk_1` FOREIGN KEY (`usuario_id`) REFERENCES `usuarios` (`id`))
CRITICAL - 2022-06-21 00:10:10 --> Cannot add or update a child row: a foreign key constraint fails (`santiago`.`ventas_cabecera`, CONSTRAINT `ventas_cabecera_ibfk_1` FOREIGN KEY (`usuario_id`) REFERENCES `usuarios` (`id`))
#0 C:\xampp\htdocs\Mendez\system\Database\MySQLi\Connection.php(292): mysqli->query('INSERT INTO `ve...', 0)
#1 C:\xampp\htdocs\Mendez\system\Database\BaseConnection.php(670): CodeIgniter\Database\MySQLi\Connection->execute('INSERT INTO `ve...')
#2 C:\xampp\htdocs\Mendez\system\Database\BaseConnection.php(598): CodeIgniter\Database\BaseConnection->simpleQuery('INSERT INTO `ve...')
#3 C:\xampp\htdocs\Mendez\system\Database\BaseBuilder.php(1771): CodeIgniter\Database\BaseConnection->query('INSERT INTO `ve...', Array, false)
#4 C:\xampp\htdocs\Mendez\system\Model.php(239): CodeIgniter\Database\BaseBuilder->insert()
#5 C:\xampp\htdocs\Mendez\system\BaseModel.php(738): CodeIgniter\Model->doInsert(Array)
#6 C:\xampp\htdocs\Mendez\system\Model.php(625): CodeIgniter\BaseModel->insert(Array, true)
#7 C:\xampp\htdocs\Mendez\app\Controllers\Cart_controller.php(86): CodeIgniter\Model->insert(Array)
#8 C:\xampp\htdocs\Mendez\system\CodeIgniter.php(832): App\Controllers\Cart_controller->confirma_compra('5144000')
#9 C:\xampp\htdocs\Mendez\system\CodeIgniter.php(419): CodeIgniter\CodeIgniter->runController(Object(App\Controllers\Cart_controller))
#10 C:\xampp\htdocs\Mendez\system\CodeIgniter.php(326): CodeIgniter\CodeIgniter->handleRequest(NULL, Object(Config\Cache), false)
#11 C:\xampp\htdocs\Mendez\index.php(37): CodeIgniter\CodeIgniter->run()
#12 {main}
ERROR - 2022-06-21 00:10:58 --> Cannot add or update a child row: a foreign key constraint fails (`santiago`.`ventas_cabecera`, CONSTRAINT `ventas_cabecera_ibfk_1` FOREIGN KEY (`usuario_id`) REFERENCES `usuarios` (`id`))
CRITICAL - 2022-06-21 00:10:58 --> Cannot add or update a child row: a foreign key constraint fails (`santiago`.`ventas_cabecera`, CONSTRAINT `ventas_cabecera_ibfk_1` FOREIGN KEY (`usuario_id`) REFERENCES `usuarios` (`id`))
#0 C:\xampp\htdocs\Mendez\system\Database\MySQLi\Connection.php(292): mysqli->query('INSERT INTO `ve...', 0)
#1 C:\xampp\htdocs\Mendez\system\Database\BaseConnection.php(670): CodeIgniter\Database\MySQLi\Connection->execute('INSERT INTO `ve...')
#2 C:\xampp\htdocs\Mendez\system\Database\BaseConnection.php(598): CodeIgniter\Database\BaseConnection->simpleQuery('INSERT INTO `ve...')
#3 C:\xampp\htdocs\Mendez\system\Database\BaseBuilder.php(1771): CodeIgniter\Database\BaseConnection->query('INSERT INTO `ve...', Array, false)
#4 C:\xampp\htdocs\Mendez\system\Model.php(239): CodeIgniter\Database\BaseBuilder->insert()
#5 C:\xampp\htdocs\Mendez\system\BaseModel.php(738): CodeIgniter\Model->doInsert(Array)
#6 C:\xampp\htdocs\Mendez\system\Model.php(625): CodeIgniter\BaseModel->insert(Array, true)
#7 C:\xampp\htdocs\Mendez\app\Controllers\Cart_controller.php(87): CodeIgniter\Model->insert(Array)
#8 C:\xampp\htdocs\Mendez\system\CodeIgniter.php(832): App\Controllers\Cart_controller->confirma_compra('5144000')
#9 C:\xampp\htdocs\Mendez\system\CodeIgniter.php(419): CodeIgniter\CodeIgniter->runController(Object(App\Controllers\Cart_controller))
#10 C:\xampp\htdocs\Mendez\system\CodeIgniter.php(326): CodeIgniter\CodeIgniter->handleRequest(NULL, Object(Config\Cache), false)
#11 C:\xampp\htdocs\Mendez\index.php(37): CodeIgniter\CodeIgniter->run()
#12 {main}
CRITICAL - 2022-06-21 00:17:56 --> Illegal string offset 'subtotal'
#0 C:\xampp\htdocs\Mendez\app\Controllers\Cart_controller.php(83): CodeIgniter\Debug\Exceptions->errorHandler(2, 'Illegal string ...', 'C:\\xampp\\htdocs...', 83, Array)
#1 C:\xampp\htdocs\Mendez\system\CodeIgniter.php(832): App\Controllers\Cart_controller->confirma_compra()
#2 C:\xampp\htdocs\Mendez\system\CodeIgniter.php(419): CodeIgniter\CodeIgniter->runController(Object(App\Controllers\Cart_controller))
#3 C:\xampp\htdocs\Mendez\system\CodeIgniter.php(326): CodeIgniter\CodeIgniter->handleRequest(NULL, Object(Config\Cache), false)
#4 C:\xampp\htdocs\Mendez\index.php(37): CodeIgniter\CodeIgniter->run()
#5 {main}
CRITICAL - 2022-06-21 00:19:13 --> Illegal string offset 'price'
#0 C:\xampp\htdocs\Mendez\app\Controllers\Cart_controller.php(83): CodeIgniter\Debug\Exceptions->errorHandler(2, 'Illegal string ...', 'C:\\xampp\\htdocs...', 83, Array)
#1 C:\xampp\htdocs\Mendez\system\CodeIgniter.php(832): App\Controllers\Cart_controller->confirma_compra()
#2 C:\xampp\htdocs\Mendez\system\CodeIgniter.php(419): CodeIgniter\CodeIgniter->runController(Object(App\Controllers\Cart_controller))
#3 C:\xampp\htdocs\Mendez\system\CodeIgniter.php(326): CodeIgniter\CodeIgniter->handleRequest(NULL, Object(Config\Cache), false)
#4 C:\xampp\htdocs\Mendez\index.php(37): CodeIgniter\CodeIgniter->run()
#5 {main}
CRITICAL - 2022-06-21 00:20:17 --> Illegal string offset 'price'
#0 C:\xampp\htdocs\Mendez\app\Controllers\Cart_controller.php(83): CodeIgniter\Debug\Exceptions->errorHandler(2, 'Illegal string ...', 'C:\\xampp\\htdocs...', 83, Array)
#1 C:\xampp\htdocs\Mendez\system\CodeIgniter.php(832): App\Controllers\Cart_controller->confirma_compra()
#2 C:\xampp\htdocs\Mendez\system\CodeIgniter.php(419): CodeIgniter\CodeIgniter->runController(Object(App\Controllers\Cart_controller))
#3 C:\xampp\htdocs\Mendez\system\CodeIgniter.php(326): CodeIgniter\CodeIgniter->handleRequest(NULL, Object(Config\Cache), false)
#4 C:\xampp\htdocs\Mendez\index.php(37): CodeIgniter\CodeIgniter->run()
#5 {main}
CRITICAL - 2022-06-21 00:20:38 --> syntax error, unexpected ')'
#0 C:\xampp\htdocs\Mendez\system\Router\Router.php(175): CodeIgniter\Router\Router->autoRoute('Cart_controller...')
#1 C:\xampp\htdocs\Mendez\system\CodeIgniter.php(726): CodeIgniter\Router\Router->handle('Cart_controller...')
#2 C:\xampp\htdocs\Mendez\system\CodeIgniter.php(368): CodeIgniter\CodeIgniter->tryToRouteIt(Object(CodeIgniter\Router\RouteCollection))
#3 C:\xampp\htdocs\Mendez\system\CodeIgniter.php(326): CodeIgniter\CodeIgniter->handleRequest(NULL, Object(Config\Cache), false)
#4 C:\xampp\htdocs\Mendez\index.php(37): CodeIgniter\CodeIgniter->run()
#5 {main}
CRITICAL - 2022-06-21 00:21:16 --> Cannot use object of type CodeIgniterCart\Cart as array
#0 C:\xampp\htdocs\Mendez\system\CodeIgniter.php(832): App\Controllers\Cart_controller->confirma_compra()
#1 C:\xampp\htdocs\Mendez\system\CodeIgniter.php(419): CodeIgniter\CodeIgniter->runController(Object(App\Controllers\Cart_controller))
#2 C:\xampp\htdocs\Mendez\system\CodeIgniter.php(326): CodeIgniter\CodeIgniter->handleRequest(NULL, Object(Config\Cache), false)
#3 C:\xampp\htdocs\Mendez\index.php(37): CodeIgniter\CodeIgniter->run()
#4 {main}
CRITICAL - 2022-06-21 00:21:39 --> Illegal string offset 'price'
#0 C:\xampp\htdocs\Mendez\app\Controllers\Cart_controller.php(83): CodeIgniter\Debug\Exceptions->errorHandler(2, 'Illegal string ...', 'C:\\xampp\\htdocs...', 83, Array)
#1 C:\xampp\htdocs\Mendez\system\CodeIgniter.php(832): App\Controllers\Cart_controller->confirma_compra()
#2 C:\xampp\htdocs\Mendez\system\CodeIgniter.php(419): CodeIgniter\CodeIgniter->runController(Object(App\Controllers\Cart_controller))
#3 C:\xampp\htdocs\Mendez\system\CodeIgniter.php(326): CodeIgniter\CodeIgniter->handleRequest(NULL, Object(Config\Cache), false)
#4 C:\xampp\htdocs\Mendez\index.php(37): CodeIgniter\CodeIgniter->run()
#5 {main}
CRITICAL - 2022-06-21 00:23:15 --> Illegal string offset 'subtotal'
#0 C:\xampp\htdocs\Mendez\app\Controllers\Cart_controller.php(83): CodeIgniter\Debug\Exceptions->errorHandler(2, 'Illegal string ...', 'C:\\xampp\\htdocs...', 83, Array)
#1 C:\xampp\htdocs\Mendez\system\CodeIgniter.php(832): App\Controllers\Cart_controller->confirma_compra()
#2 C:\xampp\htdocs\Mendez\system\CodeIgniter.php(419): CodeIgniter\CodeIgniter->runController(Object(App\Controllers\Cart_controller))
#3 C:\xampp\htdocs\Mendez\system\CodeIgniter.php(326): CodeIgniter\CodeIgniter->handleRequest(NULL, Object(Config\Cache), false)
#4 C:\xampp\htdocs\Mendez\index.php(37): CodeIgniter\CodeIgniter->run()
#5 {main}
CRITICAL - 2022-06-21 00:24:02 --> Illegal string offset 'subtotal'
#0 C:\xampp\htdocs\Mendez\app\Controllers\Cart_controller.php(83): CodeIgniter\Debug\Exceptions->errorHandler(2, 'Illegal string ...', 'C:\\xampp\\htdocs...', 83, Array)
#1 C:\xampp\htdocs\Mendez\system\CodeIgniter.php(832): App\Controllers\Cart_controller->confirma_compra()
#2 C:\xampp\htdocs\Mendez\system\CodeIgniter.php(419): CodeIgniter\CodeIgniter->runController(Object(App\Controllers\Cart_controller))
#3 C:\xampp\htdocs\Mendez\system\CodeIgniter.php(326): CodeIgniter\CodeIgniter->handleRequest(NULL, Object(Config\Cache), false)
#4 C:\xampp\htdocs\Mendez\index.php(37): CodeIgniter\CodeIgniter->run()
#5 {main}
CRITICAL - 2022-06-21 00:27:29 --> Illegal string offset 'subtotal'
#0 C:\xampp\htdocs\Mendez\app\Controllers\Cart_controller.php(83): CodeIgniter\Debug\Exceptions->errorHandler(2, 'Illegal string ...', 'C:\\xampp\\htdocs...', 83, Array)
#1 C:\xampp\htdocs\Mendez\system\CodeIgniter.php(832): App\Controllers\Cart_controller->confirma_compra()
#2 C:\xampp\htdocs\Mendez\system\CodeIgniter.php(419): CodeIgniter\CodeIgniter->runController(Object(App\Controllers\Cart_controller))
#3 C:\xampp\htdocs\Mendez\system\CodeIgniter.php(326): CodeIgniter\CodeIgniter->handleRequest(NULL, Object(Config\Cache), false)
#4 C:\xampp\htdocs\Mendez\index.php(37): CodeIgniter\CodeIgniter->run()
#5 {main}
CRITICAL - 2022-06-21 00:30:59 --> Undefined variable: item
#0 C:\xampp\htdocs\Mendez\app\Controllers\Cart_controller.php(86): CodeIgniter\Debug\Exceptions->errorHandler(8, 'Undefined varia...', 'C:\\xampp\\htdocs...', 86, Array)
#1 C:\xampp\htdocs\Mendez\system\CodeIgniter.php(832): App\Controllers\Cart_controller->confirma_compra()
#2 C:\xampp\htdocs\Mendez\system\CodeIgniter.php(419): CodeIgniter\CodeIgniter->runController(Object(App\Controllers\Cart_controller))
#3 C:\xampp\htdocs\Mendez\system\CodeIgniter.php(326): CodeIgniter\CodeIgniter->handleRequest(NULL, Object(Config\Cache), false)
#4 C:\xampp\htdocs\Mendez\index.php(37): CodeIgniter\CodeIgniter->run()
#5 {main}
ERROR - 2022-06-21 00:31:40 --> Duplicate entry '0' for key 'PRIMARY'
CRITICAL - 2022-06-21 00:31:40 --> Duplicate entry '0' for key 'PRIMARY'
#0 C:\xampp\htdocs\Mendez\system\Database\MySQLi\Connection.php(292): mysqli->query('INSERT INTO `ve...', 0)
#1 C:\xampp\htdocs\Mendez\system\Database\BaseConnection.php(670): CodeIgniter\Database\MySQLi\Connection->execute('INSERT INTO `ve...')
#2 C:\xampp\htdocs\Mendez\system\Database\BaseConnection.php(598): CodeIgniter\Database\BaseConnection->simpleQuery('INSERT INTO `ve...')
#3 C:\xampp\htdocs\Mendez\system\Database\BaseBuilder.php(1771): CodeIgniter\Database\BaseConnection->query('INSERT INTO `ve...', Array, false)
#4 C:\xampp\htdocs\Mendez\system\Model.php(239): CodeIgniter\Database\BaseBuilder->insert()
#5 C:\xampp\htdocs\Mendez\system\BaseModel.php(738): CodeIgniter\Model->doInsert(Array)
#6 C:\xampp\htdocs\Mendez\system\Model.php(625): CodeIgniter\BaseModel->insert(Array, true)
#7 C:\xampp\htdocs\Mendez\app\Controllers\Cart_controller.php(97): CodeIgniter\Model->insert(Array)
#8 C:\xampp\htdocs\Mendez\system\CodeIgniter.php(832): App\Controllers\Cart_controller->confirma_compra()
#9 C:\xampp\htdocs\Mendez\system\CodeIgniter.php(419): CodeIgniter\CodeIgniter->runController(Object(App\Controllers\Cart_controller))
#10 C:\xampp\htdocs\Mendez\system\CodeIgniter.php(326): CodeIgniter\CodeIgniter->handleRequest(NULL, Object(Config\Cache), false)
#11 C:\xampp\htdocs\Mendez\index.php(37): CodeIgniter\CodeIgniter->run()
#12 {main}
ERROR - 2022-06-21 00:32:11 --> Duplicate entry '0' for key 'PRIMARY'
CRITICAL - 2022-06-21 00:32:11 --> Duplicate entry '0' for key 'PRIMARY'
#0 C:\xampp\htdocs\Mendez\system\Database\MySQLi\Connection.php(292): mysqli->query('INSERT INTO `ve...', 0)
#1 C:\xampp\htdocs\Mendez\system\Database\BaseConnection.php(670): CodeIgniter\Database\MySQLi\Connection->execute('INSERT INTO `ve...')
#2 C:\xampp\htdocs\Mendez\system\Database\BaseConnection.php(598): CodeIgniter\Database\BaseConnection->simpleQuery('INSERT INTO `ve...')
#3 C:\xampp\htdocs\Mendez\system\Database\BaseBuilder.php(1771): CodeIgniter\Database\BaseConnection->query('INSERT INTO `ve...', Array, false)
#4 C:\xampp\htdocs\Mendez\system\Model.php(239): CodeIgniter\Database\BaseBuilder->insert()
#5 C:\xampp\htdocs\Mendez\system\BaseModel.php(738): CodeIgniter\Model->doInsert(Array)
#6 C:\xampp\htdocs\Mendez\system\Model.php(625): CodeIgniter\BaseModel->insert(Array, true)
#7 C:\xampp\htdocs\Mendez\app\Controllers\Cart_controller.php(97): CodeIgniter\Model->insert(Array)
#8 C:\xampp\htdocs\Mendez\system\CodeIgniter.php(832): App\Controllers\Cart_controller->confirma_compra()
#9 C:\xampp\htdocs\Mendez\system\CodeIgniter.php(419): CodeIgniter\CodeIgniter->runController(Object(App\Controllers\Cart_controller))
#10 C:\xampp\htdocs\Mendez\system\CodeIgniter.php(326): CodeIgniter\CodeIgniter->handleRequest(NULL, Object(Config\Cache), false)
#11 C:\xampp\htdocs\Mendez\index.php(37): CodeIgniter\CodeIgniter->run()
#12 {main}
ERROR - 2022-06-21 00:33:30 --> Duplicate entry '0' for key 'PRIMARY'
CRITICAL - 2022-06-21 00:33:30 --> Duplicate entry '0' for key 'PRIMARY'
#0 C:\xampp\htdocs\Mendez\system\Database\MySQLi\Connection.php(292): mysqli->query('INSERT INTO `ve...', 0)
#1 C:\xampp\htdocs\Mendez\system\Database\BaseConnection.php(670): CodeIgniter\Database\MySQLi\Connection->execute('INSERT INTO `ve...')
#2 C:\xampp\htdocs\Mendez\system\Database\BaseConnection.php(598): CodeIgniter\Database\BaseConnection->simpleQuery('INSERT INTO `ve...')
#3 C:\xampp\htdocs\Mendez\system\Database\BaseBuilder.php(1771): CodeIgniter\Database\BaseConnection->query('INSERT INTO `ve...', Array, false)
#4 C:\xampp\htdocs\Mendez\system\Model.php(239): CodeIgniter\Database\BaseBuilder->insert()
#5 C:\xampp\htdocs\Mendez\system\BaseModel.php(738): CodeIgniter\Model->doInsert(Array)
#6 C:\xampp\htdocs\Mendez\system\Model.php(625): CodeIgniter\BaseModel->insert(Array, true)
#7 C:\xampp\htdocs\Mendez\app\Controllers\Cart_controller.php(97): CodeIgniter\Model->insert(Array)
#8 C:\xampp\htdocs\Mendez\system\CodeIgniter.php(832): App\Controllers\Cart_controller->confirma_compra()
#9 C:\xampp\htdocs\Mendez\system\CodeIgniter.php(419): CodeIgniter\CodeIgniter->runController(Object(App\Controllers\Cart_controller))
#10 C:\xampp\htdocs\Mendez\system\CodeIgniter.php(326): CodeIgniter\CodeIgniter->handleRequest(NULL, Object(Config\Cache), false)
#11 C:\xampp\htdocs\Mendez\index.php(37): CodeIgniter\CodeIgniter->run()
#12 {main}
CRITICAL - 2022-06-21 00:35:23 --> Undefined variable: gran_total
#0 C:\xampp\htdocs\Mendez\app\Controllers\Cart_controller.php(87): CodeIgniter\Debug\Exceptions->errorHandler(8, 'Undefined varia...', 'C:\\xampp\\htdocs...', 87, Array)
#1 C:\xampp\htdocs\Mendez\system\CodeIgniter.php(832): App\Controllers\Cart_controller->confirma_compra()
#2 C:\xampp\htdocs\Mendez\system\CodeIgniter.php(419): CodeIgniter\CodeIgniter->runController(Object(App\Controllers\Cart_controller))
#3 C:\xampp\htdocs\Mendez\system\CodeIgniter.php(326): CodeIgniter\CodeIgniter->handleRequest(NULL, Object(Config\Cache), false)
#4 C:\xampp\htdocs\Mendez\index.php(37): CodeIgniter\CodeIgniter->run()
#5 {main}
ERROR - 2022-06-21 00:35:39 --> Duplicate entry '0' for key 'PRIMARY'
CRITICAL - 2022-06-21 00:35:39 --> Duplicate entry '0' for key 'PRIMARY'
#0 C:\xampp\htdocs\Mendez\system\Database\MySQLi\Connection.php(292): mysqli->query('INSERT INTO `ve...', 0)
#1 C:\xampp\htdocs\Mendez\system\Database\BaseConnection.php(670): CodeIgniter\Database\MySQLi\Connection->execute('INSERT INTO `ve...')
#2 C:\xampp\htdocs\Mendez\system\Database\BaseConnection.php(598): CodeIgniter\Database\BaseConnection->simpleQuery('INSERT INTO `ve...')
#3 C:\xampp\htdocs\Mendez\system\Database\BaseBuilder.php(1771): CodeIgniter\Database\BaseConnection->query('INSERT INTO `ve...', Array, false)
#4 C:\xampp\htdocs\Mendez\system\Model.php(239): CodeIgniter\Database\BaseBuilder->insert()
#5 C:\xampp\htdocs\Mendez\system\BaseModel.php(738): CodeIgniter\Model->doInsert(Array)
#6 C:\xampp\htdocs\Mendez\system\Model.php(625): CodeIgniter\BaseModel->insert(Array, true)
#7 C:\xampp\htdocs\Mendez\app\Controllers\Cart_controller.php(97): CodeIgniter\Model->insert(Array)
#8 C:\xampp\htdocs\Mendez\system\CodeIgniter.php(832): App\Controllers\Cart_controller->confirma_compra()
#9 C:\xampp\htdocs\Mendez\system\CodeIgniter.php(419): CodeIgniter\CodeIgniter->runController(Object(App\Controllers\Cart_controller))
#10 C:\xampp\htdocs\Mendez\system\CodeIgniter.php(326): CodeIgniter\CodeIgniter->handleRequest(NULL, Object(Config\Cache), false)
#11 C:\xampp\htdocs\Mendez\index.php(37): CodeIgniter\CodeIgniter->run()
#12 {main}
ERROR - 2022-06-21 00:35:42 --> Duplicate entry '0' for key 'PRIMARY'
CRITICAL - 2022-06-21 00:35:42 --> Duplicate entry '0' for key 'PRIMARY'
#0 C:\xampp\htdocs\Mendez\system\Database\MySQLi\Connection.php(292): mysqli->query('INSERT INTO `ve...', 0)
#1 C:\xampp\htdocs\Mendez\system\Database\BaseConnection.php(670): CodeIgniter\Database\MySQLi\Connection->execute('INSERT INTO `ve...')
#2 C:\xampp\htdocs\Mendez\system\Database\BaseConnection.php(598): CodeIgniter\Database\BaseConnection->simpleQuery('INSERT INTO `ve...')
#3 C:\xampp\htdocs\Mendez\system\Database\BaseBuilder.php(1771): CodeIgniter\Database\BaseConnection->query('INSERT INTO `ve...', Array, false)
#4 C:\xampp\htdocs\Mendez\system\Model.php(239): CodeIgniter\Database\BaseBuilder->insert()
#5 C:\xampp\htdocs\Mendez\system\BaseModel.php(738): CodeIgniter\Model->doInsert(Array)
#6 C:\xampp\htdocs\Mendez\system\Model.php(625): CodeIgniter\BaseModel->insert(Array, true)
#7 C:\xampp\htdocs\Mendez\app\Controllers\Cart_controller.php(97): CodeIgniter\Model->insert(Array)
#8 C:\xampp\htdocs\Mendez\system\CodeIgniter.php(832): App\Controllers\Cart_controller->confirma_compra()
#9 C:\xampp\htdocs\Mendez\system\CodeIgniter.php(419): CodeIgniter\CodeIgniter->runController(Object(App\Controllers\Cart_controller))
#10 C:\xampp\htdocs\Mendez\system\CodeIgniter.php(326): CodeIgniter\CodeIgniter->handleRequest(NULL, Object(Config\Cache), false)
#11 C:\xampp\htdocs\Mendez\index.php(37): CodeIgniter\CodeIgniter->run()
#12 {main}
ERROR - 2022-06-21 00:36:44 --> Duplicate entry '0' for key 'PRIMARY'
CRITICAL - 2022-06-21 00:36:44 --> Duplicate entry '0' for key 'PRIMARY'
#0 C:\xampp\htdocs\Mendez\system\Database\MySQLi\Connection.php(292): mysqli->query('INSERT INTO `ve...', 0)
#1 C:\xampp\htdocs\Mendez\system\Database\BaseConnection.php(670): CodeIgniter\Database\MySQLi\Connection->execute('INSERT INTO `ve...')
#2 C:\xampp\htdocs\Mendez\system\Database\BaseConnection.php(598): CodeIgniter\Database\BaseConnection->simpleQuery('INSERT INTO `ve...')
#3 C:\xampp\htdocs\Mendez\system\Database\BaseBuilder.php(1771): CodeIgniter\Database\BaseConnection->query('INSERT INTO `ve...', Array, false)
#4 C:\xampp\htdocs\Mendez\system\Model.php(239): CodeIgniter\Database\BaseBuilder->insert()
#5 C:\xampp\htdocs\Mendez\system\BaseModel.php(738): CodeIgniter\Model->doInsert(Array)
#6 C:\xampp\htdocs\Mendez\system\Model.php(625): CodeIgniter\BaseModel->insert(Array, true)
#7 C:\xampp\htdocs\Mendez\app\Controllers\Cart_controller.php(97): CodeIgniter\Model->insert(Array)
#8 C:\xampp\htdocs\Mendez\system\CodeIgniter.php(832): App\Controllers\Cart_controller->confirma_compra()
#9 C:\xampp\htdocs\Mendez\system\CodeIgniter.php(419): CodeIgniter\CodeIgniter->runController(Object(App\Controllers\Cart_controller))
#10 C:\xampp\htdocs\Mendez\system\CodeIgniter.php(326): CodeIgniter\CodeIgniter->handleRequest(NULL, Object(Config\Cache), false)
#11 C:\xampp\htdocs\Mendez\index.php(37): CodeIgniter\CodeIgniter->run()
#12 {main}
CRITICAL - 2022-06-21 00:44:11 --> Undefined index: subtotal
#0 C:\xampp\htdocs\Mendez\app\Controllers\Cart_controller.php(85): CodeIgniter\Debug\Exceptions->errorHandler(8, 'Undefined index...', 'C:\\xampp\\htdocs...', 85, Array)
#1 C:\xampp\htdocs\Mendez\system\CodeIgniter.php(832): App\Controllers\Cart_controller->confirma_compra()
#2 C:\xampp\htdocs\Mendez\system\CodeIgniter.php(419): CodeIgniter\CodeIgniter->runController(Object(App\Controllers\Cart_controller))
#3 C:\xampp\htdocs\Mendez\system\CodeIgniter.php(326): CodeIgniter\CodeIgniter->handleRequest(NULL, Object(Config\Cache), false)
#4 C:\xampp\htdocs\Mendez\index.php(37): CodeIgniter\CodeIgniter->run()
#5 {main}
CRITICAL - 2022-06-21 00:46:01 --> Undefined index: price
#0 C:\xampp\htdocs\Mendez\app\Controllers\Cart_controller.php(85): CodeIgniter\Debug\Exceptions->errorHandler(8, 'Undefined index...', 'C:\\xampp\\htdocs...', 85, Array)
#1 C:\xampp\htdocs\Mendez\system\CodeIgniter.php(832): App\Controllers\Cart_controller->confirma_compra()
#2 C:\xampp\htdocs\Mendez\system\CodeIgniter.php(419): CodeIgniter\CodeIgniter->runController(Object(App\Controllers\Cart_controller))
#3 C:\xampp\htdocs\Mendez\system\CodeIgniter.php(326): CodeIgniter\CodeIgniter->handleRequest(NULL, Object(Config\Cache), false)
#4 C:\xampp\htdocs\Mendez\index.php(37): CodeIgniter\CodeIgniter->run()
#5 {main}
CRITICAL - 2022-06-21 00:46:44 --> Too few arguments to function App\Controllers\Cart_controller::confirma_compra(), 0 passed in C:\xampp\htdocs\Mendez\system\CodeIgniter.php on line 832 and exactly 1 expected
#0 C:\xampp\htdocs\Mendez\system\CodeIgniter.php(832): App\Controllers\Cart_controller->confirma_compra()
#1 C:\xampp\htdocs\Mendez\system\CodeIgniter.php(419): CodeIgniter\CodeIgniter->runController(Object(App\Controllers\Cart_controller))
#2 C:\xampp\htdocs\Mendez\system\CodeIgniter.php(326): CodeIgniter\CodeIgniter->handleRequest(NULL, Object(Config\Cache), false)
#3 C:\xampp\htdocs\Mendez\index.php(37): CodeIgniter\CodeIgniter->run()
#4 {main}
CRITICAL - 2022-06-21 00:47:05 --> Constant expression contains invalid operations
#0 [internal function]: CodeIgniter\Debug\Exceptions->shutdownHandler()
#1 {main}
CRITICAL - 2022-06-21 00:55:43 --> syntax error, unexpected '}'
#0 C:\xampp\htdocs\Mendez\system\Router\Router.php(175): CodeIgniter\Router\Router->autoRoute('Cart_controller...')
#1 C:\xampp\htdocs\Mendez\system\CodeIgniter.php(726): CodeIgniter\Router\Router->handle('Cart_controller...')
#2 C:\xampp\htdocs\Mendez\system\CodeIgniter.php(368): CodeIgniter\CodeIgniter->tryToRouteIt(Object(CodeIgniter\Router\RouteCollection))
#3 C:\xampp\htdocs\Mendez\system\CodeIgniter.php(326): CodeIgniter\CodeIgniter->handleRequest(NULL, Object(Config\Cache), false)
#4 C:\xampp\htdocs\Mendez\index.php(37): CodeIgniter\CodeIgniter->run()
#5 {main}
CRITICAL - 2022-06-21 09:00:55 --> syntax error, unexpected 'endforeach' (T_ENDFOREACH)
#0 C:\xampp\htdocs\Mendez\system\Autoloader\Autoloader.php(241): CodeIgniter\Autoloader\Autoloader->includeFile('C:\\xampp\\htdocs...')
#1 C:\xampp\htdocs\Mendez\system\Autoloader\Autoloader.php(219): CodeIgniter\Autoloader\Autoloader->loadInNamespace('App\\Controllers...')
#2 [internal function]: CodeIgniter\Autoloader\Autoloader->loadClass('App\\Controllers...')
#3 [internal function]: spl_autoload_call('App\\Controllers...')
#4 C:\xampp\htdocs\Mendez\system\CodeIgniter.php(797): class_exists('\\App\\Controller...', true)
#5 C:\xampp\htdocs\Mendez\system\CodeIgniter.php(406): CodeIgniter\CodeIgniter->startController()
#6 C:\xampp\htdocs\Mendez\system\CodeIgniter.php(326): CodeIgniter\CodeIgniter->handleRequest(NULL, Object(Config\Cache), false)
#7 C:\xampp\htdocs\Mendez\index.php(37): CodeIgniter\CodeIgniter->run()
#8 {main}
CRITICAL - 2022-06-21 09:41:07 --> syntax error, unexpected 'endforeach' (T_ENDFOREACH)
#0 C:\xampp\htdocs\Mendez\system\Autoloader\Autoloader.php(241): CodeIgniter\Autoloader\Autoloader->includeFile('C:\\xampp\\htdocs...')
#1 C:\xampp\htdocs\Mendez\system\Autoloader\Autoloader.php(219): CodeIgniter\Autoloader\Autoloader->loadInNamespace('App\\Controllers...')
#2 [internal function]: CodeIgniter\Autoloader\Autoloader->loadClass('App\\Controllers...')
#3 [internal function]: spl_autoload_call('App\\Controllers...')
#4 C:\xampp\htdocs\Mendez\system\CodeIgniter.php(797): class_exists('\\App\\Controller...', true)
#5 C:\xampp\htdocs\Mendez\system\CodeIgniter.php(406): CodeIgniter\CodeIgniter->startController()
#6 C:\xampp\htdocs\Mendez\system\CodeIgniter.php(326): CodeIgniter\CodeIgniter->handleRequest(NULL, Object(Config\Cache), false)
#7 C:\xampp\htdocs\Mendez\index.php(37): CodeIgniter\CodeIgniter->run()
#8 {main}
CRITICAL - 2022-06-21 09:43:42 --> syntax error, unexpected 'endforeach' (T_ENDFOREACH)
#0 C:\xampp\htdocs\Mendez\system\Autoloader\Autoloader.php(241): CodeIgniter\Autoloader\Autoloader->includeFile('C:\\xampp\\htdocs...')
#1 C:\xampp\htdocs\Mendez\system\Autoloader\Autoloader.php(219): CodeIgniter\Autoloader\Autoloader->loadInNamespace('App\\Controllers...')
#2 [internal function]: CodeIgniter\Autoloader\Autoloader->loadClass('App\\Controllers...')
#3 [internal function]: spl_autoload_call('App\\Controllers...')
#4 C:\xampp\htdocs\Mendez\system\CodeIgniter.php(797): class_exists('\\App\\Controller...', true)
#5 C:\xampp\htdocs\Mendez\system\CodeIgniter.php(406): CodeIgniter\CodeIgniter->startController()
#6 C:\xampp\htdocs\Mendez\system\CodeIgniter.php(326): CodeIgniter\CodeIgniter->handleRequest(NULL, Object(Config\Cache), false)
#7 C:\xampp\htdocs\Mendez\index.php(37): CodeIgniter\CodeIgniter->run()
#8 {main}
CRITICAL - 2022-06-21 09:44:34 --> syntax error, unexpected 'endforeach' (T_ENDFOREACH)
#0 C:\xampp\htdocs\Mendez\system\Autoloader\Autoloader.php(241): CodeIgniter\Autoloader\Autoloader->includeFile('C:\\xampp\\htdocs...')
#1 C:\xampp\htdocs\Mendez\system\Autoloader\Autoloader.php(219): CodeIgniter\Autoloader\Autoloader->loadInNamespace('App\\Controllers...')
#2 [internal function]: CodeIgniter\Autoloader\Autoloader->loadClass('App\\Controllers...')
#3 [internal function]: spl_autoload_call('App\\Controllers...')
#4 C:\xampp\htdocs\Mendez\system\CodeIgniter.php(797): class_exists('\\App\\Controller...', true)
#5 C:\xampp\htdocs\Mendez\system\CodeIgniter.php(406): CodeIgniter\CodeIgniter->startController()
#6 C:\xampp\htdocs\Mendez\system\CodeIgniter.php(326): CodeIgniter\CodeIgniter->handleRequest(NULL, Object(Config\Cache), false)
#7 C:\xampp\htdocs\Mendez\index.php(37): CodeIgniter\CodeIgniter->run()
#8 {main}
CRITICAL - 2022-06-21 09:44:35 --> syntax error, unexpected 'endforeach' (T_ENDFOREACH)
#0 C:\xampp\htdocs\Mendez\system\Autoloader\Autoloader.php(241): CodeIgniter\Autoloader\Autoloader->includeFile('C:\\xampp\\htdocs...')
#1 C:\xampp\htdocs\Mendez\system\Autoloader\Autoloader.php(219): CodeIgniter\Autoloader\Autoloader->loadInNamespace('App\\Controllers...')
#2 [internal function]: CodeIgniter\Autoloader\Autoloader->loadClass('App\\Controllers...')
#3 [internal function]: spl_autoload_call('App\\Controllers...')
#4 C:\xampp\htdocs\Mendez\system\CodeIgniter.php(797): class_exists('\\App\\Controller...', true)
#5 C:\xampp\htdocs\Mendez\system\CodeIgniter.php(406): CodeIgniter\CodeIgniter->startController()
#6 C:\xampp\htdocs\Mendez\system\CodeIgniter.php(326): CodeIgniter\CodeIgniter->handleRequest(NULL, Object(Config\Cache), false)
#7 C:\xampp\htdocs\Mendez\index.php(37): CodeIgniter\CodeIgniter->run()
#8 {main}
CRITICAL - 2022-06-21 09:44:44 --> syntax error, unexpected 'endforeach' (T_ENDFOREACH)
#0 C:\xampp\htdocs\Mendez\system\Autoloader\Autoloader.php(241): CodeIgniter\Autoloader\Autoloader->includeFile('C:\\xampp\\htdocs...')
#1 C:\xampp\htdocs\Mendez\system\Autoloader\Autoloader.php(219): CodeIgniter\Autoloader\Autoloader->loadInNamespace('App\\Controllers...')
#2 [internal function]: CodeIgniter\Autoloader\Autoloader->loadClass('App\\Controllers...')
#3 [internal function]: spl_autoload_call('App\\Controllers...')
#4 C:\xampp\htdocs\Mendez\system\CodeIgniter.php(797): class_exists('\\App\\Controller...', true)
#5 C:\xampp\htdocs\Mendez\system\CodeIgniter.php(406): CodeIgniter\CodeIgniter->startController()
#6 C:\xampp\htdocs\Mendez\system\CodeIgniter.php(326): CodeIgniter\CodeIgniter->handleRequest(NULL, Object(Config\Cache), false)
#7 C:\xampp\htdocs\Mendez\index.php(37): CodeIgniter\CodeIgniter->run()
#8 {main}
CRITICAL - 2022-06-21 09:45:07 --> syntax error, unexpected 'endforeach' (T_ENDFOREACH)
#0 C:\xampp\htdocs\Mendez\system\Autoloader\Autoloader.php(241): CodeIgniter\Autoloader\Autoloader->includeFile('C:\\xampp\\htdocs...')
#1 C:\xampp\htdocs\Mendez\system\Autoloader\Autoloader.php(219): CodeIgniter\Autoloader\Autoloader->loadInNamespace('App\\Controllers...')
#2 [internal function]: CodeIgniter\Autoloader\Autoloader->loadClass('App\\Controllers...')
#3 [internal function]: spl_autoload_call('App\\Controllers...')
#4 C:\xampp\htdocs\Mendez\system\CodeIgniter.php(797): class_exists('\\App\\Controller...', true)
#5 C:\xampp\htdocs\Mendez\system\CodeIgniter.php(406): CodeIgniter\CodeIgniter->startController()
#6 C:\xampp\htdocs\Mendez\system\CodeIgniter.php(326): CodeIgniter\CodeIgniter->handleRequest(NULL, Object(Config\Cache), false)
#7 C:\xampp\htdocs\Mendez\index.php(37): CodeIgniter\CodeIgniter->run()
#8 {main}
CRITICAL - 2022-06-21 09:48:59 --> Invalid file: footer_dash.php
#0 C:\xampp\htdocs\Mendez\system\View\View.php(198): CodeIgniter\Exceptions\FrameworkException::forInvalidFile('footer_dash.php')
#1 C:\xampp\htdocs\Mendez\system\Common.php(1089): CodeIgniter\View\View->render('footer_dash', Array, true)
#2 C:\xampp\htdocs\Mendez\app\Controllers\Venta_controller.php(15): view('footer_dash')
#3 C:\xampp\htdocs\Mendez\system\CodeIgniter.php(832): App\Controllers\Venta_controller->ventas_cabecera()
#4 C:\xampp\htdocs\Mendez\system\CodeIgniter.php(419): CodeIgniter\CodeIgniter->runController(Object(App\Controllers\Venta_controller))
#5 C:\xampp\htdocs\Mendez\system\CodeIgniter.php(326): CodeIgniter\CodeIgniter->handleRequest(NULL, Object(Config\Cache), false)
#6 C:\xampp\htdocs\Mendez\index.php(37): CodeIgniter\CodeIgniter->run()
#7 {main}
CRITICAL - 2022-06-21 10:13:00 --> syntax error, unexpected 'public' (T_PUBLIC)
#0 C:\xampp\htdocs\Mendez\system\Autoloader\Autoloader.php(241): CodeIgniter\Autoloader\Autoloader->includeFile('C:\\xampp\\htdocs...')
#1 C:\xampp\htdocs\Mendez\system\Autoloader\Autoloader.php(219): CodeIgniter\Autoloader\Autoloader->loadInNamespace('App\\Controllers...')
#2 [internal function]: CodeIgniter\Autoloader\Autoloader->loadClass('App\\Controllers...')
#3 [internal function]: spl_autoload_call('App\\Controllers...')
#4 C:\xampp\htdocs\Mendez\system\CodeIgniter.php(797): class_exists('\\App\\Controller...', true)
#5 C:\xampp\htdocs\Mendez\system\CodeIgniter.php(406): CodeIgniter\CodeIgniter->startController()
#6 C:\xampp\htdocs\Mendez\system\CodeIgniter.php(326): CodeIgniter\CodeIgniter->handleRequest(NULL, Object(Config\Cache), false)
#7 C:\xampp\htdocs\Mendez\index.php(37): CodeIgniter\CodeIgniter->run()
#8 {main}
CRITICAL - 2022-06-21 11:33:55 --> Invalid file: back/Venta/consulta_view.php
#0 C:\xampp\htdocs\Mendez\system\View\View.php(198): CodeIgniter\Exceptions\FrameworkException::forInvalidFile('back/Venta/cons...')
#1 C:\xampp\htdocs\Mendez\system\Common.php(1089): CodeIgniter\View\View->render('back/Venta/cons...', Array, true)
#2 C:\xampp\htdocs\Mendez\app\Controllers\Consultas_controller.php(15): view('back/Venta/cons...')
#3 C:\xampp\htdocs\Mendez\system\CodeIgniter.php(832): App\Controllers\Consultas_controller->consultas_mostrar()
#4 C:\xampp\htdocs\Mendez\system\CodeIgniter.php(419): CodeIgniter\CodeIgniter->runController(Object(App\Controllers\Consultas_controller))
#5 C:\xampp\htdocs\Mendez\system\CodeIgniter.php(326): CodeIgniter\CodeIgniter->handleRequest(NULL, Object(Config\Cache), false)
#6 C:\xampp\htdocs\Mendez\index.php(37): CodeIgniter\CodeIgniter->run()
#7 {main}
CRITICAL - 2022-06-21 11:34:36 --> Invalid file: Venta/consulta_view.php
#0 C:\xampp\htdocs\Mendez\system\View\View.php(198): CodeIgniter\Exceptions\FrameworkException::forInvalidFile('Venta/consulta_...')
#1 C:\xampp\htdocs\Mendez\system\Common.php(1089): CodeIgniter\View\View->render('Venta/consulta_...', Array, true)
#2 C:\xampp\htdocs\Mendez\app\Controllers\Consultas_controller.php(15): view('Venta/consulta_...')
#3 C:\xampp\htdocs\Mendez\system\CodeIgniter.php(832): App\Controllers\Consultas_controller->consultas_mostrar()
#4 C:\xampp\htdocs\Mendez\system\CodeIgniter.php(419): CodeIgniter\CodeIgniter->runController(Object(App\Controllers\Consultas_controller))
#5 C:\xampp\htdocs\Mendez\system\CodeIgniter.php(326): CodeIgniter\CodeIgniter->handleRequest(NULL, Object(Config\Cache), false)
#6 C:\xampp\htdocs\Mendez\index.php(37): CodeIgniter\CodeIgniter->run()
#7 {main}
CRITICAL - 2022-06-21 11:34:36 --> Invalid file: Venta/consulta_view.php
#0 C:\xampp\htdocs\Mendez\system\View\View.php(198): CodeIgniter\Exceptions\FrameworkException::forInvalidFile('Venta/consulta_...')
#1 C:\xampp\htdocs\Mendez\system\Common.php(1089): CodeIgniter\View\View->render('Venta/consulta_...', Array, true)
#2 C:\xampp\htdocs\Mendez\app\Controllers\Consultas_controller.php(15): view('Venta/consulta_...')
#3 C:\xampp\htdocs\Mendez\system\CodeIgniter.php(832): App\Controllers\Consultas_controller->consultas_mostrar()
#4 C:\xampp\htdocs\Mendez\system\CodeIgniter.php(419): CodeIgniter\CodeIgniter->runController(Object(App\Controllers\Consultas_controller))
#5 C:\xampp\htdocs\Mendez\system\CodeIgniter.php(326): CodeIgniter\CodeIgniter->handleRequest(NULL, Object(Config\Cache), false)
#6 C:\xampp\htdocs\Mendez\index.php(37): CodeIgniter\CodeIgniter->run()
#7 {main}
CRITICAL - 2022-06-21 11:35:07 --> Invalid file: back/consulta/consulta_view.php
#0 C:\xampp\htdocs\Mendez\system\View\View.php(198): CodeIgniter\Exceptions\FrameworkException::forInvalidFile('back/consulta/c...')
#1 C:\xampp\htdocs\Mendez\system\Common.php(1089): CodeIgniter\View\View->render('back/consulta/c...', Array, true)
#2 C:\xampp\htdocs\Mendez\app\Controllers\Consultas_controller.php(15): view('back/consulta/c...')
#3 C:\xampp\htdocs\Mendez\system\CodeIgniter.php(832): App\Controllers\Consultas_controller->consultas_mostrar()
#4 C:\xampp\htdocs\Mendez\system\CodeIgniter.php(419): CodeIgniter\CodeIgniter->runController(Object(App\Controllers\Consultas_controller))
#5 C:\xampp\htdocs\Mendez\system\CodeIgniter.php(326): CodeIgniter\CodeIgniter->handleRequest(NULL, Object(Config\Cache), false)
#6 C:\xampp\htdocs\Mendez\index.php(37): CodeIgniter\CodeIgniter->run()
#7 {main}
CRITICAL - 2022-06-21 11:35:08 --> Invalid file: back/consulta/consulta_view.php
#0 C:\xampp\htdocs\Mendez\system\View\View.php(198): CodeIgniter\Exceptions\FrameworkException::forInvalidFile('back/consulta/c...')
#1 C:\xampp\htdocs\Mendez\system\Common.php(1089): CodeIgniter\View\View->render('back/consulta/c...', Array, true)
#2 C:\xampp\htdocs\Mendez\app\Controllers\Consultas_controller.php(15): view('back/consulta/c...')
#3 C:\xampp\htdocs\Mendez\system\CodeIgniter.php(832): App\Controllers\Consultas_controller->consultas_mostrar()
#4 C:\xampp\htdocs\Mendez\system\CodeIgniter.php(419): CodeIgniter\CodeIgniter->runController(Object(App\Controllers\Consultas_controller))
#5 C:\xampp\htdocs\Mendez\system\CodeIgniter.php(326): CodeIgniter\CodeIgniter->handleRequest(NULL, Object(Config\Cache), false)
#6 C:\xampp\htdocs\Mendez\index.php(37): CodeIgniter\CodeIgniter->run()
#7 {main}
ERROR - 2022-06-21 12:00:28 --> Duplicate entry '0' for key 'PRIMARY'
CRITICAL - 2022-06-21 12:00:28 --> Duplicate entry '0' for key 'PRIMARY'
#0 C:\xampp\htdocs\Mendez\system\Database\MySQLi\Connection.php(292): mysqli->query('INSERT INTO `co...', 0)
#1 C:\xampp\htdocs\Mendez\system\Database\BaseConnection.php(670): CodeIgniter\Database\MySQLi\Connection->execute('INSERT INTO `co...')
#2 C:\xampp\htdocs\Mendez\system\Database\BaseConnection.php(598): CodeIgniter\Database\BaseConnection->simpleQuery('INSERT INTO `co...')
#3 C:\xampp\htdocs\Mendez\system\Database\BaseBuilder.php(1771): CodeIgniter\Database\BaseConnection->query('INSERT INTO `co...', Array, false)
#4 C:\xampp\htdocs\Mendez\system\Model.php(239): CodeIgniter\Database\BaseBuilder->insert()
#5 C:\xampp\htdocs\Mendez\system\BaseModel.php(738): CodeIgniter\Model->doInsert(Array)
#6 C:\xampp\htdocs\Mendez\system\Model.php(625): CodeIgniter\BaseModel->insert(Array, false)
#7 C:\xampp\htdocs\Mendez\system\BaseModel.php(658): CodeIgniter\Model->insert(Array, false)
#8 C:\xampp\htdocs\Mendez\app\Controllers\Consultas_controller.php(43): CodeIgniter\BaseModel->save(Array)
#9 C:\xampp\htdocs\Mendez\system\CodeIgniter.php(832): App\Controllers\Consultas_controller->envio_consulta()
#10 C:\xampp\htdocs\Mendez\system\CodeIgniter.php(419): CodeIgniter\CodeIgniter->runController(Object(App\Controllers\Consultas_controller))
#11 C:\xampp\htdocs\Mendez\system\CodeIgniter.php(326): CodeIgniter\CodeIgniter->handleRequest(NULL, Object(Config\Cache), false)
#12 C:\xampp\htdocs\Mendez\index.php(37): CodeIgniter\CodeIgniter->run()
#13 {main}
CRITICAL - 2022-06-21 19:05:47 --> syntax error, unexpected 'endforeach' (T_ENDFOREACH)
#0 C:\xampp\htdocs\Mendez\system\Autoloader\Autoloader.php(241): CodeIgniter\Autoloader\Autoloader->includeFile('C:\\xampp\\htdocs...')
#1 C:\xampp\htdocs\Mendez\system\Autoloader\Autoloader.php(219): CodeIgniter\Autoloader\Autoloader->loadInNamespace('App\\Controllers...')
#2 [internal function]: CodeIgniter\Autoloader\Autoloader->loadClass('App\\Controllers...')
#3 [internal function]: spl_autoload_call('App\\Controllers...')
#4 C:\xampp\htdocs\Mendez\system\CodeIgniter.php(797): class_exists('\\App\\Controller...', true)
#5 C:\xampp\htdocs\Mendez\system\CodeIgniter.php(406): CodeIgniter\CodeIgniter->startController()
#6 C:\xampp\htdocs\Mendez\system\CodeIgniter.php(326): CodeIgniter\CodeIgniter->handleRequest(NULL, Object(Config\Cache), false)
#7 C:\xampp\htdocs\Mendez\index.php(37): CodeIgniter\CodeIgniter->run()
#8 {main}
CRITICAL - 2022-06-21 19:13:48 --> Undefined variable: venta_id
#0 C:\xampp\htdocs\Mendez\app\Controllers\Cart_controller.php(103): CodeIgniter\Debug\Exceptions->errorHandler(8, 'Undefined varia...', 'C:\\xampp\\htdocs...', 103, Array)
#1 C:\xampp\htdocs\Mendez\system\CodeIgniter.php(832): App\Controllers\Cart_controller->confirma_compra('72000')
#2 C:\xampp\htdocs\Mendez\system\CodeIgniter.php(419): CodeIgniter\CodeIgniter->runController(Object(App\Controllers\Cart_controller))
#3 C:\xampp\htdocs\Mendez\system\CodeIgniter.php(326): CodeIgniter\CodeIgniter->handleRequest(NULL, Object(Config\Cache), false)
#4 C:\xampp\htdocs\Mendez\index.php(37): CodeIgniter\CodeIgniter->run()
#5 {main}
ERROR - 2022-06-21 19:18:16 --> Duplicate entry '0' for key 'PRIMARY'
CRITICAL - 2022-06-21 19:18:16 --> Duplicate entry '0' for key 'PRIMARY'
#0 C:\xampp\htdocs\Mendez\system\Database\MySQLi\Connection.php(292): mysqli->query('INSERT INTO `ve...', 0)
#1 C:\xampp\htdocs\Mendez\system\Database\BaseConnection.php(670): CodeIgniter\Database\MySQLi\Connection->execute('INSERT INTO `ve...')
#2 C:\xampp\htdocs\Mendez\system\Database\BaseConnection.php(598): CodeIgniter\Database\BaseConnection->simpleQuery('INSERT INTO `ve...')
#3 C:\xampp\htdocs\Mendez\system\Database\BaseBuilder.php(1771): CodeIgniter\Database\BaseConnection->query('INSERT INTO `ve...', Array, false)
#4 C:\xampp\htdocs\Mendez\system\Model.php(239): CodeIgniter\Database\BaseBuilder->insert()
#5 C:\xampp\htdocs\Mendez\system\BaseModel.php(738): CodeIgniter\Model->doInsert(Array)
#6 C:\xampp\htdocs\Mendez\system\Model.php(625): CodeIgniter\BaseModel->insert(Array, true)
#7 C:\xampp\htdocs\Mendez\app\Controllers\Cart_controller.php(97): CodeIgniter\Model->insert(Array)
#8 C:\xampp\htdocs\Mendez\system\CodeIgniter.php(832): App\Controllers\Cart_controller->confirma_compra('72000')
#9 C:\xampp\htdocs\Mendez\system\CodeIgniter.php(419): CodeIgniter\CodeIgniter->runController(Object(App\Controllers\Cart_controller))
#10 C:\xampp\htdocs\Mendez\system\CodeIgniter.php(326): CodeIgniter\CodeIgniter->handleRequest(NULL, Object(Config\Cache), false)
#11 C:\xampp\htdocs\Mendez\index.php(37): CodeIgniter\CodeIgniter->run()
#12 {main}
CRITICAL - 2022-06-21 19:20:45 --> Trying to access array offset on value of type null
#0 C:\xampp\htdocs\Mendez\app\Controllers\Cart_controller.php(103): CodeIgniter\Debug\Exceptions->errorHandler(8, 'Trying to acces...', 'C:\\xampp\\htdocs...', 103, Array)
#1 C:\xampp\htdocs\Mendez\system\CodeIgniter.php(832): App\Controllers\Cart_controller->confirma_compra('72000')
#2 C:\xampp\htdocs\Mendez\system\CodeIgniter.php(419): CodeIgniter\CodeIgniter->runController(Object(App\Controllers\Cart_controller))
#3 C:\xampp\htdocs\Mendez\system\CodeIgniter.php(326): CodeIgniter\CodeIgniter->handleRequest(NULL, Object(Config\Cache), false)
#4 C:\xampp\htdocs\Mendez\index.php(37): CodeIgniter\CodeIgniter->run()
#5 {main}
CRITICAL - 2022-06-21 19:25:42 --> syntax error, unexpected ','
#0 C:\xampp\htdocs\Mendez\system\Router\Router.php(175): CodeIgniter\Router\Router->autoRoute('Cart_controller...')
#1 C:\xampp\htdocs\Mendez\system\CodeIgniter.php(726): CodeIgniter\Router\Router->handle('Cart_controller...')
#2 C:\xampp\htdocs\Mendez\system\CodeIgniter.php(368): CodeIgniter\CodeIgniter->tryToRouteIt(Object(CodeIgniter\Router\RouteCollection))
#3 C:\xampp\htdocs\Mendez\system\CodeIgniter.php(326): CodeIgniter\CodeIgniter->handleRequest(NULL, Object(Config\Cache), false)
#4 C:\xampp\htdocs\Mendez\index.php(37): CodeIgniter\CodeIgniter->run()
#5 {main}
CRITICAL - 2022-06-21 19:28:53 --> Maximum execution time of 120 seconds exceeded
#0 [internal function]: CodeIgniter\Debug\Exceptions->shutdownHandler()
#1 {main}
CRITICAL - 2022-06-21 19:29:47 --> There is no data to insert.
#0 C:\xampp\htdocs\Mendez\system\BaseModel.php(718): CodeIgniter\Database\Exceptions\DataException::forEmptyDataset('insert')
#1 C:\xampp\htdocs\Mendez\system\Model.php(625): CodeIgniter\BaseModel->insert(Array, true)
#2 C:\xampp\htdocs\Mendez\app\Controllers\Cart_controller.php(111): CodeIgniter\Model->insert(Array)
#3 C:\xampp\htdocs\Mendez\system\CodeIgniter.php(832): App\Controllers\Cart_controller->confirma_compra('72000')
#4 C:\xampp\htdocs\Mendez\system\CodeIgniter.php(419): CodeIgniter\CodeIgniter->runController(Object(App\Controllers\Cart_controller))
#5 C:\xampp\htdocs\Mendez\system\CodeIgniter.php(326): CodeIgniter\CodeIgniter->handleRequest(NULL, Object(Config\Cache), false)
#6 C:\xampp\htdocs\Mendez\index.php(37): CodeIgniter\CodeIgniter->run()
#7 {main}
CRITICAL - 2022-06-21 19:30:09 --> There is no data to insert.
#0 C:\xampp\htdocs\Mendez\system\BaseModel.php(718): CodeIgniter\Database\Exceptions\DataException::forEmptyDataset('insert')
#1 C:\xampp\htdocs\Mendez\system\Model.php(625): CodeIgniter\BaseModel->insert(Array, true)
#2 C:\xampp\htdocs\Mendez\app\Controllers\Cart_controller.php(111): CodeIgniter\Model->insert(Array)
#3 C:\xampp\htdocs\Mendez\system\CodeIgniter.php(832): App\Controllers\Cart_controller->confirma_compra('72000')
#4 C:\xampp\htdocs\Mendez\system\CodeIgniter.php(419): CodeIgniter\CodeIgniter->runController(Object(App\Controllers\Cart_controller))
#5 C:\xampp\htdocs\Mendez\system\CodeIgniter.php(326): CodeIgniter\CodeIgniter->handleRequest(NULL, Object(Config\Cache), false)
#6 C:\xampp\htdocs\Mendez\index.php(37): CodeIgniter\CodeIgniter->run()
#7 {main}
CRITICAL - 2022-06-21 19:30:12 --> There is no data to insert.
#0 C:\xampp\htdocs\Mendez\system\BaseModel.php(718): CodeIgniter\Database\Exceptions\DataException::forEmptyDataset('insert')
#1 C:\xampp\htdocs\Mendez\system\Model.php(625): CodeIgniter\BaseModel->insert(Array, true)
#2 C:\xampp\htdocs\Mendez\app\Controllers\Cart_controller.php(111): CodeIgniter\Model->insert(Array)
#3 C:\xampp\htdocs\Mendez\system\CodeIgniter.php(832): App\Controllers\Cart_controller->confirma_compra('72000')
#4 C:\xampp\htdocs\Mendez\system\CodeIgniter.php(419): CodeIgniter\CodeIgniter->runController(Object(App\Controllers\Cart_controller))
#5 C:\xampp\htdocs\Mendez\system\CodeIgniter.php(326): CodeIgniter\CodeIgniter->handleRequest(NULL, Object(Config\Cache), false)
#6 C:\xampp\htdocs\Mendez\index.php(37): CodeIgniter\CodeIgniter->run()
#7 {main}
CRITICAL - 2022-06-21 19:30:31 --> Undefined variable: ultimoID_venta
#0 C:\xampp\htdocs\Mendez\app\Controllers\Cart_controller.php(104): CodeIgniter\Debug\Exceptions->errorHandler(8, 'Undefined varia...', 'C:\\xampp\\htdocs...', 104, Array)
#1 C:\xampp\htdocs\Mendez\system\CodeIgniter.php(832): App\Controllers\Cart_controller->confirma_compra('72000')
#2 C:\xampp\htdocs\Mendez\system\CodeIgniter.php(419): CodeIgniter\CodeIgniter->runController(Object(App\Controllers\Cart_controller))
#3 C:\xampp\htdocs\Mendez\system\CodeIgniter.php(326): CodeIgniter\CodeIgniter->handleRequest(NULL, Object(Config\Cache), false)
#4 C:\xampp\htdocs\Mendez\index.php(37): CodeIgniter\CodeIgniter->run()
#5 {main}
CRITICAL - 2022-06-21 19:35:03 --> There is no data to insert.
#0 C:\xampp\htdocs\Mendez\system\BaseModel.php(718): CodeIgniter\Database\Exceptions\DataException::forEmptyDataset('insert')
#1 C:\xampp\htdocs\Mendez\system\Model.php(625): CodeIgniter\BaseModel->insert(Array, true)
#2 C:\xampp\htdocs\Mendez\app\Controllers\Cart_controller.php(111): CodeIgniter\Model->insert(Array)
#3 C:\xampp\htdocs\Mendez\system\CodeIgniter.php(832): App\Controllers\Cart_controller->confirma_compra('72000')
#4 C:\xampp\htdocs\Mendez\system\CodeIgniter.php(419): CodeIgniter\CodeIgniter->runController(Object(App\Controllers\Cart_controller))
#5 C:\xampp\htdocs\Mendez\system\CodeIgniter.php(326): CodeIgniter\CodeIgniter->handleRequest(NULL, Object(Config\Cache), false)
#6 C:\xampp\htdocs\Mendez\index.php(37): CodeIgniter\CodeIgniter->run()
#7 {main}
CRITICAL - 2022-06-21 19:36:07 --> There is no data to insert.
#0 C:\xampp\htdocs\Mendez\system\BaseModel.php(718): CodeIgniter\Database\Exceptions\DataException::forEmptyDataset('insert')
#1 C:\xampp\htdocs\Mendez\system\Model.php(625): CodeIgniter\BaseModel->insert(Array, true)
#2 C:\xampp\htdocs\Mendez\app\Controllers\Cart_controller.php(110): CodeIgniter\Model->insert(Array)
#3 C:\xampp\htdocs\Mendez\system\CodeIgniter.php(832): App\Controllers\Cart_controller->confirma_compra('72000')
#4 C:\xampp\htdocs\Mendez\system\CodeIgniter.php(419): CodeIgniter\CodeIgniter->runController(Object(App\Controllers\Cart_controller))
#5 C:\xampp\htdocs\Mendez\system\CodeIgniter.php(326): CodeIgniter\CodeIgniter->handleRequest(NULL, Object(Config\Cache), false)
#6 C:\xampp\htdocs\Mendez\index.php(37): CodeIgniter\CodeIgniter->run()
#7 {main}
CRITICAL - 2022-06-21 19:36:34 --> There is no data to insert.
#0 C:\xampp\htdocs\Mendez\system\BaseModel.php(718): CodeIgniter\Database\Exceptions\DataException::forEmptyDataset('insert')
#1 C:\xampp\htdocs\Mendez\system\Model.php(625): CodeIgniter\BaseModel->insert(Array, true)
#2 C:\xampp\htdocs\Mendez\app\Controllers\Cart_controller.php(110): CodeIgniter\Model->insert(Array)
#3 C:\xampp\htdocs\Mendez\system\CodeIgniter.php(832): App\Controllers\Cart_controller->confirma_compra('72000')
#4 C:\xampp\htdocs\Mendez\system\CodeIgniter.php(419): CodeIgniter\CodeIgniter->runController(Object(App\Controllers\Cart_controller))
#5 C:\xampp\htdocs\Mendez\system\CodeIgniter.php(326): CodeIgniter\CodeIgniter->handleRequest(NULL, Object(Config\Cache), false)
#6 C:\xampp\htdocs\Mendez\index.php(37): CodeIgniter\CodeIgniter->run()
#7 {main}
CRITICAL - 2022-06-21 19:36:37 --> There is no data to insert.
#0 C:\xampp\htdocs\Mendez\system\BaseModel.php(718): CodeIgniter\Database\Exceptions\DataException::forEmptyDataset('insert')
#1 C:\xampp\htdocs\Mendez\system\Model.php(625): CodeIgniter\BaseModel->insert(Array, true)
#2 C:\xampp\htdocs\Mendez\app\Controllers\Cart_controller.php(110): CodeIgniter\Model->insert(Array)
#3 C:\xampp\htdocs\Mendez\system\CodeIgniter.php(832): App\Controllers\Cart_controller->confirma_compra('72000')
#4 C:\xampp\htdocs\Mendez\system\CodeIgniter.php(419): CodeIgniter\CodeIgniter->runController(Object(App\Controllers\Cart_controller))
#5 C:\xampp\htdocs\Mendez\system\CodeIgniter.php(326): CodeIgniter\CodeIgniter->handleRequest(NULL, Object(Config\Cache), false)
#6 C:\xampp\htdocs\Mendez\index.php(37): CodeIgniter\CodeIgniter->run()
#7 {main}
CRITICAL - 2022-06-21 19:38:18 --> There is no data to insert.
#0 C:\xampp\htdocs\Mendez\system\BaseModel.php(718): CodeIgniter\Database\Exceptions\DataException::forEmptyDataset('insert')
#1 C:\xampp\htdocs\Mendez\system\Model.php(625): CodeIgniter\BaseModel->insert(Array, true)
#2 C:\xampp\htdocs\Mendez\app\Controllers\Cart_controller.php(111): CodeIgniter\Model->insert(Array)
#3 C:\xampp\htdocs\Mendez\system\CodeIgniter.php(832): App\Controllers\Cart_controller->confirma_compra('72000')
#4 C:\xampp\htdocs\Mendez\system\CodeIgniter.php(419): CodeIgniter\CodeIgniter->runController(Object(App\Controllers\Cart_controller))
#5 C:\xampp\htdocs\Mendez\system\CodeIgniter.php(326): CodeIgniter\CodeIgniter->handleRequest(NULL, Object(Config\Cache), false)
#6 C:\xampp\htdocs\Mendez\index.php(37): CodeIgniter\CodeIgniter->run()
#7 {main}
CRITICAL - 2022-06-21 19:47:24 --> There is no data to insert.
#0 C:\xampp\htdocs\Mendez\system\BaseModel.php(718): CodeIgniter\Database\Exceptions\DataException::forEmptyDataset('insert')
#1 C:\xampp\htdocs\Mendez\system\Model.php(625): CodeIgniter\BaseModel->insert(Array, true)
#2 C:\xampp\htdocs\Mendez\app\Controllers\Cart_controller.php(122): CodeIgniter\Model->insert(Array)
#3 C:\xampp\htdocs\Mendez\system\CodeIgniter.php(832): App\Controllers\Cart_controller->confirma_compra('72000')
#4 C:\xampp\htdocs\Mendez\system\CodeIgniter.php(419): CodeIgniter\CodeIgniter->runController(Object(App\Controllers\Cart_controller))
#5 C:\xampp\htdocs\Mendez\system\CodeIgniter.php(326): CodeIgniter\CodeIgniter->handleRequest(NULL, Object(Config\Cache), false)
#6 C:\xampp\htdocs\Mendez\index.php(37): CodeIgniter\CodeIgniter->run()
#7 {main}
CRITICAL - 2022-06-21 19:47:34 --> There is no data to insert.
#0 C:\xampp\htdocs\Mendez\system\BaseModel.php(718): CodeIgniter\Database\Exceptions\DataException::forEmptyDataset('insert')
#1 C:\xampp\htdocs\Mendez\system\Model.php(625): CodeIgniter\BaseModel->insert(Array, true)
#2 C:\xampp\htdocs\Mendez\app\Controllers\Cart_controller.php(122): CodeIgniter\Model->insert(Array)
#3 C:\xampp\htdocs\Mendez\system\CodeIgniter.php(832): App\Controllers\Cart_controller->confirma_compra('72000')
#4 C:\xampp\htdocs\Mendez\system\CodeIgniter.php(419): CodeIgniter\CodeIgniter->runController(Object(App\Controllers\Cart_controller))
#5 C:\xampp\htdocs\Mendez\system\CodeIgniter.php(326): CodeIgniter\CodeIgniter->handleRequest(NULL, Object(Config\Cache), false)
#6 C:\xampp\htdocs\Mendez\index.php(37): CodeIgniter\CodeIgniter->run()
#7 {main}
CRITICAL - 2022-06-21 20:31:53 --> There is no data to insert.
#0 C:\xampp\htdocs\Mendez\system\BaseModel.php(718): CodeIgniter\Database\Exceptions\DataException::forEmptyDataset('insert')
#1 C:\xampp\htdocs\Mendez\system\Model.php(625): CodeIgniter\BaseModel->insert(Array, true)
#2 C:\xampp\htdocs\Mendez\app\Controllers\Cart_controller.php(122): CodeIgniter\Model->insert(Array)
#3 C:\xampp\htdocs\Mendez\system\CodeIgniter.php(832): App\Controllers\Cart_controller->confirma_compra('72000')
#4 C:\xampp\htdocs\Mendez\system\CodeIgniter.php(419): CodeIgniter\CodeIgniter->runController(Object(App\Controllers\Cart_controller))
#5 C:\xampp\htdocs\Mendez\system\CodeIgniter.php(326): CodeIgniter\CodeIgniter->handleRequest(NULL, Object(Config\Cache), false)
#6 C:\xampp\htdocs\Mendez\index.php(37): CodeIgniter\CodeIgniter->run()
#7 {main}
CRITICAL - 2022-06-21 20:32:23 --> There is no data to insert.
#0 C:\xampp\htdocs\Mendez\system\BaseModel.php(718): CodeIgniter\Database\Exceptions\DataException::forEmptyDataset('insert')
#1 C:\xampp\htdocs\Mendez\system\Model.php(625): CodeIgniter\BaseModel->insert(Array, true)
#2 C:\xampp\htdocs\Mendez\app\Controllers\Cart_controller.php(122): CodeIgniter\Model->insert(Array)
#3 C:\xampp\htdocs\Mendez\system\CodeIgniter.php(832): App\Controllers\Cart_controller->confirma_compra('144000')
#4 C:\xampp\htdocs\Mendez\system\CodeIgniter.php(419): CodeIgniter\CodeIgniter->runController(Object(App\Controllers\Cart_controller))
#5 C:\xampp\htdocs\Mendez\system\CodeIgniter.php(326): CodeIgniter\CodeIgniter->handleRequest(NULL, Object(Config\Cache), false)
#6 C:\xampp\htdocs\Mendez\index.php(37): CodeIgniter\CodeIgniter->run()
#7 {main}
CRITICAL - 2022-06-21 20:45:18 --> Call to undefined method App\Models\Ventas_cabecera_model::last
#0 C:\xampp\htdocs\Mendez\app\Controllers\Cart_controller.php(100): CodeIgniter\Model->__call('last', Array)
#1 C:\xampp\htdocs\Mendez\system\CodeIgniter.php(832): App\Controllers\Cart_controller->confirma_compra('108000')
#2 C:\xampp\htdocs\Mendez\system\CodeIgniter.php(419): CodeIgniter\CodeIgniter->runController(Object(App\Controllers\Cart_controller))
#3 C:\xampp\htdocs\Mendez\system\CodeIgniter.php(326): CodeIgniter\CodeIgniter->handleRequest(NULL, Object(Config\Cache), false)
#4 C:\xampp\htdocs\Mendez\index.php(37): CodeIgniter\CodeIgniter->run()
#5 {main}
CRITICAL - 2022-06-21 20:46:12 --> Call to undefined method App\Models\Ventas_cabecera_model::last
#0 C:\xampp\htdocs\Mendez\app\Controllers\Cart_controller.php(100): CodeIgniter\Model->__call('last', Array)
#1 C:\xampp\htdocs\Mendez\system\CodeIgniter.php(832): App\Controllers\Cart_controller->confirma_compra('108000')
#2 C:\xampp\htdocs\Mendez\system\CodeIgniter.php(419): CodeIgniter\CodeIgniter->runController(Object(App\Controllers\Cart_controller))
#3 C:\xampp\htdocs\Mendez\system\CodeIgniter.php(326): CodeIgniter\CodeIgniter->handleRequest(NULL, Object(Config\Cache), false)
#4 C:\xampp\htdocs\Mendez\index.php(37): CodeIgniter\CodeIgniter->run()
#5 {main}
