CRITICAL - 2022-06-15 09:45:48 --> Invalid file: cart/mostrar-carrito.php
#0 C:\xampp\htdocs\Mendez\system\View\View.php(198): CodeIgniter\Exceptions\FrameworkException::forInvalidFile('cart/mostrar-ca...')
#1 C:\xampp\htdocs\Mendez\system\Common.php(1089): CodeIgniter\View\View->render('cart/mostrar-ca...', Array, true)
#2 C:\xampp\htdocs\Mendez\app\Controllers\Cart_controller.php(13): view('cart/mostrar-ca...')
#3 C:\xampp\htdocs\Mendez\system\CodeIgniter.php(832): App\Controllers\Cart_controller->index()
#4 C:\xampp\htdocs\Mendez\system\CodeIgniter.php(419): CodeIgniter\CodeIgniter->runController(Object(App\Controllers\Cart_controller))
#5 C:\xampp\htdocs\Mendez\system\CodeIgniter.php(326): CodeIgniter\CodeIgniter->handleRequest(NULL, Object(Config\Cache), false)
#6 C:\xampp\htdocs\Mendez\index.php(37): CodeIgniter\CodeIgniter->run()
#7 {main}
CRITICAL - 2022-06-15 09:49:16 --> syntax error, unexpected end of file
#0 C:\xampp\htdocs\Mendez\system\View\View.php(213): CodeIgniter\View\View->CodeIgniter\View\{closure}()
#1 C:\xampp\htdocs\Mendez\system\Common.php(1089): CodeIgniter\View\View->render('cart/carrito_vi...', Array, true)
#2 C:\xampp\htdocs\Mendez\app\Controllers\Cart_controller.php(13): view('cart/carrito_vi...')
#3 C:\xampp\htdocs\Mendez\system\CodeIgniter.php(832): App\Controllers\Cart_controller->index()
#4 C:\xampp\htdocs\Mendez\system\CodeIgniter.php(419): CodeIgniter\CodeIgniter->runController(Object(App\Controllers\Cart_controller))
#5 C:\xampp\htdocs\Mendez\system\CodeIgniter.php(326): CodeIgniter\CodeIgniter->handleRequest(NULL, Object(Config\Cache), false)
#6 C:\xampp\htdocs\Mendez\index.php(37): CodeIgniter\CodeIgniter->run()
#7 {main}
CRITICAL - 2022-06-15 09:49:17 --> syntax error, unexpected end of file
#0 C:\xampp\htdocs\Mendez\system\View\View.php(213): CodeIgniter\View\View->CodeIgniter\View\{closure}()
#1 C:\xampp\htdocs\Mendez\system\Common.php(1089): CodeIgniter\View\View->render('cart/carrito_vi...', Array, true)
#2 C:\xampp\htdocs\Mendez\app\Controllers\Cart_controller.php(13): view('cart/carrito_vi...')
#3 C:\xampp\htdocs\Mendez\system\CodeIgniter.php(832): App\Controllers\Cart_controller->index()
#4 C:\xampp\htdocs\Mendez\system\CodeIgniter.php(419): CodeIgniter\CodeIgniter->runController(Object(App\Controllers\Cart_controller))
#5 C:\xampp\htdocs\Mendez\system\CodeIgniter.php(326): CodeIgniter\CodeIgniter->handleRequest(NULL, Object(Config\Cache), false)
#6 C:\xampp\htdocs\Mendez\index.php(37): CodeIgniter\CodeIgniter->run()
#7 {main}
CRITICAL - 2022-06-15 09:49:57 --> syntax error, unexpected end of file
#0 C:\xampp\htdocs\Mendez\system\View\View.php(213): CodeIgniter\View\View->CodeIgniter\View\{closure}()
#1 C:\xampp\htdocs\Mendez\system\Common.php(1089): CodeIgniter\View\View->render('cart/carrito_vi...', Array, true)
#2 C:\xampp\htdocs\Mendez\app\Controllers\Cart_controller.php(13): view('cart/carrito_vi...')
#3 C:\xampp\htdocs\Mendez\system\CodeIgniter.php(832): App\Controllers\Cart_controller->index()
#4 C:\xampp\htdocs\Mendez\system\CodeIgniter.php(419): CodeIgniter\CodeIgniter->runController(Object(App\Controllers\Cart_controller))
#5 C:\xampp\htdocs\Mendez\system\CodeIgniter.php(326): CodeIgniter\CodeIgniter->handleRequest(NULL, Object(Config\Cache), false)
#6 C:\xampp\htdocs\Mendez\index.php(37): CodeIgniter\CodeIgniter->run()
#7 {main}
CRITICAL - 2022-06-15 09:49:58 --> syntax error, unexpected end of file
#0 C:\xampp\htdocs\Mendez\system\View\View.php(213): CodeIgniter\View\View->CodeIgniter\View\{closure}()
#1 C:\xampp\htdocs\Mendez\system\Common.php(1089): CodeIgniter\View\View->render('cart/carrito_vi...', Array, true)
#2 C:\xampp\htdocs\Mendez\app\Controllers\Cart_controller.php(13): view('cart/carrito_vi...')
#3 C:\xampp\htdocs\Mendez\system\CodeIgniter.php(832): App\Controllers\Cart_controller->index()
#4 C:\xampp\htdocs\Mendez\system\CodeIgniter.php(419): CodeIgniter\CodeIgniter->runController(Object(App\Controllers\Cart_controller))
#5 C:\xampp\htdocs\Mendez\system\CodeIgniter.php(326): CodeIgniter\CodeIgniter->handleRequest(NULL, Object(Config\Cache), false)
#6 C:\xampp\htdocs\Mendez\index.php(37): CodeIgniter\CodeIgniter->run()
#7 {main}
CRITICAL - 2022-06-15 09:49:58 --> syntax error, unexpected end of file
#0 C:\xampp\htdocs\Mendez\system\View\View.php(213): CodeIgniter\View\View->CodeIgniter\View\{closure}()
#1 C:\xampp\htdocs\Mendez\system\Common.php(1089): CodeIgniter\View\View->render('cart/carrito_vi...', Array, true)
#2 C:\xampp\htdocs\Mendez\app\Controllers\Cart_controller.php(13): view('cart/carrito_vi...')
#3 C:\xampp\htdocs\Mendez\system\CodeIgniter.php(832): App\Controllers\Cart_controller->index()
#4 C:\xampp\htdocs\Mendez\system\CodeIgniter.php(419): CodeIgniter\CodeIgniter->runController(Object(App\Controllers\Cart_controller))
#5 C:\xampp\htdocs\Mendez\system\CodeIgniter.php(326): CodeIgniter\CodeIgniter->handleRequest(NULL, Object(Config\Cache), false)
#6 C:\xampp\htdocs\Mendez\index.php(37): CodeIgniter\CodeIgniter->run()
#7 {main}
CRITICAL - 2022-06-15 09:49:58 --> syntax error, unexpected end of file
#0 C:\xampp\htdocs\Mendez\system\View\View.php(213): CodeIgniter\View\View->CodeIgniter\View\{closure}()
#1 C:\xampp\htdocs\Mendez\system\Common.php(1089): CodeIgniter\View\View->render('cart/carrito_vi...', Array, true)
#2 C:\xampp\htdocs\Mendez\app\Controllers\Cart_controller.php(13): view('cart/carrito_vi...')
#3 C:\xampp\htdocs\Mendez\system\CodeIgniter.php(832): App\Controllers\Cart_controller->index()
#4 C:\xampp\htdocs\Mendez\system\CodeIgniter.php(419): CodeIgniter\CodeIgniter->runController(Object(App\Controllers\Cart_controller))
#5 C:\xampp\htdocs\Mendez\system\CodeIgniter.php(326): CodeIgniter\CodeIgniter->handleRequest(NULL, Object(Config\Cache), false)
#6 C:\xampp\htdocs\Mendez\index.php(37): CodeIgniter\CodeIgniter->run()
#7 {main}
CRITICAL - 2022-06-15 09:49:59 --> syntax error, unexpected end of file
#0 C:\xampp\htdocs\Mendez\system\View\View.php(213): CodeIgniter\View\View->CodeIgniter\View\{closure}()
#1 C:\xampp\htdocs\Mendez\system\Common.php(1089): CodeIgniter\View\View->render('cart/carrito_vi...', Array, true)
#2 C:\xampp\htdocs\Mendez\app\Controllers\Cart_controller.php(13): view('cart/carrito_vi...')
#3 C:\xampp\htdocs\Mendez\system\CodeIgniter.php(832): App\Controllers\Cart_controller->index()
#4 C:\xampp\htdocs\Mendez\system\CodeIgniter.php(419): CodeIgniter\CodeIgniter->runController(Object(App\Controllers\Cart_controller))
#5 C:\xampp\htdocs\Mendez\system\CodeIgniter.php(326): CodeIgniter\CodeIgniter->handleRequest(NULL, Object(Config\Cache), false)
#6 C:\xampp\htdocs\Mendez\index.php(37): CodeIgniter\CodeIgniter->run()
#7 {main}
CRITICAL - 2022-06-15 09:49:59 --> syntax error, unexpected end of file
#0 C:\xampp\htdocs\Mendez\system\View\View.php(213): CodeIgniter\View\View->CodeIgniter\View\{closure}()
#1 C:\xampp\htdocs\Mendez\system\Common.php(1089): CodeIgniter\View\View->render('cart/carrito_vi...', Array, true)
#2 C:\xampp\htdocs\Mendez\app\Controllers\Cart_controller.php(13): view('cart/carrito_vi...')
#3 C:\xampp\htdocs\Mendez\system\CodeIgniter.php(832): App\Controllers\Cart_controller->index()
#4 C:\xampp\htdocs\Mendez\system\CodeIgniter.php(419): CodeIgniter\CodeIgniter->runController(Object(App\Controllers\Cart_controller))
#5 C:\xampp\htdocs\Mendez\system\CodeIgniter.php(326): CodeIgniter\CodeIgniter->handleRequest(NULL, Object(Config\Cache), false)
#6 C:\xampp\htdocs\Mendez\index.php(37): CodeIgniter\CodeIgniter->run()
#7 {main}
CRITICAL - 2022-06-15 09:50:15 --> Undefined variable: session
#0 C:\xampp\htdocs\Mendez\app\Views\cart\carrito_view.php(2): CodeIgniter\Debug\Exceptions->errorHandler(8, 'Undefined varia...', 'C:\\xampp\\htdocs...', 2, Array)
#1 C:\xampp\htdocs\Mendez\system\View\View.php(210): include('C:\\xampp\\htdocs...')
#2 C:\xampp\htdocs\Mendez\system\View\View.php(213): CodeIgniter\View\View->CodeIgniter\View\{closure}()
#3 C:\xampp\htdocs\Mendez\system\Common.php(1089): CodeIgniter\View\View->render('cart/carrito_vi...', Array, true)
#4 C:\xampp\htdocs\Mendez\app\Controllers\Cart_controller.php(13): view('cart/carrito_vi...')
#5 C:\xampp\htdocs\Mendez\system\CodeIgniter.php(832): App\Controllers\Cart_controller->index()
#6 C:\xampp\htdocs\Mendez\system\CodeIgniter.php(419): CodeIgniter\CodeIgniter->runController(Object(App\Controllers\Cart_controller))
#7 C:\xampp\htdocs\Mendez\system\CodeIgniter.php(326): CodeIgniter\CodeIgniter->handleRequest(NULL, Object(Config\Cache), false)
#8 C:\xampp\htdocs\Mendez\index.php(37): CodeIgniter\CodeIgniter->run()
#9 {main}
CRITICAL - 2022-06-15 09:50:16 --> Undefined variable: session
#0 C:\xampp\htdocs\Mendez\app\Views\cart\carrito_view.php(2): CodeIgniter\Debug\Exceptions->errorHandler(8, 'Undefined varia...', 'C:\\xampp\\htdocs...', 2, Array)
#1 C:\xampp\htdocs\Mendez\system\View\View.php(210): include('C:\\xampp\\htdocs...')
#2 C:\xampp\htdocs\Mendez\system\View\View.php(213): CodeIgniter\View\View->CodeIgniter\View\{closure}()
#3 C:\xampp\htdocs\Mendez\system\Common.php(1089): CodeIgniter\View\View->render('cart/carrito_vi...', Array, true)
#4 C:\xampp\htdocs\Mendez\app\Controllers\Cart_controller.php(13): view('cart/carrito_vi...')
#5 C:\xampp\htdocs\Mendez\system\CodeIgniter.php(832): App\Controllers\Cart_controller->index()
#6 C:\xampp\htdocs\Mendez\system\CodeIgniter.php(419): CodeIgniter\CodeIgniter->runController(Object(App\Controllers\Cart_controller))
#7 C:\xampp\htdocs\Mendez\system\CodeIgniter.php(326): CodeIgniter\CodeIgniter->handleRequest(NULL, Object(Config\Cache), false)
#8 C:\xampp\htdocs\Mendez\index.php(37): CodeIgniter\CodeIgniter->run()
#9 {main}
CRITICAL - 2022-06-15 10:01:07 --> Undefined variable: session
#0 C:\xampp\htdocs\Mendez\app\Views\cart\carrito_view.php(2): CodeIgniter\Debug\Exceptions->errorHandler(8, 'Undefined varia...', 'C:\\xampp\\htdocs...', 2, Array)
#1 C:\xampp\htdocs\Mendez\system\View\View.php(210): include('C:\\xampp\\htdocs...')
#2 C:\xampp\htdocs\Mendez\system\View\View.php(213): CodeIgniter\View\View->CodeIgniter\View\{closure}()
#3 C:\xampp\htdocs\Mendez\system\Common.php(1089): CodeIgniter\View\View->render('cart/carrito_vi...', Array, true)
#4 C:\xampp\htdocs\Mendez\app\Controllers\Cart_controller.php(13): view('cart/carrito_vi...')
#5 C:\xampp\htdocs\Mendez\system\CodeIgniter.php(832): App\Controllers\Cart_controller->index()
#6 C:\xampp\htdocs\Mendez\system\CodeIgniter.php(419): CodeIgniter\CodeIgniter->runController(Object(App\Controllers\Cart_controller))
#7 C:\xampp\htdocs\Mendez\system\CodeIgniter.php(326): CodeIgniter\CodeIgniter->handleRequest(NULL, Object(Config\Cache), false)
#8 C:\xampp\htdocs\Mendez\index.php(37): CodeIgniter\CodeIgniter->run()
#9 {main}
CRITICAL - 2022-06-15 10:32:42 --> Undefined variable: session
#0 C:\xampp\htdocs\Mendez\app\Views\cart\carrito_view.php(2): CodeIgniter\Debug\Exceptions->errorHandler(8, 'Undefined varia...', 'C:\\xampp\\htdocs...', 2, Array)
#1 C:\xampp\htdocs\Mendez\system\View\View.php(210): include('C:\\xampp\\htdocs...')
#2 C:\xampp\htdocs\Mendez\system\View\View.php(213): CodeIgniter\View\View->CodeIgniter\View\{closure}()
#3 C:\xampp\htdocs\Mendez\system\Common.php(1089): CodeIgniter\View\View->render('cart/carrito_vi...', Array, true)
#4 C:\xampp\htdocs\Mendez\app\Controllers\Cart_controller.php(13): view('cart/carrito_vi...')
#5 C:\xampp\htdocs\Mendez\system\CodeIgniter.php(832): App\Controllers\Cart_controller->index()
#6 C:\xampp\htdocs\Mendez\system\CodeIgniter.php(419): CodeIgniter\CodeIgniter->runController(Object(App\Controllers\Cart_controller))
#7 C:\xampp\htdocs\Mendez\system\CodeIgniter.php(326): CodeIgniter\CodeIgniter->handleRequest(NULL, Object(Config\Cache), false)
#8 C:\xampp\htdocs\Mendez\index.php(37): CodeIgniter\CodeIgniter->run()
#9 {main}
CRITICAL - 2022-06-15 13:24:25 --> Undefined variable: session
#0 C:\xampp\htdocs\Mendez\app\Views\cart\carrito_view.php(2): CodeIgniter\Debug\Exceptions->errorHandler(8, 'Undefined varia...', 'C:\\xampp\\htdocs...', 2, Array)
#1 C:\xampp\htdocs\Mendez\system\View\View.php(210): include('C:\\xampp\\htdocs...')
#2 C:\xampp\htdocs\Mendez\system\View\View.php(213): CodeIgniter\View\View->CodeIgniter\View\{closure}()
#3 C:\xampp\htdocs\Mendez\system\Common.php(1089): CodeIgniter\View\View->render('cart/carrito_vi...', Array, true)
#4 C:\xampp\htdocs\Mendez\app\Controllers\Cart_controller.php(14): view('cart/carrito_vi...')
#5 C:\xampp\htdocs\Mendez\system\CodeIgniter.php(832): App\Controllers\Cart_controller->index()
#6 C:\xampp\htdocs\Mendez\system\CodeIgniter.php(419): CodeIgniter\CodeIgniter->runController(Object(App\Controllers\Cart_controller))
#7 C:\xampp\htdocs\Mendez\system\CodeIgniter.php(326): CodeIgniter\CodeIgniter->handleRequest(NULL, Object(Config\Cache), false)
#8 C:\xampp\htdocs\Mendez\index.php(37): CodeIgniter\CodeIgniter->run()
#9 {main}
CRITICAL - 2022-06-15 15:08:58 --> syntax error, unexpected end of file
#0 C:\xampp\htdocs\Mendez\system\View\View.php(213): CodeIgniter\View\View->CodeIgniter\View\{closure}()
#1 C:\xampp\htdocs\Mendez\system\Common.php(1089): CodeIgniter\View\View->render('tienda', Array, true)
#2 C:\xampp\htdocs\Mendez\app\Controllers\Home.php(20): view('tienda')
#3 C:\xampp\htdocs\Mendez\system\CodeIgniter.php(832): App\Controllers\Home->tienda()
#4 C:\xampp\htdocs\Mendez\system\CodeIgniter.php(419): CodeIgniter\CodeIgniter->runController(Object(App\Controllers\Home))
#5 C:\xampp\htdocs\Mendez\system\CodeIgniter.php(326): CodeIgniter\CodeIgniter->handleRequest(NULL, Object(Config\Cache), false)
#6 C:\xampp\htdocs\Mendez\index.php(37): CodeIgniter\CodeIgniter->run()
#7 {main}
CRITICAL - 2022-06-15 18:01:42 --> syntax error, unexpected ','
#0 C:\xampp\htdocs\Mendez\system\View\View.php(213): CodeIgniter\View\View->CodeIgniter\View\{closure}()
#1 C:\xampp\htdocs\Mendez\system\Common.php(1089): CodeIgniter\View\View->render('cart/carrito_vi...', Array, true)
#2 C:\xampp\htdocs\Mendez\app\Controllers\Cart_controller.php(15): view('cart/carrito_vi...')
#3 C:\xampp\htdocs\Mendez\system\CodeIgniter.php(832): App\Controllers\Cart_controller->index()
#4 C:\xampp\htdocs\Mendez\system\CodeIgniter.php(419): CodeIgniter\CodeIgniter->runController(Object(App\Controllers\Cart_controller))
#5 C:\xampp\htdocs\Mendez\system\CodeIgniter.php(326): CodeIgniter\CodeIgniter->handleRequest(NULL, Object(Config\Cache), false)
#6 C:\xampp\htdocs\Mendez\index.php(37): CodeIgniter\CodeIgniter->run()
#7 {main}
CRITICAL - 2022-06-15 18:06:46 --> syntax error, unexpected end of file
#0 C:\xampp\htdocs\Mendez\system\View\View.php(213): CodeIgniter\View\View->CodeIgniter\View\{closure}()
#1 C:\xampp\htdocs\Mendez\system\Common.php(1089): CodeIgniter\View\View->render('cart/carrito_vi...', Array, true)
#2 C:\xampp\htdocs\Mendez\app\Controllers\Cart_controller.php(15): view('cart/carrito_vi...')
#3 C:\xampp\htdocs\Mendez\system\CodeIgniter.php(832): App\Controllers\Cart_controller->index()
#4 C:\xampp\htdocs\Mendez\system\CodeIgniter.php(419): CodeIgniter\CodeIgniter->runController(Object(App\Controllers\Cart_controller))
#5 C:\xampp\htdocs\Mendez\system\CodeIgniter.php(326): CodeIgniter\CodeIgniter->handleRequest(NULL, Object(Config\Cache), false)
#6 C:\xampp\htdocs\Mendez\index.php(37): CodeIgniter\CodeIgniter->run()
#7 {main}
CRITICAL - 2022-06-15 18:06:47 --> syntax error, unexpected end of file
#0 C:\xampp\htdocs\Mendez\system\View\View.php(213): CodeIgniter\View\View->CodeIgniter\View\{closure}()
#1 C:\xampp\htdocs\Mendez\system\Common.php(1089): CodeIgniter\View\View->render('cart/carrito_vi...', Array, true)
#2 C:\xampp\htdocs\Mendez\app\Controllers\Cart_controller.php(15): view('cart/carrito_vi...')
#3 C:\xampp\htdocs\Mendez\system\CodeIgniter.php(832): App\Controllers\Cart_controller->index()
#4 C:\xampp\htdocs\Mendez\system\CodeIgniter.php(419): CodeIgniter\CodeIgniter->runController(Object(App\Controllers\Cart_controller))
#5 C:\xampp\htdocs\Mendez\system\CodeIgniter.php(326): CodeIgniter\CodeIgniter->handleRequest(NULL, Object(Config\Cache), false)
#6 C:\xampp\htdocs\Mendez\index.php(37): CodeIgniter\CodeIgniter->run()
#7 {main}
CRITICAL - 2022-06-15 18:06:47 --> syntax error, unexpected end of file
#0 C:\xampp\htdocs\Mendez\system\View\View.php(213): CodeIgniter\View\View->CodeIgniter\View\{closure}()
#1 C:\xampp\htdocs\Mendez\system\Common.php(1089): CodeIgniter\View\View->render('cart/carrito_vi...', Array, true)
#2 C:\xampp\htdocs\Mendez\app\Controllers\Cart_controller.php(15): view('cart/carrito_vi...')
#3 C:\xampp\htdocs\Mendez\system\CodeIgniter.php(832): App\Controllers\Cart_controller->index()
#4 C:\xampp\htdocs\Mendez\system\CodeIgniter.php(419): CodeIgniter\CodeIgniter->runController(Object(App\Controllers\Cart_controller))
#5 C:\xampp\htdocs\Mendez\system\CodeIgniter.php(326): CodeIgniter\CodeIgniter->handleRequest(NULL, Object(Config\Cache), false)
#6 C:\xampp\htdocs\Mendez\index.php(37): CodeIgniter\CodeIgniter->run()
#7 {main}
CRITICAL - 2022-06-15 18:06:48 --> syntax error, unexpected end of file
#0 C:\xampp\htdocs\Mendez\system\View\View.php(213): CodeIgniter\View\View->CodeIgniter\View\{closure}()
#1 C:\xampp\htdocs\Mendez\system\Common.php(1089): CodeIgniter\View\View->render('cart/carrito_vi...', Array, true)
#2 C:\xampp\htdocs\Mendez\app\Controllers\Cart_controller.php(15): view('cart/carrito_vi...')
#3 C:\xampp\htdocs\Mendez\system\CodeIgniter.php(832): App\Controllers\Cart_controller->index()
#4 C:\xampp\htdocs\Mendez\system\CodeIgniter.php(419): CodeIgniter\CodeIgniter->runController(Object(App\Controllers\Cart_controller))
#5 C:\xampp\htdocs\Mendez\system\CodeIgniter.php(326): CodeIgniter\CodeIgniter->handleRequest(NULL, Object(Config\Cache), false)
#6 C:\xampp\htdocs\Mendez\index.php(37): CodeIgniter\CodeIgniter->run()
#7 {main}
CRITICAL - 2022-06-15 18:08:37 --> syntax error, unexpected '}'
#0 C:\xampp\htdocs\Mendez\system\View\View.php(213): CodeIgniter\View\View->CodeIgniter\View\{closure}()
#1 C:\xampp\htdocs\Mendez\system\Common.php(1089): CodeIgniter\View\View->render('cart/carrito_vi...', Array, true)
#2 C:\xampp\htdocs\Mendez\app\Controllers\Cart_controller.php(15): view('cart/carrito_vi...')
#3 C:\xampp\htdocs\Mendez\system\CodeIgniter.php(832): App\Controllers\Cart_controller->index()
#4 C:\xampp\htdocs\Mendez\system\CodeIgniter.php(419): CodeIgniter\CodeIgniter->runController(Object(App\Controllers\Cart_controller))
#5 C:\xampp\htdocs\Mendez\system\CodeIgniter.php(326): CodeIgniter\CodeIgniter->handleRequest(NULL, Object(Config\Cache), false)
#6 C:\xampp\htdocs\Mendez\index.php(37): CodeIgniter\CodeIgniter->run()
#7 {main}
CRITICAL - 2022-06-15 18:08:46 --> syntax error, unexpected end of file
#0 C:\xampp\htdocs\Mendez\system\View\View.php(213): CodeIgniter\View\View->CodeIgniter\View\{closure}()
#1 C:\xampp\htdocs\Mendez\system\Common.php(1089): CodeIgniter\View\View->render('cart/carrito_vi...', Array, true)
#2 C:\xampp\htdocs\Mendez\app\Controllers\Cart_controller.php(15): view('cart/carrito_vi...')
#3 C:\xampp\htdocs\Mendez\system\CodeIgniter.php(832): App\Controllers\Cart_controller->index()
#4 C:\xampp\htdocs\Mendez\system\CodeIgniter.php(419): CodeIgniter\CodeIgniter->runController(Object(App\Controllers\Cart_controller))
#5 C:\xampp\htdocs\Mendez\system\CodeIgniter.php(326): CodeIgniter\CodeIgniter->handleRequest(NULL, Object(Config\Cache), false)
#6 C:\xampp\htdocs\Mendez\index.php(37): CodeIgniter\CodeIgniter->run()
#7 {main}
CRITICAL - 2022-06-15 18:39:43 --> syntax error, unexpected 'boton' (T_STRING), expecting ';' or ','
#0 C:\xampp\htdocs\Mendez\system\View\View.php(213): CodeIgniter\View\View->CodeIgniter\View\{closure}()
#1 C:\xampp\htdocs\Mendez\system\Common.php(1089): CodeIgniter\View\View->render('tienda', Array, true)
#2 C:\xampp\htdocs\Mendez\app\Controllers\Home.php(20): view('tienda')
#3 C:\xampp\htdocs\Mendez\system\CodeIgniter.php(832): App\Controllers\Home->tienda()
#4 C:\xampp\htdocs\Mendez\system\CodeIgniter.php(419): CodeIgniter\CodeIgniter->runController(Object(App\Controllers\Home))
#5 C:\xampp\htdocs\Mendez\system\CodeIgniter.php(326): CodeIgniter\CodeIgniter->handleRequest(NULL, Object(Config\Cache), false)
#6 C:\xampp\htdocs\Mendez\index.php(37): CodeIgniter\CodeIgniter->run()
#7 {main}
CRITICAL - 2022-06-15 18:40:05 --> syntax error, unexpected end of file
#0 C:\xampp\htdocs\Mendez\system\View\View.php(213): CodeIgniter\View\View->CodeIgniter\View\{closure}()
#1 C:\xampp\htdocs\Mendez\system\Common.php(1089): CodeIgniter\View\View->render('tienda', Array, true)
#2 C:\xampp\htdocs\Mendez\app\Controllers\Home.php(20): view('tienda')
#3 C:\xampp\htdocs\Mendez\system\CodeIgniter.php(832): App\Controllers\Home->tienda()
#4 C:\xampp\htdocs\Mendez\system\CodeIgniter.php(419): CodeIgniter\CodeIgniter->runController(Object(App\Controllers\Home))
#5 C:\xampp\htdocs\Mendez\system\CodeIgniter.php(326): CodeIgniter\CodeIgniter->handleRequest(NULL, Object(Config\Cache), false)
#6 C:\xampp\htdocs\Mendez\index.php(37): CodeIgniter\CodeIgniter->run()
#7 {main}
CRITICAL - 2022-06-15 18:41:24 --> syntax error, unexpected end of file
#0 C:\xampp\htdocs\Mendez\system\View\View.php(213): CodeIgniter\View\View->CodeIgniter\View\{closure}()
#1 C:\xampp\htdocs\Mendez\system\Common.php(1089): CodeIgniter\View\View->render('tienda', Array, true)
#2 C:\xampp\htdocs\Mendez\app\Controllers\Home.php(20): view('tienda')
#3 C:\xampp\htdocs\Mendez\system\CodeIgniter.php(832): App\Controllers\Home->tienda()
#4 C:\xampp\htdocs\Mendez\system\CodeIgniter.php(419): CodeIgniter\CodeIgniter->runController(Object(App\Controllers\Home))
#5 C:\xampp\htdocs\Mendez\system\CodeIgniter.php(326): CodeIgniter\CodeIgniter->handleRequest(NULL, Object(Config\Cache), false)
#6 C:\xampp\htdocs\Mendez\index.php(37): CodeIgniter\CodeIgniter->run()
#7 {main}
CRITICAL - 2022-06-15 18:46:19 --> syntax error, unexpected end of file
#0 C:\xampp\htdocs\Mendez\system\View\View.php(213): CodeIgniter\View\View->CodeIgniter\View\{closure}()
#1 C:\xampp\htdocs\Mendez\system\Common.php(1089): CodeIgniter\View\View->render('tienda', Array, true)
#2 C:\xampp\htdocs\Mendez\app\Controllers\Home.php(20): view('tienda')
#3 C:\xampp\htdocs\Mendez\system\CodeIgniter.php(832): App\Controllers\Home->tienda()
#4 C:\xampp\htdocs\Mendez\system\CodeIgniter.php(419): CodeIgniter\CodeIgniter->runController(Object(App\Controllers\Home))
#5 C:\xampp\htdocs\Mendez\system\CodeIgniter.php(326): CodeIgniter\CodeIgniter->handleRequest(NULL, Object(Config\Cache), false)
#6 C:\xampp\htdocs\Mendez\index.php(37): CodeIgniter\CodeIgniter->run()
#7 {main}
CRITICAL - 2022-06-15 18:46:20 --> syntax error, unexpected end of file
#0 C:\xampp\htdocs\Mendez\system\View\View.php(213): CodeIgniter\View\View->CodeIgniter\View\{closure}()
#1 C:\xampp\htdocs\Mendez\system\Common.php(1089): CodeIgniter\View\View->render('tienda', Array, true)
#2 C:\xampp\htdocs\Mendez\app\Controllers\Home.php(20): view('tienda')
#3 C:\xampp\htdocs\Mendez\system\CodeIgniter.php(832): App\Controllers\Home->tienda()
#4 C:\xampp\htdocs\Mendez\system\CodeIgniter.php(419): CodeIgniter\CodeIgniter->runController(Object(App\Controllers\Home))
#5 C:\xampp\htdocs\Mendez\system\CodeIgniter.php(326): CodeIgniter\CodeIgniter->handleRequest(NULL, Object(Config\Cache), false)
#6 C:\xampp\htdocs\Mendez\index.php(37): CodeIgniter\CodeIgniter->run()
#7 {main}
CRITICAL - 2022-06-15 18:50:31 --> Call to undefined method CodeIgniter\HTTP\RedirectResponse::whithInput()
#0 C:\xampp\htdocs\Mendez\system\CodeIgniter.php(832): App\Controllers\Cart_controller->add()
#1 C:\xampp\htdocs\Mendez\system\CodeIgniter.php(419): CodeIgniter\CodeIgniter->runController(Object(App\Controllers\Cart_controller))
#2 C:\xampp\htdocs\Mendez\system\CodeIgniter.php(326): CodeIgniter\CodeIgniter->handleRequest(NULL, Object(Config\Cache), false)
#3 C:\xampp\htdocs\Mendez\index.php(37): CodeIgniter\CodeIgniter->run()
#4 {main}
CRITICAL - 2022-06-15 18:51:56 --> Call to undefined function form_open()
#0 C:\xampp\htdocs\Mendez\system\View\View.php(210): include()
#1 C:\xampp\htdocs\Mendez\system\View\View.php(213): CodeIgniter\View\View->CodeIgniter\View\{closure}()
#2 C:\xampp\htdocs\Mendez\system\Common.php(1089): CodeIgniter\View\View->render('cart/carrito_vi...', Array, true)
#3 C:\xampp\htdocs\Mendez\app\Controllers\Cart_controller.php(15): view('cart/carrito_vi...')
#4 C:\xampp\htdocs\Mendez\system\CodeIgniter.php(832): App\Controllers\Cart_controller->index()
#5 C:\xampp\htdocs\Mendez\system\CodeIgniter.php(419): CodeIgniter\CodeIgniter->runController(Object(App\Controllers\Cart_controller))
#6 C:\xampp\htdocs\Mendez\system\CodeIgniter.php(326): CodeIgniter\CodeIgniter->handleRequest(NULL, Object(Config\Cache), false)
#7 C:\xampp\htdocs\Mendez\index.php(37): CodeIgniter\CodeIgniter->run()
#8 {main}
CRITICAL - 2022-06-15 18:53:01 --> Call to undefined function form_open()
#0 C:\xampp\htdocs\Mendez\system\View\View.php(210): include()
#1 C:\xampp\htdocs\Mendez\system\View\View.php(213): CodeIgniter\View\View->CodeIgniter\View\{closure}()
#2 C:\xampp\htdocs\Mendez\system\Common.php(1089): CodeIgniter\View\View->render('cart/carrito_vi...', Array, true)
#3 C:\xampp\htdocs\Mendez\app\Controllers\Cart_controller.php(15): view('cart/carrito_vi...')
#4 C:\xampp\htdocs\Mendez\system\CodeIgniter.php(832): App\Controllers\Cart_controller->index()
#5 C:\xampp\htdocs\Mendez\system\CodeIgniter.php(419): CodeIgniter\CodeIgniter->runController(Object(App\Controllers\Cart_controller))
#6 C:\xampp\htdocs\Mendez\system\CodeIgniter.php(326): CodeIgniter\CodeIgniter->handleRequest(NULL, Object(Config\Cache), false)
#7 C:\xampp\htdocs\Mendez\index.php(37): CodeIgniter\CodeIgniter->run()
#8 {main}
CRITICAL - 2022-06-15 18:55:59 --> Call to undefined function form_open()
#0 C:\xampp\htdocs\Mendez\system\View\View.php(210): include()
#1 C:\xampp\htdocs\Mendez\system\View\View.php(213): CodeIgniter\View\View->CodeIgniter\View\{closure}()
#2 C:\xampp\htdocs\Mendez\system\Common.php(1089): CodeIgniter\View\View->render('cart/carrito_vi...', Array, true)
#3 C:\xampp\htdocs\Mendez\app\Controllers\Cart_controller.php(15): view('cart/carrito_vi...')
#4 C:\xampp\htdocs\Mendez\system\CodeIgniter.php(832): App\Controllers\Cart_controller->index()
#5 C:\xampp\htdocs\Mendez\system\CodeIgniter.php(419): CodeIgniter\CodeIgniter->runController(Object(App\Controllers\Cart_controller))
#6 C:\xampp\htdocs\Mendez\system\CodeIgniter.php(326): CodeIgniter\CodeIgniter->handleRequest(NULL, Object(Config\Cache), false)
#7 C:\xampp\htdocs\Mendez\index.php(37): CodeIgniter\CodeIgniter->run()
#8 {main}
CRITICAL - 2022-06-15 18:58:55 --> Call to undefined function form_open()
#0 C:\xampp\htdocs\Mendez\system\View\View.php(210): include()
#1 C:\xampp\htdocs\Mendez\system\View\View.php(213): CodeIgniter\View\View->CodeIgniter\View\{closure}()
#2 C:\xampp\htdocs\Mendez\system\Common.php(1089): CodeIgniter\View\View->render('cart/carrito_vi...', Array, true)
#3 C:\xampp\htdocs\Mendez\app\Controllers\Cart_controller.php(15): view('cart/carrito_vi...')
#4 C:\xampp\htdocs\Mendez\system\CodeIgniter.php(832): App\Controllers\Cart_controller->index()
#5 C:\xampp\htdocs\Mendez\system\CodeIgniter.php(419): CodeIgniter\CodeIgniter->runController(Object(App\Controllers\Cart_controller))
#6 C:\xampp\htdocs\Mendez\system\CodeIgniter.php(326): CodeIgniter\CodeIgniter->handleRequest(NULL, Object(Config\Cache), false)
#7 C:\xampp\htdocs\Mendez\index.php(37): CodeIgniter\CodeIgniter->run()
#8 {main}
CRITICAL - 2022-06-15 19:00:00 --> Call to undefined function form_open()
#0 C:\xampp\htdocs\Mendez\system\View\View.php(210): include()
#1 C:\xampp\htdocs\Mendez\system\View\View.php(213): CodeIgniter\View\View->CodeIgniter\View\{closure}()
#2 C:\xampp\htdocs\Mendez\system\Common.php(1089): CodeIgniter\View\View->render('cart/carrito_vi...', Array, true)
#3 C:\xampp\htdocs\Mendez\app\Controllers\Cart_controller.php(15): view('cart/carrito_vi...')
#4 C:\xampp\htdocs\Mendez\system\CodeIgniter.php(832): App\Controllers\Cart_controller->index()
#5 C:\xampp\htdocs\Mendez\system\CodeIgniter.php(419): CodeIgniter\CodeIgniter->runController(Object(App\Controllers\Cart_controller))
#6 C:\xampp\htdocs\Mendez\system\CodeIgniter.php(326): CodeIgniter\CodeIgniter->handleRequest(NULL, Object(Config\Cache), false)
#7 C:\xampp\htdocs\Mendez\index.php(37): CodeIgniter\CodeIgniter->run()
#8 {main}
CRITICAL - 2022-06-15 19:00:01 --> Call to undefined function form_open()
#0 C:\xampp\htdocs\Mendez\system\View\View.php(210): include()
#1 C:\xampp\htdocs\Mendez\system\View\View.php(213): CodeIgniter\View\View->CodeIgniter\View\{closure}()
#2 C:\xampp\htdocs\Mendez\system\Common.php(1089): CodeIgniter\View\View->render('cart/carrito_vi...', Array, true)
#3 C:\xampp\htdocs\Mendez\app\Controllers\Cart_controller.php(15): view('cart/carrito_vi...')
#4 C:\xampp\htdocs\Mendez\system\CodeIgniter.php(832): App\Controllers\Cart_controller->index()
#5 C:\xampp\htdocs\Mendez\system\CodeIgniter.php(419): CodeIgniter\CodeIgniter->runController(Object(App\Controllers\Cart_controller))
#6 C:\xampp\htdocs\Mendez\system\CodeIgniter.php(326): CodeIgniter\CodeIgniter->handleRequest(NULL, Object(Config\Cache), false)
#7 C:\xampp\htdocs\Mendez\index.php(37): CodeIgniter\CodeIgniter->run()
#8 {main}
CRITICAL - 2022-06-15 19:00:01 --> Call to undefined function form_open()
#0 C:\xampp\htdocs\Mendez\system\View\View.php(210): include()
#1 C:\xampp\htdocs\Mendez\system\View\View.php(213): CodeIgniter\View\View->CodeIgniter\View\{closure}()
#2 C:\xampp\htdocs\Mendez\system\Common.php(1089): CodeIgniter\View\View->render('cart/carrito_vi...', Array, true)
#3 C:\xampp\htdocs\Mendez\app\Controllers\Cart_controller.php(15): view('cart/carrito_vi...')
#4 C:\xampp\htdocs\Mendez\system\CodeIgniter.php(832): App\Controllers\Cart_controller->index()
#5 C:\xampp\htdocs\Mendez\system\CodeIgniter.php(419): CodeIgniter\CodeIgniter->runController(Object(App\Controllers\Cart_controller))
#6 C:\xampp\htdocs\Mendez\system\CodeIgniter.php(326): CodeIgniter\CodeIgniter->handleRequest(NULL, Object(Config\Cache), false)
#7 C:\xampp\htdocs\Mendez\index.php(37): CodeIgniter\CodeIgniter->run()
#8 {main}
CRITICAL - 2022-06-15 19:13:49 --> Cannot redeclare App\Controllers\Cart_controller::borrar_carrito()
#0 [internal function]: CodeIgniter\Debug\Exceptions->shutdownHandler()
#1 {main}
CRITICAL - 2022-06-15 19:15:17 --> syntax error, unexpected '$routes' (T_VARIABLE)
#0 C:\xampp\htdocs\Mendez\system\CodeIgniter.php(368): CodeIgniter\CodeIgniter->tryToRouteIt(NULL)
#1 C:\xampp\htdocs\Mendez\system\CodeIgniter.php(326): CodeIgniter\CodeIgniter->handleRequest(NULL, Object(Config\Cache), false)
#2 C:\xampp\htdocs\Mendez\index.php(37): CodeIgniter\CodeIgniter->run()
#3 {main}
CRITICAL - 2022-06-15 19:15:50 --> syntax error, unexpected '$routes' (T_VARIABLE)
#0 C:\xampp\htdocs\Mendez\system\CodeIgniter.php(368): CodeIgniter\CodeIgniter->tryToRouteIt(NULL)
#1 C:\xampp\htdocs\Mendez\system\CodeIgniter.php(326): CodeIgniter\CodeIgniter->handleRequest(NULL, Object(Config\Cache), false)
#2 C:\xampp\htdocs\Mendez\index.php(37): CodeIgniter\CodeIgniter->run()
#3 {main}
CRITICAL - 2022-06-15 19:15:58 --> syntax error, unexpected '$routes' (T_VARIABLE)
#0 C:\xampp\htdocs\Mendez\system\CodeIgniter.php(368): CodeIgniter\CodeIgniter->tryToRouteIt(NULL)
#1 C:\xampp\htdocs\Mendez\system\CodeIgniter.php(326): CodeIgniter\CodeIgniter->handleRequest(NULL, Object(Config\Cache), false)
#2 C:\xampp\htdocs\Mendez\index.php(37): CodeIgniter\CodeIgniter->run()
#3 {main}
CRITICAL - 2022-06-15 19:15:59 --> syntax error, unexpected '$routes' (T_VARIABLE)
#0 C:\xampp\htdocs\Mendez\system\CodeIgniter.php(368): CodeIgniter\CodeIgniter->tryToRouteIt(NULL)
#1 C:\xampp\htdocs\Mendez\system\CodeIgniter.php(326): CodeIgniter\CodeIgniter->handleRequest(NULL, Object(Config\Cache), false)
#2 C:\xampp\htdocs\Mendez\index.php(37): CodeIgniter\CodeIgniter->run()
#3 {main}
CRITICAL - 2022-06-15 19:15:59 --> syntax error, unexpected '$routes' (T_VARIABLE)
#0 C:\xampp\htdocs\Mendez\system\CodeIgniter.php(368): CodeIgniter\CodeIgniter->tryToRouteIt(NULL)
#1 C:\xampp\htdocs\Mendez\system\CodeIgniter.php(326): CodeIgniter\CodeIgniter->handleRequest(NULL, Object(Config\Cache), false)
#2 C:\xampp\htdocs\Mendez\index.php(37): CodeIgniter\CodeIgniter->run()
#3 {main}
CRITICAL - 2022-06-15 19:15:59 --> syntax error, unexpected '$routes' (T_VARIABLE)
#0 C:\xampp\htdocs\Mendez\system\CodeIgniter.php(368): CodeIgniter\CodeIgniter->tryToRouteIt(NULL)
#1 C:\xampp\htdocs\Mendez\system\CodeIgniter.php(326): CodeIgniter\CodeIgniter->handleRequest(NULL, Object(Config\Cache), false)
#2 C:\xampp\htdocs\Mendez\index.php(37): CodeIgniter\CodeIgniter->run()
#3 {main}
CRITICAL - 2022-06-15 19:16:00 --> syntax error, unexpected '$routes' (T_VARIABLE)
#0 C:\xampp\htdocs\Mendez\system\CodeIgniter.php(368): CodeIgniter\CodeIgniter->tryToRouteIt(NULL)
#1 C:\xampp\htdocs\Mendez\system\CodeIgniter.php(326): CodeIgniter\CodeIgniter->handleRequest(NULL, Object(Config\Cache), false)
#2 C:\xampp\htdocs\Mendez\index.php(37): CodeIgniter\CodeIgniter->run()
#3 {main}
CRITICAL - 2022-06-15 19:16:00 --> syntax error, unexpected '$routes' (T_VARIABLE)
#0 C:\xampp\htdocs\Mendez\system\CodeIgniter.php(368): CodeIgniter\CodeIgniter->tryToRouteIt(NULL)
#1 C:\xampp\htdocs\Mendez\system\CodeIgniter.php(326): CodeIgniter\CodeIgniter->handleRequest(NULL, Object(Config\Cache), false)
#2 C:\xampp\htdocs\Mendez\index.php(37): CodeIgniter\CodeIgniter->run()
#3 {main}
CRITICAL - 2022-06-15 19:16:00 --> syntax error, unexpected '$routes' (T_VARIABLE)
#0 C:\xampp\htdocs\Mendez\system\CodeIgniter.php(368): CodeIgniter\CodeIgniter->tryToRouteIt(NULL)
#1 C:\xampp\htdocs\Mendez\system\CodeIgniter.php(326): CodeIgniter\CodeIgniter->handleRequest(NULL, Object(Config\Cache), false)
#2 C:\xampp\htdocs\Mendez\index.php(37): CodeIgniter\CodeIgniter->run()
#3 {main}
CRITICAL - 2022-06-15 19:16:22 --> syntax error, unexpected '$routes' (T_VARIABLE)
#0 C:\xampp\htdocs\Mendez\system\CodeIgniter.php(368): CodeIgniter\CodeIgniter->tryToRouteIt(NULL)
#1 C:\xampp\htdocs\Mendez\system\CodeIgniter.php(326): CodeIgniter\CodeIgniter->handleRequest(NULL, Object(Config\Cache), false)
#2 C:\xampp\htdocs\Mendez\index.php(37): CodeIgniter\CodeIgniter->run()
#3 {main}
CRITICAL - 2022-06-15 19:16:23 --> syntax error, unexpected '$routes' (T_VARIABLE)
#0 C:\xampp\htdocs\Mendez\system\CodeIgniter.php(368): CodeIgniter\CodeIgniter->tryToRouteIt(NULL)
#1 C:\xampp\htdocs\Mendez\system\CodeIgniter.php(326): CodeIgniter\CodeIgniter->handleRequest(NULL, Object(Config\Cache), false)
#2 C:\xampp\htdocs\Mendez\index.php(37): CodeIgniter\CodeIgniter->run()
#3 {main}
CRITICAL - 2022-06-15 19:16:24 --> syntax error, unexpected '$routes' (T_VARIABLE)
#0 C:\xampp\htdocs\Mendez\system\CodeIgniter.php(368): CodeIgniter\CodeIgniter->tryToRouteIt(NULL)
#1 C:\xampp\htdocs\Mendez\system\CodeIgniter.php(326): CodeIgniter\CodeIgniter->handleRequest(NULL, Object(Config\Cache), false)
#2 C:\xampp\htdocs\Mendez\index.php(37): CodeIgniter\CodeIgniter->run()
#3 {main}
CRITICAL - 2022-06-15 19:16:24 --> syntax error, unexpected '$routes' (T_VARIABLE)
#0 C:\xampp\htdocs\Mendez\system\CodeIgniter.php(368): CodeIgniter\CodeIgniter->tryToRouteIt(NULL)
#1 C:\xampp\htdocs\Mendez\system\CodeIgniter.php(326): CodeIgniter\CodeIgniter->handleRequest(NULL, Object(Config\Cache), false)
#2 C:\xampp\htdocs\Mendez\index.php(37): CodeIgniter\CodeIgniter->run()
#3 {main}
CRITICAL - 2022-06-15 19:37:49 --> syntax error, unexpected 'echo' (T_ECHO)
#0 C:\xampp\htdocs\Mendez\system\View\View.php(213): CodeIgniter\View\View->CodeIgniter\View\{closure}()
#1 C:\xampp\htdocs\Mendez\system\Common.php(1089): CodeIgniter\View\View->render('cart/carrito_vi...', Array, true)
#2 C:\xampp\htdocs\Mendez\app\Controllers\Cart_controller.php(15): view('cart/carrito_vi...')
#3 C:\xampp\htdocs\Mendez\system\CodeIgniter.php(832): App\Controllers\Cart_controller->index()
#4 C:\xampp\htdocs\Mendez\system\CodeIgniter.php(419): CodeIgniter\CodeIgniter->runController(Object(App\Controllers\Cart_controller))
#5 C:\xampp\htdocs\Mendez\system\CodeIgniter.php(326): CodeIgniter\CodeIgniter->handleRequest(NULL, Object(Config\Cache), false)
#6 C:\xampp\htdocs\Mendez\index.php(37): CodeIgniter\CodeIgniter->run()
#7 {main}
CRITICAL - 2022-06-15 19:37:49 --> syntax error, unexpected 'echo' (T_ECHO)
#0 C:\xampp\htdocs\Mendez\system\View\View.php(213): CodeIgniter\View\View->CodeIgniter\View\{closure}()
#1 C:\xampp\htdocs\Mendez\system\Common.php(1089): CodeIgniter\View\View->render('cart/carrito_vi...', Array, true)
#2 C:\xampp\htdocs\Mendez\app\Controllers\Cart_controller.php(15): view('cart/carrito_vi...')
#3 C:\xampp\htdocs\Mendez\system\CodeIgniter.php(832): App\Controllers\Cart_controller->index()
#4 C:\xampp\htdocs\Mendez\system\CodeIgniter.php(419): CodeIgniter\CodeIgniter->runController(Object(App\Controllers\Cart_controller))
#5 C:\xampp\htdocs\Mendez\system\CodeIgniter.php(326): CodeIgniter\CodeIgniter->handleRequest(NULL, Object(Config\Cache), false)
#6 C:\xampp\htdocs\Mendez\index.php(37): CodeIgniter\CodeIgniter->run()
#7 {main}
CRITICAL - 2022-06-15 19:57:49 --> syntax error, unexpected end of file
#0 C:\xampp\htdocs\Mendez\system\View\View.php(213): CodeIgniter\View\View->CodeIgniter\View\{closure}()
#1 C:\xampp\htdocs\Mendez\system\Common.php(1089): CodeIgniter\View\View->render('cart/carrito_vi...', Array, true)
#2 C:\xampp\htdocs\Mendez\app\Controllers\Cart_controller.php(15): view('cart/carrito_vi...')
#3 C:\xampp\htdocs\Mendez\system\CodeIgniter.php(832): App\Controllers\Cart_controller->index()
#4 C:\xampp\htdocs\Mendez\system\CodeIgniter.php(419): CodeIgniter\CodeIgniter->runController(Object(App\Controllers\Cart_controller))
#5 C:\xampp\htdocs\Mendez\system\CodeIgniter.php(326): CodeIgniter\CodeIgniter->handleRequest(NULL, Object(Config\Cache), false)
#6 C:\xampp\htdocs\Mendez\index.php(37): CodeIgniter\CodeIgniter->run()
#7 {main}
