CRITICAL - 2022-06-12 11:26:22 --> Argument 2 passed to view() must be of the type array, object given, called in C:\xampp\htdocs\Mendez\app\Controllers\Dashboard.php on line 208
#0 C:\xampp\htdocs\Mendez\app\Controllers\Dashboard.php(208): view('back/CRUDproduc...', Object(App\Models\Producto_Model))
#1 C:\xampp\htdocs\Mendez\system\CodeIgniter.php(832): App\Controllers\Dashboard->list_productos()
#2 C:\xampp\htdocs\Mendez\system\CodeIgniter.php(419): CodeIgniter\CodeIgniter->runController(Object(App\Controllers\Dashboard))
#3 C:\xampp\htdocs\Mendez\system\CodeIgniter.php(326): CodeIgniter\CodeIgniter->handleRequest(NULL, Object(Config\Cache), false)
#4 C:\xampp\htdocs\Mendez\index.php(37): CodeIgniter\CodeIgniter->run()
#5 {main}
CRITICAL - 2022-06-12 12:03:14 --> Invalid file: back/CRUDproducto/alta_producto_view.php
#0 C:\xampp\htdocs\Mendez\system\View\View.php(198): CodeIgniter\Exceptions\FrameworkException::forInvalidFile('back/CRUDproduc...')
#1 C:\xampp\htdocs\Mendez\system\Common.php(1089): CodeIgniter\View\View->render('back/CRUDproduc...', Array, true)
#2 C:\xampp\htdocs\Mendez\app\Controllers\Dashboard.php(173): view('back/CRUDproduc...', Array)
#3 C:\xampp\htdocs\Mendez\system\CodeIgniter.php(832): App\Controllers\Dashboard->store()
#4 C:\xampp\htdocs\Mendez\system\CodeIgniter.php(419): CodeIgniter\CodeIgniter->runController(Object(App\Controllers\Dashboard))
#5 C:\xampp\htdocs\Mendez\system\CodeIgniter.php(326): CodeIgniter\CodeIgniter->handleRequest(NULL, Object(Config\Cache), false)
#6 C:\xampp\htdocs\Mendez\index.php(37): CodeIgniter\CodeIgniter->run()
#7 {main}
ERROR - 2022-06-12 12:23:56 --> Table 'santiago.categoria' doesn't exist
CRITICAL - 2022-06-12 12:23:56 --> Table 'santiago.categoria' doesn't exist
#0 C:\xampp\htdocs\Mendez\system\Database\MySQLi\Connection.php(292): mysqli->query('SELECT 1\nFROM `...', 0)
#1 C:\xampp\htdocs\Mendez\system\Database\BaseConnection.php(670): CodeIgniter\Database\MySQLi\Connection->execute('SELECT 1\nFROM `...')
#2 C:\xampp\htdocs\Mendez\system\Database\BaseConnection.php(598): CodeIgniter\Database\BaseConnection->simpleQuery('SELECT 1\nFROM `...')
#3 C:\xampp\htdocs\Mendez\system\Database\BaseBuilder.php(1455): CodeIgniter\Database\BaseConnection->query('SELECT 1\nFROM `...', Array, false)
#4 C:\xampp\htdocs\Mendez\system\Validation\Rules.php(104): CodeIgniter\Database\BaseBuilder->get()
#5 C:\xampp\htdocs\Mendez\system\Validation\Validation.php(292): CodeIgniter\Validation\Rules->is_not_unique('1', 'id', Array, NULL)
#6 C:\xampp\htdocs\Mendez\system\Validation\Validation.php(157): CodeIgniter\Validation\Validation->processRules('categoria', 'categoria', '1', Array, Array)
#7 C:\xampp\htdocs\Mendez\system\Controller.php(160): CodeIgniter\Validation\Validation->run()
#8 C:\xampp\htdocs\Mendez\app\Controllers\Dashboard.php(158): CodeIgniter\Controller->validate(Array)
#9 C:\xampp\htdocs\Mendez\system\CodeIgniter.php(832): App\Controllers\Dashboard->store()
#10 C:\xampp\htdocs\Mendez\system\CodeIgniter.php(419): CodeIgniter\CodeIgniter->runController(Object(App\Controllers\Dashboard))
#11 C:\xampp\htdocs\Mendez\system\CodeIgniter.php(326): CodeIgniter\CodeIgniter->handleRequest(NULL, Object(Config\Cache), false)
#12 C:\xampp\htdocs\Mendez\index.php(37): CodeIgniter\CodeIgniter->run()
#13 {main}
